<?xml version="1.0" encoding="UTF-8"?>
<testsuites name="Register" time="922" tests="47" failures="0" errors="0">
   <testsuite name="Register" tests="47" failures="0" errors="0" time="922" timestamp="2561-04-01 12:52:20" hostname="Administrator - SUPHISIT" id="Test Suites/RegisterV/Register">
      <properties>
         <property name="deviceName" value=""/>
         <property name="devicePlatform" value=""/>
         <property name="logFolder" value="C:\\Users\\Administrator\\Desktop\\Practice Test\\Reports\\RegisterV\\Register\\25610401_125214"/>
         <property name="logFiles" value="C:\\Users\\Administrator\\Desktop\\Practice Test\\Reports\\RegisterV\\Register\\25610401_125214\\execution0.log"/>
         <property name="attachments" value=""/>
         <property name="hostName" value="Administrator - SUPHISIT"/>
         <property name="os" value="Windows 10 64bit"/>
         <property name="katalonVersion" value="5.3.1.1"/>
         <property name="browser" value="Chrome 65.0.3325.181"/>
         <property name="hostAddress" value="192.168.219.1"/>
         <property name="sessionId" value="c62e4d68685b3e909b27b93bee898b87"/>
         <property name="seleniumVersion" value="3.7.1"/>
         <property name="proxyInformation" value="ProxyInformation{proxyOption=NO_PROXY, proxyServerType=HTTP, password=, proxyServerAddress=, proxyServerPort=0}"/>
         <property name="platform" value="Windows 10"/>
      </properties>
      <testcase name="Test Cases/Register volunteer/Register01" classname="Test Cases/Register volunteer/Register01" status="PASSED">
         <system-out><![CDATA[2561-04-01 12:52:21 - [TEST_CASE][PASSED] - Test Cases/Register volunteer/Register01: Test Cases/Register volunteer/Register01

2561-04-01 12:52:22 - [TEST_STEP][PASSED] - Statement - randomString = CustomKeywords.generateEmail.genEmail.randomString("abcdefghijklmnopqrstuvwxty123456789", 10): generateEmail.genEmail.randomString is PASSED

2561-04-01 12:52:22 - [MESSAGE][PASSED] - generateEmail.genEmail.randomString is PASSED

2561-04-01 12:52:22 - [TEST_STEP][PASSED] - openBrowser: Browser is opened with url: ''

2561-04-01 12:52:32 - [MESSAGE][PASSED] - Browser is opened with url: ''

2561-04-01 12:52:32 - [TEST_STEP][PASSED] - navigateToUrl: Navigate to 'http://vivblind.play2pay.me/' successfully

2561-04-01 12:52:36 - [MESSAGE][PASSED] - Navigate to 'http://vivblind.play2pay.me/' successfully

2561-04-01 12:52:36 - [TEST_STEP][PASSED] - click: Object: 'Object Repository/Register_Page/a_' is clicked on

2561-04-01 12:52:36 - [MESSAGE][PASSED] - Object: 'Object Repository/Register_Page/a_' is clicked on

2561-04-01 12:52:36 - [TEST_STEP][PASSED] - setText: Text 'a9d6nnft68@gmail.com' is set on object 'Object Repository/Register_Page/input_EMAIL (1)'

2561-04-01 12:52:37 - [MESSAGE][PASSED] - Text 'a9d6nnft68@gmail.com' is set on object 'Object Repository/Register_Page/input_EMAIL (1)'

2561-04-01 12:52:37 - [TEST_STEP][PASSED] - setText: Text '0857098359' is set on object 'Object Repository/Register_Page/input_PASSWORD'

2561-04-01 12:52:37 - [MESSAGE][PASSED] - Text '0857098359' is set on object 'Object Repository/Register_Page/input_PASSWORD'

2561-04-01 12:52:37 - [TEST_STEP][PASSED] - setText: Text '0857098359' is set on object 'Object Repository/Register_Page/input_password_confirmation'

2561-04-01 12:52:37 - [MESSAGE][PASSED] - Text '0857098359' is set on object 'Object Repository/Register_Page/input_password_confirmation'

2561-04-01 12:52:37 - [TEST_STEP][PASSED] - uploadFile: File 'C:\Users\Administrator\Desktop\Test.jpg' sent to object: 'Object Repository/Register_Page/Upload File'

2561-04-01 12:52:38 - [MESSAGE][PASSED] - File 'C:\Users\Administrator\Desktop\Test.jpg' sent to object: 'Object Repository/Register_Page/Upload File'

2561-04-01 12:52:38 - [TEST_STEP][PASSED] - setText: Text 'ศุภิสิทธิ์ ' is set on object 'Object Repository/Register_Page/input_FIRST_NAME_TH'

2561-04-01 12:52:38 - [MESSAGE][PASSED] - Text 'ศุภิสิทธิ์ ' is set on object 'Object Repository/Register_Page/input_FIRST_NAME_TH'

2561-04-01 12:52:38 - [TEST_STEP][PASSED] - setText: Text 'ไข่กา' is set on object 'Object Repository/Register_Page/input_LAST_NAME_TH'

2561-04-01 12:52:38 - [MESSAGE][PASSED] - Text 'ไข่กา' is set on object 'Object Repository/Register_Page/input_LAST_NAME_TH'

2561-04-01 12:52:38 - [TEST_STEP][PASSED] - setText: Text 'Suphisit' is set on object 'Object Repository/Register_Page/input_FIRST_NAME_EN'

2561-04-01 12:52:38 - [MESSAGE][PASSED] - Text 'Suphisit' is set on object 'Object Repository/Register_Page/input_FIRST_NAME_EN'

2561-04-01 12:52:38 - [TEST_STEP][PASSED] - setText: Text 'Khaika' is set on object 'Object Repository/Register_Page/input_LAST_NAME_EN'

2561-04-01 12:52:39 - [MESSAGE][PASSED] - Text 'Khaika' is set on object 'Object Repository/Register_Page/input_LAST_NAME_EN'

2561-04-01 12:52:39 - [TEST_STEP][PASSED] - setText: Text '13/10/1994' is set on object 'Object Repository/Register_Page/input_BIRTH_DATE'

2561-04-01 12:52:39 - [MESSAGE][PASSED] - Text '13/10/1994' is set on object 'Object Repository/Register_Page/input_BIRTH_DATE'

2561-04-01 12:52:39 - [TEST_STEP][PASSED] - selectOptionByValue: All options with value 'พุทธ' are selected in object 'Object Repository/Register_Page/select_'  using regular expression

2561-04-01 12:52:40 - [MESSAGE][PASSED] - All options with value 'พุทธ' are selected in object 'Object Repository/Register_Page/select_'  using regular expression

2561-04-01 12:52:40 - [TEST_STEP][PASSED] - selectOptionByValue: All options with value 'ปริญญาตรี' are selected in object 'Object Repository/Register_Page/select__1'  using regular expression

2561-04-01 12:52:40 - [MESSAGE][PASSED] - All options with value 'ปริญญาตรี' are selected in object 'Object Repository/Register_Page/select__1'  using regular expression

2561-04-01 12:52:40 - [TEST_STEP][PASSED] - selectOptionByValue: All options with value 'อื่นๆ' are selected in object 'Object Repository/Register_Page/select__2'  using regular expression

2561-04-01 12:52:40 - [MESSAGE][PASSED] - All options with value 'อื่นๆ' are selected in object 'Object Repository/Register_Page/select__2'  using regular expression

2561-04-01 12:52:40 - [TEST_STEP][PASSED] - setText: Text '3' is set on object 'Object Repository/Register_Page/input_ADDRESS_NO'

2561-04-01 12:52:41 - [MESSAGE][PASSED] - Text '3' is set on object 'Object Repository/Register_Page/input_ADDRESS_NO'

2561-04-01 12:52:41 - [TEST_STEP][PASSED] - setText: Text '10' is set on object 'Object Repository/Register_Page/input_ADDRESS_MOO'

2561-04-01 12:52:41 - [MESSAGE][PASSED] - Text '10' is set on object 'Object Repository/Register_Page/input_ADDRESS_MOO'

2561-04-01 12:52:41 - [TEST_STEP][PASSED] - setText: Text 'พหลโยธิน' is set on object 'Object Repository/Register_Page/input_ADDRESS_ROAD'

2561-04-01 12:52:41 - [MESSAGE][PASSED] - Text 'พหลโยธิน' is set on object 'Object Repository/Register_Page/input_ADDRESS_ROAD'

2561-04-01 12:52:41 - [TEST_STEP][PASSED] - delay: Delayed 2 second(s)

2561-04-01 12:52:43 - [MESSAGE][PASSED] - Delayed 2 second(s)

2561-04-01 12:52:43 - [TEST_STEP][PASSED] - selectOptionByValue: All options with value '45' are selected in object 'Object Repository/Register_Page/ADDRESS_PROVINCE' 

2561-04-01 12:52:43 - [MESSAGE][PASSED] - All options with value '45' are selected in object 'Object Repository/Register_Page/ADDRESS_PROVINCE' 

2561-04-01 12:52:43 - [TEST_STEP][PASSED] - delay: Delayed 2 second(s)

2561-04-01 12:52:45 - [MESSAGE][PASSED] - Delayed 2 second(s)

2561-04-01 12:52:45 - [TEST_STEP][PASSED] - selectOptionByValue: All options with value '665' are selected in object 'Object Repository/Register_Page/ADDRESS_DISTRICT' 

2561-04-01 12:52:46 - [MESSAGE][PASSED] - All options with value '665' are selected in object 'Object Repository/Register_Page/ADDRESS_DISTRICT' 

2561-04-01 12:52:46 - [TEST_STEP][PASSED] - delay: Delayed 2 second(s)

2561-04-01 12:52:48 - [MESSAGE][PASSED] - Delayed 2 second(s)

2561-04-01 12:52:48 - [TEST_STEP][PASSED] - selectOptionByValue: All options with value '14726' are selected in object 'Object Repository/Register_Page/ADDRESS_SUBDISTRICT' 

2561-04-01 12:52:48 - [MESSAGE][PASSED] - All options with value '14726' are selected in object 'Object Repository/Register_Page/ADDRESS_SUBDISTRICT' 

2561-04-01 12:52:48 - [TEST_STEP][PASSED] - setText: Text '57130' is set on object 'Object Repository/Register_Page/input_ADDRESS_POSTCODE'

2561-04-01 12:52:48 - [MESSAGE][PASSED] - Text '57130' is set on object 'Object Repository/Register_Page/input_ADDRESS_POSTCODE'

2561-04-01 12:52:48 - [TEST_STEP][PASSED] - selectOptionByValue: All options with value 'กำลังทำงาน' are selected in object 'Object Repository/Register_Page/select__3'  using regular expression

2561-04-01 12:52:48 - [MESSAGE][PASSED] - All options with value 'กำลังทำงาน' are selected in object 'Object Repository/Register_Page/select__3'  using regular expression

2561-04-01 12:52:48 - [TEST_STEP][PASSED] - setText: Text '3 หมู่ที่ 10 ต.โป่งผา อ.แม่สาย จ.เชียงราย' is set on object 'Object Repository/Register_Page/input_ADDRESS_ALL'

2561-04-01 12:52:49 - [MESSAGE][PASSED] - Text '3 หมู่ที่ 10 ต.โป่งผา อ.แม่สาย จ.เชียงราย' is set on object 'Object Repository/Register_Page/input_ADDRESS_ALL'

2561-04-01 12:52:49 - [TEST_STEP][PASSED] - setText: Text '053646789' is set on object 'Object Repository/Register_Page/input_PHONE'

2561-04-01 12:52:49 - [MESSAGE][PASSED] - Text '053646789' is set on object 'Object Repository/Register_Page/input_PHONE'

2561-04-01 12:52:49 - [TEST_STEP][PASSED] - setText: Text '0827975510' is set on object 'Object Repository/Register_Page/input_CELL_PHONE'

2561-04-01 12:52:49 - [MESSAGE][PASSED] - Text '0827975510' is set on object 'Object Repository/Register_Page/input_CELL_PHONE'

2561-04-01 12:52:49 - [TEST_STEP][PASSED] - setText: Text '025445687' is set on object 'Object Repository/Register_Page/input_FAX'

2561-04-01 12:52:49 - [MESSAGE][PASSED] - Text '025445687' is set on object 'Object Repository/Register_Page/input_FAX'

2561-04-01 12:52:49 - [TEST_STEP][PASSED] - click: Object: 'Object Repository/Register_Page/input_submit (1)' is clicked on

2561-04-01 12:52:54 - [MESSAGE][PASSED] - Object: 'Object Repository/Register_Page/input_submit (1)' is clicked on

2561-04-01 12:52:54 - [TEST_STEP][PASSED] - verifyTextPresent: Text 'ขอบคุณสำหรับการลงทะเบียนโปรดตรวจสอบที่อีเมลของท่านเพื่อทำการระบุตัวตน' is present on page 

2561-04-01 12:52:54 - [MESSAGE][PASSED] - Text 'ขอบคุณสำหรับการลงทะเบียนโปรดตรวจสอบที่อีเมลของท่านเพื่อทำการระบุตัวตน' is present on page 

2561-04-01 12:52:54 - [TEST_STEP][PASSED] - closeBrowser: Browser is closed

2561-04-01 12:52:55 - [MESSAGE][PASSED] - Browser is closed]]></system-out>
         <system-err><![CDATA[]]></system-err>
      </testcase>
      <testcase name="Test Cases/Register volunteer/Register02" classname="Test Cases/Register volunteer/Register02" status="PASSED">
         <system-out><![CDATA[2561-04-01 12:52:55 - [TEST_CASE][PASSED] - Test Cases/Register volunteer/Register02: Test Cases/Register volunteer/Register02

2561-04-01 12:52:55 - [TEST_STEP][PASSED] - openBrowser: Browser is opened with url: ''

2561-04-01 12:52:59 - [MESSAGE][PASSED] - Browser is opened with url: ''

2561-04-01 12:52:59 - [TEST_STEP][PASSED] - navigateToUrl: Navigate to 'http://vivblind.play2pay.me/' successfully

2561-04-01 12:53:03 - [MESSAGE][PASSED] - Navigate to 'http://vivblind.play2pay.me/' successfully

2561-04-01 12:53:03 - [TEST_STEP][PASSED] - click: Object: 'Object Repository/Register_Page/a_' is clicked on

2561-04-01 12:53:04 - [MESSAGE][PASSED] - Object: 'Object Repository/Register_Page/a_' is clicked on

2561-04-01 12:53:04 - [TEST_STEP][PASSED] - setText: Text 'suphisit1@gmail.com' is set on object 'Object Repository/Register_Page/input_EMAIL (1)'

2561-04-01 12:53:04 - [MESSAGE][PASSED] - Text 'suphisit1@gmail.com' is set on object 'Object Repository/Register_Page/input_EMAIL (1)'

2561-04-01 12:53:04 - [TEST_STEP][PASSED] - setText: Text '0857098359' is set on object 'Object Repository/Register_Page/input_PASSWORD'

2561-04-01 12:53:04 - [MESSAGE][PASSED] - Text '0857098359' is set on object 'Object Repository/Register_Page/input_PASSWORD'

2561-04-01 12:53:04 - [TEST_STEP][PASSED] - setText: Text '1234567890' is set on object 'Object Repository/Register_Page/input_password_confirmation'

2561-04-01 12:53:04 - [MESSAGE][PASSED] - Text '1234567890' is set on object 'Object Repository/Register_Page/input_password_confirmation'

2561-04-01 12:53:04 - [TEST_STEP][PASSED] - uploadFile: File 'C:\Users\Administrator\Desktop\Test.jpg' sent to object: 'Object Repository/Register_Page/Upload File'

2561-04-01 12:53:04 - [MESSAGE][PASSED] - File 'C:\Users\Administrator\Desktop\Test.jpg' sent to object: 'Object Repository/Register_Page/Upload File'

2561-04-01 12:53:04 - [TEST_STEP][PASSED] - setText: Text 'ศุภิสิทธิ์ ' is set on object 'Object Repository/Register_Page/input_FIRST_NAME_TH'

2561-04-01 12:53:05 - [MESSAGE][PASSED] - Text 'ศุภิสิทธิ์ ' is set on object 'Object Repository/Register_Page/input_FIRST_NAME_TH'

2561-04-01 12:53:05 - [TEST_STEP][PASSED] - setText: Text 'ไข่กา' is set on object 'Object Repository/Register_Page/input_LAST_NAME_TH'

2561-04-01 12:53:05 - [MESSAGE][PASSED] - Text 'ไข่กา' is set on object 'Object Repository/Register_Page/input_LAST_NAME_TH'

2561-04-01 12:53:05 - [TEST_STEP][PASSED] - setText: Text 'Suphisit' is set on object 'Object Repository/Register_Page/input_FIRST_NAME_EN'

2561-04-01 12:53:05 - [MESSAGE][PASSED] - Text 'Suphisit' is set on object 'Object Repository/Register_Page/input_FIRST_NAME_EN'

2561-04-01 12:53:05 - [TEST_STEP][PASSED] - setText: Text 'Khaika' is set on object 'Object Repository/Register_Page/input_LAST_NAME_EN'

2561-04-01 12:53:05 - [MESSAGE][PASSED] - Text 'Khaika' is set on object 'Object Repository/Register_Page/input_LAST_NAME_EN'

2561-04-01 12:53:05 - [TEST_STEP][PASSED] - setText: Text '13/10/1994' is set on object 'Object Repository/Register_Page/input_BIRTH_DATE'

2561-04-01 12:53:05 - [MESSAGE][PASSED] - Text '13/10/1994' is set on object 'Object Repository/Register_Page/input_BIRTH_DATE'

2561-04-01 12:53:05 - [TEST_STEP][PASSED] - selectOptionByValue: All options with value 'พุทธ' are selected in object 'Object Repository/Register_Page/select_'  using regular expression

2561-04-01 12:53:06 - [MESSAGE][PASSED] - All options with value 'พุทธ' are selected in object 'Object Repository/Register_Page/select_'  using regular expression

2561-04-01 12:53:06 - [TEST_STEP][PASSED] - selectOptionByValue: All options with value 'ปริญญาตรี' are selected in object 'Object Repository/Register_Page/select__1'  using regular expression

2561-04-01 12:53:06 - [MESSAGE][PASSED] - All options with value 'ปริญญาตรี' are selected in object 'Object Repository/Register_Page/select__1'  using regular expression

2561-04-01 12:53:06 - [TEST_STEP][PASSED] - selectOptionByValue: All options with value 'อื่นๆ' are selected in object 'Object Repository/Register_Page/select__2'  using regular expression

2561-04-01 12:53:06 - [MESSAGE][PASSED] - All options with value 'อื่นๆ' are selected in object 'Object Repository/Register_Page/select__2'  using regular expression

2561-04-01 12:53:06 - [TEST_STEP][PASSED] - setText: Text '3' is set on object 'Object Repository/Register_Page/input_ADDRESS_NO'

2561-04-01 12:53:07 - [MESSAGE][PASSED] - Text '3' is set on object 'Object Repository/Register_Page/input_ADDRESS_NO'

2561-04-01 12:53:07 - [TEST_STEP][PASSED] - setText: Text '10' is set on object 'Object Repository/Register_Page/input_ADDRESS_MOO'

2561-04-01 12:53:07 - [MESSAGE][PASSED] - Text '10' is set on object 'Object Repository/Register_Page/input_ADDRESS_MOO'

2561-04-01 12:53:07 - [TEST_STEP][PASSED] - setText: Text 'พหลโยธิน' is set on object 'Object Repository/Register_Page/input_ADDRESS_ROAD'

2561-04-01 12:53:07 - [MESSAGE][PASSED] - Text 'พหลโยธิน' is set on object 'Object Repository/Register_Page/input_ADDRESS_ROAD'

2561-04-01 12:53:07 - [TEST_STEP][PASSED] - delay: Delayed 2 second(s)

2561-04-01 12:53:09 - [MESSAGE][PASSED] - Delayed 2 second(s)

2561-04-01 12:53:09 - [TEST_STEP][PASSED] - selectOptionByValue: All options with value '45' are selected in object 'Object Repository/Register_Page/ADDRESS_PROVINCE' 

2561-04-01 12:53:09 - [MESSAGE][PASSED] - All options with value '45' are selected in object 'Object Repository/Register_Page/ADDRESS_PROVINCE' 

2561-04-01 12:53:09 - [TEST_STEP][PASSED] - delay: Delayed 2 second(s)

2561-04-01 12:53:11 - [MESSAGE][PASSED] - Delayed 2 second(s)

2561-04-01 12:53:11 - [TEST_STEP][PASSED] - selectOptionByValue: All options with value '665' are selected in object 'Object Repository/Register_Page/ADDRESS_DISTRICT' 

2561-04-01 12:53:11 - [MESSAGE][PASSED] - All options with value '665' are selected in object 'Object Repository/Register_Page/ADDRESS_DISTRICT' 

2561-04-01 12:53:11 - [TEST_STEP][PASSED] - delay: Delayed 2 second(s)

2561-04-01 12:53:13 - [MESSAGE][PASSED] - Delayed 2 second(s)

2561-04-01 12:53:13 - [TEST_STEP][PASSED] - selectOptionByValue: All options with value '14726' are selected in object 'Object Repository/Register_Page/ADDRESS_SUBDISTRICT' 

2561-04-01 12:53:14 - [MESSAGE][PASSED] - All options with value '14726' are selected in object 'Object Repository/Register_Page/ADDRESS_SUBDISTRICT' 

2561-04-01 12:53:14 - [TEST_STEP][PASSED] - setText: Text '57130' is set on object 'Object Repository/Register_Page/input_ADDRESS_POSTCODE'

2561-04-01 12:53:14 - [MESSAGE][PASSED] - Text '57130' is set on object 'Object Repository/Register_Page/input_ADDRESS_POSTCODE'

2561-04-01 12:53:14 - [TEST_STEP][PASSED] - selectOptionByValue: All options with value 'กำลังทำงาน' are selected in object 'Object Repository/Register_Page/select__3'  using regular expression

2561-04-01 12:53:14 - [MESSAGE][PASSED] - All options with value 'กำลังทำงาน' are selected in object 'Object Repository/Register_Page/select__3'  using regular expression

2561-04-01 12:53:14 - [TEST_STEP][PASSED] - setText: Text '3 หมู่ที่ 10 ต.โป่งผา อ.แม่สาย จ.เชียงราย' is set on object 'Object Repository/Register_Page/input_ADDRESS_ALL'

2561-04-01 12:53:15 - [MESSAGE][PASSED] - Text '3 หมู่ที่ 10 ต.โป่งผา อ.แม่สาย จ.เชียงราย' is set on object 'Object Repository/Register_Page/input_ADDRESS_ALL'

2561-04-01 12:53:15 - [TEST_STEP][PASSED] - setText: Text '053646789' is set on object 'Object Repository/Register_Page/input_PHONE'

2561-04-01 12:53:15 - [MESSAGE][PASSED] - Text '053646789' is set on object 'Object Repository/Register_Page/input_PHONE'

2561-04-01 12:53:15 - [TEST_STEP][PASSED] - setText: Text '0827975510' is set on object 'Object Repository/Register_Page/input_CELL_PHONE'

2561-04-01 12:53:15 - [MESSAGE][PASSED] - Text '0827975510' is set on object 'Object Repository/Register_Page/input_CELL_PHONE'

2561-04-01 12:53:15 - [TEST_STEP][PASSED] - setText: Text '025445687' is set on object 'Object Repository/Register_Page/input_FAX'

2561-04-01 12:53:15 - [MESSAGE][PASSED] - Text '025445687' is set on object 'Object Repository/Register_Page/input_FAX'

2561-04-01 12:53:15 - [TEST_STEP][PASSED] - click: Object: 'Object Repository/Register_Page/input_submit (1)' is clicked on

2561-04-01 12:53:16 - [MESSAGE][PASSED] - Object: 'Object Repository/Register_Page/input_submit (1)' is clicked on

2561-04-01 12:53:16 - [TEST_STEP][PASSED] - verifyTextPresent: Text 'รหัสผ่านของท่านไม่ตรงกัน' is present on page 

2561-04-01 12:53:16 - [MESSAGE][PASSED] - Text 'รหัสผ่านของท่านไม่ตรงกัน' is present on page 

2561-04-01 12:53:16 - [TEST_STEP][PASSED] - closeBrowser: Browser is closed

2561-04-01 12:53:17 - [MESSAGE][PASSED] - Browser is closed]]></system-out>
         <system-err><![CDATA[]]></system-err>
      </testcase>
      <testcase name="Test Cases/Register volunteer/Register03" classname="Test Cases/Register volunteer/Register03" status="PASSED">
         <system-out><![CDATA[2561-04-01 12:53:17 - [TEST_CASE][PASSED] - Test Cases/Register volunteer/Register03: Test Cases/Register volunteer/Register03

2561-04-01 12:53:17 - [TEST_STEP][PASSED] - openBrowser: Browser is opened with url: ''

2561-04-01 12:53:21 - [MESSAGE][PASSED] - Browser is opened with url: ''

2561-04-01 12:53:21 - [TEST_STEP][PASSED] - navigateToUrl: Navigate to 'http://vivblind.play2pay.me/' successfully

2561-04-01 12:53:24 - [MESSAGE][PASSED] - Navigate to 'http://vivblind.play2pay.me/' successfully

2561-04-01 12:53:24 - [TEST_STEP][PASSED] - click: Object: 'Object Repository/Register_Page/a_' is clicked on

2561-04-01 12:53:25 - [MESSAGE][PASSED] - Object: 'Object Repository/Register_Page/a_' is clicked on

2561-04-01 12:53:25 - [TEST_STEP][PASSED] - setText: Text 'suphisit1@gmail.com' is set on object 'Object Repository/Register_Page/input_EMAIL (1)'

2561-04-01 12:53:25 - [MESSAGE][PASSED] - Text 'suphisit1@gmail.com' is set on object 'Object Repository/Register_Page/input_EMAIL (1)'

2561-04-01 12:53:25 - [TEST_STEP][PASSED] - setText: Text '012' is set on object 'Object Repository/Register_Page/input_PASSWORD'

2561-04-01 12:53:26 - [MESSAGE][PASSED] - Text '012' is set on object 'Object Repository/Register_Page/input_PASSWORD'

2561-04-01 12:53:26 - [TEST_STEP][PASSED] - setText: Text '012' is set on object 'Object Repository/Register_Page/input_password_confirmation'

2561-04-01 12:53:26 - [MESSAGE][PASSED] - Text '012' is set on object 'Object Repository/Register_Page/input_password_confirmation'

2561-04-01 12:53:26 - [TEST_STEP][PASSED] - uploadFile: File 'C:\Users\Administrator\Desktop\Test.jpg' sent to object: 'Object Repository/Register_Page/Upload File'

2561-04-01 12:53:26 - [MESSAGE][PASSED] - File 'C:\Users\Administrator\Desktop\Test.jpg' sent to object: 'Object Repository/Register_Page/Upload File'

2561-04-01 12:53:26 - [TEST_STEP][PASSED] - setText: Text 'ศุภิสิทธิ์ ' is set on object 'Object Repository/Register_Page/input_FIRST_NAME_TH'

2561-04-01 12:53:26 - [MESSAGE][PASSED] - Text 'ศุภิสิทธิ์ ' is set on object 'Object Repository/Register_Page/input_FIRST_NAME_TH'

2561-04-01 12:53:26 - [TEST_STEP][PASSED] - setText: Text 'ไข่กา' is set on object 'Object Repository/Register_Page/input_LAST_NAME_TH'

2561-04-01 12:53:26 - [MESSAGE][PASSED] - Text 'ไข่กา' is set on object 'Object Repository/Register_Page/input_LAST_NAME_TH'

2561-04-01 12:53:26 - [TEST_STEP][PASSED] - setText: Text 'Suphisit' is set on object 'Object Repository/Register_Page/input_FIRST_NAME_EN'

2561-04-01 12:53:26 - [MESSAGE][PASSED] - Text 'Suphisit' is set on object 'Object Repository/Register_Page/input_FIRST_NAME_EN'

2561-04-01 12:53:26 - [TEST_STEP][PASSED] - setText: Text 'Khaika' is set on object 'Object Repository/Register_Page/input_LAST_NAME_EN'

2561-04-01 12:53:26 - [MESSAGE][PASSED] - Text 'Khaika' is set on object 'Object Repository/Register_Page/input_LAST_NAME_EN'

2561-04-01 12:53:26 - [TEST_STEP][PASSED] - setText: Text '13/10/1994' is set on object 'Object Repository/Register_Page/input_BIRTH_DATE'

2561-04-01 12:53:27 - [MESSAGE][PASSED] - Text '13/10/1994' is set on object 'Object Repository/Register_Page/input_BIRTH_DATE'

2561-04-01 12:53:27 - [TEST_STEP][PASSED] - selectOptionByValue: All options with value 'พุทธ' are selected in object 'Object Repository/Register_Page/select_'  using regular expression

2561-04-01 12:53:27 - [MESSAGE][PASSED] - All options with value 'พุทธ' are selected in object 'Object Repository/Register_Page/select_'  using regular expression

2561-04-01 12:53:27 - [TEST_STEP][PASSED] - selectOptionByValue: All options with value 'ปริญญาตรี' are selected in object 'Object Repository/Register_Page/select__1'  using regular expression

2561-04-01 12:53:27 - [MESSAGE][PASSED] - All options with value 'ปริญญาตรี' are selected in object 'Object Repository/Register_Page/select__1'  using regular expression

2561-04-01 12:53:27 - [TEST_STEP][PASSED] - selectOptionByValue: All options with value 'อื่นๆ' are selected in object 'Object Repository/Register_Page/select__2'  using regular expression

2561-04-01 12:53:28 - [MESSAGE][PASSED] - All options with value 'อื่นๆ' are selected in object 'Object Repository/Register_Page/select__2'  using regular expression

2561-04-01 12:53:28 - [TEST_STEP][PASSED] - setText: Text '3' is set on object 'Object Repository/Register_Page/input_ADDRESS_NO'

2561-04-01 12:53:28 - [MESSAGE][PASSED] - Text '3' is set on object 'Object Repository/Register_Page/input_ADDRESS_NO'

2561-04-01 12:53:28 - [TEST_STEP][PASSED] - setText: Text '10' is set on object 'Object Repository/Register_Page/input_ADDRESS_MOO'

2561-04-01 12:53:28 - [MESSAGE][PASSED] - Text '10' is set on object 'Object Repository/Register_Page/input_ADDRESS_MOO'

2561-04-01 12:53:28 - [TEST_STEP][PASSED] - setText: Text 'พหลโยธิน' is set on object 'Object Repository/Register_Page/input_ADDRESS_ROAD'

2561-04-01 12:53:28 - [MESSAGE][PASSED] - Text 'พหลโยธิน' is set on object 'Object Repository/Register_Page/input_ADDRESS_ROAD'

2561-04-01 12:53:28 - [TEST_STEP][PASSED] - delay: Delayed 2 second(s)

2561-04-01 12:53:30 - [MESSAGE][PASSED] - Delayed 2 second(s)

2561-04-01 12:53:30 - [TEST_STEP][PASSED] - selectOptionByValue: All options with value '45' are selected in object 'Object Repository/Register_Page/ADDRESS_PROVINCE' 

2561-04-01 12:53:31 - [MESSAGE][PASSED] - All options with value '45' are selected in object 'Object Repository/Register_Page/ADDRESS_PROVINCE' 

2561-04-01 12:53:31 - [TEST_STEP][PASSED] - delay: Delayed 2 second(s)

2561-04-01 12:53:33 - [MESSAGE][PASSED] - Delayed 2 second(s)

2561-04-01 12:53:33 - [TEST_STEP][PASSED] - selectOptionByValue: All options with value '665' are selected in object 'Object Repository/Register_Page/ADDRESS_DISTRICT' 

2561-04-01 12:53:33 - [MESSAGE][PASSED] - All options with value '665' are selected in object 'Object Repository/Register_Page/ADDRESS_DISTRICT' 

2561-04-01 12:53:33 - [TEST_STEP][PASSED] - delay: Delayed 2 second(s)

2561-04-01 12:53:35 - [MESSAGE][PASSED] - Delayed 2 second(s)

2561-04-01 12:53:35 - [TEST_STEP][PASSED] - selectOptionByValue: All options with value '14726' are selected in object 'Object Repository/Register_Page/ADDRESS_SUBDISTRICT' 

2561-04-01 12:53:35 - [MESSAGE][PASSED] - All options with value '14726' are selected in object 'Object Repository/Register_Page/ADDRESS_SUBDISTRICT' 

2561-04-01 12:53:35 - [TEST_STEP][PASSED] - setText: Text '57130' is set on object 'Object Repository/Register_Page/input_ADDRESS_POSTCODE'

2561-04-01 12:53:35 - [MESSAGE][PASSED] - Text '57130' is set on object 'Object Repository/Register_Page/input_ADDRESS_POSTCODE'

2561-04-01 12:53:35 - [TEST_STEP][PASSED] - selectOptionByValue: All options with value 'กำลังทำงาน' are selected in object 'Object Repository/Register_Page/select__3'  using regular expression

2561-04-01 12:53:35 - [MESSAGE][PASSED] - All options with value 'กำลังทำงาน' are selected in object 'Object Repository/Register_Page/select__3'  using regular expression

2561-04-01 12:53:35 - [TEST_STEP][PASSED] - setText: Text '3 หมู่ที่ 10 ต.โป่งผา อ.แม่สาย จ.เชียงราย' is set on object 'Object Repository/Register_Page/input_ADDRESS_ALL'

2561-04-01 12:53:36 - [MESSAGE][PASSED] - Text '3 หมู่ที่ 10 ต.โป่งผา อ.แม่สาย จ.เชียงราย' is set on object 'Object Repository/Register_Page/input_ADDRESS_ALL'

2561-04-01 12:53:36 - [TEST_STEP][PASSED] - setText: Text '053646789' is set on object 'Object Repository/Register_Page/input_PHONE'

2561-04-01 12:53:36 - [MESSAGE][PASSED] - Text '053646789' is set on object 'Object Repository/Register_Page/input_PHONE'

2561-04-01 12:53:36 - [TEST_STEP][PASSED] - setText: Text '0827975510' is set on object 'Object Repository/Register_Page/input_CELL_PHONE'

2561-04-01 12:53:36 - [MESSAGE][PASSED] - Text '0827975510' is set on object 'Object Repository/Register_Page/input_CELL_PHONE'

2561-04-01 12:53:36 - [TEST_STEP][PASSED] - setText: Text '025445687' is set on object 'Object Repository/Register_Page/input_FAX'

2561-04-01 12:53:36 - [MESSAGE][PASSED] - Text '025445687' is set on object 'Object Repository/Register_Page/input_FAX'

2561-04-01 12:53:36 - [TEST_STEP][PASSED] - click: Object: 'Object Repository/Register_Page/input_submit (1)' is clicked on

2561-04-01 12:53:37 - [MESSAGE][PASSED] - Object: 'Object Repository/Register_Page/input_submit (1)' is clicked on

2561-04-01 12:53:37 - [TEST_STEP][PASSED] - verifyTextPresent: Text 'กรุณากรอกรหัสผ่านของท่านอย่างน้อย4ตัว' is present on page 

2561-04-01 12:53:37 - [MESSAGE][PASSED] - Text 'กรุณากรอกรหัสผ่านของท่านอย่างน้อย4ตัว' is present on page 

2561-04-01 12:53:37 - [TEST_STEP][PASSED] - closeBrowser: Browser is closed

2561-04-01 12:53:38 - [MESSAGE][PASSED] - Browser is closed]]></system-out>
         <system-err><![CDATA[]]></system-err>
      </testcase>
      <testcase name="Test Cases/Register volunteer/Register04" classname="Test Cases/Register volunteer/Register04" status="PASSED">
         <system-out><![CDATA[2561-04-01 12:53:38 - [TEST_CASE][PASSED] - Test Cases/Register volunteer/Register04: Test Cases/Register volunteer/Register04

2561-04-01 12:53:38 - [TEST_STEP][PASSED] - openBrowser: Browser is opened with url: ''

2561-04-01 12:53:42 - [MESSAGE][PASSED] - Browser is opened with url: ''

2561-04-01 12:53:42 - [TEST_STEP][PASSED] - navigateToUrl: Navigate to 'http://vivblind.play2pay.me/' successfully

2561-04-01 12:53:45 - [MESSAGE][PASSED] - Navigate to 'http://vivblind.play2pay.me/' successfully

2561-04-01 12:53:45 - [TEST_STEP][PASSED] - click: Object: 'Object Repository/Register_Page/a_' is clicked on

2561-04-01 12:53:46 - [MESSAGE][PASSED] - Object: 'Object Repository/Register_Page/a_' is clicked on

2561-04-01 12:53:46 - [TEST_STEP][PASSED] - setText: Text 'suphisit1@gmail.com' is set on object 'Object Repository/Register_Page/input_EMAIL (1)'

2561-04-01 12:53:46 - [MESSAGE][PASSED] - Text 'suphisit1@gmail.com' is set on object 'Object Repository/Register_Page/input_EMAIL (1)'

2561-04-01 12:53:46 - [TEST_STEP][PASSED] - setText: Text '' is set on object 'Object Repository/Register_Page/input_PASSWORD'

2561-04-01 12:53:46 - [MESSAGE][PASSED] - Text '' is set on object 'Object Repository/Register_Page/input_PASSWORD'

2561-04-01 12:53:46 - [TEST_STEP][PASSED] - setText: Text '' is set on object 'Object Repository/Register_Page/input_password_confirmation'

2561-04-01 12:53:46 - [MESSAGE][PASSED] - Text '' is set on object 'Object Repository/Register_Page/input_password_confirmation'

2561-04-01 12:53:46 - [TEST_STEP][PASSED] - uploadFile: File 'C:\Users\Administrator\Desktop\Test.jpg' sent to object: 'Object Repository/Register_Page/Upload File'

2561-04-01 12:53:46 - [MESSAGE][PASSED] - File 'C:\Users\Administrator\Desktop\Test.jpg' sent to object: 'Object Repository/Register_Page/Upload File'

2561-04-01 12:53:46 - [TEST_STEP][PASSED] - setText: Text 'ศุภิสิทธิ์ ' is set on object 'Object Repository/Register_Page/input_FIRST_NAME_TH'

2561-04-01 12:53:46 - [MESSAGE][PASSED] - Text 'ศุภิสิทธิ์ ' is set on object 'Object Repository/Register_Page/input_FIRST_NAME_TH'

2561-04-01 12:53:46 - [TEST_STEP][PASSED] - setText: Text 'ไข่กา' is set on object 'Object Repository/Register_Page/input_LAST_NAME_TH'

2561-04-01 12:53:47 - [MESSAGE][PASSED] - Text 'ไข่กา' is set on object 'Object Repository/Register_Page/input_LAST_NAME_TH'

2561-04-01 12:53:47 - [TEST_STEP][PASSED] - setText: Text 'Suphisit' is set on object 'Object Repository/Register_Page/input_FIRST_NAME_EN'

2561-04-01 12:53:47 - [MESSAGE][PASSED] - Text 'Suphisit' is set on object 'Object Repository/Register_Page/input_FIRST_NAME_EN'

2561-04-01 12:53:47 - [TEST_STEP][PASSED] - setText: Text 'Khaika' is set on object 'Object Repository/Register_Page/input_LAST_NAME_EN'

2561-04-01 12:53:47 - [MESSAGE][PASSED] - Text 'Khaika' is set on object 'Object Repository/Register_Page/input_LAST_NAME_EN'

2561-04-01 12:53:47 - [TEST_STEP][PASSED] - setText: Text '13/10/1994' is set on object 'Object Repository/Register_Page/input_BIRTH_DATE'

2561-04-01 12:53:47 - [MESSAGE][PASSED] - Text '13/10/1994' is set on object 'Object Repository/Register_Page/input_BIRTH_DATE'

2561-04-01 12:53:47 - [TEST_STEP][PASSED] - selectOptionByValue: All options with value 'พุทธ' are selected in object 'Object Repository/Register_Page/select_'  using regular expression

2561-04-01 12:53:48 - [MESSAGE][PASSED] - All options with value 'พุทธ' are selected in object 'Object Repository/Register_Page/select_'  using regular expression

2561-04-01 12:53:48 - [TEST_STEP][PASSED] - selectOptionByValue: All options with value 'ปริญญาตรี' are selected in object 'Object Repository/Register_Page/select__1'  using regular expression

2561-04-01 12:53:48 - [MESSAGE][PASSED] - All options with value 'ปริญญาตรี' are selected in object 'Object Repository/Register_Page/select__1'  using regular expression

2561-04-01 12:53:48 - [TEST_STEP][PASSED] - selectOptionByValue: All options with value 'อื่นๆ' are selected in object 'Object Repository/Register_Page/select__2'  using regular expression

2561-04-01 12:53:48 - [MESSAGE][PASSED] - All options with value 'อื่นๆ' are selected in object 'Object Repository/Register_Page/select__2'  using regular expression

2561-04-01 12:53:48 - [TEST_STEP][PASSED] - setText: Text '3' is set on object 'Object Repository/Register_Page/input_ADDRESS_NO'

2561-04-01 12:53:48 - [MESSAGE][PASSED] - Text '3' is set on object 'Object Repository/Register_Page/input_ADDRESS_NO'

2561-04-01 12:53:48 - [TEST_STEP][PASSED] - setText: Text '10' is set on object 'Object Repository/Register_Page/input_ADDRESS_MOO'

2561-04-01 12:53:49 - [MESSAGE][PASSED] - Text '10' is set on object 'Object Repository/Register_Page/input_ADDRESS_MOO'

2561-04-01 12:53:49 - [TEST_STEP][PASSED] - setText: Text 'พหลโยธิน' is set on object 'Object Repository/Register_Page/input_ADDRESS_ROAD'

2561-04-01 12:53:49 - [MESSAGE][PASSED] - Text 'พหลโยธิน' is set on object 'Object Repository/Register_Page/input_ADDRESS_ROAD'

2561-04-01 12:53:49 - [TEST_STEP][PASSED] - delay: Delayed 2 second(s)

2561-04-01 12:53:51 - [MESSAGE][PASSED] - Delayed 2 second(s)

2561-04-01 12:53:51 - [TEST_STEP][PASSED] - selectOptionByValue: All options with value '45' are selected in object 'Object Repository/Register_Page/ADDRESS_PROVINCE' 

2561-04-01 12:53:51 - [MESSAGE][PASSED] - All options with value '45' are selected in object 'Object Repository/Register_Page/ADDRESS_PROVINCE' 

2561-04-01 12:53:51 - [TEST_STEP][PASSED] - delay: Delayed 2 second(s)

2561-04-01 12:53:53 - [MESSAGE][PASSED] - Delayed 2 second(s)

2561-04-01 12:53:53 - [TEST_STEP][PASSED] - selectOptionByValue: All options with value '665' are selected in object 'Object Repository/Register_Page/ADDRESS_DISTRICT' 

2561-04-01 12:53:53 - [MESSAGE][PASSED] - All options with value '665' are selected in object 'Object Repository/Register_Page/ADDRESS_DISTRICT' 

2561-04-01 12:53:53 - [TEST_STEP][PASSED] - delay: Delayed 2 second(s)

2561-04-01 12:53:55 - [MESSAGE][PASSED] - Delayed 2 second(s)

2561-04-01 12:53:55 - [TEST_STEP][PASSED] - selectOptionByValue: All options with value '14726' are selected in object 'Object Repository/Register_Page/ADDRESS_SUBDISTRICT' 

2561-04-01 12:53:55 - [MESSAGE][PASSED] - All options with value '14726' are selected in object 'Object Repository/Register_Page/ADDRESS_SUBDISTRICT' 

2561-04-01 12:53:55 - [TEST_STEP][PASSED] - setText: Text '57130' is set on object 'Object Repository/Register_Page/input_ADDRESS_POSTCODE'

2561-04-01 12:53:56 - [MESSAGE][PASSED] - Text '57130' is set on object 'Object Repository/Register_Page/input_ADDRESS_POSTCODE'

2561-04-01 12:53:56 - [TEST_STEP][PASSED] - selectOptionByValue: All options with value 'กำลังทำงาน' are selected in object 'Object Repository/Register_Page/select__3'  using regular expression

2561-04-01 12:53:56 - [MESSAGE][PASSED] - All options with value 'กำลังทำงาน' are selected in object 'Object Repository/Register_Page/select__3'  using regular expression

2561-04-01 12:53:56 - [TEST_STEP][PASSED] - setText: Text '3 หมู่ที่ 10 ต.โป่งผา อ.แม่สาย จ.เชียงราย' is set on object 'Object Repository/Register_Page/input_ADDRESS_ALL'

2561-04-01 12:53:56 - [MESSAGE][PASSED] - Text '3 หมู่ที่ 10 ต.โป่งผา อ.แม่สาย จ.เชียงราย' is set on object 'Object Repository/Register_Page/input_ADDRESS_ALL'

2561-04-01 12:53:56 - [TEST_STEP][PASSED] - setText: Text '053646789' is set on object 'Object Repository/Register_Page/input_PHONE'

2561-04-01 12:53:56 - [MESSAGE][PASSED] - Text '053646789' is set on object 'Object Repository/Register_Page/input_PHONE'

2561-04-01 12:53:56 - [TEST_STEP][PASSED] - setText: Text '0827975510' is set on object 'Object Repository/Register_Page/input_CELL_PHONE'

2561-04-01 12:53:57 - [MESSAGE][PASSED] - Text '0827975510' is set on object 'Object Repository/Register_Page/input_CELL_PHONE'

2561-04-01 12:53:57 - [TEST_STEP][PASSED] - setText: Text '025445687' is set on object 'Object Repository/Register_Page/input_FAX'

2561-04-01 12:53:57 - [MESSAGE][PASSED] - Text '025445687' is set on object 'Object Repository/Register_Page/input_FAX'

2561-04-01 12:53:57 - [TEST_STEP][PASSED] - click: Object: 'Object Repository/Register_Page/input_submit (1)' is clicked on

2561-04-01 12:53:58 - [MESSAGE][PASSED] - Object: 'Object Repository/Register_Page/input_submit (1)' is clicked on

2561-04-01 12:53:58 - [TEST_STEP][PASSED] - verifyTextPresent: Text 'กรุณากรอกรหัสผ่าน' is present on page 

2561-04-01 12:53:58 - [MESSAGE][PASSED] - Text 'กรุณากรอกรหัสผ่าน' is present on page 

2561-04-01 12:53:58 - [TEST_STEP][PASSED] - verifyTextPresent: Text 'กรุณายืนยันรหัสผ่านของท่าน' is present on page 

2561-04-01 12:53:58 - [MESSAGE][PASSED] - Text 'กรุณายืนยันรหัสผ่านของท่าน' is present on page 

2561-04-01 12:53:58 - [TEST_STEP][PASSED] - closeBrowser: Browser is closed

2561-04-01 12:53:59 - [MESSAGE][PASSED] - Browser is closed]]></system-out>
         <system-err><![CDATA[]]></system-err>
      </testcase>
      <testcase name="Test Cases/Register volunteer/Register05" classname="Test Cases/Register volunteer/Register05" status="PASSED">
         <system-out><![CDATA[2561-04-01 12:53:59 - [TEST_CASE][PASSED] - Test Cases/Register volunteer/Register05: Test Cases/Register volunteer/Register05

2561-04-01 12:53:59 - [TEST_STEP][PASSED] - openBrowser: Browser is opened with url: ''

2561-04-01 12:54:03 - [MESSAGE][PASSED] - Browser is opened with url: ''

2561-04-01 12:54:03 - [TEST_STEP][PASSED] - navigateToUrl: Navigate to 'http://vivblind.play2pay.me/' successfully

2561-04-01 12:54:06 - [MESSAGE][PASSED] - Navigate to 'http://vivblind.play2pay.me/' successfully

2561-04-01 12:54:06 - [TEST_STEP][PASSED] - click: Object: 'Object Repository/Register_Page/a_' is clicked on

2561-04-01 12:54:07 - [MESSAGE][PASSED] - Object: 'Object Repository/Register_Page/a_' is clicked on

2561-04-01 12:54:07 - [TEST_STEP][PASSED] - setText: Text 'suphisit1@gmail.com' is set on object 'Object Repository/Register_Page/input_EMAIL (1)'

2561-04-01 12:54:07 - [MESSAGE][PASSED] - Text 'suphisit1@gmail.com' is set on object 'Object Repository/Register_Page/input_EMAIL (1)'

2561-04-01 12:54:07 - [TEST_STEP][PASSED] - setText: Text '0857098359' is set on object 'Object Repository/Register_Page/input_PASSWORD'

2561-04-01 12:54:07 - [MESSAGE][PASSED] - Text '0857098359' is set on object 'Object Repository/Register_Page/input_PASSWORD'

2561-04-01 12:54:07 - [TEST_STEP][PASSED] - setText: Text '0857098359' is set on object 'Object Repository/Register_Page/input_password_confirmation'

2561-04-01 12:54:07 - [MESSAGE][PASSED] - Text '0857098359' is set on object 'Object Repository/Register_Page/input_password_confirmation'

2561-04-01 12:54:07 - [TEST_STEP][PASSED] - setText: Text 'ศุภิสิทธิ์ ' is set on object 'Object Repository/Register_Page/input_FIRST_NAME_TH'

2561-04-01 12:54:08 - [MESSAGE][PASSED] - Text 'ศุภิสิทธิ์ ' is set on object 'Object Repository/Register_Page/input_FIRST_NAME_TH'

2561-04-01 12:54:08 - [TEST_STEP][PASSED] - setText: Text 'ไข่กา' is set on object 'Object Repository/Register_Page/input_LAST_NAME_TH'

2561-04-01 12:54:08 - [MESSAGE][PASSED] - Text 'ไข่กา' is set on object 'Object Repository/Register_Page/input_LAST_NAME_TH'

2561-04-01 12:54:08 - [TEST_STEP][PASSED] - setText: Text 'Suphisit' is set on object 'Object Repository/Register_Page/input_FIRST_NAME_EN'

2561-04-01 12:54:08 - [MESSAGE][PASSED] - Text 'Suphisit' is set on object 'Object Repository/Register_Page/input_FIRST_NAME_EN'

2561-04-01 12:54:08 - [TEST_STEP][PASSED] - setText: Text 'Khaika' is set on object 'Object Repository/Register_Page/input_LAST_NAME_EN'

2561-04-01 12:54:08 - [MESSAGE][PASSED] - Text 'Khaika' is set on object 'Object Repository/Register_Page/input_LAST_NAME_EN'

2561-04-01 12:54:08 - [TEST_STEP][PASSED] - setText: Text '13/10/1994' is set on object 'Object Repository/Register_Page/input_BIRTH_DATE'

2561-04-01 12:54:08 - [MESSAGE][PASSED] - Text '13/10/1994' is set on object 'Object Repository/Register_Page/input_BIRTH_DATE'

2561-04-01 12:54:08 - [TEST_STEP][PASSED] - selectOptionByValue: All options with value 'พุทธ' are selected in object 'Object Repository/Register_Page/select_'  using regular expression

2561-04-01 12:54:09 - [MESSAGE][PASSED] - All options with value 'พุทธ' are selected in object 'Object Repository/Register_Page/select_'  using regular expression

2561-04-01 12:54:09 - [TEST_STEP][PASSED] - selectOptionByValue: All options with value 'ปริญญาตรี' are selected in object 'Object Repository/Register_Page/select__1'  using regular expression

2561-04-01 12:54:09 - [MESSAGE][PASSED] - All options with value 'ปริญญาตรี' are selected in object 'Object Repository/Register_Page/select__1'  using regular expression

2561-04-01 12:54:09 - [TEST_STEP][PASSED] - selectOptionByValue: All options with value 'อื่นๆ' are selected in object 'Object Repository/Register_Page/select__2'  using regular expression

2561-04-01 12:54:09 - [MESSAGE][PASSED] - All options with value 'อื่นๆ' are selected in object 'Object Repository/Register_Page/select__2'  using regular expression

2561-04-01 12:54:09 - [TEST_STEP][PASSED] - setText: Text '3' is set on object 'Object Repository/Register_Page/input_ADDRESS_NO'

2561-04-01 12:54:09 - [MESSAGE][PASSED] - Text '3' is set on object 'Object Repository/Register_Page/input_ADDRESS_NO'

2561-04-01 12:54:09 - [TEST_STEP][PASSED] - setText: Text '10' is set on object 'Object Repository/Register_Page/input_ADDRESS_MOO'

2561-04-01 12:54:10 - [MESSAGE][PASSED] - Text '10' is set on object 'Object Repository/Register_Page/input_ADDRESS_MOO'

2561-04-01 12:54:10 - [TEST_STEP][PASSED] - setText: Text 'พหลโยธิน' is set on object 'Object Repository/Register_Page/input_ADDRESS_ROAD'

2561-04-01 12:54:10 - [MESSAGE][PASSED] - Text 'พหลโยธิน' is set on object 'Object Repository/Register_Page/input_ADDRESS_ROAD'

2561-04-01 12:54:10 - [TEST_STEP][PASSED] - delay: Delayed 2 second(s)

2561-04-01 12:54:12 - [MESSAGE][PASSED] - Delayed 2 second(s)

2561-04-01 12:54:12 - [TEST_STEP][PASSED] - selectOptionByValue: All options with value '45' are selected in object 'Object Repository/Register_Page/ADDRESS_PROVINCE' 

2561-04-01 12:54:12 - [MESSAGE][PASSED] - All options with value '45' are selected in object 'Object Repository/Register_Page/ADDRESS_PROVINCE' 

2561-04-01 12:54:12 - [TEST_STEP][PASSED] - delay: Delayed 2 second(s)

2561-04-01 12:54:14 - [MESSAGE][PASSED] - Delayed 2 second(s)

2561-04-01 12:54:14 - [TEST_STEP][PASSED] - selectOptionByValue: All options with value '665' are selected in object 'Object Repository/Register_Page/ADDRESS_DISTRICT' 

2561-04-01 12:54:14 - [MESSAGE][PASSED] - All options with value '665' are selected in object 'Object Repository/Register_Page/ADDRESS_DISTRICT' 

2561-04-01 12:54:14 - [TEST_STEP][PASSED] - delay: Delayed 2 second(s)

2561-04-01 12:54:16 - [MESSAGE][PASSED] - Delayed 2 second(s)

2561-04-01 12:54:16 - [TEST_STEP][PASSED] - selectOptionByValue: All options with value '14726' are selected in object 'Object Repository/Register_Page/ADDRESS_SUBDISTRICT' 

2561-04-01 12:54:16 - [MESSAGE][PASSED] - All options with value '14726' are selected in object 'Object Repository/Register_Page/ADDRESS_SUBDISTRICT' 

2561-04-01 12:54:16 - [TEST_STEP][PASSED] - setText: Text '57130' is set on object 'Object Repository/Register_Page/input_ADDRESS_POSTCODE'

2561-04-01 12:54:16 - [MESSAGE][PASSED] - Text '57130' is set on object 'Object Repository/Register_Page/input_ADDRESS_POSTCODE'

2561-04-01 12:54:16 - [TEST_STEP][PASSED] - selectOptionByValue: All options with value 'กำลังทำงาน' are selected in object 'Object Repository/Register_Page/select__3'  using regular expression

2561-04-01 12:54:17 - [MESSAGE][PASSED] - All options with value 'กำลังทำงาน' are selected in object 'Object Repository/Register_Page/select__3'  using regular expression

2561-04-01 12:54:17 - [TEST_STEP][PASSED] - setText: Text '3 หมู่ที่ 10 ต.โป่งผา อ.แม่สาย จ.เชียงราย' is set on object 'Object Repository/Register_Page/input_ADDRESS_ALL'

2561-04-01 12:54:17 - [MESSAGE][PASSED] - Text '3 หมู่ที่ 10 ต.โป่งผา อ.แม่สาย จ.เชียงราย' is set on object 'Object Repository/Register_Page/input_ADDRESS_ALL'

2561-04-01 12:54:17 - [TEST_STEP][PASSED] - setText: Text '053646789' is set on object 'Object Repository/Register_Page/input_PHONE'

2561-04-01 12:54:17 - [MESSAGE][PASSED] - Text '053646789' is set on object 'Object Repository/Register_Page/input_PHONE'

2561-04-01 12:54:17 - [TEST_STEP][PASSED] - setText: Text '0827975510' is set on object 'Object Repository/Register_Page/input_CELL_PHONE'

2561-04-01 12:54:18 - [MESSAGE][PASSED] - Text '0827975510' is set on object 'Object Repository/Register_Page/input_CELL_PHONE'

2561-04-01 12:54:18 - [TEST_STEP][PASSED] - setText: Text '025445687' is set on object 'Object Repository/Register_Page/input_FAX'

2561-04-01 12:54:18 - [MESSAGE][PASSED] - Text '025445687' is set on object 'Object Repository/Register_Page/input_FAX'

2561-04-01 12:54:18 - [TEST_STEP][PASSED] - click: Object: 'Object Repository/Register_Page/input_submit (1)' is clicked on

2561-04-01 12:54:19 - [MESSAGE][PASSED] - Object: 'Object Repository/Register_Page/input_submit (1)' is clicked on

2561-04-01 12:54:19 - [TEST_STEP][PASSED] - closeBrowser: Browser is closed

2561-04-01 12:54:19 - [MESSAGE][PASSED] - Browser is closed]]></system-out>
         <system-err><![CDATA[]]></system-err>
      </testcase>
      <testcase name="Test Cases/Register volunteer/Register06" classname="Test Cases/Register volunteer/Register06" status="PASSED">
         <system-out><![CDATA[2561-04-01 12:54:19 - [TEST_CASE][PASSED] - Test Cases/Register volunteer/Register06: Test Cases/Register volunteer/Register06

2561-04-01 12:54:19 - [TEST_STEP][PASSED] - openBrowser: Browser is opened with url: ''

2561-04-01 12:54:23 - [MESSAGE][PASSED] - Browser is opened with url: ''

2561-04-01 12:54:23 - [TEST_STEP][PASSED] - navigateToUrl: Navigate to 'http://vivblind.play2pay.me/' successfully

2561-04-01 12:54:27 - [MESSAGE][PASSED] - Navigate to 'http://vivblind.play2pay.me/' successfully

2561-04-01 12:54:27 - [TEST_STEP][PASSED] - click: Object: 'Object Repository/Register_Page/a_' is clicked on

2561-04-01 12:54:27 - [MESSAGE][PASSED] - Object: 'Object Repository/Register_Page/a_' is clicked on

2561-04-01 12:54:27 - [TEST_STEP][PASSED] - setText: Text 'suphisit1@gmail.com' is set on object 'Object Repository/Register_Page/input_EMAIL (1)'

2561-04-01 12:54:27 - [MESSAGE][PASSED] - Text 'suphisit1@gmail.com' is set on object 'Object Repository/Register_Page/input_EMAIL (1)'

2561-04-01 12:54:27 - [TEST_STEP][PASSED] - setText: Text '0857098359' is set on object 'Object Repository/Register_Page/input_PASSWORD'

2561-04-01 12:54:28 - [MESSAGE][PASSED] - Text '0857098359' is set on object 'Object Repository/Register_Page/input_PASSWORD'

2561-04-01 12:54:28 - [TEST_STEP][PASSED] - setText: Text '0857098359' is set on object 'Object Repository/Register_Page/input_password_confirmation'

2561-04-01 12:54:28 - [MESSAGE][PASSED] - Text '0857098359' is set on object 'Object Repository/Register_Page/input_password_confirmation'

2561-04-01 12:54:28 - [TEST_STEP][PASSED] - uploadFile: File 'C:\Users\Administrator\Desktop\Test.jpg' sent to object: 'Object Repository/Register_Page/Upload File'

2561-04-01 12:54:28 - [MESSAGE][PASSED] - File 'C:\Users\Administrator\Desktop\Test.jpg' sent to object: 'Object Repository/Register_Page/Upload File'

2561-04-01 12:54:28 - [TEST_STEP][PASSED] - setText: Text '' is set on object 'Object Repository/Register_Page/input_FIRST_NAME_TH'

2561-04-01 12:54:28 - [MESSAGE][PASSED] - Text '' is set on object 'Object Repository/Register_Page/input_FIRST_NAME_TH'

2561-04-01 12:54:28 - [TEST_STEP][PASSED] - setText: Text '' is set on object 'Object Repository/Register_Page/input_LAST_NAME_TH'

2561-04-01 12:54:28 - [MESSAGE][PASSED] - Text '' is set on object 'Object Repository/Register_Page/input_LAST_NAME_TH'

2561-04-01 12:54:28 - [TEST_STEP][PASSED] - setText: Text 'Suphisit' is set on object 'Object Repository/Register_Page/input_FIRST_NAME_EN'

2561-04-01 12:54:28 - [MESSAGE][PASSED] - Text 'Suphisit' is set on object 'Object Repository/Register_Page/input_FIRST_NAME_EN'

2561-04-01 12:54:28 - [TEST_STEP][PASSED] - setText: Text 'Khaika' is set on object 'Object Repository/Register_Page/input_LAST_NAME_EN'

2561-04-01 12:54:28 - [MESSAGE][PASSED] - Text 'Khaika' is set on object 'Object Repository/Register_Page/input_LAST_NAME_EN'

2561-04-01 12:54:28 - [TEST_STEP][PASSED] - setText: Text '13/10/1994' is set on object 'Object Repository/Register_Page/input_BIRTH_DATE'

2561-04-01 12:54:29 - [MESSAGE][PASSED] - Text '13/10/1994' is set on object 'Object Repository/Register_Page/input_BIRTH_DATE'

2561-04-01 12:54:29 - [TEST_STEP][PASSED] - selectOptionByValue: All options with value 'พุทธ' are selected in object 'Object Repository/Register_Page/select_'  using regular expression

2561-04-01 12:54:29 - [MESSAGE][PASSED] - All options with value 'พุทธ' are selected in object 'Object Repository/Register_Page/select_'  using regular expression

2561-04-01 12:54:29 - [TEST_STEP][PASSED] - selectOptionByValue: All options with value 'ปริญญาตรี' are selected in object 'Object Repository/Register_Page/select__1'  using regular expression

2561-04-01 12:54:29 - [MESSAGE][PASSED] - All options with value 'ปริญญาตรี' are selected in object 'Object Repository/Register_Page/select__1'  using regular expression

2561-04-01 12:54:29 - [TEST_STEP][PASSED] - selectOptionByValue: All options with value 'อื่นๆ' are selected in object 'Object Repository/Register_Page/select__2'  using regular expression

2561-04-01 12:54:30 - [MESSAGE][PASSED] - All options with value 'อื่นๆ' are selected in object 'Object Repository/Register_Page/select__2'  using regular expression

2561-04-01 12:54:30 - [TEST_STEP][PASSED] - setText: Text '3' is set on object 'Object Repository/Register_Page/input_ADDRESS_NO'

2561-04-01 12:54:30 - [MESSAGE][PASSED] - Text '3' is set on object 'Object Repository/Register_Page/input_ADDRESS_NO'

2561-04-01 12:54:30 - [TEST_STEP][PASSED] - setText: Text '10' is set on object 'Object Repository/Register_Page/input_ADDRESS_MOO'

2561-04-01 12:54:30 - [MESSAGE][PASSED] - Text '10' is set on object 'Object Repository/Register_Page/input_ADDRESS_MOO'

2561-04-01 12:54:30 - [TEST_STEP][PASSED] - setText: Text 'พหลโยธิน' is set on object 'Object Repository/Register_Page/input_ADDRESS_ROAD'

2561-04-01 12:54:30 - [MESSAGE][PASSED] - Text 'พหลโยธิน' is set on object 'Object Repository/Register_Page/input_ADDRESS_ROAD'

2561-04-01 12:54:30 - [TEST_STEP][PASSED] - delay: Delayed 2 second(s)

2561-04-01 12:54:32 - [MESSAGE][PASSED] - Delayed 2 second(s)

2561-04-01 12:54:32 - [TEST_STEP][PASSED] - selectOptionByValue: All options with value '45' are selected in object 'Object Repository/Register_Page/ADDRESS_PROVINCE' 

2561-04-01 12:54:32 - [MESSAGE][PASSED] - All options with value '45' are selected in object 'Object Repository/Register_Page/ADDRESS_PROVINCE' 

2561-04-01 12:54:32 - [TEST_STEP][PASSED] - delay: Delayed 2 second(s)

2561-04-01 12:54:34 - [MESSAGE][PASSED] - Delayed 2 second(s)

2561-04-01 12:54:34 - [TEST_STEP][PASSED] - selectOptionByValue: All options with value '665' are selected in object 'Object Repository/Register_Page/ADDRESS_DISTRICT' 

2561-04-01 12:54:34 - [MESSAGE][PASSED] - All options with value '665' are selected in object 'Object Repository/Register_Page/ADDRESS_DISTRICT' 

2561-04-01 12:54:34 - [TEST_STEP][PASSED] - delay: Delayed 2 second(s)

2561-04-01 12:54:36 - [MESSAGE][PASSED] - Delayed 2 second(s)

2561-04-01 12:54:36 - [TEST_STEP][PASSED] - selectOptionByValue: All options with value '14726' are selected in object 'Object Repository/Register_Page/ADDRESS_SUBDISTRICT' 

2561-04-01 12:54:37 - [MESSAGE][PASSED] - All options with value '14726' are selected in object 'Object Repository/Register_Page/ADDRESS_SUBDISTRICT' 

2561-04-01 12:54:37 - [TEST_STEP][PASSED] - setText: Text '57130' is set on object 'Object Repository/Register_Page/input_ADDRESS_POSTCODE'

2561-04-01 12:54:37 - [MESSAGE][PASSED] - Text '57130' is set on object 'Object Repository/Register_Page/input_ADDRESS_POSTCODE'

2561-04-01 12:54:37 - [TEST_STEP][PASSED] - selectOptionByValue: All options with value 'กำลังทำงาน' are selected in object 'Object Repository/Register_Page/select__3'  using regular expression

2561-04-01 12:54:37 - [MESSAGE][PASSED] - All options with value 'กำลังทำงาน' are selected in object 'Object Repository/Register_Page/select__3'  using regular expression

2561-04-01 12:54:37 - [TEST_STEP][PASSED] - setText: Text '3 หมู่ที่ 10 ต.โป่งผา อ.แม่สาย จ.เชียงราย' is set on object 'Object Repository/Register_Page/input_ADDRESS_ALL'

2561-04-01 12:54:37 - [MESSAGE][PASSED] - Text '3 หมู่ที่ 10 ต.โป่งผา อ.แม่สาย จ.เชียงราย' is set on object 'Object Repository/Register_Page/input_ADDRESS_ALL'

2561-04-01 12:54:37 - [TEST_STEP][PASSED] - setText: Text '053646789' is set on object 'Object Repository/Register_Page/input_PHONE'

2561-04-01 12:54:37 - [MESSAGE][PASSED] - Text '053646789' is set on object 'Object Repository/Register_Page/input_PHONE'

2561-04-01 12:54:37 - [TEST_STEP][PASSED] - setText: Text '0827975510' is set on object 'Object Repository/Register_Page/input_CELL_PHONE'

2561-04-01 12:54:38 - [MESSAGE][PASSED] - Text '0827975510' is set on object 'Object Repository/Register_Page/input_CELL_PHONE'

2561-04-01 12:54:38 - [TEST_STEP][PASSED] - setText: Text '025445687' is set on object 'Object Repository/Register_Page/input_FAX'

2561-04-01 12:54:38 - [MESSAGE][PASSED] - Text '025445687' is set on object 'Object Repository/Register_Page/input_FAX'

2561-04-01 12:54:38 - [TEST_STEP][PASSED] - click: Object: 'Object Repository/Register_Page/input_submit (1)' is clicked on

2561-04-01 12:54:39 - [MESSAGE][PASSED] - Object: 'Object Repository/Register_Page/input_submit (1)' is clicked on

2561-04-01 12:54:39 - [TEST_STEP][PASSED] - verifyTextPresent: Text 'กรุณากรอกชื่อ' is present on page 

2561-04-01 12:54:39 - [MESSAGE][PASSED] - Text 'กรุณากรอกชื่อ' is present on page 

2561-04-01 12:54:39 - [TEST_STEP][PASSED] - verifyTextPresent: Text 'กรุณากรอกนามสกุล' is present on page 

2561-04-01 12:54:39 - [MESSAGE][PASSED] - Text 'กรุณากรอกนามสกุล' is present on page 

2561-04-01 12:54:39 - [TEST_STEP][PASSED] - closeBrowser: Browser is closed

2561-04-01 12:54:40 - [MESSAGE][PASSED] - Browser is closed]]></system-out>
         <system-err><![CDATA[]]></system-err>
      </testcase>
      <testcase name="Test Cases/Register volunteer/Register07" classname="Test Cases/Register volunteer/Register07" status="PASSED">
         <system-out><![CDATA[2561-04-01 12:54:40 - [TEST_CASE][PASSED] - Test Cases/Register volunteer/Register07: Test Cases/Register volunteer/Register07

2561-04-01 12:54:40 - [TEST_STEP][PASSED] - openBrowser: Browser is opened with url: ''

2561-04-01 12:54:44 - [MESSAGE][PASSED] - Browser is opened with url: ''

2561-04-01 12:54:44 - [TEST_STEP][PASSED] - navigateToUrl: Navigate to 'http://vivblind.play2pay.me/' successfully

2561-04-01 12:54:50 - [MESSAGE][PASSED] - Navigate to 'http://vivblind.play2pay.me/' successfully

2561-04-01 12:54:50 - [TEST_STEP][PASSED] - click: Object: 'Object Repository/Register_Page/a_' is clicked on

2561-04-01 12:54:50 - [MESSAGE][PASSED] - Object: 'Object Repository/Register_Page/a_' is clicked on

2561-04-01 12:54:50 - [TEST_STEP][PASSED] - setText: Text 'suphisit1@gmail.com' is set on object 'Object Repository/Register_Page/input_EMAIL (1)'

2561-04-01 12:54:51 - [MESSAGE][PASSED] - Text 'suphisit1@gmail.com' is set on object 'Object Repository/Register_Page/input_EMAIL (1)'

2561-04-01 12:54:51 - [TEST_STEP][PASSED] - setText: Text '0857098359' is set on object 'Object Repository/Register_Page/input_PASSWORD'

2561-04-01 12:54:51 - [MESSAGE][PASSED] - Text '0857098359' is set on object 'Object Repository/Register_Page/input_PASSWORD'

2561-04-01 12:54:51 - [TEST_STEP][PASSED] - setText: Text '0857098359' is set on object 'Object Repository/Register_Page/input_password_confirmation'

2561-04-01 12:54:51 - [MESSAGE][PASSED] - Text '0857098359' is set on object 'Object Repository/Register_Page/input_password_confirmation'

2561-04-01 12:54:51 - [TEST_STEP][PASSED] - uploadFile: File 'C:\Users\Administrator\Desktop\Test.jpg' sent to object: 'Object Repository/Register_Page/Upload File'

2561-04-01 12:54:51 - [MESSAGE][PASSED] - File 'C:\Users\Administrator\Desktop\Test.jpg' sent to object: 'Object Repository/Register_Page/Upload File'

2561-04-01 12:54:51 - [TEST_STEP][PASSED] - setText: Text '' is set on object 'Object Repository/Register_Page/input_FIRST_NAME_TH'

2561-04-01 12:54:51 - [MESSAGE][PASSED] - Text '' is set on object 'Object Repository/Register_Page/input_FIRST_NAME_TH'

2561-04-01 12:54:51 - [TEST_STEP][PASSED] - setText: Text 'ไข่กา' is set on object 'Object Repository/Register_Page/input_LAST_NAME_TH'

2561-04-01 12:54:52 - [MESSAGE][PASSED] - Text 'ไข่กา' is set on object 'Object Repository/Register_Page/input_LAST_NAME_TH'

2561-04-01 12:54:52 - [TEST_STEP][PASSED] - setText: Text 'Suphisit' is set on object 'Object Repository/Register_Page/input_FIRST_NAME_EN'

2561-04-01 12:54:52 - [MESSAGE][PASSED] - Text 'Suphisit' is set on object 'Object Repository/Register_Page/input_FIRST_NAME_EN'

2561-04-01 12:54:52 - [TEST_STEP][PASSED] - setText: Text 'Khaika' is set on object 'Object Repository/Register_Page/input_LAST_NAME_EN'

2561-04-01 12:54:52 - [MESSAGE][PASSED] - Text 'Khaika' is set on object 'Object Repository/Register_Page/input_LAST_NAME_EN'

2561-04-01 12:54:52 - [TEST_STEP][PASSED] - setText: Text '13/10/1994' is set on object 'Object Repository/Register_Page/input_BIRTH_DATE'

2561-04-01 12:54:52 - [MESSAGE][PASSED] - Text '13/10/1994' is set on object 'Object Repository/Register_Page/input_BIRTH_DATE'

2561-04-01 12:54:52 - [TEST_STEP][PASSED] - selectOptionByValue: All options with value 'พุทธ' are selected in object 'Object Repository/Register_Page/select_'  using regular expression

2561-04-01 12:54:52 - [MESSAGE][PASSED] - All options with value 'พุทธ' are selected in object 'Object Repository/Register_Page/select_'  using regular expression

2561-04-01 12:54:53 - [TEST_STEP][PASSED] - selectOptionByValue: All options with value 'ปริญญาตรี' are selected in object 'Object Repository/Register_Page/select__1'  using regular expression

2561-04-01 12:54:53 - [MESSAGE][PASSED] - All options with value 'ปริญญาตรี' are selected in object 'Object Repository/Register_Page/select__1'  using regular expression

2561-04-01 12:54:53 - [TEST_STEP][PASSED] - selectOptionByValue: All options with value 'อื่นๆ' are selected in object 'Object Repository/Register_Page/select__2'  using regular expression

2561-04-01 12:54:53 - [MESSAGE][PASSED] - All options with value 'อื่นๆ' are selected in object 'Object Repository/Register_Page/select__2'  using regular expression

2561-04-01 12:54:53 - [TEST_STEP][PASSED] - setText: Text '3' is set on object 'Object Repository/Register_Page/input_ADDRESS_NO'

2561-04-01 12:54:53 - [MESSAGE][PASSED] - Text '3' is set on object 'Object Repository/Register_Page/input_ADDRESS_NO'

2561-04-01 12:54:53 - [TEST_STEP][PASSED] - setText: Text '10' is set on object 'Object Repository/Register_Page/input_ADDRESS_MOO'

2561-04-01 12:54:53 - [MESSAGE][PASSED] - Text '10' is set on object 'Object Repository/Register_Page/input_ADDRESS_MOO'

2561-04-01 12:54:53 - [TEST_STEP][PASSED] - setText: Text 'พหลโยธิน' is set on object 'Object Repository/Register_Page/input_ADDRESS_ROAD'

2561-04-01 12:54:54 - [MESSAGE][PASSED] - Text 'พหลโยธิน' is set on object 'Object Repository/Register_Page/input_ADDRESS_ROAD'

2561-04-01 12:54:54 - [TEST_STEP][PASSED] - delay: Delayed 2 second(s)

2561-04-01 12:54:56 - [MESSAGE][PASSED] - Delayed 2 second(s)

2561-04-01 12:54:56 - [TEST_STEP][PASSED] - selectOptionByValue: All options with value '45' are selected in object 'Object Repository/Register_Page/ADDRESS_PROVINCE' 

2561-04-01 12:54:56 - [MESSAGE][PASSED] - All options with value '45' are selected in object 'Object Repository/Register_Page/ADDRESS_PROVINCE' 

2561-04-01 12:54:56 - [TEST_STEP][PASSED] - delay: Delayed 2 second(s)

2561-04-01 12:54:58 - [MESSAGE][PASSED] - Delayed 2 second(s)

2561-04-01 12:54:58 - [TEST_STEP][PASSED] - selectOptionByValue: All options with value '665' are selected in object 'Object Repository/Register_Page/ADDRESS_DISTRICT' 

2561-04-01 12:54:58 - [MESSAGE][PASSED] - All options with value '665' are selected in object 'Object Repository/Register_Page/ADDRESS_DISTRICT' 

2561-04-01 12:54:58 - [TEST_STEP][PASSED] - delay: Delayed 2 second(s)

2561-04-01 12:55:00 - [MESSAGE][PASSED] - Delayed 2 second(s)

2561-04-01 12:55:00 - [TEST_STEP][PASSED] - selectOptionByValue: All options with value '14726' are selected in object 'Object Repository/Register_Page/ADDRESS_SUBDISTRICT' 

2561-04-01 12:55:00 - [MESSAGE][PASSED] - All options with value '14726' are selected in object 'Object Repository/Register_Page/ADDRESS_SUBDISTRICT' 

2561-04-01 12:55:00 - [TEST_STEP][PASSED] - setText: Text '57130' is set on object 'Object Repository/Register_Page/input_ADDRESS_POSTCODE'

2561-04-01 12:55:00 - [MESSAGE][PASSED] - Text '57130' is set on object 'Object Repository/Register_Page/input_ADDRESS_POSTCODE'

2561-04-01 12:55:00 - [TEST_STEP][PASSED] - selectOptionByValue: All options with value 'กำลังทำงาน' are selected in object 'Object Repository/Register_Page/select__3'  using regular expression

2561-04-01 12:55:00 - [MESSAGE][PASSED] - All options with value 'กำลังทำงาน' are selected in object 'Object Repository/Register_Page/select__3'  using regular expression

2561-04-01 12:55:00 - [TEST_STEP][PASSED] - setText: Text '3 หมู่ที่ 10 ต.โป่งผา อ.แม่สาย จ.เชียงราย' is set on object 'Object Repository/Register_Page/input_ADDRESS_ALL'

2561-04-01 12:55:01 - [MESSAGE][PASSED] - Text '3 หมู่ที่ 10 ต.โป่งผา อ.แม่สาย จ.เชียงราย' is set on object 'Object Repository/Register_Page/input_ADDRESS_ALL'

2561-04-01 12:55:01 - [TEST_STEP][PASSED] - setText: Text '053646789' is set on object 'Object Repository/Register_Page/input_PHONE'

2561-04-01 12:55:01 - [MESSAGE][PASSED] - Text '053646789' is set on object 'Object Repository/Register_Page/input_PHONE'

2561-04-01 12:55:01 - [TEST_STEP][PASSED] - setText: Text '0827975510' is set on object 'Object Repository/Register_Page/input_CELL_PHONE'

2561-04-01 12:55:01 - [MESSAGE][PASSED] - Text '0827975510' is set on object 'Object Repository/Register_Page/input_CELL_PHONE'

2561-04-01 12:55:01 - [TEST_STEP][PASSED] - setText: Text '025445687' is set on object 'Object Repository/Register_Page/input_FAX'

2561-04-01 12:55:01 - [MESSAGE][PASSED] - Text '025445687' is set on object 'Object Repository/Register_Page/input_FAX'

2561-04-01 12:55:01 - [TEST_STEP][PASSED] - click: Object: 'Object Repository/Register_Page/input_submit (1)' is clicked on

2561-04-01 12:55:02 - [MESSAGE][PASSED] - Object: 'Object Repository/Register_Page/input_submit (1)' is clicked on

2561-04-01 12:55:02 - [TEST_STEP][PASSED] - verifyTextPresent: Text 'กรุณากรอกชื่อ' is present on page 

2561-04-01 12:55:03 - [MESSAGE][PASSED] - Text 'กรุณากรอกชื่อ' is present on page 

2561-04-01 12:55:03 - [TEST_STEP][PASSED] - closeBrowser: Browser is closed

2561-04-01 12:55:03 - [MESSAGE][PASSED] - Browser is closed]]></system-out>
         <system-err><![CDATA[]]></system-err>
      </testcase>
      <testcase name="Test Cases/Register volunteer/Register08" classname="Test Cases/Register volunteer/Register08" status="PASSED">
         <system-out><![CDATA[2561-04-01 12:55:03 - [TEST_CASE][PASSED] - Test Cases/Register volunteer/Register08: Test Cases/Register volunteer/Register08

2561-04-01 12:55:04 - [TEST_STEP][PASSED] - openBrowser: Browser is opened with url: ''

2561-04-01 12:55:07 - [MESSAGE][PASSED] - Browser is opened with url: ''

2561-04-01 12:55:07 - [TEST_STEP][PASSED] - navigateToUrl: Navigate to 'http://vivblind.play2pay.me/' successfully

2561-04-01 12:55:14 - [MESSAGE][PASSED] - Navigate to 'http://vivblind.play2pay.me/' successfully

2561-04-01 12:55:14 - [TEST_STEP][PASSED] - click: Object: 'Object Repository/Register_Page/a_' is clicked on

2561-04-01 12:55:15 - [MESSAGE][PASSED] - Object: 'Object Repository/Register_Page/a_' is clicked on

2561-04-01 12:55:15 - [TEST_STEP][PASSED] - setText: Text 'suphisit1@gmail.com' is set on object 'Object Repository/Register_Page/input_EMAIL (1)'

2561-04-01 12:55:15 - [MESSAGE][PASSED] - Text 'suphisit1@gmail.com' is set on object 'Object Repository/Register_Page/input_EMAIL (1)'

2561-04-01 12:55:15 - [TEST_STEP][PASSED] - setText: Text '0857098359' is set on object 'Object Repository/Register_Page/input_PASSWORD'

2561-04-01 12:55:15 - [MESSAGE][PASSED] - Text '0857098359' is set on object 'Object Repository/Register_Page/input_PASSWORD'

2561-04-01 12:55:15 - [TEST_STEP][PASSED] - setText: Text '0857098359' is set on object 'Object Repository/Register_Page/input_password_confirmation'

2561-04-01 12:55:15 - [MESSAGE][PASSED] - Text '0857098359' is set on object 'Object Repository/Register_Page/input_password_confirmation'

2561-04-01 12:55:15 - [TEST_STEP][PASSED] - uploadFile: File 'C:\Users\Administrator\Desktop\Test.jpg' sent to object: 'Object Repository/Register_Page/Upload File'

2561-04-01 12:55:15 - [MESSAGE][PASSED] - File 'C:\Users\Administrator\Desktop\Test.jpg' sent to object: 'Object Repository/Register_Page/Upload File'

2561-04-01 12:55:15 - [TEST_STEP][PASSED] - setText: Text 'ศุภิสิทธิ์' is set on object 'Object Repository/Register_Page/input_FIRST_NAME_TH'

2561-04-01 12:55:15 - [MESSAGE][PASSED] - Text 'ศุภิสิทธิ์' is set on object 'Object Repository/Register_Page/input_FIRST_NAME_TH'

2561-04-01 12:55:15 - [TEST_STEP][PASSED] - setText: Text '' is set on object 'Object Repository/Register_Page/input_LAST_NAME_TH'

2561-04-01 12:55:16 - [MESSAGE][PASSED] - Text '' is set on object 'Object Repository/Register_Page/input_LAST_NAME_TH'

2561-04-01 12:55:16 - [TEST_STEP][PASSED] - setText: Text 'Suphisit' is set on object 'Object Repository/Register_Page/input_FIRST_NAME_EN'

2561-04-01 12:55:16 - [MESSAGE][PASSED] - Text 'Suphisit' is set on object 'Object Repository/Register_Page/input_FIRST_NAME_EN'

2561-04-01 12:55:16 - [TEST_STEP][PASSED] - setText: Text 'Khaika' is set on object 'Object Repository/Register_Page/input_LAST_NAME_EN'

2561-04-01 12:55:16 - [MESSAGE][PASSED] - Text 'Khaika' is set on object 'Object Repository/Register_Page/input_LAST_NAME_EN'

2561-04-01 12:55:16 - [TEST_STEP][PASSED] - setText: Text '13/10/1994' is set on object 'Object Repository/Register_Page/input_BIRTH_DATE'

2561-04-01 12:55:16 - [MESSAGE][PASSED] - Text '13/10/1994' is set on object 'Object Repository/Register_Page/input_BIRTH_DATE'

2561-04-01 12:55:16 - [TEST_STEP][PASSED] - selectOptionByValue: All options with value 'พุทธ' are selected in object 'Object Repository/Register_Page/select_'  using regular expression

2561-04-01 12:55:17 - [MESSAGE][PASSED] - All options with value 'พุทธ' are selected in object 'Object Repository/Register_Page/select_'  using regular expression

2561-04-01 12:55:17 - [TEST_STEP][PASSED] - selectOptionByValue: All options with value 'ปริญญาตรี' are selected in object 'Object Repository/Register_Page/select__1'  using regular expression

2561-04-01 12:55:17 - [MESSAGE][PASSED] - All options with value 'ปริญญาตรี' are selected in object 'Object Repository/Register_Page/select__1'  using regular expression

2561-04-01 12:55:17 - [TEST_STEP][PASSED] - selectOptionByValue: All options with value 'อื่นๆ' are selected in object 'Object Repository/Register_Page/select__2'  using regular expression

2561-04-01 12:55:17 - [MESSAGE][PASSED] - All options with value 'อื่นๆ' are selected in object 'Object Repository/Register_Page/select__2'  using regular expression

2561-04-01 12:55:17 - [TEST_STEP][PASSED] - setText: Text '3' is set on object 'Object Repository/Register_Page/input_ADDRESS_NO'

2561-04-01 12:55:17 - [MESSAGE][PASSED] - Text '3' is set on object 'Object Repository/Register_Page/input_ADDRESS_NO'

2561-04-01 12:55:17 - [TEST_STEP][PASSED] - setText: Text '10' is set on object 'Object Repository/Register_Page/input_ADDRESS_MOO'

2561-04-01 12:55:17 - [MESSAGE][PASSED] - Text '10' is set on object 'Object Repository/Register_Page/input_ADDRESS_MOO'

2561-04-01 12:55:17 - [TEST_STEP][PASSED] - setText: Text 'พหลโยธิน' is set on object 'Object Repository/Register_Page/input_ADDRESS_ROAD'

2561-04-01 12:55:18 - [MESSAGE][PASSED] - Text 'พหลโยธิน' is set on object 'Object Repository/Register_Page/input_ADDRESS_ROAD'

2561-04-01 12:55:18 - [TEST_STEP][PASSED] - delay: Delayed 2 second(s)

2561-04-01 12:55:20 - [MESSAGE][PASSED] - Delayed 2 second(s)

2561-04-01 12:55:20 - [TEST_STEP][PASSED] - selectOptionByValue: All options with value '45' are selected in object 'Object Repository/Register_Page/ADDRESS_PROVINCE' 

2561-04-01 12:55:20 - [MESSAGE][PASSED] - All options with value '45' are selected in object 'Object Repository/Register_Page/ADDRESS_PROVINCE' 

2561-04-01 12:55:20 - [TEST_STEP][PASSED] - delay: Delayed 2 second(s)

2561-04-01 12:55:22 - [MESSAGE][PASSED] - Delayed 2 second(s)

2561-04-01 12:55:22 - [TEST_STEP][PASSED] - selectOptionByValue: All options with value '665' are selected in object 'Object Repository/Register_Page/ADDRESS_DISTRICT' 

2561-04-01 12:55:22 - [MESSAGE][PASSED] - All options with value '665' are selected in object 'Object Repository/Register_Page/ADDRESS_DISTRICT' 

2561-04-01 12:55:22 - [TEST_STEP][PASSED] - delay: Delayed 2 second(s)

2561-04-01 12:55:24 - [MESSAGE][PASSED] - Delayed 2 second(s)

2561-04-01 12:55:24 - [TEST_STEP][PASSED] - selectOptionByValue: All options with value '14726' are selected in object 'Object Repository/Register_Page/ADDRESS_SUBDISTRICT' 

2561-04-01 12:55:24 - [MESSAGE][PASSED] - All options with value '14726' are selected in object 'Object Repository/Register_Page/ADDRESS_SUBDISTRICT' 

2561-04-01 12:55:24 - [TEST_STEP][PASSED] - setText: Text '57130' is set on object 'Object Repository/Register_Page/input_ADDRESS_POSTCODE'

2561-04-01 12:55:24 - [MESSAGE][PASSED] - Text '57130' is set on object 'Object Repository/Register_Page/input_ADDRESS_POSTCODE'

2561-04-01 12:55:24 - [TEST_STEP][PASSED] - selectOptionByValue: All options with value 'กำลังทำงาน' are selected in object 'Object Repository/Register_Page/select__3'  using regular expression

2561-04-01 12:55:25 - [MESSAGE][PASSED] - All options with value 'กำลังทำงาน' are selected in object 'Object Repository/Register_Page/select__3'  using regular expression

2561-04-01 12:55:25 - [TEST_STEP][PASSED] - setText: Text '3 หมู่ที่ 10 ต.โป่งผา อ.แม่สาย จ.เชียงราย' is set on object 'Object Repository/Register_Page/input_ADDRESS_ALL'

2561-04-01 12:55:25 - [MESSAGE][PASSED] - Text '3 หมู่ที่ 10 ต.โป่งผา อ.แม่สาย จ.เชียงราย' is set on object 'Object Repository/Register_Page/input_ADDRESS_ALL'

2561-04-01 12:55:25 - [TEST_STEP][PASSED] - setText: Text '053646789' is set on object 'Object Repository/Register_Page/input_PHONE'

2561-04-01 12:55:25 - [MESSAGE][PASSED] - Text '053646789' is set on object 'Object Repository/Register_Page/input_PHONE'

2561-04-01 12:55:25 - [TEST_STEP][PASSED] - setText: Text '0827975510' is set on object 'Object Repository/Register_Page/input_CELL_PHONE'

2561-04-01 12:55:25 - [MESSAGE][PASSED] - Text '0827975510' is set on object 'Object Repository/Register_Page/input_CELL_PHONE'

2561-04-01 12:55:25 - [TEST_STEP][PASSED] - setText: Text '025445687' is set on object 'Object Repository/Register_Page/input_FAX'

2561-04-01 12:55:26 - [MESSAGE][PASSED] - Text '025445687' is set on object 'Object Repository/Register_Page/input_FAX'

2561-04-01 12:55:26 - [TEST_STEP][PASSED] - click: Object: 'Object Repository/Register_Page/input_submit (1)' is clicked on

2561-04-01 12:55:26 - [MESSAGE][PASSED] - Object: 'Object Repository/Register_Page/input_submit (1)' is clicked on

2561-04-01 12:55:26 - [TEST_STEP][PASSED] - verifyTextPresent: Text 'กรุณากรอกนามสกุล' is present on page 

2561-04-01 12:55:27 - [MESSAGE][PASSED] - Text 'กรุณากรอกนามสกุล' is present on page 

2561-04-01 12:55:27 - [TEST_STEP][PASSED] - closeBrowser: Browser is closed

2561-04-01 12:55:27 - [MESSAGE][PASSED] - Browser is closed]]></system-out>
         <system-err><![CDATA[]]></system-err>
      </testcase>
      <testcase name="Test Cases/Register volunteer/Register09" classname="Test Cases/Register volunteer/Register09" status="PASSED">
         <system-out><![CDATA[2561-04-01 12:55:27 - [TEST_CASE][PASSED] - Test Cases/Register volunteer/Register09: Test Cases/Register volunteer/Register09

2561-04-01 12:55:27 - [TEST_STEP][PASSED] - openBrowser: Browser is opened with url: ''

2561-04-01 12:55:30 - [MESSAGE][PASSED] - Browser is opened with url: ''

2561-04-01 12:55:30 - [TEST_STEP][PASSED] - navigateToUrl: Navigate to 'http://vivblind.play2pay.me/' successfully

2561-04-01 12:55:35 - [MESSAGE][PASSED] - Navigate to 'http://vivblind.play2pay.me/' successfully

2561-04-01 12:55:35 - [TEST_STEP][PASSED] - click: Object: 'Object Repository/Register_Page/a_' is clicked on

2561-04-01 12:55:35 - [MESSAGE][PASSED] - Object: 'Object Repository/Register_Page/a_' is clicked on

2561-04-01 12:55:35 - [TEST_STEP][PASSED] - setText: Text 'suphisit1@gmail.com' is set on object 'Object Repository/Register_Page/input_EMAIL (1)'

2561-04-01 12:55:35 - [MESSAGE][PASSED] - Text 'suphisit1@gmail.com' is set on object 'Object Repository/Register_Page/input_EMAIL (1)'

2561-04-01 12:55:35 - [TEST_STEP][PASSED] - setText: Text '0857098359' is set on object 'Object Repository/Register_Page/input_PASSWORD'

2561-04-01 12:55:36 - [MESSAGE][PASSED] - Text '0857098359' is set on object 'Object Repository/Register_Page/input_PASSWORD'

2561-04-01 12:55:36 - [TEST_STEP][PASSED] - setText: Text '0857098359' is set on object 'Object Repository/Register_Page/input_password_confirmation'

2561-04-01 12:55:36 - [MESSAGE][PASSED] - Text '0857098359' is set on object 'Object Repository/Register_Page/input_password_confirmation'

2561-04-01 12:55:36 - [TEST_STEP][PASSED] - uploadFile: File 'C:\Users\Administrator\Desktop\Test.jpg' sent to object: 'Object Repository/Register_Page/Upload File'

2561-04-01 12:55:36 - [MESSAGE][PASSED] - File 'C:\Users\Administrator\Desktop\Test.jpg' sent to object: 'Object Repository/Register_Page/Upload File'

2561-04-01 12:55:36 - [TEST_STEP][PASSED] - setText: Text 'ศุภิสิทธิ์' is set on object 'Object Repository/Register_Page/input_FIRST_NAME_TH'

2561-04-01 12:55:36 - [MESSAGE][PASSED] - Text 'ศุภิสิทธิ์' is set on object 'Object Repository/Register_Page/input_FIRST_NAME_TH'

2561-04-01 12:55:36 - [TEST_STEP][PASSED] - setText: Text 'ไข่กา' is set on object 'Object Repository/Register_Page/input_LAST_NAME_TH'

2561-04-01 12:55:36 - [MESSAGE][PASSED] - Text 'ไข่กา' is set on object 'Object Repository/Register_Page/input_LAST_NAME_TH'

2561-04-01 12:55:36 - [TEST_STEP][PASSED] - setText: Text '' is set on object 'Object Repository/Register_Page/input_FIRST_NAME_EN'

2561-04-01 12:55:36 - [MESSAGE][PASSED] - Text '' is set on object 'Object Repository/Register_Page/input_FIRST_NAME_EN'

2561-04-01 12:55:36 - [TEST_STEP][PASSED] - setText: Text '' is set on object 'Object Repository/Register_Page/input_LAST_NAME_EN'

2561-04-01 12:55:37 - [MESSAGE][PASSED] - Text '' is set on object 'Object Repository/Register_Page/input_LAST_NAME_EN'

2561-04-01 12:55:37 - [TEST_STEP][PASSED] - setText: Text '13/10/1994' is set on object 'Object Repository/Register_Page/input_BIRTH_DATE'

2561-04-01 12:55:37 - [MESSAGE][PASSED] - Text '13/10/1994' is set on object 'Object Repository/Register_Page/input_BIRTH_DATE'

2561-04-01 12:55:37 - [TEST_STEP][PASSED] - selectOptionByValue: All options with value 'พุทธ' are selected in object 'Object Repository/Register_Page/select_'  using regular expression

2561-04-01 12:55:37 - [MESSAGE][PASSED] - All options with value 'พุทธ' are selected in object 'Object Repository/Register_Page/select_'  using regular expression

2561-04-01 12:55:37 - [TEST_STEP][PASSED] - selectOptionByValue: All options with value 'ปริญญาตรี' are selected in object 'Object Repository/Register_Page/select__1'  using regular expression

2561-04-01 12:55:37 - [MESSAGE][PASSED] - All options with value 'ปริญญาตรี' are selected in object 'Object Repository/Register_Page/select__1'  using regular expression

2561-04-01 12:55:37 - [TEST_STEP][PASSED] - selectOptionByValue: All options with value 'อื่นๆ' are selected in object 'Object Repository/Register_Page/select__2'  using regular expression

2561-04-01 12:55:38 - [MESSAGE][PASSED] - All options with value 'อื่นๆ' are selected in object 'Object Repository/Register_Page/select__2'  using regular expression

2561-04-01 12:55:38 - [TEST_STEP][PASSED] - setText: Text '3' is set on object 'Object Repository/Register_Page/input_ADDRESS_NO'

2561-04-01 12:55:38 - [MESSAGE][PASSED] - Text '3' is set on object 'Object Repository/Register_Page/input_ADDRESS_NO'

2561-04-01 12:55:38 - [TEST_STEP][PASSED] - setText: Text '10' is set on object 'Object Repository/Register_Page/input_ADDRESS_MOO'

2561-04-01 12:55:38 - [MESSAGE][PASSED] - Text '10' is set on object 'Object Repository/Register_Page/input_ADDRESS_MOO'

2561-04-01 12:55:38 - [TEST_STEP][PASSED] - setText: Text 'พหลโยธิน' is set on object 'Object Repository/Register_Page/input_ADDRESS_ROAD'

2561-04-01 12:55:38 - [MESSAGE][PASSED] - Text 'พหลโยธิน' is set on object 'Object Repository/Register_Page/input_ADDRESS_ROAD'

2561-04-01 12:55:38 - [TEST_STEP][PASSED] - delay: Delayed 2 second(s)

2561-04-01 12:55:40 - [MESSAGE][PASSED] - Delayed 2 second(s)

2561-04-01 12:55:40 - [TEST_STEP][PASSED] - selectOptionByValue: All options with value '45' are selected in object 'Object Repository/Register_Page/ADDRESS_PROVINCE' 

2561-04-01 12:55:41 - [MESSAGE][PASSED] - All options with value '45' are selected in object 'Object Repository/Register_Page/ADDRESS_PROVINCE' 

2561-04-01 12:55:41 - [TEST_STEP][PASSED] - delay: Delayed 2 second(s)

2561-04-01 12:55:43 - [MESSAGE][PASSED] - Delayed 2 second(s)

2561-04-01 12:55:43 - [TEST_STEP][PASSED] - selectOptionByValue: All options with value '665' are selected in object 'Object Repository/Register_Page/ADDRESS_DISTRICT' 

2561-04-01 12:55:43 - [MESSAGE][PASSED] - All options with value '665' are selected in object 'Object Repository/Register_Page/ADDRESS_DISTRICT' 

2561-04-01 12:55:43 - [TEST_STEP][PASSED] - delay: Delayed 2 second(s)

2561-04-01 12:55:45 - [MESSAGE][PASSED] - Delayed 2 second(s)

2561-04-01 12:55:45 - [TEST_STEP][PASSED] - selectOptionByValue: All options with value '14726' are selected in object 'Object Repository/Register_Page/ADDRESS_SUBDISTRICT' 

2561-04-01 12:55:45 - [MESSAGE][PASSED] - All options with value '14726' are selected in object 'Object Repository/Register_Page/ADDRESS_SUBDISTRICT' 

2561-04-01 12:55:45 - [TEST_STEP][PASSED] - setText: Text '57130' is set on object 'Object Repository/Register_Page/input_ADDRESS_POSTCODE'

2561-04-01 12:55:45 - [MESSAGE][PASSED] - Text '57130' is set on object 'Object Repository/Register_Page/input_ADDRESS_POSTCODE'

2561-04-01 12:55:45 - [TEST_STEP][PASSED] - selectOptionByValue: All options with value 'กำลังทำงาน' are selected in object 'Object Repository/Register_Page/select__3'  using regular expression

2561-04-01 12:55:45 - [MESSAGE][PASSED] - All options with value 'กำลังทำงาน' are selected in object 'Object Repository/Register_Page/select__3'  using regular expression

2561-04-01 12:55:45 - [TEST_STEP][PASSED] - setText: Text '3 หมู่ที่ 10 ต.โป่งผา อ.แม่สาย จ.เชียงราย' is set on object 'Object Repository/Register_Page/input_ADDRESS_ALL'

2561-04-01 12:55:46 - [MESSAGE][PASSED] - Text '3 หมู่ที่ 10 ต.โป่งผา อ.แม่สาย จ.เชียงราย' is set on object 'Object Repository/Register_Page/input_ADDRESS_ALL'

2561-04-01 12:55:46 - [TEST_STEP][PASSED] - setText: Text '053646789' is set on object 'Object Repository/Register_Page/input_PHONE'

2561-04-01 12:55:46 - [MESSAGE][PASSED] - Text '053646789' is set on object 'Object Repository/Register_Page/input_PHONE'

2561-04-01 12:55:46 - [TEST_STEP][PASSED] - setText: Text '0827975510' is set on object 'Object Repository/Register_Page/input_CELL_PHONE'

2561-04-01 12:55:46 - [MESSAGE][PASSED] - Text '0827975510' is set on object 'Object Repository/Register_Page/input_CELL_PHONE'

2561-04-01 12:55:46 - [TEST_STEP][PASSED] - setText: Text '025445687' is set on object 'Object Repository/Register_Page/input_FAX'

2561-04-01 12:55:47 - [MESSAGE][PASSED] - Text '025445687' is set on object 'Object Repository/Register_Page/input_FAX'

2561-04-01 12:55:47 - [TEST_STEP][PASSED] - click: Object: 'Object Repository/Register_Page/input_submit (1)' is clicked on

2561-04-01 12:55:47 - [MESSAGE][PASSED] - Object: 'Object Repository/Register_Page/input_submit (1)' is clicked on

2561-04-01 12:55:47 - [TEST_STEP][PASSED] - verifyTextPresent: Text 'กรุณากรอกชื่อภาษาอังกฤษ' is present on page 

2561-04-01 12:55:48 - [MESSAGE][PASSED] - Text 'กรุณากรอกชื่อภาษาอังกฤษ' is present on page 

2561-04-01 12:55:48 - [TEST_STEP][PASSED] - verifyTextPresent: Text 'กรุณากรอกนามสกุลภาษาอังกฤษ' is present on page 

2561-04-01 12:55:48 - [MESSAGE][PASSED] - Text 'กรุณากรอกนามสกุลภาษาอังกฤษ' is present on page 

2561-04-01 12:55:48 - [TEST_STEP][PASSED] - closeBrowser: Browser is closed

2561-04-01 12:55:48 - [MESSAGE][PASSED] - Browser is closed]]></system-out>
         <system-err><![CDATA[]]></system-err>
      </testcase>
      <testcase name="Test Cases/Register volunteer/Register10" classname="Test Cases/Register volunteer/Register10" status="PASSED">
         <system-out><![CDATA[2561-04-01 12:55:48 - [TEST_CASE][PASSED] - Test Cases/Register volunteer/Register10: Test Cases/Register volunteer/Register10

2561-04-01 12:55:49 - [TEST_STEP][PASSED] - openBrowser: Browser is opened with url: ''

2561-04-01 12:55:52 - [MESSAGE][PASSED] - Browser is opened with url: ''

2561-04-01 12:55:52 - [TEST_STEP][PASSED] - navigateToUrl: Navigate to 'http://vivblind.play2pay.me/' successfully

2561-04-01 12:55:57 - [MESSAGE][PASSED] - Navigate to 'http://vivblind.play2pay.me/' successfully

2561-04-01 12:55:57 - [TEST_STEP][PASSED] - click: Object: 'Object Repository/Register_Page/a_' is clicked on

2561-04-01 12:55:57 - [MESSAGE][PASSED] - Object: 'Object Repository/Register_Page/a_' is clicked on

2561-04-01 12:55:57 - [TEST_STEP][PASSED] - setText: Text 'suphisit1@gmail.com' is set on object 'Object Repository/Register_Page/input_EMAIL (1)'

2561-04-01 12:55:58 - [MESSAGE][PASSED] - Text 'suphisit1@gmail.com' is set on object 'Object Repository/Register_Page/input_EMAIL (1)'

2561-04-01 12:55:58 - [TEST_STEP][PASSED] - setText: Text '0857098359' is set on object 'Object Repository/Register_Page/input_PASSWORD'

2561-04-01 12:55:58 - [MESSAGE][PASSED] - Text '0857098359' is set on object 'Object Repository/Register_Page/input_PASSWORD'

2561-04-01 12:55:58 - [TEST_STEP][PASSED] - setText: Text '0857098359' is set on object 'Object Repository/Register_Page/input_password_confirmation'

2561-04-01 12:55:58 - [MESSAGE][PASSED] - Text '0857098359' is set on object 'Object Repository/Register_Page/input_password_confirmation'

2561-04-01 12:55:58 - [TEST_STEP][PASSED] - uploadFile: File 'C:\Users\Administrator\Desktop\Test.jpg' sent to object: 'Object Repository/Register_Page/Upload File'

2561-04-01 12:55:58 - [MESSAGE][PASSED] - File 'C:\Users\Administrator\Desktop\Test.jpg' sent to object: 'Object Repository/Register_Page/Upload File'

2561-04-01 12:55:58 - [TEST_STEP][PASSED] - setText: Text 'ศุภิสิทธิ์' is set on object 'Object Repository/Register_Page/input_FIRST_NAME_TH'

2561-04-01 12:55:58 - [MESSAGE][PASSED] - Text 'ศุภิสิทธิ์' is set on object 'Object Repository/Register_Page/input_FIRST_NAME_TH'

2561-04-01 12:55:58 - [TEST_STEP][PASSED] - setText: Text 'ไข่กา' is set on object 'Object Repository/Register_Page/input_LAST_NAME_TH'

2561-04-01 12:55:58 - [MESSAGE][PASSED] - Text 'ไข่กา' is set on object 'Object Repository/Register_Page/input_LAST_NAME_TH'

2561-04-01 12:55:58 - [TEST_STEP][PASSED] - setText: Text '' is set on object 'Object Repository/Register_Page/input_FIRST_NAME_EN'

2561-04-01 12:55:58 - [MESSAGE][PASSED] - Text '' is set on object 'Object Repository/Register_Page/input_FIRST_NAME_EN'

2561-04-01 12:55:58 - [TEST_STEP][PASSED] - setText: Text 'Khaika' is set on object 'Object Repository/Register_Page/input_LAST_NAME_EN'

2561-04-01 12:55:59 - [MESSAGE][PASSED] - Text 'Khaika' is set on object 'Object Repository/Register_Page/input_LAST_NAME_EN'

2561-04-01 12:55:59 - [TEST_STEP][PASSED] - setText: Text '13/10/1994' is set on object 'Object Repository/Register_Page/input_BIRTH_DATE'

2561-04-01 12:55:59 - [MESSAGE][PASSED] - Text '13/10/1994' is set on object 'Object Repository/Register_Page/input_BIRTH_DATE'

2561-04-01 12:55:59 - [TEST_STEP][PASSED] - selectOptionByValue: All options with value 'พุทธ' are selected in object 'Object Repository/Register_Page/select_'  using regular expression

2561-04-01 12:55:59 - [MESSAGE][PASSED] - All options with value 'พุทธ' are selected in object 'Object Repository/Register_Page/select_'  using regular expression

2561-04-01 12:55:59 - [TEST_STEP][PASSED] - selectOptionByValue: All options with value 'ปริญญาตรี' are selected in object 'Object Repository/Register_Page/select__1'  using regular expression

2561-04-01 12:55:59 - [MESSAGE][PASSED] - All options with value 'ปริญญาตรี' are selected in object 'Object Repository/Register_Page/select__1'  using regular expression

2561-04-01 12:55:59 - [TEST_STEP][PASSED] - selectOptionByValue: All options with value 'อื่นๆ' are selected in object 'Object Repository/Register_Page/select__2'  using regular expression

2561-04-01 12:56:00 - [MESSAGE][PASSED] - All options with value 'อื่นๆ' are selected in object 'Object Repository/Register_Page/select__2'  using regular expression

2561-04-01 12:56:00 - [TEST_STEP][PASSED] - setText: Text '3' is set on object 'Object Repository/Register_Page/input_ADDRESS_NO'

2561-04-01 12:56:00 - [MESSAGE][PASSED] - Text '3' is set on object 'Object Repository/Register_Page/input_ADDRESS_NO'

2561-04-01 12:56:00 - [TEST_STEP][PASSED] - setText: Text '10' is set on object 'Object Repository/Register_Page/input_ADDRESS_MOO'

2561-04-01 12:56:00 - [MESSAGE][PASSED] - Text '10' is set on object 'Object Repository/Register_Page/input_ADDRESS_MOO'

2561-04-01 12:56:00 - [TEST_STEP][PASSED] - setText: Text 'พหลโยธิน' is set on object 'Object Repository/Register_Page/input_ADDRESS_ROAD'

2561-04-01 12:56:00 - [MESSAGE][PASSED] - Text 'พหลโยธิน' is set on object 'Object Repository/Register_Page/input_ADDRESS_ROAD'

2561-04-01 12:56:00 - [TEST_STEP][PASSED] - delay: Delayed 2 second(s)

2561-04-01 12:56:02 - [MESSAGE][PASSED] - Delayed 2 second(s)

2561-04-01 12:56:02 - [TEST_STEP][PASSED] - selectOptionByValue: All options with value '45' are selected in object 'Object Repository/Register_Page/ADDRESS_PROVINCE' 

2561-04-01 12:56:02 - [MESSAGE][PASSED] - All options with value '45' are selected in object 'Object Repository/Register_Page/ADDRESS_PROVINCE' 

2561-04-01 12:56:02 - [TEST_STEP][PASSED] - delay: Delayed 2 second(s)

2561-04-01 12:56:04 - [MESSAGE][PASSED] - Delayed 2 second(s)

2561-04-01 12:56:04 - [TEST_STEP][PASSED] - selectOptionByValue: All options with value '665' are selected in object 'Object Repository/Register_Page/ADDRESS_DISTRICT' 

2561-04-01 12:56:05 - [MESSAGE][PASSED] - All options with value '665' are selected in object 'Object Repository/Register_Page/ADDRESS_DISTRICT' 

2561-04-01 12:56:05 - [TEST_STEP][PASSED] - delay: Delayed 2 second(s)

2561-04-01 12:56:07 - [MESSAGE][PASSED] - Delayed 2 second(s)

2561-04-01 12:56:07 - [TEST_STEP][PASSED] - selectOptionByValue: All options with value '14726' are selected in object 'Object Repository/Register_Page/ADDRESS_SUBDISTRICT' 

2561-04-01 12:56:07 - [MESSAGE][PASSED] - All options with value '14726' are selected in object 'Object Repository/Register_Page/ADDRESS_SUBDISTRICT' 

2561-04-01 12:56:07 - [TEST_STEP][PASSED] - setText: Text '57130' is set on object 'Object Repository/Register_Page/input_ADDRESS_POSTCODE'

2561-04-01 12:56:07 - [MESSAGE][PASSED] - Text '57130' is set on object 'Object Repository/Register_Page/input_ADDRESS_POSTCODE'

2561-04-01 12:56:07 - [TEST_STEP][PASSED] - selectOptionByValue: All options with value 'กำลังทำงาน' are selected in object 'Object Repository/Register_Page/select__3'  using regular expression

2561-04-01 12:56:07 - [MESSAGE][PASSED] - All options with value 'กำลังทำงาน' are selected in object 'Object Repository/Register_Page/select__3'  using regular expression

2561-04-01 12:56:07 - [TEST_STEP][PASSED] - setText: Text '3 หมู่ที่ 10 ต.โป่งผา อ.แม่สาย จ.เชียงราย' is set on object 'Object Repository/Register_Page/input_ADDRESS_ALL'

2561-04-01 12:56:08 - [MESSAGE][PASSED] - Text '3 หมู่ที่ 10 ต.โป่งผา อ.แม่สาย จ.เชียงราย' is set on object 'Object Repository/Register_Page/input_ADDRESS_ALL'

2561-04-01 12:56:08 - [TEST_STEP][PASSED] - setText: Text '053646789' is set on object 'Object Repository/Register_Page/input_PHONE'

2561-04-01 12:56:08 - [MESSAGE][PASSED] - Text '053646789' is set on object 'Object Repository/Register_Page/input_PHONE'

2561-04-01 12:56:08 - [TEST_STEP][PASSED] - setText: Text '0827975510' is set on object 'Object Repository/Register_Page/input_CELL_PHONE'

2561-04-01 12:56:08 - [MESSAGE][PASSED] - Text '0827975510' is set on object 'Object Repository/Register_Page/input_CELL_PHONE'

2561-04-01 12:56:08 - [TEST_STEP][PASSED] - setText: Text '025445687' is set on object 'Object Repository/Register_Page/input_FAX'

2561-04-01 12:56:08 - [MESSAGE][PASSED] - Text '025445687' is set on object 'Object Repository/Register_Page/input_FAX'

2561-04-01 12:56:08 - [TEST_STEP][PASSED] - click: Object: 'Object Repository/Register_Page/input_submit (1)' is clicked on

2561-04-01 12:56:09 - [MESSAGE][PASSED] - Object: 'Object Repository/Register_Page/input_submit (1)' is clicked on

2561-04-01 12:56:09 - [TEST_STEP][PASSED] - verifyTextPresent: Text 'กรุณากรอกชื่อภาษาอังกฤษ' is present on page 

2561-04-01 12:56:09 - [MESSAGE][PASSED] - Text 'กรุณากรอกชื่อภาษาอังกฤษ' is present on page 

2561-04-01 12:56:09 - [TEST_STEP][PASSED] - closeBrowser: Browser is closed

2561-04-01 12:56:10 - [MESSAGE][PASSED] - Browser is closed]]></system-out>
         <system-err><![CDATA[]]></system-err>
      </testcase>
      <testcase name="Test Cases/Register volunteer/Register11" classname="Test Cases/Register volunteer/Register11" status="PASSED">
         <system-out><![CDATA[2561-04-01 12:56:10 - [TEST_CASE][PASSED] - Test Cases/Register volunteer/Register11: Test Cases/Register volunteer/Register11

2561-04-01 12:56:10 - [TEST_STEP][PASSED] - openBrowser: Browser is opened with url: ''

2561-04-01 12:56:14 - [MESSAGE][PASSED] - Browser is opened with url: ''

2561-04-01 12:56:14 - [TEST_STEP][PASSED] - navigateToUrl: Navigate to 'http://vivblind.play2pay.me/' successfully

2561-04-01 12:56:18 - [MESSAGE][PASSED] - Navigate to 'http://vivblind.play2pay.me/' successfully

2561-04-01 12:56:18 - [TEST_STEP][PASSED] - click: Object: 'Object Repository/Register_Page/a_' is clicked on

2561-04-01 12:56:19 - [MESSAGE][PASSED] - Object: 'Object Repository/Register_Page/a_' is clicked on

2561-04-01 12:56:19 - [TEST_STEP][PASSED] - setText: Text 'suphisit1@gmail.com' is set on object 'Object Repository/Register_Page/input_EMAIL (1)'

2561-04-01 12:56:19 - [MESSAGE][PASSED] - Text 'suphisit1@gmail.com' is set on object 'Object Repository/Register_Page/input_EMAIL (1)'

2561-04-01 12:56:19 - [TEST_STEP][PASSED] - setText: Text '0857098359' is set on object 'Object Repository/Register_Page/input_PASSWORD'

2561-04-01 12:56:19 - [MESSAGE][PASSED] - Text '0857098359' is set on object 'Object Repository/Register_Page/input_PASSWORD'

2561-04-01 12:56:19 - [TEST_STEP][PASSED] - setText: Text '0857098359' is set on object 'Object Repository/Register_Page/input_password_confirmation'

2561-04-01 12:56:19 - [MESSAGE][PASSED] - Text '0857098359' is set on object 'Object Repository/Register_Page/input_password_confirmation'

2561-04-01 12:56:19 - [TEST_STEP][PASSED] - uploadFile: File 'C:\Users\Administrator\Desktop\Test.jpg' sent to object: 'Object Repository/Register_Page/Upload File'

2561-04-01 12:56:19 - [MESSAGE][PASSED] - File 'C:\Users\Administrator\Desktop\Test.jpg' sent to object: 'Object Repository/Register_Page/Upload File'

2561-04-01 12:56:19 - [TEST_STEP][PASSED] - setText: Text 'ศุภิสิทธิ์' is set on object 'Object Repository/Register_Page/input_FIRST_NAME_TH'

2561-04-01 12:56:20 - [MESSAGE][PASSED] - Text 'ศุภิสิทธิ์' is set on object 'Object Repository/Register_Page/input_FIRST_NAME_TH'

2561-04-01 12:56:20 - [TEST_STEP][PASSED] - setText: Text 'ไข่กา' is set on object 'Object Repository/Register_Page/input_LAST_NAME_TH'

2561-04-01 12:56:20 - [MESSAGE][PASSED] - Text 'ไข่กา' is set on object 'Object Repository/Register_Page/input_LAST_NAME_TH'

2561-04-01 12:56:20 - [TEST_STEP][PASSED] - setText: Text 'Suphisit' is set on object 'Object Repository/Register_Page/input_FIRST_NAME_EN'

2561-04-01 12:56:20 - [MESSAGE][PASSED] - Text 'Suphisit' is set on object 'Object Repository/Register_Page/input_FIRST_NAME_EN'

2561-04-01 12:56:20 - [TEST_STEP][PASSED] - setText: Text '' is set on object 'Object Repository/Register_Page/input_LAST_NAME_EN'

2561-04-01 12:56:20 - [MESSAGE][PASSED] - Text '' is set on object 'Object Repository/Register_Page/input_LAST_NAME_EN'

2561-04-01 12:56:20 - [TEST_STEP][PASSED] - setText: Text '13/10/1994' is set on object 'Object Repository/Register_Page/input_BIRTH_DATE'

2561-04-01 12:56:20 - [MESSAGE][PASSED] - Text '13/10/1994' is set on object 'Object Repository/Register_Page/input_BIRTH_DATE'

2561-04-01 12:56:20 - [TEST_STEP][PASSED] - selectOptionByValue: All options with value 'พุทธ' are selected in object 'Object Repository/Register_Page/select_'  using regular expression

2561-04-01 12:56:21 - [MESSAGE][PASSED] - All options with value 'พุทธ' are selected in object 'Object Repository/Register_Page/select_'  using regular expression

2561-04-01 12:56:21 - [TEST_STEP][PASSED] - selectOptionByValue: All options with value 'ปริญญาตรี' are selected in object 'Object Repository/Register_Page/select__1'  using regular expression

2561-04-01 12:56:21 - [MESSAGE][PASSED] - All options with value 'ปริญญาตรี' are selected in object 'Object Repository/Register_Page/select__1'  using regular expression

2561-04-01 12:56:21 - [TEST_STEP][PASSED] - selectOptionByValue: All options with value 'อื่นๆ' are selected in object 'Object Repository/Register_Page/select__2'  using regular expression

2561-04-01 12:56:21 - [MESSAGE][PASSED] - All options with value 'อื่นๆ' are selected in object 'Object Repository/Register_Page/select__2'  using regular expression

2561-04-01 12:56:21 - [TEST_STEP][PASSED] - setText: Text '3' is set on object 'Object Repository/Register_Page/input_ADDRESS_NO'

2561-04-01 12:56:21 - [MESSAGE][PASSED] - Text '3' is set on object 'Object Repository/Register_Page/input_ADDRESS_NO'

2561-04-01 12:56:21 - [TEST_STEP][PASSED] - setText: Text '10' is set on object 'Object Repository/Register_Page/input_ADDRESS_MOO'

2561-04-01 12:56:22 - [MESSAGE][PASSED] - Text '10' is set on object 'Object Repository/Register_Page/input_ADDRESS_MOO'

2561-04-01 12:56:22 - [TEST_STEP][PASSED] - setText: Text 'พหลโยธิน' is set on object 'Object Repository/Register_Page/input_ADDRESS_ROAD'

2561-04-01 12:56:22 - [MESSAGE][PASSED] - Text 'พหลโยธิน' is set on object 'Object Repository/Register_Page/input_ADDRESS_ROAD'

2561-04-01 12:56:22 - [TEST_STEP][PASSED] - delay: Delayed 2 second(s)

2561-04-01 12:56:24 - [MESSAGE][PASSED] - Delayed 2 second(s)

2561-04-01 12:56:24 - [TEST_STEP][PASSED] - selectOptionByValue: All options with value '45' are selected in object 'Object Repository/Register_Page/ADDRESS_PROVINCE' 

2561-04-01 12:56:24 - [MESSAGE][PASSED] - All options with value '45' are selected in object 'Object Repository/Register_Page/ADDRESS_PROVINCE' 

2561-04-01 12:56:24 - [TEST_STEP][PASSED] - delay: Delayed 2 second(s)

2561-04-01 12:56:26 - [MESSAGE][PASSED] - Delayed 2 second(s)

2561-04-01 12:56:26 - [TEST_STEP][PASSED] - selectOptionByValue: All options with value '665' are selected in object 'Object Repository/Register_Page/ADDRESS_DISTRICT' 

2561-04-01 12:56:26 - [MESSAGE][PASSED] - All options with value '665' are selected in object 'Object Repository/Register_Page/ADDRESS_DISTRICT' 

2561-04-01 12:56:26 - [TEST_STEP][PASSED] - delay: Delayed 2 second(s)

2561-04-01 12:56:28 - [MESSAGE][PASSED] - Delayed 2 second(s)

2561-04-01 12:56:28 - [TEST_STEP][PASSED] - selectOptionByValue: All options with value '14726' are selected in object 'Object Repository/Register_Page/ADDRESS_SUBDISTRICT' 

2561-04-01 12:56:28 - [MESSAGE][PASSED] - All options with value '14726' are selected in object 'Object Repository/Register_Page/ADDRESS_SUBDISTRICT' 

2561-04-01 12:56:28 - [TEST_STEP][PASSED] - setText: Text '57130' is set on object 'Object Repository/Register_Page/input_ADDRESS_POSTCODE'

2561-04-01 12:56:29 - [MESSAGE][PASSED] - Text '57130' is set on object 'Object Repository/Register_Page/input_ADDRESS_POSTCODE'

2561-04-01 12:56:29 - [TEST_STEP][PASSED] - selectOptionByValue: All options with value 'กำลังทำงาน' are selected in object 'Object Repository/Register_Page/select__3'  using regular expression

2561-04-01 12:56:29 - [MESSAGE][PASSED] - All options with value 'กำลังทำงาน' are selected in object 'Object Repository/Register_Page/select__3'  using regular expression

2561-04-01 12:56:29 - [TEST_STEP][PASSED] - setText: Text '3 หมู่ที่ 10 ต.โป่งผา อ.แม่สาย จ.เชียงราย' is set on object 'Object Repository/Register_Page/input_ADDRESS_ALL'

2561-04-01 12:56:29 - [MESSAGE][PASSED] - Text '3 หมู่ที่ 10 ต.โป่งผา อ.แม่สาย จ.เชียงราย' is set on object 'Object Repository/Register_Page/input_ADDRESS_ALL'

2561-04-01 12:56:29 - [TEST_STEP][PASSED] - setText: Text '053646789' is set on object 'Object Repository/Register_Page/input_PHONE'

2561-04-01 12:56:29 - [MESSAGE][PASSED] - Text '053646789' is set on object 'Object Repository/Register_Page/input_PHONE'

2561-04-01 12:56:29 - [TEST_STEP][PASSED] - setText: Text '0827975510' is set on object 'Object Repository/Register_Page/input_CELL_PHONE'

2561-04-01 12:56:30 - [MESSAGE][PASSED] - Text '0827975510' is set on object 'Object Repository/Register_Page/input_CELL_PHONE'

2561-04-01 12:56:30 - [TEST_STEP][PASSED] - setText: Text '025445687' is set on object 'Object Repository/Register_Page/input_FAX'

2561-04-01 12:56:30 - [MESSAGE][PASSED] - Text '025445687' is set on object 'Object Repository/Register_Page/input_FAX'

2561-04-01 12:56:30 - [TEST_STEP][PASSED] - click: Object: 'Object Repository/Register_Page/input_submit (1)' is clicked on

2561-04-01 12:56:31 - [MESSAGE][PASSED] - Object: 'Object Repository/Register_Page/input_submit (1)' is clicked on

2561-04-01 12:56:31 - [TEST_STEP][PASSED] - verifyTextPresent: Text 'กรุณากรอกนามสกุลภาษาอังกฤษ' is present on page 

2561-04-01 12:56:31 - [MESSAGE][PASSED] - Text 'กรุณากรอกนามสกุลภาษาอังกฤษ' is present on page 

2561-04-01 12:56:31 - [TEST_STEP][PASSED] - closeBrowser: Browser is closed

2561-04-01 12:56:32 - [MESSAGE][PASSED] - Browser is closed]]></system-out>
         <system-err><![CDATA[]]></system-err>
      </testcase>
      <testcase name="Test Cases/Register volunteer/Register12" classname="Test Cases/Register volunteer/Register12" status="PASSED">
         <system-out><![CDATA[2561-04-01 12:56:32 - [TEST_CASE][PASSED] - Test Cases/Register volunteer/Register12: Test Cases/Register volunteer/Register12

2561-04-01 12:56:32 - [TEST_STEP][PASSED] - openBrowser: Browser is opened with url: ''

2561-04-01 12:56:35 - [MESSAGE][PASSED] - Browser is opened with url: ''

2561-04-01 12:56:35 - [TEST_STEP][PASSED] - navigateToUrl: Navigate to 'http://vivblind.play2pay.me/' successfully

2561-04-01 12:56:38 - [MESSAGE][PASSED] - Navigate to 'http://vivblind.play2pay.me/' successfully

2561-04-01 12:56:38 - [TEST_STEP][PASSED] - click: Object: 'Object Repository/Register_Page/a_' is clicked on

2561-04-01 12:56:39 - [MESSAGE][PASSED] - Object: 'Object Repository/Register_Page/a_' is clicked on

2561-04-01 12:56:39 - [TEST_STEP][PASSED] - setText: Text 'suphisit1@gmail.com' is set on object 'Object Repository/Register_Page/input_EMAIL (1)'

2561-04-01 12:56:39 - [MESSAGE][PASSED] - Text 'suphisit1@gmail.com' is set on object 'Object Repository/Register_Page/input_EMAIL (1)'

2561-04-01 12:56:39 - [TEST_STEP][PASSED] - setText: Text '0857098359' is set on object 'Object Repository/Register_Page/input_PASSWORD'

2561-04-01 12:56:39 - [MESSAGE][PASSED] - Text '0857098359' is set on object 'Object Repository/Register_Page/input_PASSWORD'

2561-04-01 12:56:39 - [TEST_STEP][PASSED] - setText: Text '0857098359' is set on object 'Object Repository/Register_Page/input_password_confirmation'

2561-04-01 12:56:39 - [MESSAGE][PASSED] - Text '0857098359' is set on object 'Object Repository/Register_Page/input_password_confirmation'

2561-04-01 12:56:39 - [TEST_STEP][PASSED] - uploadFile: File 'C:\Users\Administrator\Desktop\Test.jpg' sent to object: 'Object Repository/Register_Page/Upload File'

2561-04-01 12:56:40 - [MESSAGE][PASSED] - File 'C:\Users\Administrator\Desktop\Test.jpg' sent to object: 'Object Repository/Register_Page/Upload File'

2561-04-01 12:56:40 - [TEST_STEP][PASSED] - setText: Text '123/*-@' is set on object 'Object Repository/Register_Page/input_FIRST_NAME_TH'

2561-04-01 12:56:40 - [MESSAGE][PASSED] - Text '123/*-@' is set on object 'Object Repository/Register_Page/input_FIRST_NAME_TH'

2561-04-01 12:56:40 - [TEST_STEP][PASSED] - setText: Text '123/*-@' is set on object 'Object Repository/Register_Page/input_LAST_NAME_TH'

2561-04-01 12:56:40 - [MESSAGE][PASSED] - Text '123/*-@' is set on object 'Object Repository/Register_Page/input_LAST_NAME_TH'

2561-04-01 12:56:40 - [TEST_STEP][PASSED] - setText: Text 'Suphisit' is set on object 'Object Repository/Register_Page/input_FIRST_NAME_EN'

2561-04-01 12:56:40 - [MESSAGE][PASSED] - Text 'Suphisit' is set on object 'Object Repository/Register_Page/input_FIRST_NAME_EN'

2561-04-01 12:56:40 - [TEST_STEP][PASSED] - setText: Text 'Khaika' is set on object 'Object Repository/Register_Page/input_LAST_NAME_EN'

2561-04-01 12:56:40 - [MESSAGE][PASSED] - Text 'Khaika' is set on object 'Object Repository/Register_Page/input_LAST_NAME_EN'

2561-04-01 12:56:40 - [TEST_STEP][PASSED] - setText: Text '13/10/1994' is set on object 'Object Repository/Register_Page/input_BIRTH_DATE'

2561-04-01 12:56:41 - [MESSAGE][PASSED] - Text '13/10/1994' is set on object 'Object Repository/Register_Page/input_BIRTH_DATE'

2561-04-01 12:56:41 - [TEST_STEP][PASSED] - selectOptionByValue: All options with value 'พุทธ' are selected in object 'Object Repository/Register_Page/select_'  using regular expression

2561-04-01 12:56:41 - [MESSAGE][PASSED] - All options with value 'พุทธ' are selected in object 'Object Repository/Register_Page/select_'  using regular expression

2561-04-01 12:56:41 - [TEST_STEP][PASSED] - selectOptionByValue: All options with value 'ปริญญาตรี' are selected in object 'Object Repository/Register_Page/select__1'  using regular expression

2561-04-01 12:56:41 - [MESSAGE][PASSED] - All options with value 'ปริญญาตรี' are selected in object 'Object Repository/Register_Page/select__1'  using regular expression

2561-04-01 12:56:41 - [TEST_STEP][PASSED] - selectOptionByValue: All options with value 'อื่นๆ' are selected in object 'Object Repository/Register_Page/select__2'  using regular expression

2561-04-01 12:56:41 - [MESSAGE][PASSED] - All options with value 'อื่นๆ' are selected in object 'Object Repository/Register_Page/select__2'  using regular expression

2561-04-01 12:56:41 - [TEST_STEP][PASSED] - setText: Text '3' is set on object 'Object Repository/Register_Page/input_ADDRESS_NO'

2561-04-01 12:56:42 - [MESSAGE][PASSED] - Text '3' is set on object 'Object Repository/Register_Page/input_ADDRESS_NO'

2561-04-01 12:56:42 - [TEST_STEP][PASSED] - setText: Text '10' is set on object 'Object Repository/Register_Page/input_ADDRESS_MOO'

2561-04-01 12:56:42 - [MESSAGE][PASSED] - Text '10' is set on object 'Object Repository/Register_Page/input_ADDRESS_MOO'

2561-04-01 12:56:42 - [TEST_STEP][PASSED] - setText: Text 'พหลโยธิน' is set on object 'Object Repository/Register_Page/input_ADDRESS_ROAD'

2561-04-01 12:56:42 - [MESSAGE][PASSED] - Text 'พหลโยธิน' is set on object 'Object Repository/Register_Page/input_ADDRESS_ROAD'

2561-04-01 12:56:42 - [TEST_STEP][PASSED] - delay: Delayed 2 second(s)

2561-04-01 12:56:44 - [MESSAGE][PASSED] - Delayed 2 second(s)

2561-04-01 12:56:44 - [TEST_STEP][PASSED] - selectOptionByValue: All options with value '45' are selected in object 'Object Repository/Register_Page/ADDRESS_PROVINCE' 

2561-04-01 12:56:44 - [MESSAGE][PASSED] - All options with value '45' are selected in object 'Object Repository/Register_Page/ADDRESS_PROVINCE' 

2561-04-01 12:56:44 - [TEST_STEP][PASSED] - delay: Delayed 2 second(s)

2561-04-01 12:56:46 - [MESSAGE][PASSED] - Delayed 2 second(s)

2561-04-01 12:56:46 - [TEST_STEP][PASSED] - selectOptionByValue: All options with value '665' are selected in object 'Object Repository/Register_Page/ADDRESS_DISTRICT' 

2561-04-01 12:56:46 - [MESSAGE][PASSED] - All options with value '665' are selected in object 'Object Repository/Register_Page/ADDRESS_DISTRICT' 

2561-04-01 12:56:46 - [TEST_STEP][PASSED] - delay: Delayed 2 second(s)

2561-04-01 12:56:48 - [MESSAGE][PASSED] - Delayed 2 second(s)

2561-04-01 12:56:48 - [TEST_STEP][PASSED] - selectOptionByValue: All options with value '14726' are selected in object 'Object Repository/Register_Page/ADDRESS_SUBDISTRICT' 

2561-04-01 12:56:49 - [MESSAGE][PASSED] - All options with value '14726' are selected in object 'Object Repository/Register_Page/ADDRESS_SUBDISTRICT' 

2561-04-01 12:56:49 - [TEST_STEP][PASSED] - setText: Text '57130' is set on object 'Object Repository/Register_Page/input_ADDRESS_POSTCODE'

2561-04-01 12:56:49 - [MESSAGE][PASSED] - Text '57130' is set on object 'Object Repository/Register_Page/input_ADDRESS_POSTCODE'

2561-04-01 12:56:49 - [TEST_STEP][PASSED] - selectOptionByValue: All options with value 'กำลังทำงาน' are selected in object 'Object Repository/Register_Page/select__3'  using regular expression

2561-04-01 12:56:49 - [MESSAGE][PASSED] - All options with value 'กำลังทำงาน' are selected in object 'Object Repository/Register_Page/select__3'  using regular expression

2561-04-01 12:56:49 - [TEST_STEP][PASSED] - setText: Text '3 หมู่ที่ 10 ต.โป่งผา อ.แม่สาย จ.เชียงราย' is set on object 'Object Repository/Register_Page/input_ADDRESS_ALL'

2561-04-01 12:56:49 - [MESSAGE][PASSED] - Text '3 หมู่ที่ 10 ต.โป่งผา อ.แม่สาย จ.เชียงราย' is set on object 'Object Repository/Register_Page/input_ADDRESS_ALL'

2561-04-01 12:56:49 - [TEST_STEP][PASSED] - setText: Text '053646789' is set on object 'Object Repository/Register_Page/input_PHONE'

2561-04-01 12:56:50 - [MESSAGE][PASSED] - Text '053646789' is set on object 'Object Repository/Register_Page/input_PHONE'

2561-04-01 12:56:50 - [TEST_STEP][PASSED] - setText: Text '0827975510' is set on object 'Object Repository/Register_Page/input_CELL_PHONE'

2561-04-01 12:56:50 - [MESSAGE][PASSED] - Text '0827975510' is set on object 'Object Repository/Register_Page/input_CELL_PHONE'

2561-04-01 12:56:50 - [TEST_STEP][PASSED] - setText: Text '025445687' is set on object 'Object Repository/Register_Page/input_FAX'

2561-04-01 12:56:50 - [MESSAGE][PASSED] - Text '025445687' is set on object 'Object Repository/Register_Page/input_FAX'

2561-04-01 12:56:50 - [TEST_STEP][PASSED] - click: Object: 'Object Repository/Register_Page/input_submit (1)' is clicked on

2561-04-01 12:56:51 - [MESSAGE][PASSED] - Object: 'Object Repository/Register_Page/input_submit (1)' is clicked on

2561-04-01 12:56:51 - [TEST_STEP][PASSED] - closeBrowser: Browser is closed

2561-04-01 12:56:52 - [MESSAGE][PASSED] - Browser is closed]]></system-out>
         <system-err><![CDATA[]]></system-err>
      </testcase>
      <testcase name="Test Cases/Register volunteer/Register13" classname="Test Cases/Register volunteer/Register13" status="PASSED">
         <system-out><![CDATA[2561-04-01 12:56:52 - [TEST_CASE][PASSED] - Test Cases/Register volunteer/Register13: Test Cases/Register volunteer/Register13

2561-04-01 12:56:52 - [TEST_STEP][PASSED] - openBrowser: Browser is opened with url: ''

2561-04-01 12:56:55 - [MESSAGE][PASSED] - Browser is opened with url: ''

2561-04-01 12:56:55 - [TEST_STEP][PASSED] - navigateToUrl: Navigate to 'http://vivblind.play2pay.me/' successfully

2561-04-01 12:56:59 - [MESSAGE][PASSED] - Navigate to 'http://vivblind.play2pay.me/' successfully

2561-04-01 12:56:59 - [TEST_STEP][PASSED] - click: Object: 'Object Repository/Register_Page/a_' is clicked on

2561-04-01 12:56:59 - [MESSAGE][PASSED] - Object: 'Object Repository/Register_Page/a_' is clicked on

2561-04-01 12:56:59 - [TEST_STEP][PASSED] - setText: Text 'suphisit1@gmail.com' is set on object 'Object Repository/Register_Page/input_EMAIL (1)'

2561-04-01 12:57:00 - [MESSAGE][PASSED] - Text 'suphisit1@gmail.com' is set on object 'Object Repository/Register_Page/input_EMAIL (1)'

2561-04-01 12:57:00 - [TEST_STEP][PASSED] - setText: Text '0857098359' is set on object 'Object Repository/Register_Page/input_PASSWORD'

2561-04-01 12:57:00 - [MESSAGE][PASSED] - Text '0857098359' is set on object 'Object Repository/Register_Page/input_PASSWORD'

2561-04-01 12:57:00 - [TEST_STEP][PASSED] - setText: Text '0857098359' is set on object 'Object Repository/Register_Page/input_password_confirmation'

2561-04-01 12:57:00 - [MESSAGE][PASSED] - Text '0857098359' is set on object 'Object Repository/Register_Page/input_password_confirmation'

2561-04-01 12:57:00 - [TEST_STEP][PASSED] - uploadFile: File 'C:\Users\Administrator\Desktop\Test.jpg' sent to object: 'Object Repository/Register_Page/Upload File'

2561-04-01 12:57:00 - [MESSAGE][PASSED] - File 'C:\Users\Administrator\Desktop\Test.jpg' sent to object: 'Object Repository/Register_Page/Upload File'

2561-04-01 12:57:00 - [TEST_STEP][PASSED] - setText: Text 'ศุภิสิทธิ์' is set on object 'Object Repository/Register_Page/input_FIRST_NAME_TH'

2561-04-01 12:57:00 - [MESSAGE][PASSED] - Text 'ศุภิสิทธิ์' is set on object 'Object Repository/Register_Page/input_FIRST_NAME_TH'

2561-04-01 12:57:00 - [TEST_STEP][PASSED] - setText: Text 'ไข่กา' is set on object 'Object Repository/Register_Page/input_LAST_NAME_TH'

2561-04-01 12:57:00 - [MESSAGE][PASSED] - Text 'ไข่กา' is set on object 'Object Repository/Register_Page/input_LAST_NAME_TH'

2561-04-01 12:57:00 - [TEST_STEP][PASSED] - setText: Text '145//*$#' is set on object 'Object Repository/Register_Page/input_FIRST_NAME_EN'

2561-04-01 12:57:01 - [MESSAGE][PASSED] - Text '145//*$#' is set on object 'Object Repository/Register_Page/input_FIRST_NAME_EN'

2561-04-01 12:57:01 - [TEST_STEP][PASSED] - setText: Text '145//*$#' is set on object 'Object Repository/Register_Page/input_LAST_NAME_EN'

2561-04-01 12:57:01 - [MESSAGE][PASSED] - Text '145//*$#' is set on object 'Object Repository/Register_Page/input_LAST_NAME_EN'

2561-04-01 12:57:01 - [TEST_STEP][PASSED] - setText: Text '13/10/1994' is set on object 'Object Repository/Register_Page/input_BIRTH_DATE'

2561-04-01 12:57:01 - [MESSAGE][PASSED] - Text '13/10/1994' is set on object 'Object Repository/Register_Page/input_BIRTH_DATE'

2561-04-01 12:57:01 - [TEST_STEP][PASSED] - selectOptionByValue: All options with value 'พุทธ' are selected in object 'Object Repository/Register_Page/select_'  using regular expression

2561-04-01 12:57:01 - [MESSAGE][PASSED] - All options with value 'พุทธ' are selected in object 'Object Repository/Register_Page/select_'  using regular expression

2561-04-01 12:57:01 - [TEST_STEP][PASSED] - selectOptionByValue: All options with value 'ปริญญาตรี' are selected in object 'Object Repository/Register_Page/select__1'  using regular expression

2561-04-01 12:57:02 - [MESSAGE][PASSED] - All options with value 'ปริญญาตรี' are selected in object 'Object Repository/Register_Page/select__1'  using regular expression

2561-04-01 12:57:02 - [TEST_STEP][PASSED] - selectOptionByValue: All options with value 'อื่นๆ' are selected in object 'Object Repository/Register_Page/select__2'  using regular expression

2561-04-01 12:57:02 - [MESSAGE][PASSED] - All options with value 'อื่นๆ' are selected in object 'Object Repository/Register_Page/select__2'  using regular expression

2561-04-01 12:57:02 - [TEST_STEP][PASSED] - setText: Text '3' is set on object 'Object Repository/Register_Page/input_ADDRESS_NO'

2561-04-01 12:57:02 - [MESSAGE][PASSED] - Text '3' is set on object 'Object Repository/Register_Page/input_ADDRESS_NO'

2561-04-01 12:57:02 - [TEST_STEP][PASSED] - setText: Text '10' is set on object 'Object Repository/Register_Page/input_ADDRESS_MOO'

2561-04-01 12:57:02 - [MESSAGE][PASSED] - Text '10' is set on object 'Object Repository/Register_Page/input_ADDRESS_MOO'

2561-04-01 12:57:02 - [TEST_STEP][PASSED] - setText: Text 'พหลโยธิน' is set on object 'Object Repository/Register_Page/input_ADDRESS_ROAD'

2561-04-01 12:57:02 - [MESSAGE][PASSED] - Text 'พหลโยธิน' is set on object 'Object Repository/Register_Page/input_ADDRESS_ROAD'

2561-04-01 12:57:02 - [TEST_STEP][PASSED] - delay: Delayed 2 second(s)

2561-04-01 12:57:04 - [MESSAGE][PASSED] - Delayed 2 second(s)

2561-04-01 12:57:04 - [TEST_STEP][PASSED] - selectOptionByValue: All options with value '45' are selected in object 'Object Repository/Register_Page/ADDRESS_PROVINCE' 

2561-04-01 12:57:05 - [MESSAGE][PASSED] - All options with value '45' are selected in object 'Object Repository/Register_Page/ADDRESS_PROVINCE' 

2561-04-01 12:57:05 - [TEST_STEP][PASSED] - delay: Delayed 2 second(s)

2561-04-01 12:57:07 - [MESSAGE][PASSED] - Delayed 2 second(s)

2561-04-01 12:57:07 - [TEST_STEP][PASSED] - selectOptionByValue: All options with value '665' are selected in object 'Object Repository/Register_Page/ADDRESS_DISTRICT' 

2561-04-01 12:57:07 - [MESSAGE][PASSED] - All options with value '665' are selected in object 'Object Repository/Register_Page/ADDRESS_DISTRICT' 

2561-04-01 12:57:07 - [TEST_STEP][PASSED] - delay: Delayed 2 second(s)

2561-04-01 12:57:09 - [MESSAGE][PASSED] - Delayed 2 second(s)

2561-04-01 12:57:09 - [TEST_STEP][PASSED] - selectOptionByValue: All options with value '14726' are selected in object 'Object Repository/Register_Page/ADDRESS_SUBDISTRICT' 

2561-04-01 12:57:09 - [MESSAGE][PASSED] - All options with value '14726' are selected in object 'Object Repository/Register_Page/ADDRESS_SUBDISTRICT' 

2561-04-01 12:57:09 - [TEST_STEP][PASSED] - setText: Text '57130' is set on object 'Object Repository/Register_Page/input_ADDRESS_POSTCODE'

2561-04-01 12:57:09 - [MESSAGE][PASSED] - Text '57130' is set on object 'Object Repository/Register_Page/input_ADDRESS_POSTCODE'

2561-04-01 12:57:09 - [TEST_STEP][PASSED] - selectOptionByValue: All options with value 'กำลังทำงาน' are selected in object 'Object Repository/Register_Page/select__3'  using regular expression

2561-04-01 12:57:10 - [MESSAGE][PASSED] - All options with value 'กำลังทำงาน' are selected in object 'Object Repository/Register_Page/select__3'  using regular expression

2561-04-01 12:57:10 - [TEST_STEP][PASSED] - setText: Text '3 หมู่ที่ 10 ต.โป่งผา อ.แม่สาย จ.เชียงราย' is set on object 'Object Repository/Register_Page/input_ADDRESS_ALL'

2561-04-01 12:57:10 - [MESSAGE][PASSED] - Text '3 หมู่ที่ 10 ต.โป่งผา อ.แม่สาย จ.เชียงราย' is set on object 'Object Repository/Register_Page/input_ADDRESS_ALL'

2561-04-01 12:57:10 - [TEST_STEP][PASSED] - setText: Text '053646789' is set on object 'Object Repository/Register_Page/input_PHONE'

2561-04-01 12:57:11 - [MESSAGE][PASSED] - Text '053646789' is set on object 'Object Repository/Register_Page/input_PHONE'

2561-04-01 12:57:11 - [TEST_STEP][PASSED] - setText: Text '0827975510' is set on object 'Object Repository/Register_Page/input_CELL_PHONE'

2561-04-01 12:57:11 - [MESSAGE][PASSED] - Text '0827975510' is set on object 'Object Repository/Register_Page/input_CELL_PHONE'

2561-04-01 12:57:11 - [TEST_STEP][PASSED] - setText: Text '025445687' is set on object 'Object Repository/Register_Page/input_FAX'

2561-04-01 12:57:11 - [MESSAGE][PASSED] - Text '025445687' is set on object 'Object Repository/Register_Page/input_FAX'

2561-04-01 12:57:11 - [TEST_STEP][PASSED] - click: Object: 'Object Repository/Register_Page/input_submit (1)' is clicked on

2561-04-01 12:57:12 - [MESSAGE][PASSED] - Object: 'Object Repository/Register_Page/input_submit (1)' is clicked on

2561-04-01 12:57:12 - [TEST_STEP][PASSED] - closeBrowser: Browser is closed

2561-04-01 12:57:15 - [MESSAGE][PASSED] - Browser is closed]]></system-out>
         <system-err><![CDATA[]]></system-err>
      </testcase>
      <testcase name="Test Cases/Register volunteer/Register14" classname="Test Cases/Register volunteer/Register14" status="PASSED">
         <system-out><![CDATA[2561-04-01 12:57:15 - [TEST_CASE][PASSED] - Test Cases/Register volunteer/Register14: Test Cases/Register volunteer/Register14

2561-04-01 12:57:15 - [TEST_STEP][PASSED] - openBrowser: Browser is opened with url: ''

2561-04-01 12:57:20 - [MESSAGE][PASSED] - Browser is opened with url: ''

2561-04-01 12:57:20 - [TEST_STEP][PASSED] - navigateToUrl: Navigate to 'http://vivblind.play2pay.me/' successfully

2561-04-01 12:57:25 - [MESSAGE][PASSED] - Navigate to 'http://vivblind.play2pay.me/' successfully

2561-04-01 12:57:25 - [TEST_STEP][PASSED] - click: Object: 'Object Repository/Register_Page/a_' is clicked on

2561-04-01 12:57:26 - [MESSAGE][PASSED] - Object: 'Object Repository/Register_Page/a_' is clicked on

2561-04-01 12:57:26 - [TEST_STEP][PASSED] - setText: Text 'suphisit1@gmail.com' is set on object 'Object Repository/Register_Page/input_EMAIL (1)'

2561-04-01 12:57:26 - [MESSAGE][PASSED] - Text 'suphisit1@gmail.com' is set on object 'Object Repository/Register_Page/input_EMAIL (1)'

2561-04-01 12:57:26 - [TEST_STEP][PASSED] - setText: Text '0857098359' is set on object 'Object Repository/Register_Page/input_PASSWORD'

2561-04-01 12:57:26 - [MESSAGE][PASSED] - Text '0857098359' is set on object 'Object Repository/Register_Page/input_PASSWORD'

2561-04-01 12:57:26 - [TEST_STEP][PASSED] - setText: Text '0857098359' is set on object 'Object Repository/Register_Page/input_password_confirmation'

2561-04-01 12:57:27 - [MESSAGE][PASSED] - Text '0857098359' is set on object 'Object Repository/Register_Page/input_password_confirmation'

2561-04-01 12:57:27 - [TEST_STEP][PASSED] - uploadFile: File 'C:\Users\Administrator\Desktop\Test.jpg' sent to object: 'Object Repository/Register_Page/Upload File'

2561-04-01 12:57:27 - [MESSAGE][PASSED] - File 'C:\Users\Administrator\Desktop\Test.jpg' sent to object: 'Object Repository/Register_Page/Upload File'

2561-04-01 12:57:27 - [TEST_STEP][PASSED] - setText: Text 'ศุภิสิทธิ์ ' is set on object 'Object Repository/Register_Page/input_FIRST_NAME_TH'

2561-04-01 12:57:27 - [MESSAGE][PASSED] - Text 'ศุภิสิทธิ์ ' is set on object 'Object Repository/Register_Page/input_FIRST_NAME_TH'

2561-04-01 12:57:27 - [TEST_STEP][PASSED] - setText: Text 'ไข่กา' is set on object 'Object Repository/Register_Page/input_LAST_NAME_TH'

2561-04-01 12:57:27 - [MESSAGE][PASSED] - Text 'ไข่กา' is set on object 'Object Repository/Register_Page/input_LAST_NAME_TH'

2561-04-01 12:57:27 - [TEST_STEP][PASSED] - setText: Text 'Suphisit' is set on object 'Object Repository/Register_Page/input_FIRST_NAME_EN'

2561-04-01 12:57:27 - [MESSAGE][PASSED] - Text 'Suphisit' is set on object 'Object Repository/Register_Page/input_FIRST_NAME_EN'

2561-04-01 12:57:27 - [TEST_STEP][PASSED] - setText: Text 'Khaika' is set on object 'Object Repository/Register_Page/input_LAST_NAME_EN'

2561-04-01 12:57:27 - [MESSAGE][PASSED] - Text 'Khaika' is set on object 'Object Repository/Register_Page/input_LAST_NAME_EN'

2561-04-01 12:57:27 - [TEST_STEP][PASSED] - selectOptionByValue: All options with value 'พุทธ' are selected in object 'Object Repository/Register_Page/select_'  using regular expression

2561-04-01 12:57:27 - [MESSAGE][PASSED] - All options with value 'พุทธ' are selected in object 'Object Repository/Register_Page/select_'  using regular expression

2561-04-01 12:57:27 - [TEST_STEP][PASSED] - selectOptionByValue: All options with value 'ปริญญาตรี' are selected in object 'Object Repository/Register_Page/select__1'  using regular expression

2561-04-01 12:57:28 - [MESSAGE][PASSED] - All options with value 'ปริญญาตรี' are selected in object 'Object Repository/Register_Page/select__1'  using regular expression

2561-04-01 12:57:28 - [TEST_STEP][PASSED] - selectOptionByValue: All options with value 'อื่นๆ' are selected in object 'Object Repository/Register_Page/select__2'  using regular expression

2561-04-01 12:57:28 - [MESSAGE][PASSED] - All options with value 'อื่นๆ' are selected in object 'Object Repository/Register_Page/select__2'  using regular expression

2561-04-01 12:57:28 - [TEST_STEP][PASSED] - setText: Text '3' is set on object 'Object Repository/Register_Page/input_ADDRESS_NO'

2561-04-01 12:57:28 - [MESSAGE][PASSED] - Text '3' is set on object 'Object Repository/Register_Page/input_ADDRESS_NO'

2561-04-01 12:57:28 - [TEST_STEP][PASSED] - setText: Text '10' is set on object 'Object Repository/Register_Page/input_ADDRESS_MOO'

2561-04-01 12:57:28 - [MESSAGE][PASSED] - Text '10' is set on object 'Object Repository/Register_Page/input_ADDRESS_MOO'

2561-04-01 12:57:28 - [TEST_STEP][PASSED] - setText: Text 'พหลโยธิน' is set on object 'Object Repository/Register_Page/input_ADDRESS_ROAD'

2561-04-01 12:57:28 - [MESSAGE][PASSED] - Text 'พหลโยธิน' is set on object 'Object Repository/Register_Page/input_ADDRESS_ROAD'

2561-04-01 12:57:28 - [TEST_STEP][PASSED] - delay: Delayed 2 second(s)

2561-04-01 12:57:30 - [MESSAGE][PASSED] - Delayed 2 second(s)

2561-04-01 12:57:30 - [TEST_STEP][PASSED] - selectOptionByValue: All options with value '45' are selected in object 'Object Repository/Register_Page/ADDRESS_PROVINCE' 

2561-04-01 12:57:31 - [MESSAGE][PASSED] - All options with value '45' are selected in object 'Object Repository/Register_Page/ADDRESS_PROVINCE' 

2561-04-01 12:57:31 - [TEST_STEP][PASSED] - delay: Delayed 2 second(s)

2561-04-01 12:57:33 - [MESSAGE][PASSED] - Delayed 2 second(s)

2561-04-01 12:57:33 - [TEST_STEP][PASSED] - selectOptionByValue: All options with value '665' are selected in object 'Object Repository/Register_Page/ADDRESS_DISTRICT' 

2561-04-01 12:57:33 - [MESSAGE][PASSED] - All options with value '665' are selected in object 'Object Repository/Register_Page/ADDRESS_DISTRICT' 

2561-04-01 12:57:33 - [TEST_STEP][PASSED] - delay: Delayed 2 second(s)

2561-04-01 12:57:35 - [MESSAGE][PASSED] - Delayed 2 second(s)

2561-04-01 12:57:35 - [TEST_STEP][PASSED] - selectOptionByValue: All options with value '14726' are selected in object 'Object Repository/Register_Page/ADDRESS_SUBDISTRICT' 

2561-04-01 12:57:35 - [MESSAGE][PASSED] - All options with value '14726' are selected in object 'Object Repository/Register_Page/ADDRESS_SUBDISTRICT' 

2561-04-01 12:57:35 - [TEST_STEP][PASSED] - setText: Text '57130' is set on object 'Object Repository/Register_Page/input_ADDRESS_POSTCODE'

2561-04-01 12:57:35 - [MESSAGE][PASSED] - Text '57130' is set on object 'Object Repository/Register_Page/input_ADDRESS_POSTCODE'

2561-04-01 12:57:35 - [TEST_STEP][PASSED] - selectOptionByValue: All options with value 'กำลังทำงาน' are selected in object 'Object Repository/Register_Page/select__3'  using regular expression

2561-04-01 12:57:35 - [MESSAGE][PASSED] - All options with value 'กำลังทำงาน' are selected in object 'Object Repository/Register_Page/select__3'  using regular expression

2561-04-01 12:57:35 - [TEST_STEP][PASSED] - setText: Text '3 หมู่ที่ 10 ต.โป่งผา อ.แม่สาย จ.เชียงราย' is set on object 'Object Repository/Register_Page/input_ADDRESS_ALL'

2561-04-01 12:57:36 - [MESSAGE][PASSED] - Text '3 หมู่ที่ 10 ต.โป่งผา อ.แม่สาย จ.เชียงราย' is set on object 'Object Repository/Register_Page/input_ADDRESS_ALL'

2561-04-01 12:57:36 - [TEST_STEP][PASSED] - setText: Text '053646789' is set on object 'Object Repository/Register_Page/input_PHONE'

2561-04-01 12:57:36 - [MESSAGE][PASSED] - Text '053646789' is set on object 'Object Repository/Register_Page/input_PHONE'

2561-04-01 12:57:36 - [TEST_STEP][PASSED] - setText: Text '0827975510' is set on object 'Object Repository/Register_Page/input_CELL_PHONE'

2561-04-01 12:57:36 - [MESSAGE][PASSED] - Text '0827975510' is set on object 'Object Repository/Register_Page/input_CELL_PHONE'

2561-04-01 12:57:36 - [TEST_STEP][PASSED] - setText: Text '025445687' is set on object 'Object Repository/Register_Page/input_FAX'

2561-04-01 12:57:36 - [MESSAGE][PASSED] - Text '025445687' is set on object 'Object Repository/Register_Page/input_FAX'

2561-04-01 12:57:36 - [TEST_STEP][PASSED] - click: Object: 'Object Repository/Register_Page/input_submit (1)' is clicked on

2561-04-01 12:57:37 - [MESSAGE][PASSED] - Object: 'Object Repository/Register_Page/input_submit (1)' is clicked on

2561-04-01 12:57:37 - [TEST_STEP][PASSED] - closeBrowser: Browser is closed

2561-04-01 12:57:37 - [MESSAGE][PASSED] - Browser is closed]]></system-out>
         <system-err><![CDATA[]]></system-err>
      </testcase>
      <testcase name="Test Cases/Register volunteer/Register15" classname="Test Cases/Register volunteer/Register15" status="PASSED">
         <system-out><![CDATA[2561-04-01 12:57:37 - [TEST_CASE][PASSED] - Test Cases/Register volunteer/Register15: Test Cases/Register volunteer/Register15

2561-04-01 12:57:38 - [TEST_STEP][PASSED] - openBrowser: Browser is opened with url: ''

2561-04-01 12:57:43 - [MESSAGE][PASSED] - Browser is opened with url: ''

2561-04-01 12:57:43 - [TEST_STEP][PASSED] - navigateToUrl: Navigate to 'http://vivblind.play2pay.me/' successfully

2561-04-01 12:57:47 - [MESSAGE][PASSED] - Navigate to 'http://vivblind.play2pay.me/' successfully

2561-04-01 12:57:47 - [TEST_STEP][PASSED] - click: Object: 'Object Repository/Register_Page/a_' is clicked on

2561-04-01 12:57:47 - [MESSAGE][PASSED] - Object: 'Object Repository/Register_Page/a_' is clicked on

2561-04-01 12:57:47 - [TEST_STEP][PASSED] - setText: Text 'suphisit1@gmail.com' is set on object 'Object Repository/Register_Page/input_EMAIL (1)'

2561-04-01 12:57:48 - [MESSAGE][PASSED] - Text 'suphisit1@gmail.com' is set on object 'Object Repository/Register_Page/input_EMAIL (1)'

2561-04-01 12:57:48 - [TEST_STEP][PASSED] - setText: Text '0857098359' is set on object 'Object Repository/Register_Page/input_PASSWORD'

2561-04-01 12:57:48 - [MESSAGE][PASSED] - Text '0857098359' is set on object 'Object Repository/Register_Page/input_PASSWORD'

2561-04-01 12:57:48 - [TEST_STEP][PASSED] - setText: Text '0857098359' is set on object 'Object Repository/Register_Page/input_password_confirmation'

2561-04-01 12:57:48 - [MESSAGE][PASSED] - Text '0857098359' is set on object 'Object Repository/Register_Page/input_password_confirmation'

2561-04-01 12:57:48 - [TEST_STEP][PASSED] - uploadFile: File 'C:\Users\Administrator\Desktop\Test.jpg' sent to object: 'Object Repository/Register_Page/Upload File'

2561-04-01 12:57:48 - [MESSAGE][PASSED] - File 'C:\Users\Administrator\Desktop\Test.jpg' sent to object: 'Object Repository/Register_Page/Upload File'

2561-04-01 12:57:48 - [TEST_STEP][PASSED] - setText: Text 'ศุภิสิทธิ์ ' is set on object 'Object Repository/Register_Page/input_FIRST_NAME_TH'

2561-04-01 12:57:48 - [MESSAGE][PASSED] - Text 'ศุภิสิทธิ์ ' is set on object 'Object Repository/Register_Page/input_FIRST_NAME_TH'

2561-04-01 12:57:48 - [TEST_STEP][PASSED] - setText: Text 'ไข่กา' is set on object 'Object Repository/Register_Page/input_LAST_NAME_TH'

2561-04-01 12:57:48 - [MESSAGE][PASSED] - Text 'ไข่กา' is set on object 'Object Repository/Register_Page/input_LAST_NAME_TH'

2561-04-01 12:57:48 - [TEST_STEP][PASSED] - setText: Text 'Suphisit' is set on object 'Object Repository/Register_Page/input_FIRST_NAME_EN'

2561-04-01 12:57:48 - [MESSAGE][PASSED] - Text 'Suphisit' is set on object 'Object Repository/Register_Page/input_FIRST_NAME_EN'

2561-04-01 12:57:48 - [TEST_STEP][PASSED] - setText: Text 'Khaika' is set on object 'Object Repository/Register_Page/input_LAST_NAME_EN'

2561-04-01 12:57:49 - [MESSAGE][PASSED] - Text 'Khaika' is set on object 'Object Repository/Register_Page/input_LAST_NAME_EN'

2561-04-01 12:57:49 - [TEST_STEP][PASSED] - setText: Text '13/10/1994' is set on object 'Object Repository/Register_Page/input_BIRTH_DATE'

2561-04-01 12:57:49 - [MESSAGE][PASSED] - Text '13/10/1994' is set on object 'Object Repository/Register_Page/input_BIRTH_DATE'

2561-04-01 12:57:49 - [TEST_STEP][PASSED] - selectOptionByValue: All options with value 'ปริญญาตรี' are selected in object 'Object Repository/Register_Page/select__1'  using regular expression

2561-04-01 12:57:49 - [MESSAGE][PASSED] - All options with value 'ปริญญาตรี' are selected in object 'Object Repository/Register_Page/select__1'  using regular expression

2561-04-01 12:57:49 - [TEST_STEP][PASSED] - selectOptionByValue: All options with value 'อื่นๆ' are selected in object 'Object Repository/Register_Page/select__2'  using regular expression

2561-04-01 12:57:49 - [MESSAGE][PASSED] - All options with value 'อื่นๆ' are selected in object 'Object Repository/Register_Page/select__2'  using regular expression

2561-04-01 12:57:49 - [TEST_STEP][PASSED] - setText: Text '3' is set on object 'Object Repository/Register_Page/input_ADDRESS_NO'

2561-04-01 12:57:49 - [MESSAGE][PASSED] - Text '3' is set on object 'Object Repository/Register_Page/input_ADDRESS_NO'

2561-04-01 12:57:49 - [TEST_STEP][PASSED] - setText: Text '10' is set on object 'Object Repository/Register_Page/input_ADDRESS_MOO'

2561-04-01 12:57:49 - [MESSAGE][PASSED] - Text '10' is set on object 'Object Repository/Register_Page/input_ADDRESS_MOO'

2561-04-01 12:57:49 - [TEST_STEP][PASSED] - setText: Text 'พหลโยธิน' is set on object 'Object Repository/Register_Page/input_ADDRESS_ROAD'

2561-04-01 12:57:49 - [MESSAGE][PASSED] - Text 'พหลโยธิน' is set on object 'Object Repository/Register_Page/input_ADDRESS_ROAD'

2561-04-01 12:57:49 - [TEST_STEP][PASSED] - delay: Delayed 2 second(s)

2561-04-01 12:57:51 - [MESSAGE][PASSED] - Delayed 2 second(s)

2561-04-01 12:57:51 - [TEST_STEP][PASSED] - selectOptionByValue: All options with value '45' are selected in object 'Object Repository/Register_Page/ADDRESS_PROVINCE' 

2561-04-01 12:57:52 - [MESSAGE][PASSED] - All options with value '45' are selected in object 'Object Repository/Register_Page/ADDRESS_PROVINCE' 

2561-04-01 12:57:52 - [TEST_STEP][PASSED] - delay: Delayed 2 second(s)

2561-04-01 12:57:54 - [MESSAGE][PASSED] - Delayed 2 second(s)

2561-04-01 12:57:54 - [TEST_STEP][PASSED] - selectOptionByValue: All options with value '665' are selected in object 'Object Repository/Register_Page/ADDRESS_DISTRICT' 

2561-04-01 12:57:54 - [MESSAGE][PASSED] - All options with value '665' are selected in object 'Object Repository/Register_Page/ADDRESS_DISTRICT' 

2561-04-01 12:57:54 - [TEST_STEP][PASSED] - delay: Delayed 2 second(s)

2561-04-01 12:57:56 - [MESSAGE][PASSED] - Delayed 2 second(s)

2561-04-01 12:57:56 - [TEST_STEP][PASSED] - selectOptionByValue: All options with value '14726' are selected in object 'Object Repository/Register_Page/ADDRESS_SUBDISTRICT' 

2561-04-01 12:57:56 - [MESSAGE][PASSED] - All options with value '14726' are selected in object 'Object Repository/Register_Page/ADDRESS_SUBDISTRICT' 

2561-04-01 12:57:56 - [TEST_STEP][PASSED] - setText: Text '57130' is set on object 'Object Repository/Register_Page/input_ADDRESS_POSTCODE'

2561-04-01 12:57:56 - [MESSAGE][PASSED] - Text '57130' is set on object 'Object Repository/Register_Page/input_ADDRESS_POSTCODE'

2561-04-01 12:57:56 - [TEST_STEP][PASSED] - selectOptionByValue: All options with value 'กำลังทำงาน' are selected in object 'Object Repository/Register_Page/select__3'  using regular expression

2561-04-01 12:57:56 - [MESSAGE][PASSED] - All options with value 'กำลังทำงาน' are selected in object 'Object Repository/Register_Page/select__3'  using regular expression

2561-04-01 12:57:56 - [TEST_STEP][PASSED] - setText: Text '3 หมู่ที่ 10 ต.โป่งผา อ.แม่สาย จ.เชียงราย' is set on object 'Object Repository/Register_Page/input_ADDRESS_ALL'

2561-04-01 12:57:57 - [MESSAGE][PASSED] - Text '3 หมู่ที่ 10 ต.โป่งผา อ.แม่สาย จ.เชียงราย' is set on object 'Object Repository/Register_Page/input_ADDRESS_ALL'

2561-04-01 12:57:57 - [TEST_STEP][PASSED] - setText: Text '053646789' is set on object 'Object Repository/Register_Page/input_PHONE'

2561-04-01 12:57:57 - [MESSAGE][PASSED] - Text '053646789' is set on object 'Object Repository/Register_Page/input_PHONE'

2561-04-01 12:57:57 - [TEST_STEP][PASSED] - setText: Text '0827975510' is set on object 'Object Repository/Register_Page/input_CELL_PHONE'

2561-04-01 12:57:57 - [MESSAGE][PASSED] - Text '0827975510' is set on object 'Object Repository/Register_Page/input_CELL_PHONE'

2561-04-01 12:57:57 - [TEST_STEP][PASSED] - setText: Text '025445687' is set on object 'Object Repository/Register_Page/input_FAX'

2561-04-01 12:57:57 - [MESSAGE][PASSED] - Text '025445687' is set on object 'Object Repository/Register_Page/input_FAX'

2561-04-01 12:57:57 - [TEST_STEP][PASSED] - click: Object: 'Object Repository/Register_Page/input_submit (1)' is clicked on

2561-04-01 12:57:58 - [MESSAGE][PASSED] - Object: 'Object Repository/Register_Page/input_submit (1)' is clicked on

2561-04-01 12:57:58 - [TEST_STEP][PASSED] - verifyTextPresent: Text 'กรุณาเลือกศาสนา' is present on page 

2561-04-01 12:57:58 - [MESSAGE][PASSED] - Text 'กรุณาเลือกศาสนา' is present on page 

2561-04-01 12:57:58 - [TEST_STEP][PASSED] - closeBrowser: Browser is closed

2561-04-01 12:57:59 - [MESSAGE][PASSED] - Browser is closed]]></system-out>
         <system-err><![CDATA[]]></system-err>
      </testcase>
      <testcase name="Test Cases/Register volunteer/Register16" classname="Test Cases/Register volunteer/Register16" status="PASSED">
         <system-out><![CDATA[2561-04-01 12:57:59 - [TEST_CASE][PASSED] - Test Cases/Register volunteer/Register16: Test Cases/Register volunteer/Register16

2561-04-01 12:57:59 - [TEST_STEP][PASSED] - openBrowser: Browser is opened with url: ''

2561-04-01 12:58:03 - [MESSAGE][PASSED] - Browser is opened with url: ''

2561-04-01 12:58:03 - [TEST_STEP][PASSED] - navigateToUrl: Navigate to 'http://vivblind.play2pay.me/' successfully

2561-04-01 12:58:06 - [MESSAGE][PASSED] - Navigate to 'http://vivblind.play2pay.me/' successfully

2561-04-01 12:58:06 - [TEST_STEP][PASSED] - click: Object: 'Object Repository/Register_Page/a_' is clicked on

2561-04-01 12:58:07 - [MESSAGE][PASSED] - Object: 'Object Repository/Register_Page/a_' is clicked on

2561-04-01 12:58:07 - [TEST_STEP][PASSED] - setText: Text 'suphisit1@gmail.com' is set on object 'Object Repository/Register_Page/input_EMAIL (1)'

2561-04-01 12:58:07 - [MESSAGE][PASSED] - Text 'suphisit1@gmail.com' is set on object 'Object Repository/Register_Page/input_EMAIL (1)'

2561-04-01 12:58:07 - [TEST_STEP][PASSED] - setText: Text '0857098359' is set on object 'Object Repository/Register_Page/input_PASSWORD'

2561-04-01 12:58:07 - [MESSAGE][PASSED] - Text '0857098359' is set on object 'Object Repository/Register_Page/input_PASSWORD'

2561-04-01 12:58:07 - [TEST_STEP][PASSED] - setText: Text '0857098359' is set on object 'Object Repository/Register_Page/input_password_confirmation'

2561-04-01 12:58:07 - [MESSAGE][PASSED] - Text '0857098359' is set on object 'Object Repository/Register_Page/input_password_confirmation'

2561-04-01 12:58:07 - [TEST_STEP][PASSED] - uploadFile: File 'C:\Users\Administrator\Desktop\Test.jpg' sent to object: 'Object Repository/Register_Page/Upload File'

2561-04-01 12:58:07 - [MESSAGE][PASSED] - File 'C:\Users\Administrator\Desktop\Test.jpg' sent to object: 'Object Repository/Register_Page/Upload File'

2561-04-01 12:58:07 - [TEST_STEP][PASSED] - setText: Text 'ศุภิสิทธิ์ ' is set on object 'Object Repository/Register_Page/input_FIRST_NAME_TH'

2561-04-01 12:58:08 - [MESSAGE][PASSED] - Text 'ศุภิสิทธิ์ ' is set on object 'Object Repository/Register_Page/input_FIRST_NAME_TH'

2561-04-01 12:58:08 - [TEST_STEP][PASSED] - setText: Text 'ไข่กา' is set on object 'Object Repository/Register_Page/input_LAST_NAME_TH'

2561-04-01 12:58:08 - [MESSAGE][PASSED] - Text 'ไข่กา' is set on object 'Object Repository/Register_Page/input_LAST_NAME_TH'

2561-04-01 12:58:08 - [TEST_STEP][PASSED] - setText: Text 'Suphisit' is set on object 'Object Repository/Register_Page/input_FIRST_NAME_EN'

2561-04-01 12:58:08 - [MESSAGE][PASSED] - Text 'Suphisit' is set on object 'Object Repository/Register_Page/input_FIRST_NAME_EN'

2561-04-01 12:58:08 - [TEST_STEP][PASSED] - setText: Text 'Khaika' is set on object 'Object Repository/Register_Page/input_LAST_NAME_EN'

2561-04-01 12:58:08 - [MESSAGE][PASSED] - Text 'Khaika' is set on object 'Object Repository/Register_Page/input_LAST_NAME_EN'

2561-04-01 12:58:08 - [TEST_STEP][PASSED] - setText: Text '13/10/1994' is set on object 'Object Repository/Register_Page/input_BIRTH_DATE'

2561-04-01 12:58:08 - [MESSAGE][PASSED] - Text '13/10/1994' is set on object 'Object Repository/Register_Page/input_BIRTH_DATE'

2561-04-01 12:58:08 - [TEST_STEP][PASSED] - selectOptionByValue: All options with value 'พุทธ' are selected in object 'Object Repository/Register_Page/select_'  using regular expression

2561-04-01 12:58:08 - [MESSAGE][PASSED] - All options with value 'พุทธ' are selected in object 'Object Repository/Register_Page/select_'  using regular expression

2561-04-01 12:58:08 - [TEST_STEP][PASSED] - selectOptionByValue: All options with value 'ปริญญาตรี' are selected in object 'Object Repository/Register_Page/select__1'  using regular expression

2561-04-01 12:58:08 - [MESSAGE][PASSED] - All options with value 'ปริญญาตรี' are selected in object 'Object Repository/Register_Page/select__1'  using regular expression

2561-04-01 12:58:08 - [TEST_STEP][PASSED] - selectOptionByValue: All options with value 'อื่นๆ' are selected in object 'Object Repository/Register_Page/select__2'  using regular expression

2561-04-01 12:58:09 - [MESSAGE][PASSED] - All options with value 'อื่นๆ' are selected in object 'Object Repository/Register_Page/select__2'  using regular expression

2561-04-01 12:58:09 - [TEST_STEP][PASSED] - setText: Text '3' is set on object 'Object Repository/Register_Page/input_ADDRESS_NO'

2561-04-01 12:58:09 - [MESSAGE][PASSED] - Text '3' is set on object 'Object Repository/Register_Page/input_ADDRESS_NO'

2561-04-01 12:58:09 - [TEST_STEP][PASSED] - setText: Text '10' is set on object 'Object Repository/Register_Page/input_ADDRESS_MOO'

2561-04-01 12:58:09 - [MESSAGE][PASSED] - Text '10' is set on object 'Object Repository/Register_Page/input_ADDRESS_MOO'

2561-04-01 12:58:09 - [TEST_STEP][PASSED] - setText: Text 'พหลโยธิน' is set on object 'Object Repository/Register_Page/input_ADDRESS_ROAD'

2561-04-01 12:58:09 - [MESSAGE][PASSED] - Text 'พหลโยธิน' is set on object 'Object Repository/Register_Page/input_ADDRESS_ROAD'

2561-04-01 12:58:09 - [TEST_STEP][PASSED] - delay: Delayed 2 second(s)

2561-04-01 12:58:11 - [MESSAGE][PASSED] - Delayed 2 second(s)

2561-04-01 12:58:11 - [TEST_STEP][PASSED] - selectOptionByValue: All options with value '45' are selected in object 'Object Repository/Register_Page/ADDRESS_PROVINCE' 

2561-04-01 12:58:11 - [MESSAGE][PASSED] - All options with value '45' are selected in object 'Object Repository/Register_Page/ADDRESS_PROVINCE' 

2561-04-01 12:58:11 - [TEST_STEP][PASSED] - delay: Delayed 2 second(s)

2561-04-01 12:58:13 - [MESSAGE][PASSED] - Delayed 2 second(s)

2561-04-01 12:58:13 - [TEST_STEP][PASSED] - selectOptionByValue: All options with value '665' are selected in object 'Object Repository/Register_Page/ADDRESS_DISTRICT' 

2561-04-01 12:58:13 - [MESSAGE][PASSED] - All options with value '665' are selected in object 'Object Repository/Register_Page/ADDRESS_DISTRICT' 

2561-04-01 12:58:13 - [TEST_STEP][PASSED] - delay: Delayed 2 second(s)

2561-04-01 12:58:15 - [MESSAGE][PASSED] - Delayed 2 second(s)

2561-04-01 12:58:15 - [TEST_STEP][PASSED] - selectOptionByValue: All options with value '14726' are selected in object 'Object Repository/Register_Page/ADDRESS_SUBDISTRICT' 

2561-04-01 12:58:15 - [MESSAGE][PASSED] - All options with value '14726' are selected in object 'Object Repository/Register_Page/ADDRESS_SUBDISTRICT' 

2561-04-01 12:58:15 - [TEST_STEP][PASSED] - setText: Text '57130' is set on object 'Object Repository/Register_Page/input_ADDRESS_POSTCODE'

2561-04-01 12:58:16 - [MESSAGE][PASSED] - Text '57130' is set on object 'Object Repository/Register_Page/input_ADDRESS_POSTCODE'

2561-04-01 12:58:16 - [TEST_STEP][PASSED] - selectOptionByValue: All options with value 'กำลังทำงาน' are selected in object 'Object Repository/Register_Page/select__3'  using regular expression

2561-04-01 12:58:16 - [MESSAGE][PASSED] - All options with value 'กำลังทำงาน' are selected in object 'Object Repository/Register_Page/select__3'  using regular expression

2561-04-01 12:58:16 - [TEST_STEP][PASSED] - setText: Text '3 หมู่ที่ 10 ต.โป่งผา อ.แม่สาย จ.เชียงราย' is set on object 'Object Repository/Register_Page/input_ADDRESS_ALL'

2561-04-01 12:58:16 - [MESSAGE][PASSED] - Text '3 หมู่ที่ 10 ต.โป่งผา อ.แม่สาย จ.เชียงราย' is set on object 'Object Repository/Register_Page/input_ADDRESS_ALL'

2561-04-01 12:58:16 - [TEST_STEP][PASSED] - setText: Text '053646789' is set on object 'Object Repository/Register_Page/input_PHONE'

2561-04-01 12:58:16 - [MESSAGE][PASSED] - Text '053646789' is set on object 'Object Repository/Register_Page/input_PHONE'

2561-04-01 12:58:16 - [TEST_STEP][PASSED] - setText: Text '0827975510' is set on object 'Object Repository/Register_Page/input_CELL_PHONE'

2561-04-01 12:58:16 - [MESSAGE][PASSED] - Text '0827975510' is set on object 'Object Repository/Register_Page/input_CELL_PHONE'

2561-04-01 12:58:16 - [TEST_STEP][PASSED] - setText: Text '025445687' is set on object 'Object Repository/Register_Page/input_FAX'

2561-04-01 12:58:17 - [MESSAGE][PASSED] - Text '025445687' is set on object 'Object Repository/Register_Page/input_FAX'

2561-04-01 12:58:17 - [TEST_STEP][PASSED] - click: Object: 'Object Repository/Register_Page/input_submit (1)' is clicked on

2561-04-01 12:58:17 - [MESSAGE][PASSED] - Object: 'Object Repository/Register_Page/input_submit (1)' is clicked on

2561-04-01 12:58:17 - [TEST_STEP][PASSED] - closeBrowser: Browser is closed

2561-04-01 12:58:18 - [MESSAGE][PASSED] - Browser is closed]]></system-out>
         <system-err><![CDATA[]]></system-err>
      </testcase>
      <testcase name="Test Cases/Register volunteer/Register17" classname="Test Cases/Register volunteer/Register17" status="PASSED">
         <system-out><![CDATA[2561-04-01 12:58:18 - [TEST_CASE][PASSED] - Test Cases/Register volunteer/Register17: Test Cases/Register volunteer/Register17

2561-04-01 12:58:18 - [TEST_STEP][PASSED] - openBrowser: Browser is opened with url: ''

2561-04-01 12:58:22 - [MESSAGE][PASSED] - Browser is opened with url: ''

2561-04-01 12:58:22 - [TEST_STEP][PASSED] - navigateToUrl: Navigate to 'http://vivblind.play2pay.me/' successfully

2561-04-01 12:58:25 - [MESSAGE][PASSED] - Navigate to 'http://vivblind.play2pay.me/' successfully

2561-04-01 12:58:25 - [TEST_STEP][PASSED] - click: Object: 'Object Repository/Register_Page/a_' is clicked on

2561-04-01 12:58:26 - [MESSAGE][PASSED] - Object: 'Object Repository/Register_Page/a_' is clicked on

2561-04-01 12:58:26 - [TEST_STEP][PASSED] - setText: Text 'suphisit1@gmail.com' is set on object 'Object Repository/Register_Page/input_EMAIL (1)'

2561-04-01 12:58:26 - [MESSAGE][PASSED] - Text 'suphisit1@gmail.com' is set on object 'Object Repository/Register_Page/input_EMAIL (1)'

2561-04-01 12:58:26 - [TEST_STEP][PASSED] - setText: Text '0857098359' is set on object 'Object Repository/Register_Page/input_PASSWORD'

2561-04-01 12:58:26 - [MESSAGE][PASSED] - Text '0857098359' is set on object 'Object Repository/Register_Page/input_PASSWORD'

2561-04-01 12:58:26 - [TEST_STEP][PASSED] - setText: Text '0857098359' is set on object 'Object Repository/Register_Page/input_password_confirmation'

2561-04-01 12:58:26 - [MESSAGE][PASSED] - Text '0857098359' is set on object 'Object Repository/Register_Page/input_password_confirmation'

2561-04-01 12:58:26 - [TEST_STEP][PASSED] - uploadFile: File 'C:\Users\Administrator\Desktop\Test.jpg' sent to object: 'Object Repository/Register_Page/Upload File'

2561-04-01 12:58:26 - [MESSAGE][PASSED] - File 'C:\Users\Administrator\Desktop\Test.jpg' sent to object: 'Object Repository/Register_Page/Upload File'

2561-04-01 12:58:26 - [TEST_STEP][PASSED] - setText: Text 'ศุภิสิทธิ์ ' is set on object 'Object Repository/Register_Page/input_FIRST_NAME_TH'

2561-04-01 12:58:27 - [MESSAGE][PASSED] - Text 'ศุภิสิทธิ์ ' is set on object 'Object Repository/Register_Page/input_FIRST_NAME_TH'

2561-04-01 12:58:27 - [TEST_STEP][PASSED] - setText: Text 'ไข่กา' is set on object 'Object Repository/Register_Page/input_LAST_NAME_TH'

2561-04-01 12:58:27 - [MESSAGE][PASSED] - Text 'ไข่กา' is set on object 'Object Repository/Register_Page/input_LAST_NAME_TH'

2561-04-01 12:58:27 - [TEST_STEP][PASSED] - setText: Text 'Suphisit' is set on object 'Object Repository/Register_Page/input_FIRST_NAME_EN'

2561-04-01 12:58:27 - [MESSAGE][PASSED] - Text 'Suphisit' is set on object 'Object Repository/Register_Page/input_FIRST_NAME_EN'

2561-04-01 12:58:27 - [TEST_STEP][PASSED] - setText: Text 'Khaika' is set on object 'Object Repository/Register_Page/input_LAST_NAME_EN'

2561-04-01 12:58:27 - [MESSAGE][PASSED] - Text 'Khaika' is set on object 'Object Repository/Register_Page/input_LAST_NAME_EN'

2561-04-01 12:58:27 - [TEST_STEP][PASSED] - setText: Text '13/10/1994' is set on object 'Object Repository/Register_Page/input_BIRTH_DATE'

2561-04-01 12:58:27 - [MESSAGE][PASSED] - Text '13/10/1994' is set on object 'Object Repository/Register_Page/input_BIRTH_DATE'

2561-04-01 12:58:27 - [TEST_STEP][PASSED] - selectOptionByValue: All options with value 'คริส' are selected in object 'Object Repository/Register_Page/select_'  using regular expression

2561-04-01 12:58:28 - [MESSAGE][PASSED] - All options with value 'คริส' are selected in object 'Object Repository/Register_Page/select_'  using regular expression

2561-04-01 12:58:28 - [TEST_STEP][PASSED] - selectOptionByValue: All options with value 'ปริญญาตรี' are selected in object 'Object Repository/Register_Page/select__1'  using regular expression

2561-04-01 12:58:28 - [MESSAGE][PASSED] - All options with value 'ปริญญาตรี' are selected in object 'Object Repository/Register_Page/select__1'  using regular expression

2561-04-01 12:58:28 - [TEST_STEP][PASSED] - selectOptionByValue: All options with value 'อื่นๆ' are selected in object 'Object Repository/Register_Page/select__2'  using regular expression

2561-04-01 12:58:28 - [MESSAGE][PASSED] - All options with value 'อื่นๆ' are selected in object 'Object Repository/Register_Page/select__2'  using regular expression

2561-04-01 12:58:28 - [TEST_STEP][PASSED] - setText: Text '3' is set on object 'Object Repository/Register_Page/input_ADDRESS_NO'

2561-04-01 12:58:28 - [MESSAGE][PASSED] - Text '3' is set on object 'Object Repository/Register_Page/input_ADDRESS_NO'

2561-04-01 12:58:28 - [TEST_STEP][PASSED] - setText: Text '10' is set on object 'Object Repository/Register_Page/input_ADDRESS_MOO'

2561-04-01 12:58:28 - [MESSAGE][PASSED] - Text '10' is set on object 'Object Repository/Register_Page/input_ADDRESS_MOO'

2561-04-01 12:58:28 - [TEST_STEP][PASSED] - setText: Text 'พหลโยธิน' is set on object 'Object Repository/Register_Page/input_ADDRESS_ROAD'

2561-04-01 12:58:28 - [MESSAGE][PASSED] - Text 'พหลโยธิน' is set on object 'Object Repository/Register_Page/input_ADDRESS_ROAD'

2561-04-01 12:58:28 - [TEST_STEP][PASSED] - delay: Delayed 2 second(s)

2561-04-01 12:58:30 - [MESSAGE][PASSED] - Delayed 2 second(s)

2561-04-01 12:58:30 - [TEST_STEP][PASSED] - selectOptionByValue: All options with value '45' are selected in object 'Object Repository/Register_Page/ADDRESS_PROVINCE' 

2561-04-01 12:58:30 - [MESSAGE][PASSED] - All options with value '45' are selected in object 'Object Repository/Register_Page/ADDRESS_PROVINCE' 

2561-04-01 12:58:30 - [TEST_STEP][PASSED] - delay: Delayed 2 second(s)

2561-04-01 12:58:32 - [MESSAGE][PASSED] - Delayed 2 second(s)

2561-04-01 12:58:32 - [TEST_STEP][PASSED] - selectOptionByValue: All options with value '665' are selected in object 'Object Repository/Register_Page/ADDRESS_DISTRICT' 

2561-04-01 12:58:33 - [MESSAGE][PASSED] - All options with value '665' are selected in object 'Object Repository/Register_Page/ADDRESS_DISTRICT' 

2561-04-01 12:58:33 - [TEST_STEP][PASSED] - delay: Delayed 2 second(s)

2561-04-01 12:58:35 - [MESSAGE][PASSED] - Delayed 2 second(s)

2561-04-01 12:58:35 - [TEST_STEP][PASSED] - selectOptionByValue: All options with value '14726' are selected in object 'Object Repository/Register_Page/ADDRESS_SUBDISTRICT' 

2561-04-01 12:58:35 - [MESSAGE][PASSED] - All options with value '14726' are selected in object 'Object Repository/Register_Page/ADDRESS_SUBDISTRICT' 

2561-04-01 12:58:35 - [TEST_STEP][PASSED] - setText: Text '57130' is set on object 'Object Repository/Register_Page/input_ADDRESS_POSTCODE'

2561-04-01 12:58:35 - [MESSAGE][PASSED] - Text '57130' is set on object 'Object Repository/Register_Page/input_ADDRESS_POSTCODE'

2561-04-01 12:58:35 - [TEST_STEP][PASSED] - selectOptionByValue: All options with value 'กำลังทำงาน' are selected in object 'Object Repository/Register_Page/select__3'  using regular expression

2561-04-01 12:58:35 - [MESSAGE][PASSED] - All options with value 'กำลังทำงาน' are selected in object 'Object Repository/Register_Page/select__3'  using regular expression

2561-04-01 12:58:35 - [TEST_STEP][PASSED] - setText: Text '3 หมู่ที่ 10 ต.โป่งผา อ.แม่สาย จ.เชียงราย' is set on object 'Object Repository/Register_Page/input_ADDRESS_ALL'

2561-04-01 12:58:35 - [MESSAGE][PASSED] - Text '3 หมู่ที่ 10 ต.โป่งผา อ.แม่สาย จ.เชียงราย' is set on object 'Object Repository/Register_Page/input_ADDRESS_ALL'

2561-04-01 12:58:35 - [TEST_STEP][PASSED] - setText: Text '053646789' is set on object 'Object Repository/Register_Page/input_PHONE'

2561-04-01 12:58:36 - [MESSAGE][PASSED] - Text '053646789' is set on object 'Object Repository/Register_Page/input_PHONE'

2561-04-01 12:58:36 - [TEST_STEP][PASSED] - setText: Text '0827975510' is set on object 'Object Repository/Register_Page/input_CELL_PHONE'

2561-04-01 12:58:36 - [MESSAGE][PASSED] - Text '0827975510' is set on object 'Object Repository/Register_Page/input_CELL_PHONE'

2561-04-01 12:58:36 - [TEST_STEP][PASSED] - setText: Text '025445687' is set on object 'Object Repository/Register_Page/input_FAX'

2561-04-01 12:58:36 - [MESSAGE][PASSED] - Text '025445687' is set on object 'Object Repository/Register_Page/input_FAX'

2561-04-01 12:58:36 - [TEST_STEP][PASSED] - click: Object: 'Object Repository/Register_Page/input_submit (1)' is clicked on

2561-04-01 12:58:37 - [MESSAGE][PASSED] - Object: 'Object Repository/Register_Page/input_submit (1)' is clicked on

2561-04-01 12:58:37 - [TEST_STEP][PASSED] - closeBrowser: Browser is closed

2561-04-01 12:58:37 - [MESSAGE][PASSED] - Browser is closed]]></system-out>
         <system-err><![CDATA[]]></system-err>
      </testcase>
      <testcase name="Test Cases/Register volunteer/Register18" classname="Test Cases/Register volunteer/Register18" status="PASSED">
         <system-out><![CDATA[2561-04-01 12:58:37 - [TEST_CASE][PASSED] - Test Cases/Register volunteer/Register18: Test Cases/Register volunteer/Register18

2561-04-01 12:58:37 - [TEST_STEP][PASSED] - openBrowser: Browser is opened with url: ''

2561-04-01 12:58:41 - [MESSAGE][PASSED] - Browser is opened with url: ''

2561-04-01 12:58:41 - [TEST_STEP][PASSED] - navigateToUrl: Navigate to 'http://vivblind.play2pay.me/' successfully

2561-04-01 12:58:44 - [MESSAGE][PASSED] - Navigate to 'http://vivblind.play2pay.me/' successfully

2561-04-01 12:58:44 - [TEST_STEP][PASSED] - click: Object: 'Object Repository/Register_Page/a_' is clicked on

2561-04-01 12:58:45 - [MESSAGE][PASSED] - Object: 'Object Repository/Register_Page/a_' is clicked on

2561-04-01 12:58:45 - [TEST_STEP][PASSED] - setText: Text 'suphisit1@gmail.com' is set on object 'Object Repository/Register_Page/input_EMAIL (1)'

2561-04-01 12:58:45 - [MESSAGE][PASSED] - Text 'suphisit1@gmail.com' is set on object 'Object Repository/Register_Page/input_EMAIL (1)'

2561-04-01 12:58:45 - [TEST_STEP][PASSED] - setText: Text '0857098359' is set on object 'Object Repository/Register_Page/input_PASSWORD'

2561-04-01 12:58:45 - [MESSAGE][PASSED] - Text '0857098359' is set on object 'Object Repository/Register_Page/input_PASSWORD'

2561-04-01 12:58:45 - [TEST_STEP][PASSED] - setText: Text '0857098359' is set on object 'Object Repository/Register_Page/input_password_confirmation'

2561-04-01 12:58:45 - [MESSAGE][PASSED] - Text '0857098359' is set on object 'Object Repository/Register_Page/input_password_confirmation'

2561-04-01 12:58:45 - [TEST_STEP][PASSED] - uploadFile: File 'C:\Users\Administrator\Desktop\Test.jpg' sent to object: 'Object Repository/Register_Page/Upload File'

2561-04-01 12:58:46 - [MESSAGE][PASSED] - File 'C:\Users\Administrator\Desktop\Test.jpg' sent to object: 'Object Repository/Register_Page/Upload File'

2561-04-01 12:58:46 - [TEST_STEP][PASSED] - setText: Text 'ศุภิสิทธิ์ ' is set on object 'Object Repository/Register_Page/input_FIRST_NAME_TH'

2561-04-01 12:58:46 - [MESSAGE][PASSED] - Text 'ศุภิสิทธิ์ ' is set on object 'Object Repository/Register_Page/input_FIRST_NAME_TH'

2561-04-01 12:58:46 - [TEST_STEP][PASSED] - setText: Text 'ไข่กา' is set on object 'Object Repository/Register_Page/input_LAST_NAME_TH'

2561-04-01 12:58:46 - [MESSAGE][PASSED] - Text 'ไข่กา' is set on object 'Object Repository/Register_Page/input_LAST_NAME_TH'

2561-04-01 12:58:46 - [TEST_STEP][PASSED] - setText: Text 'Suphisit' is set on object 'Object Repository/Register_Page/input_FIRST_NAME_EN'

2561-04-01 12:58:46 - [MESSAGE][PASSED] - Text 'Suphisit' is set on object 'Object Repository/Register_Page/input_FIRST_NAME_EN'

2561-04-01 12:58:46 - [TEST_STEP][PASSED] - setText: Text 'Khaika' is set on object 'Object Repository/Register_Page/input_LAST_NAME_EN'

2561-04-01 12:58:46 - [MESSAGE][PASSED] - Text 'Khaika' is set on object 'Object Repository/Register_Page/input_LAST_NAME_EN'

2561-04-01 12:58:46 - [TEST_STEP][PASSED] - setText: Text '13/10/1994' is set on object 'Object Repository/Register_Page/input_BIRTH_DATE'

2561-04-01 12:58:46 - [MESSAGE][PASSED] - Text '13/10/1994' is set on object 'Object Repository/Register_Page/input_BIRTH_DATE'

2561-04-01 12:58:46 - [TEST_STEP][PASSED] - selectOptionByValue: All options with value 'อิสลาม' are selected in object 'Object Repository/Register_Page/select_'  using regular expression

2561-04-01 12:58:47 - [MESSAGE][PASSED] - All options with value 'อิสลาม' are selected in object 'Object Repository/Register_Page/select_'  using regular expression

2561-04-01 12:58:47 - [TEST_STEP][PASSED] - selectOptionByValue: All options with value 'ปริญญาตรี' are selected in object 'Object Repository/Register_Page/select__1'  using regular expression

2561-04-01 12:58:47 - [MESSAGE][PASSED] - All options with value 'ปริญญาตรี' are selected in object 'Object Repository/Register_Page/select__1'  using regular expression

2561-04-01 12:58:47 - [TEST_STEP][PASSED] - selectOptionByValue: All options with value 'อื่นๆ' are selected in object 'Object Repository/Register_Page/select__2'  using regular expression

2561-04-01 12:58:47 - [MESSAGE][PASSED] - All options with value 'อื่นๆ' are selected in object 'Object Repository/Register_Page/select__2'  using regular expression

2561-04-01 12:58:47 - [TEST_STEP][PASSED] - setText: Text '3' is set on object 'Object Repository/Register_Page/input_ADDRESS_NO'

2561-04-01 12:58:47 - [MESSAGE][PASSED] - Text '3' is set on object 'Object Repository/Register_Page/input_ADDRESS_NO'

2561-04-01 12:58:47 - [TEST_STEP][PASSED] - setText: Text '10' is set on object 'Object Repository/Register_Page/input_ADDRESS_MOO'

2561-04-01 12:58:47 - [MESSAGE][PASSED] - Text '10' is set on object 'Object Repository/Register_Page/input_ADDRESS_MOO'

2561-04-01 12:58:47 - [TEST_STEP][PASSED] - setText: Text 'พหลโยธิน' is set on object 'Object Repository/Register_Page/input_ADDRESS_ROAD'

2561-04-01 12:58:47 - [MESSAGE][PASSED] - Text 'พหลโยธิน' is set on object 'Object Repository/Register_Page/input_ADDRESS_ROAD'

2561-04-01 12:58:47 - [TEST_STEP][PASSED] - delay: Delayed 2 second(s)

2561-04-01 12:58:49 - [MESSAGE][PASSED] - Delayed 2 second(s)

2561-04-01 12:58:49 - [TEST_STEP][PASSED] - selectOptionByValue: All options with value '45' are selected in object 'Object Repository/Register_Page/ADDRESS_PROVINCE' 

2561-04-01 12:58:49 - [MESSAGE][PASSED] - All options with value '45' are selected in object 'Object Repository/Register_Page/ADDRESS_PROVINCE' 

2561-04-01 12:58:49 - [TEST_STEP][PASSED] - delay: Delayed 2 second(s)

2561-04-01 12:58:51 - [MESSAGE][PASSED] - Delayed 2 second(s)

2561-04-01 12:58:51 - [TEST_STEP][PASSED] - selectOptionByValue: All options with value '665' are selected in object 'Object Repository/Register_Page/ADDRESS_DISTRICT' 

2561-04-01 12:58:52 - [MESSAGE][PASSED] - All options with value '665' are selected in object 'Object Repository/Register_Page/ADDRESS_DISTRICT' 

2561-04-01 12:58:52 - [TEST_STEP][PASSED] - delay: Delayed 2 second(s)

2561-04-01 12:58:54 - [MESSAGE][PASSED] - Delayed 2 second(s)

2561-04-01 12:58:54 - [TEST_STEP][PASSED] - selectOptionByValue: All options with value '14726' are selected in object 'Object Repository/Register_Page/ADDRESS_SUBDISTRICT' 

2561-04-01 12:58:54 - [MESSAGE][PASSED] - All options with value '14726' are selected in object 'Object Repository/Register_Page/ADDRESS_SUBDISTRICT' 

2561-04-01 12:58:54 - [TEST_STEP][PASSED] - setText: Text '57130' is set on object 'Object Repository/Register_Page/input_ADDRESS_POSTCODE'

2561-04-01 12:58:54 - [MESSAGE][PASSED] - Text '57130' is set on object 'Object Repository/Register_Page/input_ADDRESS_POSTCODE'

2561-04-01 12:58:54 - [TEST_STEP][PASSED] - selectOptionByValue: All options with value 'กำลังทำงาน' are selected in object 'Object Repository/Register_Page/select__3'  using regular expression

2561-04-01 12:58:54 - [MESSAGE][PASSED] - All options with value 'กำลังทำงาน' are selected in object 'Object Repository/Register_Page/select__3'  using regular expression

2561-04-01 12:58:54 - [TEST_STEP][PASSED] - setText: Text '3 หมู่ที่ 10 ต.โป่งผา อ.แม่สาย จ.เชียงราย' is set on object 'Object Repository/Register_Page/input_ADDRESS_ALL'

2561-04-01 12:58:54 - [MESSAGE][PASSED] - Text '3 หมู่ที่ 10 ต.โป่งผา อ.แม่สาย จ.เชียงราย' is set on object 'Object Repository/Register_Page/input_ADDRESS_ALL'

2561-04-01 12:58:54 - [TEST_STEP][PASSED] - setText: Text '053646789' is set on object 'Object Repository/Register_Page/input_PHONE'

2561-04-01 12:58:54 - [MESSAGE][PASSED] - Text '053646789' is set on object 'Object Repository/Register_Page/input_PHONE'

2561-04-01 12:58:54 - [TEST_STEP][PASSED] - setText: Text '0827975510' is set on object 'Object Repository/Register_Page/input_CELL_PHONE'

2561-04-01 12:58:55 - [MESSAGE][PASSED] - Text '0827975510' is set on object 'Object Repository/Register_Page/input_CELL_PHONE'

2561-04-01 12:58:55 - [TEST_STEP][PASSED] - setText: Text '025445687' is set on object 'Object Repository/Register_Page/input_FAX'

2561-04-01 12:58:55 - [MESSAGE][PASSED] - Text '025445687' is set on object 'Object Repository/Register_Page/input_FAX'

2561-04-01 12:58:55 - [TEST_STEP][PASSED] - click: Object: 'Object Repository/Register_Page/input_submit (1)' is clicked on

2561-04-01 12:58:56 - [MESSAGE][PASSED] - Object: 'Object Repository/Register_Page/input_submit (1)' is clicked on

2561-04-01 12:58:56 - [TEST_STEP][PASSED] - closeBrowser: Browser is closed

2561-04-01 12:58:56 - [MESSAGE][PASSED] - Browser is closed]]></system-out>
         <system-err><![CDATA[]]></system-err>
      </testcase>
      <testcase name="Test Cases/Register volunteer/Register19" classname="Test Cases/Register volunteer/Register19" status="PASSED">
         <system-out><![CDATA[2561-04-01 12:58:56 - [TEST_CASE][PASSED] - Test Cases/Register volunteer/Register19: Test Cases/Register volunteer/Register19

2561-04-01 12:58:56 - [TEST_STEP][PASSED] - openBrowser: Browser is opened with url: ''

2561-04-01 12:58:59 - [MESSAGE][PASSED] - Browser is opened with url: ''

2561-04-01 12:58:59 - [TEST_STEP][PASSED] - navigateToUrl: Navigate to 'http://vivblind.play2pay.me/' successfully

2561-04-01 12:59:05 - [MESSAGE][PASSED] - Navigate to 'http://vivblind.play2pay.me/' successfully

2561-04-01 12:59:05 - [TEST_STEP][PASSED] - click: Object: 'Object Repository/Register_Page/a_' is clicked on

2561-04-01 12:59:05 - [MESSAGE][PASSED] - Object: 'Object Repository/Register_Page/a_' is clicked on

2561-04-01 12:59:05 - [TEST_STEP][PASSED] - setText: Text 'suphisit1@gmail.com' is set on object 'Object Repository/Register_Page/input_EMAIL (1)'

2561-04-01 12:59:06 - [MESSAGE][PASSED] - Text 'suphisit1@gmail.com' is set on object 'Object Repository/Register_Page/input_EMAIL (1)'

2561-04-01 12:59:06 - [TEST_STEP][PASSED] - setText: Text '0857098359' is set on object 'Object Repository/Register_Page/input_PASSWORD'

2561-04-01 12:59:06 - [MESSAGE][PASSED] - Text '0857098359' is set on object 'Object Repository/Register_Page/input_PASSWORD'

2561-04-01 12:59:06 - [TEST_STEP][PASSED] - setText: Text '0857098359' is set on object 'Object Repository/Register_Page/input_password_confirmation'

2561-04-01 12:59:06 - [MESSAGE][PASSED] - Text '0857098359' is set on object 'Object Repository/Register_Page/input_password_confirmation'

2561-04-01 12:59:06 - [TEST_STEP][PASSED] - uploadFile: File 'C:\Users\Administrator\Desktop\Test.jpg' sent to object: 'Object Repository/Register_Page/Upload File'

2561-04-01 12:59:06 - [MESSAGE][PASSED] - File 'C:\Users\Administrator\Desktop\Test.jpg' sent to object: 'Object Repository/Register_Page/Upload File'

2561-04-01 12:59:06 - [TEST_STEP][PASSED] - setText: Text 'ศุภิสิทธิ์ ' is set on object 'Object Repository/Register_Page/input_FIRST_NAME_TH'

2561-04-01 12:59:06 - [MESSAGE][PASSED] - Text 'ศุภิสิทธิ์ ' is set on object 'Object Repository/Register_Page/input_FIRST_NAME_TH'

2561-04-01 12:59:06 - [TEST_STEP][PASSED] - setText: Text 'ไข่กา' is set on object 'Object Repository/Register_Page/input_LAST_NAME_TH'

2561-04-01 12:59:06 - [MESSAGE][PASSED] - Text 'ไข่กา' is set on object 'Object Repository/Register_Page/input_LAST_NAME_TH'

2561-04-01 12:59:06 - [TEST_STEP][PASSED] - setText: Text 'Suphisit' is set on object 'Object Repository/Register_Page/input_FIRST_NAME_EN'

2561-04-01 12:59:06 - [MESSAGE][PASSED] - Text 'Suphisit' is set on object 'Object Repository/Register_Page/input_FIRST_NAME_EN'

2561-04-01 12:59:06 - [TEST_STEP][PASSED] - setText: Text 'Khaika' is set on object 'Object Repository/Register_Page/input_LAST_NAME_EN'

2561-04-01 12:59:07 - [MESSAGE][PASSED] - Text 'Khaika' is set on object 'Object Repository/Register_Page/input_LAST_NAME_EN'

2561-04-01 12:59:07 - [TEST_STEP][PASSED] - setText: Text '13/10/1994' is set on object 'Object Repository/Register_Page/input_BIRTH_DATE'

2561-04-01 12:59:07 - [MESSAGE][PASSED] - Text '13/10/1994' is set on object 'Object Repository/Register_Page/input_BIRTH_DATE'

2561-04-01 12:59:07 - [TEST_STEP][PASSED] - selectOptionByValue: All options with value 'อื่นๆ' are selected in object 'Object Repository/Register_Page/select_'  using regular expression

2561-04-01 12:59:07 - [MESSAGE][PASSED] - All options with value 'อื่นๆ' are selected in object 'Object Repository/Register_Page/select_'  using regular expression

2561-04-01 12:59:07 - [TEST_STEP][PASSED] - selectOptionByValue: All options with value 'ปริญญาตรี' are selected in object 'Object Repository/Register_Page/select__1'  using regular expression

2561-04-01 12:59:07 - [MESSAGE][PASSED] - All options with value 'ปริญญาตรี' are selected in object 'Object Repository/Register_Page/select__1'  using regular expression

2561-04-01 12:59:07 - [TEST_STEP][PASSED] - selectOptionByValue: All options with value 'อื่นๆ' are selected in object 'Object Repository/Register_Page/select__2'  using regular expression

2561-04-01 12:59:08 - [MESSAGE][PASSED] - All options with value 'อื่นๆ' are selected in object 'Object Repository/Register_Page/select__2'  using regular expression

2561-04-01 12:59:08 - [TEST_STEP][PASSED] - setText: Text '3' is set on object 'Object Repository/Register_Page/input_ADDRESS_NO'

2561-04-01 12:59:08 - [MESSAGE][PASSED] - Text '3' is set on object 'Object Repository/Register_Page/input_ADDRESS_NO'

2561-04-01 12:59:08 - [TEST_STEP][PASSED] - setText: Text '10' is set on object 'Object Repository/Register_Page/input_ADDRESS_MOO'

2561-04-01 12:59:08 - [MESSAGE][PASSED] - Text '10' is set on object 'Object Repository/Register_Page/input_ADDRESS_MOO'

2561-04-01 12:59:08 - [TEST_STEP][PASSED] - setText: Text 'พหลโยธิน' is set on object 'Object Repository/Register_Page/input_ADDRESS_ROAD'

2561-04-01 12:59:08 - [MESSAGE][PASSED] - Text 'พหลโยธิน' is set on object 'Object Repository/Register_Page/input_ADDRESS_ROAD'

2561-04-01 12:59:08 - [TEST_STEP][PASSED] - delay: Delayed 2 second(s)

2561-04-01 12:59:10 - [MESSAGE][PASSED] - Delayed 2 second(s)

2561-04-01 12:59:10 - [TEST_STEP][PASSED] - selectOptionByValue: All options with value '45' are selected in object 'Object Repository/Register_Page/ADDRESS_PROVINCE' 

2561-04-01 12:59:10 - [MESSAGE][PASSED] - All options with value '45' are selected in object 'Object Repository/Register_Page/ADDRESS_PROVINCE' 

2561-04-01 12:59:10 - [TEST_STEP][PASSED] - delay: Delayed 2 second(s)

2561-04-01 12:59:12 - [MESSAGE][PASSED] - Delayed 2 second(s)

2561-04-01 12:59:12 - [TEST_STEP][PASSED] - selectOptionByValue: All options with value '665' are selected in object 'Object Repository/Register_Page/ADDRESS_DISTRICT' 

2561-04-01 12:59:12 - [MESSAGE][PASSED] - All options with value '665' are selected in object 'Object Repository/Register_Page/ADDRESS_DISTRICT' 

2561-04-01 12:59:12 - [TEST_STEP][PASSED] - delay: Delayed 2 second(s)

2561-04-01 12:59:14 - [MESSAGE][PASSED] - Delayed 2 second(s)

2561-04-01 12:59:14 - [TEST_STEP][PASSED] - selectOptionByValue: All options with value '14726' are selected in object 'Object Repository/Register_Page/ADDRESS_SUBDISTRICT' 

2561-04-01 12:59:14 - [MESSAGE][PASSED] - All options with value '14726' are selected in object 'Object Repository/Register_Page/ADDRESS_SUBDISTRICT' 

2561-04-01 12:59:14 - [TEST_STEP][PASSED] - setText: Text '57130' is set on object 'Object Repository/Register_Page/input_ADDRESS_POSTCODE'

2561-04-01 12:59:15 - [MESSAGE][PASSED] - Text '57130' is set on object 'Object Repository/Register_Page/input_ADDRESS_POSTCODE'

2561-04-01 12:59:15 - [TEST_STEP][PASSED] - selectOptionByValue: All options with value 'กำลังทำงาน' are selected in object 'Object Repository/Register_Page/select__3'  using regular expression

2561-04-01 12:59:15 - [MESSAGE][PASSED] - All options with value 'กำลังทำงาน' are selected in object 'Object Repository/Register_Page/select__3'  using regular expression

2561-04-01 12:59:15 - [TEST_STEP][PASSED] - setText: Text '3 หมู่ที่ 10 ต.โป่งผา อ.แม่สาย จ.เชียงราย' is set on object 'Object Repository/Register_Page/input_ADDRESS_ALL'

2561-04-01 12:59:15 - [MESSAGE][PASSED] - Text '3 หมู่ที่ 10 ต.โป่งผา อ.แม่สาย จ.เชียงราย' is set on object 'Object Repository/Register_Page/input_ADDRESS_ALL'

2561-04-01 12:59:15 - [TEST_STEP][PASSED] - setText: Text '053646789' is set on object 'Object Repository/Register_Page/input_PHONE'

2561-04-01 12:59:15 - [MESSAGE][PASSED] - Text '053646789' is set on object 'Object Repository/Register_Page/input_PHONE'

2561-04-01 12:59:15 - [TEST_STEP][PASSED] - setText: Text '0827975510' is set on object 'Object Repository/Register_Page/input_CELL_PHONE'

2561-04-01 12:59:15 - [MESSAGE][PASSED] - Text '0827975510' is set on object 'Object Repository/Register_Page/input_CELL_PHONE'

2561-04-01 12:59:15 - [TEST_STEP][PASSED] - setText: Text '025445687' is set on object 'Object Repository/Register_Page/input_FAX'

2561-04-01 12:59:16 - [MESSAGE][PASSED] - Text '025445687' is set on object 'Object Repository/Register_Page/input_FAX'

2561-04-01 12:59:16 - [TEST_STEP][PASSED] - click: Object: 'Object Repository/Register_Page/input_submit (1)' is clicked on

2561-04-01 12:59:16 - [MESSAGE][PASSED] - Object: 'Object Repository/Register_Page/input_submit (1)' is clicked on

2561-04-01 12:59:16 - [TEST_STEP][PASSED] - closeBrowser: Browser is closed

2561-04-01 12:59:17 - [MESSAGE][PASSED] - Browser is closed]]></system-out>
         <system-err><![CDATA[]]></system-err>
      </testcase>
      <testcase name="Test Cases/Register volunteer/Register20" classname="Test Cases/Register volunteer/Register20" status="PASSED">
         <system-out><![CDATA[2561-04-01 12:59:17 - [TEST_CASE][PASSED] - Test Cases/Register volunteer/Register20: Test Cases/Register volunteer/Register20

2561-04-01 12:59:17 - [TEST_STEP][PASSED] - openBrowser: Browser is opened with url: ''

2561-04-01 12:59:20 - [MESSAGE][PASSED] - Browser is opened with url: ''

2561-04-01 12:59:20 - [TEST_STEP][PASSED] - navigateToUrl: Navigate to 'http://vivblind.play2pay.me/' successfully

2561-04-01 12:59:24 - [MESSAGE][PASSED] - Navigate to 'http://vivblind.play2pay.me/' successfully

2561-04-01 12:59:24 - [TEST_STEP][PASSED] - click: Object: 'Object Repository/Register_Page/a_' is clicked on

2561-04-01 12:59:24 - [MESSAGE][PASSED] - Object: 'Object Repository/Register_Page/a_' is clicked on

2561-04-01 12:59:24 - [TEST_STEP][PASSED] - setText: Text 'suphisit1@gmail.com' is set on object 'Object Repository/Register_Page/input_EMAIL (1)'

2561-04-01 12:59:25 - [MESSAGE][PASSED] - Text 'suphisit1@gmail.com' is set on object 'Object Repository/Register_Page/input_EMAIL (1)'

2561-04-01 12:59:25 - [TEST_STEP][PASSED] - setText: Text '0857098359' is set on object 'Object Repository/Register_Page/input_PASSWORD'

2561-04-01 12:59:25 - [MESSAGE][PASSED] - Text '0857098359' is set on object 'Object Repository/Register_Page/input_PASSWORD'

2561-04-01 12:59:25 - [TEST_STEP][PASSED] - setText: Text '0857098359' is set on object 'Object Repository/Register_Page/input_password_confirmation'

2561-04-01 12:59:25 - [MESSAGE][PASSED] - Text '0857098359' is set on object 'Object Repository/Register_Page/input_password_confirmation'

2561-04-01 12:59:25 - [TEST_STEP][PASSED] - uploadFile: File 'C:\Users\Administrator\Desktop\Test.jpg' sent to object: 'Object Repository/Register_Page/Upload File'

2561-04-01 12:59:25 - [MESSAGE][PASSED] - File 'C:\Users\Administrator\Desktop\Test.jpg' sent to object: 'Object Repository/Register_Page/Upload File'

2561-04-01 12:59:25 - [TEST_STEP][PASSED] - setText: Text 'ศุภิสิทธิ์ ' is set on object 'Object Repository/Register_Page/input_FIRST_NAME_TH'

2561-04-01 12:59:25 - [MESSAGE][PASSED] - Text 'ศุภิสิทธิ์ ' is set on object 'Object Repository/Register_Page/input_FIRST_NAME_TH'

2561-04-01 12:59:25 - [TEST_STEP][PASSED] - setText: Text 'ไข่กา' is set on object 'Object Repository/Register_Page/input_LAST_NAME_TH'

2561-04-01 12:59:25 - [MESSAGE][PASSED] - Text 'ไข่กา' is set on object 'Object Repository/Register_Page/input_LAST_NAME_TH'

2561-04-01 12:59:25 - [TEST_STEP][PASSED] - setText: Text 'Suphisit' is set on object 'Object Repository/Register_Page/input_FIRST_NAME_EN'

2561-04-01 12:59:26 - [MESSAGE][PASSED] - Text 'Suphisit' is set on object 'Object Repository/Register_Page/input_FIRST_NAME_EN'

2561-04-01 12:59:26 - [TEST_STEP][PASSED] - setText: Text 'Khaika' is set on object 'Object Repository/Register_Page/input_LAST_NAME_EN'

2561-04-01 12:59:26 - [MESSAGE][PASSED] - Text 'Khaika' is set on object 'Object Repository/Register_Page/input_LAST_NAME_EN'

2561-04-01 12:59:26 - [TEST_STEP][PASSED] - setText: Text '13/10/1994' is set on object 'Object Repository/Register_Page/input_BIRTH_DATE'

2561-04-01 12:59:26 - [MESSAGE][PASSED] - Text '13/10/1994' is set on object 'Object Repository/Register_Page/input_BIRTH_DATE'

2561-04-01 12:59:26 - [TEST_STEP][PASSED] - selectOptionByValue: All options with value 'อื่นๆ' are selected in object 'Object Repository/Register_Page/select_'  using regular expression

2561-04-01 12:59:26 - [MESSAGE][PASSED] - All options with value 'อื่นๆ' are selected in object 'Object Repository/Register_Page/select_'  using regular expression

2561-04-01 12:59:26 - [TEST_STEP][PASSED] - selectOptionByValue: All options with value 'อื่นๆ' are selected in object 'Object Repository/Register_Page/select__2'  using regular expression

2561-04-01 12:59:26 - [MESSAGE][PASSED] - All options with value 'อื่นๆ' are selected in object 'Object Repository/Register_Page/select__2'  using regular expression

2561-04-01 12:59:26 - [TEST_STEP][PASSED] - setText: Text '3' is set on object 'Object Repository/Register_Page/input_ADDRESS_NO'

2561-04-01 12:59:26 - [MESSAGE][PASSED] - Text '3' is set on object 'Object Repository/Register_Page/input_ADDRESS_NO'

2561-04-01 12:59:26 - [TEST_STEP][PASSED] - setText: Text '10' is set on object 'Object Repository/Register_Page/input_ADDRESS_MOO'

2561-04-01 12:59:27 - [MESSAGE][PASSED] - Text '10' is set on object 'Object Repository/Register_Page/input_ADDRESS_MOO'

2561-04-01 12:59:27 - [TEST_STEP][PASSED] - setText: Text 'พหลโยธิน' is set on object 'Object Repository/Register_Page/input_ADDRESS_ROAD'

2561-04-01 12:59:27 - [MESSAGE][PASSED] - Text 'พหลโยธิน' is set on object 'Object Repository/Register_Page/input_ADDRESS_ROAD'

2561-04-01 12:59:27 - [TEST_STEP][PASSED] - delay: Delayed 2 second(s)

2561-04-01 12:59:29 - [MESSAGE][PASSED] - Delayed 2 second(s)

2561-04-01 12:59:29 - [TEST_STEP][PASSED] - selectOptionByValue: All options with value '45' are selected in object 'Object Repository/Register_Page/ADDRESS_PROVINCE' 

2561-04-01 12:59:29 - [MESSAGE][PASSED] - All options with value '45' are selected in object 'Object Repository/Register_Page/ADDRESS_PROVINCE' 

2561-04-01 12:59:29 - [TEST_STEP][PASSED] - delay: Delayed 2 second(s)

2561-04-01 12:59:31 - [MESSAGE][PASSED] - Delayed 2 second(s)

2561-04-01 12:59:31 - [TEST_STEP][PASSED] - selectOptionByValue: All options with value '665' are selected in object 'Object Repository/Register_Page/ADDRESS_DISTRICT' 

2561-04-01 12:59:31 - [MESSAGE][PASSED] - All options with value '665' are selected in object 'Object Repository/Register_Page/ADDRESS_DISTRICT' 

2561-04-01 12:59:31 - [TEST_STEP][PASSED] - delay: Delayed 2 second(s)

2561-04-01 12:59:33 - [MESSAGE][PASSED] - Delayed 2 second(s)

2561-04-01 12:59:33 - [TEST_STEP][PASSED] - selectOptionByValue: All options with value '14726' are selected in object 'Object Repository/Register_Page/ADDRESS_SUBDISTRICT' 

2561-04-01 12:59:33 - [MESSAGE][PASSED] - All options with value '14726' are selected in object 'Object Repository/Register_Page/ADDRESS_SUBDISTRICT' 

2561-04-01 12:59:33 - [TEST_STEP][PASSED] - setText: Text '57130' is set on object 'Object Repository/Register_Page/input_ADDRESS_POSTCODE'

2561-04-01 12:59:33 - [MESSAGE][PASSED] - Text '57130' is set on object 'Object Repository/Register_Page/input_ADDRESS_POSTCODE'

2561-04-01 12:59:33 - [TEST_STEP][PASSED] - selectOptionByValue: All options with value 'กำลังทำงาน' are selected in object 'Object Repository/Register_Page/select__3'  using regular expression

2561-04-01 12:59:33 - [MESSAGE][PASSED] - All options with value 'กำลังทำงาน' are selected in object 'Object Repository/Register_Page/select__3'  using regular expression

2561-04-01 12:59:33 - [TEST_STEP][PASSED] - setText: Text '3 หมู่ที่ 10 ต.โป่งผา อ.แม่สาย จ.เชียงราย' is set on object 'Object Repository/Register_Page/input_ADDRESS_ALL'

2561-04-01 12:59:34 - [MESSAGE][PASSED] - Text '3 หมู่ที่ 10 ต.โป่งผา อ.แม่สาย จ.เชียงราย' is set on object 'Object Repository/Register_Page/input_ADDRESS_ALL'

2561-04-01 12:59:34 - [TEST_STEP][PASSED] - setText: Text '053646789' is set on object 'Object Repository/Register_Page/input_PHONE'

2561-04-01 12:59:34 - [MESSAGE][PASSED] - Text '053646789' is set on object 'Object Repository/Register_Page/input_PHONE'

2561-04-01 12:59:34 - [TEST_STEP][PASSED] - setText: Text '0827975510' is set on object 'Object Repository/Register_Page/input_CELL_PHONE'

2561-04-01 12:59:34 - [MESSAGE][PASSED] - Text '0827975510' is set on object 'Object Repository/Register_Page/input_CELL_PHONE'

2561-04-01 12:59:34 - [TEST_STEP][PASSED] - setText: Text '025445687' is set on object 'Object Repository/Register_Page/input_FAX'

2561-04-01 12:59:34 - [MESSAGE][PASSED] - Text '025445687' is set on object 'Object Repository/Register_Page/input_FAX'

2561-04-01 12:59:34 - [TEST_STEP][PASSED] - click: Object: 'Object Repository/Register_Page/input_submit (1)' is clicked on

2561-04-01 12:59:35 - [MESSAGE][PASSED] - Object: 'Object Repository/Register_Page/input_submit (1)' is clicked on

2561-04-01 12:59:35 - [TEST_STEP][PASSED] - verifyTextPresent: Text 'กรุณาเลือกระดับการศึกษา' is present on page 

2561-04-01 12:59:35 - [MESSAGE][PASSED] - Text 'กรุณาเลือกระดับการศึกษา' is present on page 

2561-04-01 12:59:35 - [TEST_STEP][PASSED] - closeBrowser: Browser is closed

2561-04-01 12:59:36 - [MESSAGE][PASSED] - Browser is closed]]></system-out>
         <system-err><![CDATA[]]></system-err>
      </testcase>
      <testcase name="Test Cases/Register volunteer/Register21" classname="Test Cases/Register volunteer/Register21" status="PASSED">
         <system-out><![CDATA[2561-04-01 12:59:36 - [TEST_CASE][PASSED] - Test Cases/Register volunteer/Register21: Test Cases/Register volunteer/Register21

2561-04-01 12:59:36 - [TEST_STEP][PASSED] - openBrowser: Browser is opened with url: ''

2561-04-01 12:59:39 - [MESSAGE][PASSED] - Browser is opened with url: ''

2561-04-01 12:59:39 - [TEST_STEP][PASSED] - navigateToUrl: Navigate to 'http://vivblind.play2pay.me/' successfully

2561-04-01 12:59:43 - [MESSAGE][PASSED] - Navigate to 'http://vivblind.play2pay.me/' successfully

2561-04-01 12:59:43 - [TEST_STEP][PASSED] - click: Object: 'Object Repository/Register_Page/a_' is clicked on

2561-04-01 12:59:43 - [MESSAGE][PASSED] - Object: 'Object Repository/Register_Page/a_' is clicked on

2561-04-01 12:59:43 - [TEST_STEP][PASSED] - setText: Text 'suphisit1@gmail.com' is set on object 'Object Repository/Register_Page/input_EMAIL (1)'

2561-04-01 12:59:43 - [MESSAGE][PASSED] - Text 'suphisit1@gmail.com' is set on object 'Object Repository/Register_Page/input_EMAIL (1)'

2561-04-01 12:59:43 - [TEST_STEP][PASSED] - setText: Text '0857098359' is set on object 'Object Repository/Register_Page/input_PASSWORD'

2561-04-01 12:59:44 - [MESSAGE][PASSED] - Text '0857098359' is set on object 'Object Repository/Register_Page/input_PASSWORD'

2561-04-01 12:59:44 - [TEST_STEP][PASSED] - setText: Text '0857098359' is set on object 'Object Repository/Register_Page/input_password_confirmation'

2561-04-01 12:59:44 - [MESSAGE][PASSED] - Text '0857098359' is set on object 'Object Repository/Register_Page/input_password_confirmation'

2561-04-01 12:59:44 - [TEST_STEP][PASSED] - uploadFile: File 'C:\Users\Administrator\Desktop\Test.jpg' sent to object: 'Object Repository/Register_Page/Upload File'

2561-04-01 12:59:44 - [MESSAGE][PASSED] - File 'C:\Users\Administrator\Desktop\Test.jpg' sent to object: 'Object Repository/Register_Page/Upload File'

2561-04-01 12:59:44 - [TEST_STEP][PASSED] - setText: Text 'ศุภิสิทธิ์ ' is set on object 'Object Repository/Register_Page/input_FIRST_NAME_TH'

2561-04-01 12:59:44 - [MESSAGE][PASSED] - Text 'ศุภิสิทธิ์ ' is set on object 'Object Repository/Register_Page/input_FIRST_NAME_TH'

2561-04-01 12:59:44 - [TEST_STEP][PASSED] - setText: Text 'ไข่กา' is set on object 'Object Repository/Register_Page/input_LAST_NAME_TH'

2561-04-01 12:59:44 - [MESSAGE][PASSED] - Text 'ไข่กา' is set on object 'Object Repository/Register_Page/input_LAST_NAME_TH'

2561-04-01 12:59:44 - [TEST_STEP][PASSED] - setText: Text 'Suphisit' is set on object 'Object Repository/Register_Page/input_FIRST_NAME_EN'

2561-04-01 12:59:44 - [MESSAGE][PASSED] - Text 'Suphisit' is set on object 'Object Repository/Register_Page/input_FIRST_NAME_EN'

2561-04-01 12:59:44 - [TEST_STEP][PASSED] - setText: Text 'Khaika' is set on object 'Object Repository/Register_Page/input_LAST_NAME_EN'

2561-04-01 12:59:44 - [MESSAGE][PASSED] - Text 'Khaika' is set on object 'Object Repository/Register_Page/input_LAST_NAME_EN'

2561-04-01 12:59:44 - [TEST_STEP][PASSED] - setText: Text '13/10/1994' is set on object 'Object Repository/Register_Page/input_BIRTH_DATE'

2561-04-01 12:59:45 - [MESSAGE][PASSED] - Text '13/10/1994' is set on object 'Object Repository/Register_Page/input_BIRTH_DATE'

2561-04-01 12:59:45 - [TEST_STEP][PASSED] - selectOptionByValue: All options with value 'อื่นๆ' are selected in object 'Object Repository/Register_Page/select_'  using regular expression

2561-04-01 12:59:45 - [MESSAGE][PASSED] - All options with value 'อื่นๆ' are selected in object 'Object Repository/Register_Page/select_'  using regular expression

2561-04-01 12:59:45 - [TEST_STEP][PASSED] - selectOptionByValue: All options with value 'ต่ำกว่าปริญญาตรี' are selected in object 'Object Repository/Register_Page/select__1'  using regular expression

2561-04-01 12:59:45 - [MESSAGE][PASSED] - All options with value 'ต่ำกว่าปริญญาตรี' are selected in object 'Object Repository/Register_Page/select__1'  using regular expression

2561-04-01 12:59:45 - [TEST_STEP][PASSED] - selectOptionByValue: All options with value 'อื่นๆ' are selected in object 'Object Repository/Register_Page/select__2'  using regular expression

2561-04-01 12:59:45 - [MESSAGE][PASSED] - All options with value 'อื่นๆ' are selected in object 'Object Repository/Register_Page/select__2'  using regular expression

2561-04-01 12:59:45 - [TEST_STEP][PASSED] - setText: Text '3' is set on object 'Object Repository/Register_Page/input_ADDRESS_NO'

2561-04-01 12:59:45 - [MESSAGE][PASSED] - Text '3' is set on object 'Object Repository/Register_Page/input_ADDRESS_NO'

2561-04-01 12:59:45 - [TEST_STEP][PASSED] - setText: Text '10' is set on object 'Object Repository/Register_Page/input_ADDRESS_MOO'

2561-04-01 12:59:45 - [MESSAGE][PASSED] - Text '10' is set on object 'Object Repository/Register_Page/input_ADDRESS_MOO'

2561-04-01 12:59:45 - [TEST_STEP][PASSED] - setText: Text 'พหลโยธิน' is set on object 'Object Repository/Register_Page/input_ADDRESS_ROAD'

2561-04-01 12:59:46 - [MESSAGE][PASSED] - Text 'พหลโยธิน' is set on object 'Object Repository/Register_Page/input_ADDRESS_ROAD'

2561-04-01 12:59:46 - [TEST_STEP][PASSED] - delay: Delayed 2 second(s)

2561-04-01 12:59:48 - [MESSAGE][PASSED] - Delayed 2 second(s)

2561-04-01 12:59:48 - [TEST_STEP][PASSED] - selectOptionByValue: All options with value '45' are selected in object 'Object Repository/Register_Page/ADDRESS_PROVINCE' 

2561-04-01 12:59:48 - [MESSAGE][PASSED] - All options with value '45' are selected in object 'Object Repository/Register_Page/ADDRESS_PROVINCE' 

2561-04-01 12:59:48 - [TEST_STEP][PASSED] - delay: Delayed 2 second(s)

2561-04-01 12:59:50 - [MESSAGE][PASSED] - Delayed 2 second(s)

2561-04-01 12:59:50 - [TEST_STEP][PASSED] - selectOptionByValue: All options with value '665' are selected in object 'Object Repository/Register_Page/ADDRESS_DISTRICT' 

2561-04-01 12:59:50 - [MESSAGE][PASSED] - All options with value '665' are selected in object 'Object Repository/Register_Page/ADDRESS_DISTRICT' 

2561-04-01 12:59:50 - [TEST_STEP][PASSED] - delay: Delayed 2 second(s)

2561-04-01 12:59:52 - [MESSAGE][PASSED] - Delayed 2 second(s)

2561-04-01 12:59:52 - [TEST_STEP][PASSED] - selectOptionByValue: All options with value '14726' are selected in object 'Object Repository/Register_Page/ADDRESS_SUBDISTRICT' 

2561-04-01 12:59:52 - [MESSAGE][PASSED] - All options with value '14726' are selected in object 'Object Repository/Register_Page/ADDRESS_SUBDISTRICT' 

2561-04-01 12:59:52 - [TEST_STEP][PASSED] - setText: Text '57130' is set on object 'Object Repository/Register_Page/input_ADDRESS_POSTCODE'

2561-04-01 12:59:52 - [MESSAGE][PASSED] - Text '57130' is set on object 'Object Repository/Register_Page/input_ADDRESS_POSTCODE'

2561-04-01 12:59:52 - [TEST_STEP][PASSED] - selectOptionByValue: All options with value 'กำลังทำงาน' are selected in object 'Object Repository/Register_Page/select__3'  using regular expression

2561-04-01 12:59:52 - [MESSAGE][PASSED] - All options with value 'กำลังทำงาน' are selected in object 'Object Repository/Register_Page/select__3'  using regular expression

2561-04-01 12:59:52 - [TEST_STEP][PASSED] - setText: Text '3 หมู่ที่ 10 ต.โป่งผา อ.แม่สาย จ.เชียงราย' is set on object 'Object Repository/Register_Page/input_ADDRESS_ALL'

2561-04-01 12:59:53 - [MESSAGE][PASSED] - Text '3 หมู่ที่ 10 ต.โป่งผา อ.แม่สาย จ.เชียงราย' is set on object 'Object Repository/Register_Page/input_ADDRESS_ALL'

2561-04-01 12:59:53 - [TEST_STEP][PASSED] - setText: Text '053646789' is set on object 'Object Repository/Register_Page/input_PHONE'

2561-04-01 12:59:53 - [MESSAGE][PASSED] - Text '053646789' is set on object 'Object Repository/Register_Page/input_PHONE'

2561-04-01 12:59:53 - [TEST_STEP][PASSED] - setText: Text '0827975510' is set on object 'Object Repository/Register_Page/input_CELL_PHONE'

2561-04-01 12:59:53 - [MESSAGE][PASSED] - Text '0827975510' is set on object 'Object Repository/Register_Page/input_CELL_PHONE'

2561-04-01 12:59:53 - [TEST_STEP][PASSED] - setText: Text '025445687' is set on object 'Object Repository/Register_Page/input_FAX'

2561-04-01 12:59:53 - [MESSAGE][PASSED] - Text '025445687' is set on object 'Object Repository/Register_Page/input_FAX'

2561-04-01 12:59:53 - [TEST_STEP][PASSED] - click: Object: 'Object Repository/Register_Page/input_submit (1)' is clicked on

2561-04-01 12:59:54 - [MESSAGE][PASSED] - Object: 'Object Repository/Register_Page/input_submit (1)' is clicked on

2561-04-01 12:59:54 - [TEST_STEP][PASSED] - closeBrowser: Browser is closed

2561-04-01 12:59:55 - [MESSAGE][PASSED] - Browser is closed]]></system-out>
         <system-err><![CDATA[]]></system-err>
      </testcase>
      <testcase name="Test Cases/Register volunteer/Register22" classname="Test Cases/Register volunteer/Register22" status="PASSED">
         <system-out><![CDATA[2561-04-01 12:59:55 - [TEST_CASE][PASSED] - Test Cases/Register volunteer/Register22: Test Cases/Register volunteer/Register22

2561-04-01 12:59:55 - [TEST_STEP][PASSED] - openBrowser: Browser is opened with url: ''

2561-04-01 12:59:58 - [MESSAGE][PASSED] - Browser is opened with url: ''

2561-04-01 12:59:58 - [TEST_STEP][PASSED] - navigateToUrl: Navigate to 'http://vivblind.play2pay.me/' successfully

2561-04-01 13:00:01 - [MESSAGE][PASSED] - Navigate to 'http://vivblind.play2pay.me/' successfully

2561-04-01 13:00:01 - [TEST_STEP][PASSED] - click: Object: 'Object Repository/Register_Page/a_' is clicked on

2561-04-01 13:00:02 - [MESSAGE][PASSED] - Object: 'Object Repository/Register_Page/a_' is clicked on

2561-04-01 13:00:02 - [TEST_STEP][PASSED] - setText: Text 'suphisit1@gmail.com' is set on object 'Object Repository/Register_Page/input_EMAIL (1)'

2561-04-01 13:00:02 - [MESSAGE][PASSED] - Text 'suphisit1@gmail.com' is set on object 'Object Repository/Register_Page/input_EMAIL (1)'

2561-04-01 13:00:02 - [TEST_STEP][PASSED] - setText: Text '0857098359' is set on object 'Object Repository/Register_Page/input_PASSWORD'

2561-04-01 13:00:02 - [MESSAGE][PASSED] - Text '0857098359' is set on object 'Object Repository/Register_Page/input_PASSWORD'

2561-04-01 13:00:02 - [TEST_STEP][PASSED] - setText: Text '0857098359' is set on object 'Object Repository/Register_Page/input_password_confirmation'

2561-04-01 13:00:02 - [MESSAGE][PASSED] - Text '0857098359' is set on object 'Object Repository/Register_Page/input_password_confirmation'

2561-04-01 13:00:02 - [TEST_STEP][PASSED] - uploadFile: File 'C:\Users\Administrator\Desktop\Test.jpg' sent to object: 'Object Repository/Register_Page/Upload File'

2561-04-01 13:00:02 - [MESSAGE][PASSED] - File 'C:\Users\Administrator\Desktop\Test.jpg' sent to object: 'Object Repository/Register_Page/Upload File'

2561-04-01 13:00:02 - [TEST_STEP][PASSED] - setText: Text 'ศุภิสิทธิ์ ' is set on object 'Object Repository/Register_Page/input_FIRST_NAME_TH'

2561-04-01 13:00:03 - [MESSAGE][PASSED] - Text 'ศุภิสิทธิ์ ' is set on object 'Object Repository/Register_Page/input_FIRST_NAME_TH'

2561-04-01 13:00:03 - [TEST_STEP][PASSED] - setText: Text 'ไข่กา' is set on object 'Object Repository/Register_Page/input_LAST_NAME_TH'

2561-04-01 13:00:03 - [MESSAGE][PASSED] - Text 'ไข่กา' is set on object 'Object Repository/Register_Page/input_LAST_NAME_TH'

2561-04-01 13:00:03 - [TEST_STEP][PASSED] - setText: Text 'Suphisit' is set on object 'Object Repository/Register_Page/input_FIRST_NAME_EN'

2561-04-01 13:00:03 - [MESSAGE][PASSED] - Text 'Suphisit' is set on object 'Object Repository/Register_Page/input_FIRST_NAME_EN'

2561-04-01 13:00:03 - [TEST_STEP][PASSED] - setText: Text 'Khaika' is set on object 'Object Repository/Register_Page/input_LAST_NAME_EN'

2561-04-01 13:00:03 - [MESSAGE][PASSED] - Text 'Khaika' is set on object 'Object Repository/Register_Page/input_LAST_NAME_EN'

2561-04-01 13:00:03 - [TEST_STEP][PASSED] - setText: Text '13/10/1994' is set on object 'Object Repository/Register_Page/input_BIRTH_DATE'

2561-04-01 13:00:03 - [MESSAGE][PASSED] - Text '13/10/1994' is set on object 'Object Repository/Register_Page/input_BIRTH_DATE'

2561-04-01 13:00:03 - [TEST_STEP][PASSED] - selectOptionByValue: All options with value 'อื่นๆ' are selected in object 'Object Repository/Register_Page/select_'  using regular expression

2561-04-01 13:00:03 - [MESSAGE][PASSED] - All options with value 'อื่นๆ' are selected in object 'Object Repository/Register_Page/select_'  using regular expression

2561-04-01 13:00:03 - [TEST_STEP][PASSED] - selectOptionByValue: All options with value 'ปริญญาตรี' are selected in object 'Object Repository/Register_Page/select__1'  using regular expression

2561-04-01 13:00:04 - [MESSAGE][PASSED] - All options with value 'ปริญญาตรี' are selected in object 'Object Repository/Register_Page/select__1'  using regular expression

2561-04-01 13:00:04 - [TEST_STEP][PASSED] - selectOptionByValue: All options with value 'อื่นๆ' are selected in object 'Object Repository/Register_Page/select__2'  using regular expression

2561-04-01 13:00:04 - [MESSAGE][PASSED] - All options with value 'อื่นๆ' are selected in object 'Object Repository/Register_Page/select__2'  using regular expression

2561-04-01 13:00:04 - [TEST_STEP][PASSED] - setText: Text '3' is set on object 'Object Repository/Register_Page/input_ADDRESS_NO'

2561-04-01 13:00:04 - [MESSAGE][PASSED] - Text '3' is set on object 'Object Repository/Register_Page/input_ADDRESS_NO'

2561-04-01 13:00:04 - [TEST_STEP][PASSED] - setText: Text '10' is set on object 'Object Repository/Register_Page/input_ADDRESS_MOO'

2561-04-01 13:00:04 - [MESSAGE][PASSED] - Text '10' is set on object 'Object Repository/Register_Page/input_ADDRESS_MOO'

2561-04-01 13:00:04 - [TEST_STEP][PASSED] - setText: Text 'พหลโยธิน' is set on object 'Object Repository/Register_Page/input_ADDRESS_ROAD'

2561-04-01 13:00:04 - [MESSAGE][PASSED] - Text 'พหลโยธิน' is set on object 'Object Repository/Register_Page/input_ADDRESS_ROAD'

2561-04-01 13:00:04 - [TEST_STEP][PASSED] - delay: Delayed 2 second(s)

2561-04-01 13:00:06 - [MESSAGE][PASSED] - Delayed 2 second(s)

2561-04-01 13:00:06 - [TEST_STEP][PASSED] - selectOptionByValue: All options with value '45' are selected in object 'Object Repository/Register_Page/ADDRESS_PROVINCE' 

2561-04-01 13:00:06 - [MESSAGE][PASSED] - All options with value '45' are selected in object 'Object Repository/Register_Page/ADDRESS_PROVINCE' 

2561-04-01 13:00:06 - [TEST_STEP][PASSED] - delay: Delayed 2 second(s)

2561-04-01 13:00:08 - [MESSAGE][PASSED] - Delayed 2 second(s)

2561-04-01 13:00:08 - [TEST_STEP][PASSED] - selectOptionByValue: All options with value '665' are selected in object 'Object Repository/Register_Page/ADDRESS_DISTRICT' 

2561-04-01 13:00:08 - [MESSAGE][PASSED] - All options with value '665' are selected in object 'Object Repository/Register_Page/ADDRESS_DISTRICT' 

2561-04-01 13:00:08 - [TEST_STEP][PASSED] - delay: Delayed 2 second(s)

2561-04-01 13:00:10 - [MESSAGE][PASSED] - Delayed 2 second(s)

2561-04-01 13:00:10 - [TEST_STEP][PASSED] - selectOptionByValue: All options with value '14726' are selected in object 'Object Repository/Register_Page/ADDRESS_SUBDISTRICT' 

2561-04-01 13:00:11 - [MESSAGE][PASSED] - All options with value '14726' are selected in object 'Object Repository/Register_Page/ADDRESS_SUBDISTRICT' 

2561-04-01 13:00:11 - [TEST_STEP][PASSED] - setText: Text '57130' is set on object 'Object Repository/Register_Page/input_ADDRESS_POSTCODE'

2561-04-01 13:00:11 - [MESSAGE][PASSED] - Text '57130' is set on object 'Object Repository/Register_Page/input_ADDRESS_POSTCODE'

2561-04-01 13:00:11 - [TEST_STEP][PASSED] - selectOptionByValue: All options with value 'กำลังทำงาน' are selected in object 'Object Repository/Register_Page/select__3'  using regular expression

2561-04-01 13:00:11 - [MESSAGE][PASSED] - All options with value 'กำลังทำงาน' are selected in object 'Object Repository/Register_Page/select__3'  using regular expression

2561-04-01 13:00:11 - [TEST_STEP][PASSED] - setText: Text '3 หมู่ที่ 10 ต.โป่งผา อ.แม่สาย จ.เชียงราย' is set on object 'Object Repository/Register_Page/input_ADDRESS_ALL'

2561-04-01 13:00:11 - [MESSAGE][PASSED] - Text '3 หมู่ที่ 10 ต.โป่งผา อ.แม่สาย จ.เชียงราย' is set on object 'Object Repository/Register_Page/input_ADDRESS_ALL'

2561-04-01 13:00:11 - [TEST_STEP][PASSED] - setText: Text '053646789' is set on object 'Object Repository/Register_Page/input_PHONE'

2561-04-01 13:00:11 - [MESSAGE][PASSED] - Text '053646789' is set on object 'Object Repository/Register_Page/input_PHONE'

2561-04-01 13:00:11 - [TEST_STEP][PASSED] - setText: Text '0827975510' is set on object 'Object Repository/Register_Page/input_CELL_PHONE'

2561-04-01 13:00:12 - [MESSAGE][PASSED] - Text '0827975510' is set on object 'Object Repository/Register_Page/input_CELL_PHONE'

2561-04-01 13:00:12 - [TEST_STEP][PASSED] - setText: Text '025445687' is set on object 'Object Repository/Register_Page/input_FAX'

2561-04-01 13:00:12 - [MESSAGE][PASSED] - Text '025445687' is set on object 'Object Repository/Register_Page/input_FAX'

2561-04-01 13:00:12 - [TEST_STEP][PASSED] - click: Object: 'Object Repository/Register_Page/input_submit (1)' is clicked on

2561-04-01 13:00:12 - [MESSAGE][PASSED] - Object: 'Object Repository/Register_Page/input_submit (1)' is clicked on

2561-04-01 13:00:12 - [TEST_STEP][PASSED] - closeBrowser: Browser is closed

2561-04-01 13:00:13 - [MESSAGE][PASSED] - Browser is closed]]></system-out>
         <system-err><![CDATA[]]></system-err>
      </testcase>
      <testcase name="Test Cases/Register volunteer/Register23" classname="Test Cases/Register volunteer/Register23" status="PASSED">
         <system-out><![CDATA[2561-04-01 13:00:13 - [TEST_CASE][PASSED] - Test Cases/Register volunteer/Register23: Test Cases/Register volunteer/Register23

2561-04-01 13:00:13 - [TEST_STEP][PASSED] - openBrowser: Browser is opened with url: ''

2561-04-01 13:00:16 - [MESSAGE][PASSED] - Browser is opened with url: ''

2561-04-01 13:00:16 - [TEST_STEP][PASSED] - navigateToUrl: Navigate to 'http://vivblind.play2pay.me/' successfully

2561-04-01 13:00:19 - [MESSAGE][PASSED] - Navigate to 'http://vivblind.play2pay.me/' successfully

2561-04-01 13:00:19 - [TEST_STEP][PASSED] - click: Object: 'Object Repository/Register_Page/a_' is clicked on

2561-04-01 13:00:20 - [MESSAGE][PASSED] - Object: 'Object Repository/Register_Page/a_' is clicked on

2561-04-01 13:00:20 - [TEST_STEP][PASSED] - setText: Text 'suphisit1@gmail.com' is set on object 'Object Repository/Register_Page/input_EMAIL (1)'

2561-04-01 13:00:20 - [MESSAGE][PASSED] - Text 'suphisit1@gmail.com' is set on object 'Object Repository/Register_Page/input_EMAIL (1)'

2561-04-01 13:00:20 - [TEST_STEP][PASSED] - setText: Text '0857098359' is set on object 'Object Repository/Register_Page/input_PASSWORD'

2561-04-01 13:00:20 - [MESSAGE][PASSED] - Text '0857098359' is set on object 'Object Repository/Register_Page/input_PASSWORD'

2561-04-01 13:00:20 - [TEST_STEP][PASSED] - setText: Text '0857098359' is set on object 'Object Repository/Register_Page/input_password_confirmation'

2561-04-01 13:00:20 - [MESSAGE][PASSED] - Text '0857098359' is set on object 'Object Repository/Register_Page/input_password_confirmation'

2561-04-01 13:00:20 - [TEST_STEP][PASSED] - uploadFile: File 'C:\Users\Administrator\Desktop\Test.jpg' sent to object: 'Object Repository/Register_Page/Upload File'

2561-04-01 13:00:20 - [MESSAGE][PASSED] - File 'C:\Users\Administrator\Desktop\Test.jpg' sent to object: 'Object Repository/Register_Page/Upload File'

2561-04-01 13:00:20 - [TEST_STEP][PASSED] - setText: Text 'ศุภิสิทธิ์ ' is set on object 'Object Repository/Register_Page/input_FIRST_NAME_TH'

2561-04-01 13:00:21 - [MESSAGE][PASSED] - Text 'ศุภิสิทธิ์ ' is set on object 'Object Repository/Register_Page/input_FIRST_NAME_TH'

2561-04-01 13:00:21 - [TEST_STEP][PASSED] - setText: Text 'ไข่กา' is set on object 'Object Repository/Register_Page/input_LAST_NAME_TH'

2561-04-01 13:00:21 - [MESSAGE][PASSED] - Text 'ไข่กา' is set on object 'Object Repository/Register_Page/input_LAST_NAME_TH'

2561-04-01 13:00:21 - [TEST_STEP][PASSED] - setText: Text 'Suphisit' is set on object 'Object Repository/Register_Page/input_FIRST_NAME_EN'

2561-04-01 13:00:21 - [MESSAGE][PASSED] - Text 'Suphisit' is set on object 'Object Repository/Register_Page/input_FIRST_NAME_EN'

2561-04-01 13:00:21 - [TEST_STEP][PASSED] - setText: Text 'Khaika' is set on object 'Object Repository/Register_Page/input_LAST_NAME_EN'

2561-04-01 13:00:21 - [MESSAGE][PASSED] - Text 'Khaika' is set on object 'Object Repository/Register_Page/input_LAST_NAME_EN'

2561-04-01 13:00:21 - [TEST_STEP][PASSED] - setText: Text '13/10/1994' is set on object 'Object Repository/Register_Page/input_BIRTH_DATE'

2561-04-01 13:00:21 - [MESSAGE][PASSED] - Text '13/10/1994' is set on object 'Object Repository/Register_Page/input_BIRTH_DATE'

2561-04-01 13:00:21 - [TEST_STEP][PASSED] - selectOptionByValue: All options with value 'อื่นๆ' are selected in object 'Object Repository/Register_Page/select_'  using regular expression

2561-04-01 13:00:21 - [MESSAGE][PASSED] - All options with value 'อื่นๆ' are selected in object 'Object Repository/Register_Page/select_'  using regular expression

2561-04-01 13:00:21 - [TEST_STEP][PASSED] - selectOptionByValue: All options with value 'สูงกว่าปริญญาตรี' are selected in object 'Object Repository/Register_Page/select__1'  using regular expression

2561-04-01 13:00:22 - [MESSAGE][PASSED] - All options with value 'สูงกว่าปริญญาตรี' are selected in object 'Object Repository/Register_Page/select__1'  using regular expression

2561-04-01 13:00:22 - [TEST_STEP][PASSED] - selectOptionByValue: All options with value 'อื่นๆ' are selected in object 'Object Repository/Register_Page/select__2'  using regular expression

2561-04-01 13:00:22 - [MESSAGE][PASSED] - All options with value 'อื่นๆ' are selected in object 'Object Repository/Register_Page/select__2'  using regular expression

2561-04-01 13:00:22 - [TEST_STEP][PASSED] - setText: Text '3' is set on object 'Object Repository/Register_Page/input_ADDRESS_NO'

2561-04-01 13:00:22 - [MESSAGE][PASSED] - Text '3' is set on object 'Object Repository/Register_Page/input_ADDRESS_NO'

2561-04-01 13:00:22 - [TEST_STEP][PASSED] - setText: Text '10' is set on object 'Object Repository/Register_Page/input_ADDRESS_MOO'

2561-04-01 13:00:22 - [MESSAGE][PASSED] - Text '10' is set on object 'Object Repository/Register_Page/input_ADDRESS_MOO'

2561-04-01 13:00:22 - [TEST_STEP][PASSED] - setText: Text 'พหลโยธิน' is set on object 'Object Repository/Register_Page/input_ADDRESS_ROAD'

2561-04-01 13:00:22 - [MESSAGE][PASSED] - Text 'พหลโยธิน' is set on object 'Object Repository/Register_Page/input_ADDRESS_ROAD'

2561-04-01 13:00:22 - [TEST_STEP][PASSED] - delay: Delayed 2 second(s)

2561-04-01 13:00:24 - [MESSAGE][PASSED] - Delayed 2 second(s)

2561-04-01 13:00:24 - [TEST_STEP][PASSED] - selectOptionByValue: All options with value '45' are selected in object 'Object Repository/Register_Page/ADDRESS_PROVINCE' 

2561-04-01 13:00:24 - [MESSAGE][PASSED] - All options with value '45' are selected in object 'Object Repository/Register_Page/ADDRESS_PROVINCE' 

2561-04-01 13:00:24 - [TEST_STEP][PASSED] - delay: Delayed 2 second(s)

2561-04-01 13:00:26 - [MESSAGE][PASSED] - Delayed 2 second(s)

2561-04-01 13:00:26 - [TEST_STEP][PASSED] - selectOptionByValue: All options with value '665' are selected in object 'Object Repository/Register_Page/ADDRESS_DISTRICT' 

2561-04-01 13:00:27 - [MESSAGE][PASSED] - All options with value '665' are selected in object 'Object Repository/Register_Page/ADDRESS_DISTRICT' 

2561-04-01 13:00:27 - [TEST_STEP][PASSED] - delay: Delayed 2 second(s)

2561-04-01 13:00:29 - [MESSAGE][PASSED] - Delayed 2 second(s)

2561-04-01 13:00:29 - [TEST_STEP][PASSED] - selectOptionByValue: All options with value '14726' are selected in object 'Object Repository/Register_Page/ADDRESS_SUBDISTRICT' 

2561-04-01 13:00:29 - [MESSAGE][PASSED] - All options with value '14726' are selected in object 'Object Repository/Register_Page/ADDRESS_SUBDISTRICT' 

2561-04-01 13:00:29 - [TEST_STEP][PASSED] - setText: Text '57130' is set on object 'Object Repository/Register_Page/input_ADDRESS_POSTCODE'

2561-04-01 13:00:29 - [MESSAGE][PASSED] - Text '57130' is set on object 'Object Repository/Register_Page/input_ADDRESS_POSTCODE'

2561-04-01 13:00:29 - [TEST_STEP][PASSED] - selectOptionByValue: All options with value 'กำลังทำงาน' are selected in object 'Object Repository/Register_Page/select__3'  using regular expression

2561-04-01 13:00:29 - [MESSAGE][PASSED] - All options with value 'กำลังทำงาน' are selected in object 'Object Repository/Register_Page/select__3'  using regular expression

2561-04-01 13:00:29 - [TEST_STEP][PASSED] - setText: Text '3 หมู่ที่ 10 ต.โป่งผา อ.แม่สาย จ.เชียงราย' is set on object 'Object Repository/Register_Page/input_ADDRESS_ALL'

2561-04-01 13:00:29 - [MESSAGE][PASSED] - Text '3 หมู่ที่ 10 ต.โป่งผา อ.แม่สาย จ.เชียงราย' is set on object 'Object Repository/Register_Page/input_ADDRESS_ALL'

2561-04-01 13:00:29 - [TEST_STEP][PASSED] - setText: Text '053646789' is set on object 'Object Repository/Register_Page/input_PHONE'

2561-04-01 13:00:30 - [MESSAGE][PASSED] - Text '053646789' is set on object 'Object Repository/Register_Page/input_PHONE'

2561-04-01 13:00:30 - [TEST_STEP][PASSED] - setText: Text '0827975510' is set on object 'Object Repository/Register_Page/input_CELL_PHONE'

2561-04-01 13:00:30 - [MESSAGE][PASSED] - Text '0827975510' is set on object 'Object Repository/Register_Page/input_CELL_PHONE'

2561-04-01 13:00:30 - [TEST_STEP][PASSED] - setText: Text '025445687' is set on object 'Object Repository/Register_Page/input_FAX'

2561-04-01 13:00:30 - [MESSAGE][PASSED] - Text '025445687' is set on object 'Object Repository/Register_Page/input_FAX'

2561-04-01 13:00:30 - [TEST_STEP][PASSED] - click: Object: 'Object Repository/Register_Page/input_submit (1)' is clicked on

2561-04-01 13:00:31 - [MESSAGE][PASSED] - Object: 'Object Repository/Register_Page/input_submit (1)' is clicked on

2561-04-01 13:00:31 - [TEST_STEP][PASSED] - closeBrowser: Browser is closed

2561-04-01 13:00:31 - [MESSAGE][PASSED] - Browser is closed]]></system-out>
         <system-err><![CDATA[]]></system-err>
      </testcase>
      <testcase name="Test Cases/Register volunteer/Register24" classname="Test Cases/Register volunteer/Register24" status="PASSED">
         <system-out><![CDATA[2561-04-01 13:00:31 - [TEST_CASE][PASSED] - Test Cases/Register volunteer/Register24: Test Cases/Register volunteer/Register24

2561-04-01 13:00:32 - [TEST_STEP][PASSED] - openBrowser: Browser is opened with url: ''

2561-04-01 13:00:34 - [MESSAGE][PASSED] - Browser is opened with url: ''

2561-04-01 13:00:34 - [TEST_STEP][PASSED] - navigateToUrl: Navigate to 'http://vivblind.play2pay.me/' successfully

2561-04-01 13:00:38 - [MESSAGE][PASSED] - Navigate to 'http://vivblind.play2pay.me/' successfully

2561-04-01 13:00:38 - [TEST_STEP][PASSED] - click: Object: 'Object Repository/Register_Page/a_' is clicked on

2561-04-01 13:00:38 - [MESSAGE][PASSED] - Object: 'Object Repository/Register_Page/a_' is clicked on

2561-04-01 13:00:38 - [TEST_STEP][PASSED] - setText: Text 'suphisit1@gmail.com' is set on object 'Object Repository/Register_Page/input_EMAIL (1)'

2561-04-01 13:00:39 - [MESSAGE][PASSED] - Text 'suphisit1@gmail.com' is set on object 'Object Repository/Register_Page/input_EMAIL (1)'

2561-04-01 13:00:39 - [TEST_STEP][PASSED] - setText: Text '0857098359' is set on object 'Object Repository/Register_Page/input_PASSWORD'

2561-04-01 13:00:39 - [MESSAGE][PASSED] - Text '0857098359' is set on object 'Object Repository/Register_Page/input_PASSWORD'

2561-04-01 13:00:39 - [TEST_STEP][PASSED] - setText: Text '0857098359' is set on object 'Object Repository/Register_Page/input_password_confirmation'

2561-04-01 13:00:39 - [MESSAGE][PASSED] - Text '0857098359' is set on object 'Object Repository/Register_Page/input_password_confirmation'

2561-04-01 13:00:39 - [TEST_STEP][PASSED] - uploadFile: File 'C:\Users\Administrator\Desktop\Test.jpg' sent to object: 'Object Repository/Register_Page/Upload File'

2561-04-01 13:00:39 - [MESSAGE][PASSED] - File 'C:\Users\Administrator\Desktop\Test.jpg' sent to object: 'Object Repository/Register_Page/Upload File'

2561-04-01 13:00:39 - [TEST_STEP][PASSED] - setText: Text 'ศุภิสิทธิ์ ' is set on object 'Object Repository/Register_Page/input_FIRST_NAME_TH'

2561-04-01 13:00:39 - [MESSAGE][PASSED] - Text 'ศุภิสิทธิ์ ' is set on object 'Object Repository/Register_Page/input_FIRST_NAME_TH'

2561-04-01 13:00:39 - [TEST_STEP][PASSED] - setText: Text 'ไข่กา' is set on object 'Object Repository/Register_Page/input_LAST_NAME_TH'

2561-04-01 13:00:39 - [MESSAGE][PASSED] - Text 'ไข่กา' is set on object 'Object Repository/Register_Page/input_LAST_NAME_TH'

2561-04-01 13:00:39 - [TEST_STEP][PASSED] - setText: Text 'Suphisit' is set on object 'Object Repository/Register_Page/input_FIRST_NAME_EN'

2561-04-01 13:00:39 - [MESSAGE][PASSED] - Text 'Suphisit' is set on object 'Object Repository/Register_Page/input_FIRST_NAME_EN'

2561-04-01 13:00:39 - [TEST_STEP][PASSED] - setText: Text 'Khaika' is set on object 'Object Repository/Register_Page/input_LAST_NAME_EN'

2561-04-01 13:00:40 - [MESSAGE][PASSED] - Text 'Khaika' is set on object 'Object Repository/Register_Page/input_LAST_NAME_EN'

2561-04-01 13:00:40 - [TEST_STEP][PASSED] - setText: Text '13/10/1994' is set on object 'Object Repository/Register_Page/input_BIRTH_DATE'

2561-04-01 13:00:40 - [MESSAGE][PASSED] - Text '13/10/1994' is set on object 'Object Repository/Register_Page/input_BIRTH_DATE'

2561-04-01 13:00:40 - [TEST_STEP][PASSED] - selectOptionByValue: All options with value 'อื่นๆ' are selected in object 'Object Repository/Register_Page/select_'  using regular expression

2561-04-01 13:00:40 - [MESSAGE][PASSED] - All options with value 'อื่นๆ' are selected in object 'Object Repository/Register_Page/select_'  using regular expression

2561-04-01 13:00:40 - [TEST_STEP][PASSED] - selectOptionByValue: All options with value 'สูงกว่าปริญญาตรี' are selected in object 'Object Repository/Register_Page/select__1'  using regular expression

2561-04-01 13:00:40 - [MESSAGE][PASSED] - All options with value 'สูงกว่าปริญญาตรี' are selected in object 'Object Repository/Register_Page/select__1'  using regular expression

2561-04-01 13:00:40 - [TEST_STEP][PASSED] - setText: Text '3' is set on object 'Object Repository/Register_Page/input_ADDRESS_NO'

2561-04-01 13:00:40 - [MESSAGE][PASSED] - Text '3' is set on object 'Object Repository/Register_Page/input_ADDRESS_NO'

2561-04-01 13:00:40 - [TEST_STEP][PASSED] - setText: Text '10' is set on object 'Object Repository/Register_Page/input_ADDRESS_MOO'

2561-04-01 13:00:40 - [MESSAGE][PASSED] - Text '10' is set on object 'Object Repository/Register_Page/input_ADDRESS_MOO'

2561-04-01 13:00:40 - [TEST_STEP][PASSED] - setText: Text 'พหลโยธิน' is set on object 'Object Repository/Register_Page/input_ADDRESS_ROAD'

2561-04-01 13:00:41 - [MESSAGE][PASSED] - Text 'พหลโยธิน' is set on object 'Object Repository/Register_Page/input_ADDRESS_ROAD'

2561-04-01 13:00:41 - [TEST_STEP][PASSED] - delay: Delayed 2 second(s)

2561-04-01 13:00:43 - [MESSAGE][PASSED] - Delayed 2 second(s)

2561-04-01 13:00:43 - [TEST_STEP][PASSED] - selectOptionByValue: All options with value '45' are selected in object 'Object Repository/Register_Page/ADDRESS_PROVINCE' 

2561-04-01 13:00:43 - [MESSAGE][PASSED] - All options with value '45' are selected in object 'Object Repository/Register_Page/ADDRESS_PROVINCE' 

2561-04-01 13:00:43 - [TEST_STEP][PASSED] - delay: Delayed 2 second(s)

2561-04-01 13:00:45 - [MESSAGE][PASSED] - Delayed 2 second(s)

2561-04-01 13:00:45 - [TEST_STEP][PASSED] - selectOptionByValue: All options with value '665' are selected in object 'Object Repository/Register_Page/ADDRESS_DISTRICT' 

2561-04-01 13:00:45 - [MESSAGE][PASSED] - All options with value '665' are selected in object 'Object Repository/Register_Page/ADDRESS_DISTRICT' 

2561-04-01 13:00:45 - [TEST_STEP][PASSED] - delay: Delayed 2 second(s)

2561-04-01 13:00:47 - [MESSAGE][PASSED] - Delayed 2 second(s)

2561-04-01 13:00:47 - [TEST_STEP][PASSED] - selectOptionByValue: All options with value '14726' are selected in object 'Object Repository/Register_Page/ADDRESS_SUBDISTRICT' 

2561-04-01 13:00:47 - [MESSAGE][PASSED] - All options with value '14726' are selected in object 'Object Repository/Register_Page/ADDRESS_SUBDISTRICT' 

2561-04-01 13:00:47 - [TEST_STEP][PASSED] - setText: Text '57130' is set on object 'Object Repository/Register_Page/input_ADDRESS_POSTCODE'

2561-04-01 13:00:47 - [MESSAGE][PASSED] - Text '57130' is set on object 'Object Repository/Register_Page/input_ADDRESS_POSTCODE'

2561-04-01 13:00:47 - [TEST_STEP][PASSED] - selectOptionByValue: All options with value 'กำลังทำงาน' are selected in object 'Object Repository/Register_Page/select__3'  using regular expression

2561-04-01 13:00:47 - [MESSAGE][PASSED] - All options with value 'กำลังทำงาน' are selected in object 'Object Repository/Register_Page/select__3'  using regular expression

2561-04-01 13:00:47 - [TEST_STEP][PASSED] - setText: Text '3 หมู่ที่ 10 ต.โป่งผา อ.แม่สาย จ.เชียงราย' is set on object 'Object Repository/Register_Page/input_ADDRESS_ALL'

2561-04-01 13:00:48 - [MESSAGE][PASSED] - Text '3 หมู่ที่ 10 ต.โป่งผา อ.แม่สาย จ.เชียงราย' is set on object 'Object Repository/Register_Page/input_ADDRESS_ALL'

2561-04-01 13:00:48 - [TEST_STEP][PASSED] - setText: Text '053646789' is set on object 'Object Repository/Register_Page/input_PHONE'

2561-04-01 13:00:48 - [MESSAGE][PASSED] - Text '053646789' is set on object 'Object Repository/Register_Page/input_PHONE'

2561-04-01 13:00:48 - [TEST_STEP][PASSED] - setText: Text '0827975510' is set on object 'Object Repository/Register_Page/input_CELL_PHONE'

2561-04-01 13:00:48 - [MESSAGE][PASSED] - Text '0827975510' is set on object 'Object Repository/Register_Page/input_CELL_PHONE'

2561-04-01 13:00:48 - [TEST_STEP][PASSED] - setText: Text '025445687' is set on object 'Object Repository/Register_Page/input_FAX'

2561-04-01 13:00:48 - [MESSAGE][PASSED] - Text '025445687' is set on object 'Object Repository/Register_Page/input_FAX'

2561-04-01 13:00:48 - [TEST_STEP][PASSED] - click: Object: 'Object Repository/Register_Page/input_submit (1)' is clicked on

2561-04-01 13:00:49 - [MESSAGE][PASSED] - Object: 'Object Repository/Register_Page/input_submit (1)' is clicked on

2561-04-01 13:00:49 - [TEST_STEP][PASSED] - verifyTextPresent: Text 'กรุณาเลือกอาชีพ' is present on page 

2561-04-01 13:00:49 - [MESSAGE][PASSED] - Text 'กรุณาเลือกอาชีพ' is present on page 

2561-04-01 13:00:49 - [TEST_STEP][PASSED] - closeBrowser: Browser is closed

2561-04-01 13:00:50 - [MESSAGE][PASSED] - Browser is closed]]></system-out>
         <system-err><![CDATA[]]></system-err>
      </testcase>
      <testcase name="Test Cases/Register volunteer/Register25" classname="Test Cases/Register volunteer/Register25" status="PASSED">
         <system-out><![CDATA[2561-04-01 13:00:50 - [TEST_CASE][PASSED] - Test Cases/Register volunteer/Register25: Test Cases/Register volunteer/Register25

2561-04-01 13:00:50 - [TEST_STEP][PASSED] - openBrowser: Browser is opened with url: ''

2561-04-01 13:00:54 - [MESSAGE][PASSED] - Browser is opened with url: ''

2561-04-01 13:00:54 - [TEST_STEP][PASSED] - navigateToUrl: Navigate to 'http://vivblind.play2pay.me/' successfully

2561-04-01 13:00:57 - [MESSAGE][PASSED] - Navigate to 'http://vivblind.play2pay.me/' successfully

2561-04-01 13:00:57 - [TEST_STEP][PASSED] - click: Object: 'Object Repository/Register_Page/a_' is clicked on

2561-04-01 13:00:58 - [MESSAGE][PASSED] - Object: 'Object Repository/Register_Page/a_' is clicked on

2561-04-01 13:00:58 - [TEST_STEP][PASSED] - setText: Text 'suphisit1@gmail.com' is set on object 'Object Repository/Register_Page/input_EMAIL (1)'

2561-04-01 13:00:58 - [MESSAGE][PASSED] - Text 'suphisit1@gmail.com' is set on object 'Object Repository/Register_Page/input_EMAIL (1)'

2561-04-01 13:00:58 - [TEST_STEP][PASSED] - setText: Text '0857098359' is set on object 'Object Repository/Register_Page/input_PASSWORD'

2561-04-01 13:00:58 - [MESSAGE][PASSED] - Text '0857098359' is set on object 'Object Repository/Register_Page/input_PASSWORD'

2561-04-01 13:00:58 - [TEST_STEP][PASSED] - setText: Text '0857098359' is set on object 'Object Repository/Register_Page/input_password_confirmation'

2561-04-01 13:00:58 - [MESSAGE][PASSED] - Text '0857098359' is set on object 'Object Repository/Register_Page/input_password_confirmation'

2561-04-01 13:00:58 - [TEST_STEP][PASSED] - uploadFile: File 'C:\Users\Administrator\Desktop\Test.jpg' sent to object: 'Object Repository/Register_Page/Upload File'

2561-04-01 13:00:58 - [MESSAGE][PASSED] - File 'C:\Users\Administrator\Desktop\Test.jpg' sent to object: 'Object Repository/Register_Page/Upload File'

2561-04-01 13:00:58 - [TEST_STEP][PASSED] - setText: Text 'ศุภิสิทธิ์ ' is set on object 'Object Repository/Register_Page/input_FIRST_NAME_TH'

2561-04-01 13:00:58 - [MESSAGE][PASSED] - Text 'ศุภิสิทธิ์ ' is set on object 'Object Repository/Register_Page/input_FIRST_NAME_TH'

2561-04-01 13:00:58 - [TEST_STEP][PASSED] - setText: Text 'ไข่กา' is set on object 'Object Repository/Register_Page/input_LAST_NAME_TH'

2561-04-01 13:00:58 - [MESSAGE][PASSED] - Text 'ไข่กา' is set on object 'Object Repository/Register_Page/input_LAST_NAME_TH'

2561-04-01 13:00:58 - [TEST_STEP][PASSED] - setText: Text 'Suphisit' is set on object 'Object Repository/Register_Page/input_FIRST_NAME_EN'

2561-04-01 13:00:59 - [MESSAGE][PASSED] - Text 'Suphisit' is set on object 'Object Repository/Register_Page/input_FIRST_NAME_EN'

2561-04-01 13:00:59 - [TEST_STEP][PASSED] - setText: Text 'Khaika' is set on object 'Object Repository/Register_Page/input_LAST_NAME_EN'

2561-04-01 13:00:59 - [MESSAGE][PASSED] - Text 'Khaika' is set on object 'Object Repository/Register_Page/input_LAST_NAME_EN'

2561-04-01 13:00:59 - [TEST_STEP][PASSED] - setText: Text '13/10/1994' is set on object 'Object Repository/Register_Page/input_BIRTH_DATE'

2561-04-01 13:00:59 - [MESSAGE][PASSED] - Text '13/10/1994' is set on object 'Object Repository/Register_Page/input_BIRTH_DATE'

2561-04-01 13:00:59 - [TEST_STEP][PASSED] - selectOptionByValue: All options with value 'อื่นๆ' are selected in object 'Object Repository/Register_Page/select_'  using regular expression

2561-04-01 13:00:59 - [MESSAGE][PASSED] - All options with value 'อื่นๆ' are selected in object 'Object Repository/Register_Page/select_'  using regular expression

2561-04-01 13:00:59 - [TEST_STEP][PASSED] - selectOptionByValue: All options with value 'สูงกว่าปริญญาตรี' are selected in object 'Object Repository/Register_Page/select__1'  using regular expression

2561-04-01 13:00:59 - [MESSAGE][PASSED] - All options with value 'สูงกว่าปริญญาตรี' are selected in object 'Object Repository/Register_Page/select__1'  using regular expression

2561-04-01 13:00:59 - [TEST_STEP][PASSED] - selectOptionByValue: All options with value 'เกษตรกร' are selected in object 'Object Repository/Register_Page/select__2'  using regular expression

2561-04-01 13:01:00 - [MESSAGE][PASSED] - All options with value 'เกษตรกร' are selected in object 'Object Repository/Register_Page/select__2'  using regular expression

2561-04-01 13:01:00 - [TEST_STEP][PASSED] - setText: Text '3' is set on object 'Object Repository/Register_Page/input_ADDRESS_NO'

2561-04-01 13:01:00 - [MESSAGE][PASSED] - Text '3' is set on object 'Object Repository/Register_Page/input_ADDRESS_NO'

2561-04-01 13:01:00 - [TEST_STEP][PASSED] - setText: Text '10' is set on object 'Object Repository/Register_Page/input_ADDRESS_MOO'

2561-04-01 13:01:00 - [MESSAGE][PASSED] - Text '10' is set on object 'Object Repository/Register_Page/input_ADDRESS_MOO'

2561-04-01 13:01:00 - [TEST_STEP][PASSED] - setText: Text 'พหลโยธิน' is set on object 'Object Repository/Register_Page/input_ADDRESS_ROAD'

2561-04-01 13:01:00 - [MESSAGE][PASSED] - Text 'พหลโยธิน' is set on object 'Object Repository/Register_Page/input_ADDRESS_ROAD'

2561-04-01 13:01:00 - [TEST_STEP][PASSED] - delay: Delayed 2 second(s)

2561-04-01 13:01:02 - [MESSAGE][PASSED] - Delayed 2 second(s)

2561-04-01 13:01:02 - [TEST_STEP][PASSED] - selectOptionByValue: All options with value '45' are selected in object 'Object Repository/Register_Page/ADDRESS_PROVINCE' 

2561-04-01 13:01:02 - [MESSAGE][PASSED] - All options with value '45' are selected in object 'Object Repository/Register_Page/ADDRESS_PROVINCE' 

2561-04-01 13:01:02 - [TEST_STEP][PASSED] - delay: Delayed 2 second(s)

2561-04-01 13:01:04 - [MESSAGE][PASSED] - Delayed 2 second(s)

2561-04-01 13:01:04 - [TEST_STEP][PASSED] - selectOptionByValue: All options with value '665' are selected in object 'Object Repository/Register_Page/ADDRESS_DISTRICT' 

2561-04-01 13:01:04 - [MESSAGE][PASSED] - All options with value '665' are selected in object 'Object Repository/Register_Page/ADDRESS_DISTRICT' 

2561-04-01 13:01:04 - [TEST_STEP][PASSED] - delay: Delayed 2 second(s)

2561-04-01 13:01:06 - [MESSAGE][PASSED] - Delayed 2 second(s)

2561-04-01 13:01:06 - [TEST_STEP][PASSED] - selectOptionByValue: All options with value '14726' are selected in object 'Object Repository/Register_Page/ADDRESS_SUBDISTRICT' 

2561-04-01 13:01:06 - [MESSAGE][PASSED] - All options with value '14726' are selected in object 'Object Repository/Register_Page/ADDRESS_SUBDISTRICT' 

2561-04-01 13:01:06 - [TEST_STEP][PASSED] - setText: Text '57130' is set on object 'Object Repository/Register_Page/input_ADDRESS_POSTCODE'

2561-04-01 13:01:07 - [MESSAGE][PASSED] - Text '57130' is set on object 'Object Repository/Register_Page/input_ADDRESS_POSTCODE'

2561-04-01 13:01:07 - [TEST_STEP][PASSED] - selectOptionByValue: All options with value 'กำลังทำงาน' are selected in object 'Object Repository/Register_Page/select__3'  using regular expression

2561-04-01 13:01:07 - [MESSAGE][PASSED] - All options with value 'กำลังทำงาน' are selected in object 'Object Repository/Register_Page/select__3'  using regular expression

2561-04-01 13:01:07 - [TEST_STEP][PASSED] - setText: Text '3 หมู่ที่ 10 ต.โป่งผา อ.แม่สาย จ.เชียงราย' is set on object 'Object Repository/Register_Page/input_ADDRESS_ALL'

2561-04-01 13:01:07 - [MESSAGE][PASSED] - Text '3 หมู่ที่ 10 ต.โป่งผา อ.แม่สาย จ.เชียงราย' is set on object 'Object Repository/Register_Page/input_ADDRESS_ALL'

2561-04-01 13:01:07 - [TEST_STEP][PASSED] - setText: Text '053646789' is set on object 'Object Repository/Register_Page/input_PHONE'

2561-04-01 13:01:07 - [MESSAGE][PASSED] - Text '053646789' is set on object 'Object Repository/Register_Page/input_PHONE'

2561-04-01 13:01:07 - [TEST_STEP][PASSED] - setText: Text '0827975510' is set on object 'Object Repository/Register_Page/input_CELL_PHONE'

2561-04-01 13:01:07 - [MESSAGE][PASSED] - Text '0827975510' is set on object 'Object Repository/Register_Page/input_CELL_PHONE'

2561-04-01 13:01:07 - [TEST_STEP][PASSED] - setText: Text '025445687' is set on object 'Object Repository/Register_Page/input_FAX'

2561-04-01 13:01:08 - [MESSAGE][PASSED] - Text '025445687' is set on object 'Object Repository/Register_Page/input_FAX'

2561-04-01 13:01:08 - [TEST_STEP][PASSED] - click: Object: 'Object Repository/Register_Page/input_submit (1)' is clicked on

2561-04-01 13:01:08 - [MESSAGE][PASSED] - Object: 'Object Repository/Register_Page/input_submit (1)' is clicked on

2561-04-01 13:01:08 - [TEST_STEP][PASSED] - closeBrowser: Browser is closed

2561-04-01 13:01:09 - [MESSAGE][PASSED] - Browser is closed]]></system-out>
         <system-err><![CDATA[]]></system-err>
      </testcase>
      <testcase name="Test Cases/Register volunteer/Register26" classname="Test Cases/Register volunteer/Register26" status="PASSED">
         <system-out><![CDATA[2561-04-01 13:01:09 - [TEST_CASE][PASSED] - Test Cases/Register volunteer/Register26: Test Cases/Register volunteer/Register26

2561-04-01 13:01:09 - [TEST_STEP][PASSED] - openBrowser: Browser is opened with url: ''

2561-04-01 13:01:12 - [MESSAGE][PASSED] - Browser is opened with url: ''

2561-04-01 13:01:12 - [TEST_STEP][PASSED] - navigateToUrl: Navigate to 'http://vivblind.play2pay.me/' successfully

2561-04-01 13:01:15 - [MESSAGE][PASSED] - Navigate to 'http://vivblind.play2pay.me/' successfully

2561-04-01 13:01:15 - [TEST_STEP][PASSED] - click: Object: 'Object Repository/Register_Page/a_' is clicked on

2561-04-01 13:01:16 - [MESSAGE][PASSED] - Object: 'Object Repository/Register_Page/a_' is clicked on

2561-04-01 13:01:16 - [TEST_STEP][PASSED] - setText: Text 'suphisit1@gmail.com' is set on object 'Object Repository/Register_Page/input_EMAIL (1)'

2561-04-01 13:01:16 - [MESSAGE][PASSED] - Text 'suphisit1@gmail.com' is set on object 'Object Repository/Register_Page/input_EMAIL (1)'

2561-04-01 13:01:16 - [TEST_STEP][PASSED] - setText: Text '0857098359' is set on object 'Object Repository/Register_Page/input_PASSWORD'

2561-04-01 13:01:16 - [MESSAGE][PASSED] - Text '0857098359' is set on object 'Object Repository/Register_Page/input_PASSWORD'

2561-04-01 13:01:16 - [TEST_STEP][PASSED] - setText: Text '0857098359' is set on object 'Object Repository/Register_Page/input_password_confirmation'

2561-04-01 13:01:16 - [MESSAGE][PASSED] - Text '0857098359' is set on object 'Object Repository/Register_Page/input_password_confirmation'

2561-04-01 13:01:16 - [TEST_STEP][PASSED] - uploadFile: File 'C:\Users\Administrator\Desktop\Test.jpg' sent to object: 'Object Repository/Register_Page/Upload File'

2561-04-01 13:01:16 - [MESSAGE][PASSED] - File 'C:\Users\Administrator\Desktop\Test.jpg' sent to object: 'Object Repository/Register_Page/Upload File'

2561-04-01 13:01:16 - [TEST_STEP][PASSED] - setText: Text 'ศุภิสิทธิ์ ' is set on object 'Object Repository/Register_Page/input_FIRST_NAME_TH'

2561-04-01 13:01:16 - [MESSAGE][PASSED] - Text 'ศุภิสิทธิ์ ' is set on object 'Object Repository/Register_Page/input_FIRST_NAME_TH'

2561-04-01 13:01:16 - [TEST_STEP][PASSED] - setText: Text 'ไข่กา' is set on object 'Object Repository/Register_Page/input_LAST_NAME_TH'

2561-04-01 13:01:17 - [MESSAGE][PASSED] - Text 'ไข่กา' is set on object 'Object Repository/Register_Page/input_LAST_NAME_TH'

2561-04-01 13:01:17 - [TEST_STEP][PASSED] - setText: Text 'Suphisit' is set on object 'Object Repository/Register_Page/input_FIRST_NAME_EN'

2561-04-01 13:01:17 - [MESSAGE][PASSED] - Text 'Suphisit' is set on object 'Object Repository/Register_Page/input_FIRST_NAME_EN'

2561-04-01 13:01:17 - [TEST_STEP][PASSED] - setText: Text 'Khaika' is set on object 'Object Repository/Register_Page/input_LAST_NAME_EN'

2561-04-01 13:01:17 - [MESSAGE][PASSED] - Text 'Khaika' is set on object 'Object Repository/Register_Page/input_LAST_NAME_EN'

2561-04-01 13:01:17 - [TEST_STEP][PASSED] - setText: Text '13/10/1994' is set on object 'Object Repository/Register_Page/input_BIRTH_DATE'

2561-04-01 13:01:17 - [MESSAGE][PASSED] - Text '13/10/1994' is set on object 'Object Repository/Register_Page/input_BIRTH_DATE'

2561-04-01 13:01:17 - [TEST_STEP][PASSED] - selectOptionByValue: All options with value 'อื่นๆ' are selected in object 'Object Repository/Register_Page/select_'  using regular expression

2561-04-01 13:01:17 - [MESSAGE][PASSED] - All options with value 'อื่นๆ' are selected in object 'Object Repository/Register_Page/select_'  using regular expression

2561-04-01 13:01:17 - [TEST_STEP][PASSED] - selectOptionByValue: All options with value 'สูงกว่าปริญญาตรี' are selected in object 'Object Repository/Register_Page/select__1'  using regular expression

2561-04-01 13:01:18 - [MESSAGE][PASSED] - All options with value 'สูงกว่าปริญญาตรี' are selected in object 'Object Repository/Register_Page/select__1'  using regular expression

2561-04-01 13:01:18 - [TEST_STEP][PASSED] - selectOptionByValue: All options with value 'รับราชการ' are selected in object 'Object Repository/Register_Page/select__2'  using regular expression

2561-04-01 13:01:18 - [MESSAGE][PASSED] - All options with value 'รับราชการ' are selected in object 'Object Repository/Register_Page/select__2'  using regular expression

2561-04-01 13:01:18 - [TEST_STEP][PASSED] - setText: Text '3' is set on object 'Object Repository/Register_Page/input_ADDRESS_NO'

2561-04-01 13:01:18 - [MESSAGE][PASSED] - Text '3' is set on object 'Object Repository/Register_Page/input_ADDRESS_NO'

2561-04-01 13:01:18 - [TEST_STEP][PASSED] - setText: Text '10' is set on object 'Object Repository/Register_Page/input_ADDRESS_MOO'

2561-04-01 13:01:18 - [MESSAGE][PASSED] - Text '10' is set on object 'Object Repository/Register_Page/input_ADDRESS_MOO'

2561-04-01 13:01:18 - [TEST_STEP][PASSED] - setText: Text 'พหลโยธิน' is set on object 'Object Repository/Register_Page/input_ADDRESS_ROAD'

2561-04-01 13:01:18 - [MESSAGE][PASSED] - Text 'พหลโยธิน' is set on object 'Object Repository/Register_Page/input_ADDRESS_ROAD'

2561-04-01 13:01:18 - [TEST_STEP][PASSED] - delay: Delayed 2 second(s)

2561-04-01 13:01:20 - [MESSAGE][PASSED] - Delayed 2 second(s)

2561-04-01 13:01:20 - [TEST_STEP][PASSED] - selectOptionByValue: All options with value '45' are selected in object 'Object Repository/Register_Page/ADDRESS_PROVINCE' 

2561-04-01 13:01:20 - [MESSAGE][PASSED] - All options with value '45' are selected in object 'Object Repository/Register_Page/ADDRESS_PROVINCE' 

2561-04-01 13:01:20 - [TEST_STEP][PASSED] - delay: Delayed 2 second(s)

2561-04-01 13:01:22 - [MESSAGE][PASSED] - Delayed 2 second(s)

2561-04-01 13:01:22 - [TEST_STEP][PASSED] - selectOptionByValue: All options with value '665' are selected in object 'Object Repository/Register_Page/ADDRESS_DISTRICT' 

2561-04-01 13:01:22 - [MESSAGE][PASSED] - All options with value '665' are selected in object 'Object Repository/Register_Page/ADDRESS_DISTRICT' 

2561-04-01 13:01:22 - [TEST_STEP][PASSED] - delay: Delayed 2 second(s)

2561-04-01 13:01:24 - [MESSAGE][PASSED] - Delayed 2 second(s)

2561-04-01 13:01:24 - [TEST_STEP][PASSED] - selectOptionByValue: All options with value '14726' are selected in object 'Object Repository/Register_Page/ADDRESS_SUBDISTRICT' 

2561-04-01 13:01:25 - [MESSAGE][PASSED] - All options with value '14726' are selected in object 'Object Repository/Register_Page/ADDRESS_SUBDISTRICT' 

2561-04-01 13:01:25 - [TEST_STEP][PASSED] - setText: Text '57130' is set on object 'Object Repository/Register_Page/input_ADDRESS_POSTCODE'

2561-04-01 13:01:25 - [MESSAGE][PASSED] - Text '57130' is set on object 'Object Repository/Register_Page/input_ADDRESS_POSTCODE'

2561-04-01 13:01:25 - [TEST_STEP][PASSED] - selectOptionByValue: All options with value 'กำลังทำงาน' are selected in object 'Object Repository/Register_Page/select__3'  using regular expression

2561-04-01 13:01:25 - [MESSAGE][PASSED] - All options with value 'กำลังทำงาน' are selected in object 'Object Repository/Register_Page/select__3'  using regular expression

2561-04-01 13:01:25 - [TEST_STEP][PASSED] - setText: Text '3 หมู่ที่ 10 ต.โป่งผา อ.แม่สาย จ.เชียงราย' is set on object 'Object Repository/Register_Page/input_ADDRESS_ALL'

2561-04-01 13:01:25 - [MESSAGE][PASSED] - Text '3 หมู่ที่ 10 ต.โป่งผา อ.แม่สาย จ.เชียงราย' is set on object 'Object Repository/Register_Page/input_ADDRESS_ALL'

2561-04-01 13:01:25 - [TEST_STEP][PASSED] - setText: Text '053646789' is set on object 'Object Repository/Register_Page/input_PHONE'

2561-04-01 13:01:25 - [MESSAGE][PASSED] - Text '053646789' is set on object 'Object Repository/Register_Page/input_PHONE'

2561-04-01 13:01:25 - [TEST_STEP][PASSED] - setText: Text '0827975510' is set on object 'Object Repository/Register_Page/input_CELL_PHONE'

2561-04-01 13:01:25 - [MESSAGE][PASSED] - Text '0827975510' is set on object 'Object Repository/Register_Page/input_CELL_PHONE'

2561-04-01 13:01:25 - [TEST_STEP][PASSED] - setText: Text '025445687' is set on object 'Object Repository/Register_Page/input_FAX'

2561-04-01 13:01:26 - [MESSAGE][PASSED] - Text '025445687' is set on object 'Object Repository/Register_Page/input_FAX'

2561-04-01 13:01:26 - [TEST_STEP][PASSED] - click: Object: 'Object Repository/Register_Page/input_submit (1)' is clicked on

2561-04-01 13:01:26 - [MESSAGE][PASSED] - Object: 'Object Repository/Register_Page/input_submit (1)' is clicked on

2561-04-01 13:01:26 - [TEST_STEP][PASSED] - closeBrowser: Browser is closed

2561-04-01 13:01:27 - [MESSAGE][PASSED] - Browser is closed]]></system-out>
         <system-err><![CDATA[]]></system-err>
      </testcase>
      <testcase name="Test Cases/Register volunteer/Register27" classname="Test Cases/Register volunteer/Register27" status="PASSED">
         <system-out><![CDATA[2561-04-01 13:01:27 - [TEST_CASE][PASSED] - Test Cases/Register volunteer/Register27: Test Cases/Register volunteer/Register27

2561-04-01 13:01:27 - [TEST_STEP][PASSED] - openBrowser: Browser is opened with url: ''

2561-04-01 13:01:30 - [MESSAGE][PASSED] - Browser is opened with url: ''

2561-04-01 13:01:30 - [TEST_STEP][PASSED] - navigateToUrl: Navigate to 'http://vivblind.play2pay.me/' successfully

2561-04-01 13:01:34 - [MESSAGE][PASSED] - Navigate to 'http://vivblind.play2pay.me/' successfully

2561-04-01 13:01:34 - [TEST_STEP][PASSED] - click: Object: 'Object Repository/Register_Page/a_' is clicked on

2561-04-01 13:01:34 - [MESSAGE][PASSED] - Object: 'Object Repository/Register_Page/a_' is clicked on

2561-04-01 13:01:34 - [TEST_STEP][PASSED] - setText: Text 'suphisit1@gmail.com' is set on object 'Object Repository/Register_Page/input_EMAIL (1)'

2561-04-01 13:01:34 - [MESSAGE][PASSED] - Text 'suphisit1@gmail.com' is set on object 'Object Repository/Register_Page/input_EMAIL (1)'

2561-04-01 13:01:34 - [TEST_STEP][PASSED] - setText: Text '0857098359' is set on object 'Object Repository/Register_Page/input_PASSWORD'

2561-04-01 13:01:34 - [MESSAGE][PASSED] - Text '0857098359' is set on object 'Object Repository/Register_Page/input_PASSWORD'

2561-04-01 13:01:34 - [TEST_STEP][PASSED] - setText: Text '0857098359' is set on object 'Object Repository/Register_Page/input_password_confirmation'

2561-04-01 13:01:35 - [MESSAGE][PASSED] - Text '0857098359' is set on object 'Object Repository/Register_Page/input_password_confirmation'

2561-04-01 13:01:35 - [TEST_STEP][PASSED] - uploadFile: File 'C:\Users\Administrator\Desktop\Test.jpg' sent to object: 'Object Repository/Register_Page/Upload File'

2561-04-01 13:01:35 - [MESSAGE][PASSED] - File 'C:\Users\Administrator\Desktop\Test.jpg' sent to object: 'Object Repository/Register_Page/Upload File'

2561-04-01 13:01:35 - [TEST_STEP][PASSED] - setText: Text 'ศุภิสิทธิ์ ' is set on object 'Object Repository/Register_Page/input_FIRST_NAME_TH'

2561-04-01 13:01:35 - [MESSAGE][PASSED] - Text 'ศุภิสิทธิ์ ' is set on object 'Object Repository/Register_Page/input_FIRST_NAME_TH'

2561-04-01 13:01:35 - [TEST_STEP][PASSED] - setText: Text 'ไข่กา' is set on object 'Object Repository/Register_Page/input_LAST_NAME_TH'

2561-04-01 13:01:35 - [MESSAGE][PASSED] - Text 'ไข่กา' is set on object 'Object Repository/Register_Page/input_LAST_NAME_TH'

2561-04-01 13:01:35 - [TEST_STEP][PASSED] - setText: Text 'Suphisit' is set on object 'Object Repository/Register_Page/input_FIRST_NAME_EN'

2561-04-01 13:01:35 - [MESSAGE][PASSED] - Text 'Suphisit' is set on object 'Object Repository/Register_Page/input_FIRST_NAME_EN'

2561-04-01 13:01:35 - [TEST_STEP][PASSED] - setText: Text 'Khaika' is set on object 'Object Repository/Register_Page/input_LAST_NAME_EN'

2561-04-01 13:01:35 - [MESSAGE][PASSED] - Text 'Khaika' is set on object 'Object Repository/Register_Page/input_LAST_NAME_EN'

2561-04-01 13:01:35 - [TEST_STEP][PASSED] - setText: Text '13/10/1994' is set on object 'Object Repository/Register_Page/input_BIRTH_DATE'

2561-04-01 13:01:36 - [MESSAGE][PASSED] - Text '13/10/1994' is set on object 'Object Repository/Register_Page/input_BIRTH_DATE'

2561-04-01 13:01:36 - [TEST_STEP][PASSED] - selectOptionByValue: All options with value 'อื่นๆ' are selected in object 'Object Repository/Register_Page/select_'  using regular expression

2561-04-01 13:01:36 - [MESSAGE][PASSED] - All options with value 'อื่นๆ' are selected in object 'Object Repository/Register_Page/select_'  using regular expression

2561-04-01 13:01:36 - [TEST_STEP][PASSED] - selectOptionByValue: All options with value 'สูงกว่าปริญญาตรี' are selected in object 'Object Repository/Register_Page/select__1'  using regular expression

2561-04-01 13:01:36 - [MESSAGE][PASSED] - All options with value 'สูงกว่าปริญญาตรี' are selected in object 'Object Repository/Register_Page/select__1'  using regular expression

2561-04-01 13:01:36 - [TEST_STEP][PASSED] - selectOptionByValue: All options with value 'นักศึกษา' are selected in object 'Object Repository/Register_Page/select__2'  using regular expression

2561-04-01 13:01:36 - [MESSAGE][PASSED] - All options with value 'นักศึกษา' are selected in object 'Object Repository/Register_Page/select__2'  using regular expression

2561-04-01 13:01:36 - [TEST_STEP][PASSED] - setText: Text '3' is set on object 'Object Repository/Register_Page/input_ADDRESS_NO'

2561-04-01 13:01:36 - [MESSAGE][PASSED] - Text '3' is set on object 'Object Repository/Register_Page/input_ADDRESS_NO'

2561-04-01 13:01:36 - [TEST_STEP][PASSED] - setText: Text '10' is set on object 'Object Repository/Register_Page/input_ADDRESS_MOO'

2561-04-01 13:01:36 - [MESSAGE][PASSED] - Text '10' is set on object 'Object Repository/Register_Page/input_ADDRESS_MOO'

2561-04-01 13:01:36 - [TEST_STEP][PASSED] - setText: Text 'พหลโยธิน' is set on object 'Object Repository/Register_Page/input_ADDRESS_ROAD'

2561-04-01 13:01:37 - [MESSAGE][PASSED] - Text 'พหลโยธิน' is set on object 'Object Repository/Register_Page/input_ADDRESS_ROAD'

2561-04-01 13:01:37 - [TEST_STEP][PASSED] - delay: Delayed 2 second(s)

2561-04-01 13:01:39 - [MESSAGE][PASSED] - Delayed 2 second(s)

2561-04-01 13:01:39 - [TEST_STEP][PASSED] - selectOptionByValue: All options with value '45' are selected in object 'Object Repository/Register_Page/ADDRESS_PROVINCE' 

2561-04-01 13:01:39 - [MESSAGE][PASSED] - All options with value '45' are selected in object 'Object Repository/Register_Page/ADDRESS_PROVINCE' 

2561-04-01 13:01:39 - [TEST_STEP][PASSED] - delay: Delayed 2 second(s)

2561-04-01 13:01:41 - [MESSAGE][PASSED] - Delayed 2 second(s)

2561-04-01 13:01:41 - [TEST_STEP][PASSED] - selectOptionByValue: All options with value '665' are selected in object 'Object Repository/Register_Page/ADDRESS_DISTRICT' 

2561-04-01 13:01:41 - [MESSAGE][PASSED] - All options with value '665' are selected in object 'Object Repository/Register_Page/ADDRESS_DISTRICT' 

2561-04-01 13:01:41 - [TEST_STEP][PASSED] - delay: Delayed 2 second(s)

2561-04-01 13:01:43 - [MESSAGE][PASSED] - Delayed 2 second(s)

2561-04-01 13:01:43 - [TEST_STEP][PASSED] - selectOptionByValue: All options with value '14726' are selected in object 'Object Repository/Register_Page/ADDRESS_SUBDISTRICT' 

2561-04-01 13:01:43 - [MESSAGE][PASSED] - All options with value '14726' are selected in object 'Object Repository/Register_Page/ADDRESS_SUBDISTRICT' 

2561-04-01 13:01:43 - [TEST_STEP][PASSED] - setText: Text '57130' is set on object 'Object Repository/Register_Page/input_ADDRESS_POSTCODE'

2561-04-01 13:01:43 - [MESSAGE][PASSED] - Text '57130' is set on object 'Object Repository/Register_Page/input_ADDRESS_POSTCODE'

2561-04-01 13:01:43 - [TEST_STEP][PASSED] - selectOptionByValue: All options with value 'กำลังทำงาน' are selected in object 'Object Repository/Register_Page/select__3'  using regular expression

2561-04-01 13:01:43 - [MESSAGE][PASSED] - All options with value 'กำลังทำงาน' are selected in object 'Object Repository/Register_Page/select__3'  using regular expression

2561-04-01 13:01:43 - [TEST_STEP][PASSED] - setText: Text '3 หมู่ที่ 10 ต.โป่งผา อ.แม่สาย จ.เชียงราย' is set on object 'Object Repository/Register_Page/input_ADDRESS_ALL'

2561-04-01 13:01:44 - [MESSAGE][PASSED] - Text '3 หมู่ที่ 10 ต.โป่งผา อ.แม่สาย จ.เชียงราย' is set on object 'Object Repository/Register_Page/input_ADDRESS_ALL'

2561-04-01 13:01:44 - [TEST_STEP][PASSED] - setText: Text '053646789' is set on object 'Object Repository/Register_Page/input_PHONE'

2561-04-01 13:01:44 - [MESSAGE][PASSED] - Text '053646789' is set on object 'Object Repository/Register_Page/input_PHONE'

2561-04-01 13:01:44 - [TEST_STEP][PASSED] - setText: Text '0827975510' is set on object 'Object Repository/Register_Page/input_CELL_PHONE'

2561-04-01 13:01:44 - [MESSAGE][PASSED] - Text '0827975510' is set on object 'Object Repository/Register_Page/input_CELL_PHONE'

2561-04-01 13:01:44 - [TEST_STEP][PASSED] - setText: Text '025445687' is set on object 'Object Repository/Register_Page/input_FAX'

2561-04-01 13:01:44 - [MESSAGE][PASSED] - Text '025445687' is set on object 'Object Repository/Register_Page/input_FAX'

2561-04-01 13:01:44 - [TEST_STEP][PASSED] - click: Object: 'Object Repository/Register_Page/input_submit (1)' is clicked on

2561-04-01 13:01:45 - [MESSAGE][PASSED] - Object: 'Object Repository/Register_Page/input_submit (1)' is clicked on

2561-04-01 13:01:45 - [TEST_STEP][PASSED] - closeBrowser: Browser is closed

2561-04-01 13:01:46 - [MESSAGE][PASSED] - Browser is closed]]></system-out>
         <system-err><![CDATA[]]></system-err>
      </testcase>
      <testcase name="Test Cases/Register volunteer/Register28" classname="Test Cases/Register volunteer/Register28" status="PASSED">
         <system-out><![CDATA[2561-04-01 13:01:46 - [TEST_CASE][PASSED] - Test Cases/Register volunteer/Register28: Test Cases/Register volunteer/Register28

2561-04-01 13:01:46 - [TEST_STEP][PASSED] - openBrowser: Browser is opened with url: ''

2561-04-01 13:01:49 - [MESSAGE][PASSED] - Browser is opened with url: ''

2561-04-01 13:01:49 - [TEST_STEP][PASSED] - navigateToUrl: Navigate to 'http://vivblind.play2pay.me/' successfully

2561-04-01 13:01:53 - [MESSAGE][PASSED] - Navigate to 'http://vivblind.play2pay.me/' successfully

2561-04-01 13:01:53 - [TEST_STEP][PASSED] - click: Object: 'Object Repository/Register_Page/a_' is clicked on

2561-04-01 13:01:54 - [MESSAGE][PASSED] - Object: 'Object Repository/Register_Page/a_' is clicked on

2561-04-01 13:01:54 - [TEST_STEP][PASSED] - setText: Text 'suphisit1@gmail.com' is set on object 'Object Repository/Register_Page/input_EMAIL (1)'

2561-04-01 13:01:54 - [MESSAGE][PASSED] - Text 'suphisit1@gmail.com' is set on object 'Object Repository/Register_Page/input_EMAIL (1)'

2561-04-01 13:01:54 - [TEST_STEP][PASSED] - setText: Text '0857098359' is set on object 'Object Repository/Register_Page/input_PASSWORD'

2561-04-01 13:01:54 - [MESSAGE][PASSED] - Text '0857098359' is set on object 'Object Repository/Register_Page/input_PASSWORD'

2561-04-01 13:01:54 - [TEST_STEP][PASSED] - setText: Text '0857098359' is set on object 'Object Repository/Register_Page/input_password_confirmation'

2561-04-01 13:01:54 - [MESSAGE][PASSED] - Text '0857098359' is set on object 'Object Repository/Register_Page/input_password_confirmation'

2561-04-01 13:01:54 - [TEST_STEP][PASSED] - uploadFile: File 'C:\Users\Administrator\Desktop\Test.jpg' sent to object: 'Object Repository/Register_Page/Upload File'

2561-04-01 13:01:54 - [MESSAGE][PASSED] - File 'C:\Users\Administrator\Desktop\Test.jpg' sent to object: 'Object Repository/Register_Page/Upload File'

2561-04-01 13:01:54 - [TEST_STEP][PASSED] - setText: Text 'ศุภิสิทธิ์ ' is set on object 'Object Repository/Register_Page/input_FIRST_NAME_TH'

2561-04-01 13:01:54 - [MESSAGE][PASSED] - Text 'ศุภิสิทธิ์ ' is set on object 'Object Repository/Register_Page/input_FIRST_NAME_TH'

2561-04-01 13:01:54 - [TEST_STEP][PASSED] - setText: Text 'ไข่กา' is set on object 'Object Repository/Register_Page/input_LAST_NAME_TH'

2561-04-01 13:01:54 - [MESSAGE][PASSED] - Text 'ไข่กา' is set on object 'Object Repository/Register_Page/input_LAST_NAME_TH'

2561-04-01 13:01:54 - [TEST_STEP][PASSED] - setText: Text 'Suphisit' is set on object 'Object Repository/Register_Page/input_FIRST_NAME_EN'

2561-04-01 13:01:55 - [MESSAGE][PASSED] - Text 'Suphisit' is set on object 'Object Repository/Register_Page/input_FIRST_NAME_EN'

2561-04-01 13:01:55 - [TEST_STEP][PASSED] - setText: Text 'Khaika' is set on object 'Object Repository/Register_Page/input_LAST_NAME_EN'

2561-04-01 13:01:55 - [MESSAGE][PASSED] - Text 'Khaika' is set on object 'Object Repository/Register_Page/input_LAST_NAME_EN'

2561-04-01 13:01:55 - [TEST_STEP][PASSED] - setText: Text '13/10/1994' is set on object 'Object Repository/Register_Page/input_BIRTH_DATE'

2561-04-01 13:01:55 - [MESSAGE][PASSED] - Text '13/10/1994' is set on object 'Object Repository/Register_Page/input_BIRTH_DATE'

2561-04-01 13:01:55 - [TEST_STEP][PASSED] - selectOptionByValue: All options with value 'อื่นๆ' are selected in object 'Object Repository/Register_Page/select_'  using regular expression

2561-04-01 13:01:55 - [MESSAGE][PASSED] - All options with value 'อื่นๆ' are selected in object 'Object Repository/Register_Page/select_'  using regular expression

2561-04-01 13:01:55 - [TEST_STEP][PASSED] - selectOptionByValue: All options with value 'สูงกว่าปริญญาตรี' are selected in object 'Object Repository/Register_Page/select__1'  using regular expression

2561-04-01 13:01:55 - [MESSAGE][PASSED] - All options with value 'สูงกว่าปริญญาตรี' are selected in object 'Object Repository/Register_Page/select__1'  using regular expression

2561-04-01 13:01:55 - [TEST_STEP][PASSED] - selectOptionByValue: All options with value 'อื่นๆ' are selected in object 'Object Repository/Register_Page/select__2'  using regular expression

2561-04-01 13:01:56 - [MESSAGE][PASSED] - All options with value 'อื่นๆ' are selected in object 'Object Repository/Register_Page/select__2'  using regular expression

2561-04-01 13:01:56 - [TEST_STEP][PASSED] - setText: Text '3' is set on object 'Object Repository/Register_Page/input_ADDRESS_NO'

2561-04-01 13:01:56 - [MESSAGE][PASSED] - Text '3' is set on object 'Object Repository/Register_Page/input_ADDRESS_NO'

2561-04-01 13:01:56 - [TEST_STEP][PASSED] - setText: Text '10' is set on object 'Object Repository/Register_Page/input_ADDRESS_MOO'

2561-04-01 13:01:56 - [MESSAGE][PASSED] - Text '10' is set on object 'Object Repository/Register_Page/input_ADDRESS_MOO'

2561-04-01 13:01:56 - [TEST_STEP][PASSED] - setText: Text 'พหลโยธิน' is set on object 'Object Repository/Register_Page/input_ADDRESS_ROAD'

2561-04-01 13:01:56 - [MESSAGE][PASSED] - Text 'พหลโยธิน' is set on object 'Object Repository/Register_Page/input_ADDRESS_ROAD'

2561-04-01 13:01:56 - [TEST_STEP][PASSED] - delay: Delayed 2 second(s)

2561-04-01 13:01:58 - [MESSAGE][PASSED] - Delayed 2 second(s)

2561-04-01 13:01:58 - [TEST_STEP][PASSED] - selectOptionByValue: All options with value '45' are selected in object 'Object Repository/Register_Page/ADDRESS_PROVINCE' 

2561-04-01 13:01:58 - [MESSAGE][PASSED] - All options with value '45' are selected in object 'Object Repository/Register_Page/ADDRESS_PROVINCE' 

2561-04-01 13:01:58 - [TEST_STEP][PASSED] - delay: Delayed 2 second(s)

2561-04-01 13:02:00 - [MESSAGE][PASSED] - Delayed 2 second(s)

2561-04-01 13:02:00 - [TEST_STEP][PASSED] - selectOptionByValue: All options with value '665' are selected in object 'Object Repository/Register_Page/ADDRESS_DISTRICT' 

2561-04-01 13:02:00 - [MESSAGE][PASSED] - All options with value '665' are selected in object 'Object Repository/Register_Page/ADDRESS_DISTRICT' 

2561-04-01 13:02:00 - [TEST_STEP][PASSED] - delay: Delayed 2 second(s)

2561-04-01 13:02:02 - [MESSAGE][PASSED] - Delayed 2 second(s)

2561-04-01 13:02:02 - [TEST_STEP][PASSED] - selectOptionByValue: All options with value '14726' are selected in object 'Object Repository/Register_Page/ADDRESS_SUBDISTRICT' 

2561-04-01 13:02:02 - [MESSAGE][PASSED] - All options with value '14726' are selected in object 'Object Repository/Register_Page/ADDRESS_SUBDISTRICT' 

2561-04-01 13:02:02 - [TEST_STEP][PASSED] - setText: Text '57130' is set on object 'Object Repository/Register_Page/input_ADDRESS_POSTCODE'

2561-04-01 13:02:02 - [MESSAGE][PASSED] - Text '57130' is set on object 'Object Repository/Register_Page/input_ADDRESS_POSTCODE'

2561-04-01 13:02:02 - [TEST_STEP][PASSED] - selectOptionByValue: All options with value 'กำลังทำงาน' are selected in object 'Object Repository/Register_Page/select__3'  using regular expression

2561-04-01 13:02:03 - [MESSAGE][PASSED] - All options with value 'กำลังทำงาน' are selected in object 'Object Repository/Register_Page/select__3'  using regular expression

2561-04-01 13:02:03 - [TEST_STEP][PASSED] - setText: Text '3 หมู่ที่ 10 ต.โป่งผา อ.แม่สาย จ.เชียงราย' is set on object 'Object Repository/Register_Page/input_ADDRESS_ALL'

2561-04-01 13:02:03 - [MESSAGE][PASSED] - Text '3 หมู่ที่ 10 ต.โป่งผา อ.แม่สาย จ.เชียงราย' is set on object 'Object Repository/Register_Page/input_ADDRESS_ALL'

2561-04-01 13:02:03 - [TEST_STEP][PASSED] - setText: Text '053646789' is set on object 'Object Repository/Register_Page/input_PHONE'

2561-04-01 13:02:03 - [MESSAGE][PASSED] - Text '053646789' is set on object 'Object Repository/Register_Page/input_PHONE'

2561-04-01 13:02:03 - [TEST_STEP][PASSED] - setText: Text '0827975510' is set on object 'Object Repository/Register_Page/input_CELL_PHONE'

2561-04-01 13:02:03 - [MESSAGE][PASSED] - Text '0827975510' is set on object 'Object Repository/Register_Page/input_CELL_PHONE'

2561-04-01 13:02:03 - [TEST_STEP][PASSED] - setText: Text '025445687' is set on object 'Object Repository/Register_Page/input_FAX'

2561-04-01 13:02:03 - [MESSAGE][PASSED] - Text '025445687' is set on object 'Object Repository/Register_Page/input_FAX'

2561-04-01 13:02:03 - [TEST_STEP][PASSED] - click: Object: 'Object Repository/Register_Page/input_submit (1)' is clicked on

2561-04-01 13:02:04 - [MESSAGE][PASSED] - Object: 'Object Repository/Register_Page/input_submit (1)' is clicked on

2561-04-01 13:02:04 - [TEST_STEP][PASSED] - closeBrowser: Browser is closed

2561-04-01 13:02:05 - [MESSAGE][PASSED] - Browser is closed]]></system-out>
         <system-err><![CDATA[]]></system-err>
      </testcase>
      <testcase name="Test Cases/Register volunteer/Register29" classname="Test Cases/Register volunteer/Register29" status="PASSED">
         <system-out><![CDATA[2561-04-01 13:02:05 - [TEST_CASE][PASSED] - Test Cases/Register volunteer/Register29: Test Cases/Register volunteer/Register29

2561-04-01 13:02:05 - [TEST_STEP][PASSED] - openBrowser: Browser is opened with url: ''

2561-04-01 13:02:08 - [MESSAGE][PASSED] - Browser is opened with url: ''

2561-04-01 13:02:08 - [TEST_STEP][PASSED] - navigateToUrl: Navigate to 'http://vivblind.play2pay.me/' successfully

2561-04-01 13:02:12 - [MESSAGE][PASSED] - Navigate to 'http://vivblind.play2pay.me/' successfully

2561-04-01 13:02:12 - [TEST_STEP][PASSED] - click: Object: 'Object Repository/Register_Page/a_' is clicked on

2561-04-01 13:02:12 - [MESSAGE][PASSED] - Object: 'Object Repository/Register_Page/a_' is clicked on

2561-04-01 13:02:12 - [TEST_STEP][PASSED] - setText: Text 'suphisit1@gmail.com' is set on object 'Object Repository/Register_Page/input_EMAIL (1)'

2561-04-01 13:02:12 - [MESSAGE][PASSED] - Text 'suphisit1@gmail.com' is set on object 'Object Repository/Register_Page/input_EMAIL (1)'

2561-04-01 13:02:12 - [TEST_STEP][PASSED] - setText: Text '0857098359' is set on object 'Object Repository/Register_Page/input_PASSWORD'

2561-04-01 13:02:12 - [MESSAGE][PASSED] - Text '0857098359' is set on object 'Object Repository/Register_Page/input_PASSWORD'

2561-04-01 13:02:12 - [TEST_STEP][PASSED] - setText: Text '0857098359' is set on object 'Object Repository/Register_Page/input_password_confirmation'

2561-04-01 13:02:13 - [MESSAGE][PASSED] - Text '0857098359' is set on object 'Object Repository/Register_Page/input_password_confirmation'

2561-04-01 13:02:13 - [TEST_STEP][PASSED] - uploadFile: File 'C:\Users\Administrator\Desktop\Test.jpg' sent to object: 'Object Repository/Register_Page/Upload File'

2561-04-01 13:02:13 - [MESSAGE][PASSED] - File 'C:\Users\Administrator\Desktop\Test.jpg' sent to object: 'Object Repository/Register_Page/Upload File'

2561-04-01 13:02:13 - [TEST_STEP][PASSED] - setText: Text 'ศุภิสิทธิ์ ' is set on object 'Object Repository/Register_Page/input_FIRST_NAME_TH'

2561-04-01 13:02:13 - [MESSAGE][PASSED] - Text 'ศุภิสิทธิ์ ' is set on object 'Object Repository/Register_Page/input_FIRST_NAME_TH'

2561-04-01 13:02:13 - [TEST_STEP][PASSED] - setText: Text 'ไข่กา' is set on object 'Object Repository/Register_Page/input_LAST_NAME_TH'

2561-04-01 13:02:13 - [MESSAGE][PASSED] - Text 'ไข่กา' is set on object 'Object Repository/Register_Page/input_LAST_NAME_TH'

2561-04-01 13:02:13 - [TEST_STEP][PASSED] - setText: Text 'Suphisit' is set on object 'Object Repository/Register_Page/input_FIRST_NAME_EN'

2561-04-01 13:02:13 - [MESSAGE][PASSED] - Text 'Suphisit' is set on object 'Object Repository/Register_Page/input_FIRST_NAME_EN'

2561-04-01 13:02:13 - [TEST_STEP][PASSED] - setText: Text 'Khaika' is set on object 'Object Repository/Register_Page/input_LAST_NAME_EN'

2561-04-01 13:02:13 - [MESSAGE][PASSED] - Text 'Khaika' is set on object 'Object Repository/Register_Page/input_LAST_NAME_EN'

2561-04-01 13:02:13 - [TEST_STEP][PASSED] - setText: Text '13/10/1994' is set on object 'Object Repository/Register_Page/input_BIRTH_DATE'

2561-04-01 13:02:13 - [MESSAGE][PASSED] - Text '13/10/1994' is set on object 'Object Repository/Register_Page/input_BIRTH_DATE'

2561-04-01 13:02:13 - [TEST_STEP][PASSED] - selectOptionByValue: All options with value 'อื่นๆ' are selected in object 'Object Repository/Register_Page/select_'  using regular expression

2561-04-01 13:02:14 - [MESSAGE][PASSED] - All options with value 'อื่นๆ' are selected in object 'Object Repository/Register_Page/select_'  using regular expression

2561-04-01 13:02:14 - [TEST_STEP][PASSED] - selectOptionByValue: All options with value 'สูงกว่าปริญญาตรี' are selected in object 'Object Repository/Register_Page/select__1'  using regular expression

2561-04-01 13:02:14 - [MESSAGE][PASSED] - All options with value 'สูงกว่าปริญญาตรี' are selected in object 'Object Repository/Register_Page/select__1'  using regular expression

2561-04-01 13:02:14 - [TEST_STEP][PASSED] - selectOptionByValue: All options with value 'อื่นๆ' are selected in object 'Object Repository/Register_Page/select__2'  using regular expression

2561-04-01 13:02:14 - [MESSAGE][PASSED] - All options with value 'อื่นๆ' are selected in object 'Object Repository/Register_Page/select__2'  using regular expression

2561-04-01 13:02:14 - [TEST_STEP][PASSED] - setText: Text 'ทดสอบ*-/asd' is set on object 'Object Repository/Register_Page/input_ADDRESS_NO'

2561-04-01 13:02:14 - [MESSAGE][PASSED] - Text 'ทดสอบ*-/asd' is set on object 'Object Repository/Register_Page/input_ADDRESS_NO'

2561-04-01 13:02:14 - [TEST_STEP][PASSED] - setText: Text '10' is set on object 'Object Repository/Register_Page/input_ADDRESS_MOO'

2561-04-01 13:02:14 - [MESSAGE][PASSED] - Text '10' is set on object 'Object Repository/Register_Page/input_ADDRESS_MOO'

2561-04-01 13:02:14 - [TEST_STEP][PASSED] - setText: Text 'พหลโยธิน' is set on object 'Object Repository/Register_Page/input_ADDRESS_ROAD'

2561-04-01 13:02:14 - [MESSAGE][PASSED] - Text 'พหลโยธิน' is set on object 'Object Repository/Register_Page/input_ADDRESS_ROAD'

2561-04-01 13:02:14 - [TEST_STEP][PASSED] - delay: Delayed 2 second(s)

2561-04-01 13:02:16 - [MESSAGE][PASSED] - Delayed 2 second(s)

2561-04-01 13:02:16 - [TEST_STEP][PASSED] - selectOptionByValue: All options with value '45' are selected in object 'Object Repository/Register_Page/ADDRESS_PROVINCE' 

2561-04-01 13:02:17 - [MESSAGE][PASSED] - All options with value '45' are selected in object 'Object Repository/Register_Page/ADDRESS_PROVINCE' 

2561-04-01 13:02:17 - [TEST_STEP][PASSED] - delay: Delayed 2 second(s)

2561-04-01 13:02:19 - [MESSAGE][PASSED] - Delayed 2 second(s)

2561-04-01 13:02:19 - [TEST_STEP][PASSED] - selectOptionByValue: All options with value '665' are selected in object 'Object Repository/Register_Page/ADDRESS_DISTRICT' 

2561-04-01 13:02:19 - [MESSAGE][PASSED] - All options with value '665' are selected in object 'Object Repository/Register_Page/ADDRESS_DISTRICT' 

2561-04-01 13:02:19 - [TEST_STEP][PASSED] - delay: Delayed 2 second(s)

2561-04-01 13:02:21 - [MESSAGE][PASSED] - Delayed 2 second(s)

2561-04-01 13:02:21 - [TEST_STEP][PASSED] - selectOptionByValue: All options with value '14726' are selected in object 'Object Repository/Register_Page/ADDRESS_SUBDISTRICT' 

2561-04-01 13:02:21 - [MESSAGE][PASSED] - All options with value '14726' are selected in object 'Object Repository/Register_Page/ADDRESS_SUBDISTRICT' 

2561-04-01 13:02:21 - [TEST_STEP][PASSED] - setText: Text '57130' is set on object 'Object Repository/Register_Page/input_ADDRESS_POSTCODE'

2561-04-01 13:02:21 - [MESSAGE][PASSED] - Text '57130' is set on object 'Object Repository/Register_Page/input_ADDRESS_POSTCODE'

2561-04-01 13:02:21 - [TEST_STEP][PASSED] - selectOptionByValue: All options with value 'กำลังทำงาน' are selected in object 'Object Repository/Register_Page/select__3'  using regular expression

2561-04-01 13:02:21 - [MESSAGE][PASSED] - All options with value 'กำลังทำงาน' are selected in object 'Object Repository/Register_Page/select__3'  using regular expression

2561-04-01 13:02:21 - [TEST_STEP][PASSED] - setText: Text '3 หมู่ที่ 10 ต.โป่งผา อ.แม่สาย จ.เชียงราย' is set on object 'Object Repository/Register_Page/input_ADDRESS_ALL'

2561-04-01 13:02:21 - [MESSAGE][PASSED] - Text '3 หมู่ที่ 10 ต.โป่งผา อ.แม่สาย จ.เชียงราย' is set on object 'Object Repository/Register_Page/input_ADDRESS_ALL'

2561-04-01 13:02:21 - [TEST_STEP][PASSED] - setText: Text '053646789' is set on object 'Object Repository/Register_Page/input_PHONE'

2561-04-01 13:02:22 - [MESSAGE][PASSED] - Text '053646789' is set on object 'Object Repository/Register_Page/input_PHONE'

2561-04-01 13:02:22 - [TEST_STEP][PASSED] - setText: Text '0827975510' is set on object 'Object Repository/Register_Page/input_CELL_PHONE'

2561-04-01 13:02:22 - [MESSAGE][PASSED] - Text '0827975510' is set on object 'Object Repository/Register_Page/input_CELL_PHONE'

2561-04-01 13:02:22 - [TEST_STEP][PASSED] - setText: Text '025445687' is set on object 'Object Repository/Register_Page/input_FAX'

2561-04-01 13:02:22 - [MESSAGE][PASSED] - Text '025445687' is set on object 'Object Repository/Register_Page/input_FAX'

2561-04-01 13:02:22 - [TEST_STEP][PASSED] - click: Object: 'Object Repository/Register_Page/input_submit (1)' is clicked on

2561-04-01 13:02:23 - [MESSAGE][PASSED] - Object: 'Object Repository/Register_Page/input_submit (1)' is clicked on

2561-04-01 13:02:23 - [TEST_STEP][PASSED] - closeBrowser: Browser is closed

2561-04-01 13:02:23 - [MESSAGE][PASSED] - Browser is closed]]></system-out>
         <system-err><![CDATA[]]></system-err>
      </testcase>
      <testcase name="Test Cases/Register volunteer/Register30" classname="Test Cases/Register volunteer/Register30" status="PASSED">
         <system-out><![CDATA[2561-04-01 13:02:23 - [TEST_CASE][PASSED] - Test Cases/Register volunteer/Register30: Test Cases/Register volunteer/Register30

2561-04-01 13:02:24 - [TEST_STEP][PASSED] - openBrowser: Browser is opened with url: ''

2561-04-01 13:02:26 - [MESSAGE][PASSED] - Browser is opened with url: ''

2561-04-01 13:02:26 - [TEST_STEP][PASSED] - navigateToUrl: Navigate to 'http://vivblind.play2pay.me/' successfully

2561-04-01 13:02:30 - [MESSAGE][PASSED] - Navigate to 'http://vivblind.play2pay.me/' successfully

2561-04-01 13:02:30 - [TEST_STEP][PASSED] - click: Object: 'Object Repository/Register_Page/a_' is clicked on

2561-04-01 13:02:30 - [MESSAGE][PASSED] - Object: 'Object Repository/Register_Page/a_' is clicked on

2561-04-01 13:02:30 - [TEST_STEP][PASSED] - setText: Text 'suphisit1@gmail.com' is set on object 'Object Repository/Register_Page/input_EMAIL (1)'

2561-04-01 13:02:31 - [MESSAGE][PASSED] - Text 'suphisit1@gmail.com' is set on object 'Object Repository/Register_Page/input_EMAIL (1)'

2561-04-01 13:02:31 - [TEST_STEP][PASSED] - setText: Text '0857098359' is set on object 'Object Repository/Register_Page/input_PASSWORD'

2561-04-01 13:02:31 - [MESSAGE][PASSED] - Text '0857098359' is set on object 'Object Repository/Register_Page/input_PASSWORD'

2561-04-01 13:02:31 - [TEST_STEP][PASSED] - setText: Text '0857098359' is set on object 'Object Repository/Register_Page/input_password_confirmation'

2561-04-01 13:02:31 - [MESSAGE][PASSED] - Text '0857098359' is set on object 'Object Repository/Register_Page/input_password_confirmation'

2561-04-01 13:02:31 - [TEST_STEP][PASSED] - uploadFile: File 'C:\Users\Administrator\Desktop\Test.jpg' sent to object: 'Object Repository/Register_Page/Upload File'

2561-04-01 13:02:31 - [MESSAGE][PASSED] - File 'C:\Users\Administrator\Desktop\Test.jpg' sent to object: 'Object Repository/Register_Page/Upload File'

2561-04-01 13:02:31 - [TEST_STEP][PASSED] - setText: Text 'ศุภิสิทธิ์ ' is set on object 'Object Repository/Register_Page/input_FIRST_NAME_TH'

2561-04-01 13:02:31 - [MESSAGE][PASSED] - Text 'ศุภิสิทธิ์ ' is set on object 'Object Repository/Register_Page/input_FIRST_NAME_TH'

2561-04-01 13:02:31 - [TEST_STEP][PASSED] - setText: Text 'ไข่กา' is set on object 'Object Repository/Register_Page/input_LAST_NAME_TH'

2561-04-01 13:02:31 - [MESSAGE][PASSED] - Text 'ไข่กา' is set on object 'Object Repository/Register_Page/input_LAST_NAME_TH'

2561-04-01 13:02:31 - [TEST_STEP][PASSED] - setText: Text 'Suphisit' is set on object 'Object Repository/Register_Page/input_FIRST_NAME_EN'

2561-04-01 13:02:31 - [MESSAGE][PASSED] - Text 'Suphisit' is set on object 'Object Repository/Register_Page/input_FIRST_NAME_EN'

2561-04-01 13:02:31 - [TEST_STEP][PASSED] - setText: Text 'Khaika' is set on object 'Object Repository/Register_Page/input_LAST_NAME_EN'

2561-04-01 13:02:31 - [MESSAGE][PASSED] - Text 'Khaika' is set on object 'Object Repository/Register_Page/input_LAST_NAME_EN'

2561-04-01 13:02:31 - [TEST_STEP][PASSED] - setText: Text '13/10/1994' is set on object 'Object Repository/Register_Page/input_BIRTH_DATE'

2561-04-01 13:02:32 - [MESSAGE][PASSED] - Text '13/10/1994' is set on object 'Object Repository/Register_Page/input_BIRTH_DATE'

2561-04-01 13:02:32 - [TEST_STEP][PASSED] - selectOptionByValue: All options with value 'อื่นๆ' are selected in object 'Object Repository/Register_Page/select_'  using regular expression

2561-04-01 13:02:32 - [MESSAGE][PASSED] - All options with value 'อื่นๆ' are selected in object 'Object Repository/Register_Page/select_'  using regular expression

2561-04-01 13:02:32 - [TEST_STEP][PASSED] - selectOptionByValue: All options with value 'สูงกว่าปริญญาตรี' are selected in object 'Object Repository/Register_Page/select__1'  using regular expression

2561-04-01 13:02:32 - [MESSAGE][PASSED] - All options with value 'สูงกว่าปริญญาตรี' are selected in object 'Object Repository/Register_Page/select__1'  using regular expression

2561-04-01 13:02:32 - [TEST_STEP][PASSED] - selectOptionByValue: All options with value 'อื่นๆ' are selected in object 'Object Repository/Register_Page/select__2'  using regular expression

2561-04-01 13:02:32 - [MESSAGE][PASSED] - All options with value 'อื่นๆ' are selected in object 'Object Repository/Register_Page/select__2'  using regular expression

2561-04-01 13:02:32 - [TEST_STEP][PASSED] - setText: Text '3' is set on object 'Object Repository/Register_Page/input_ADDRESS_NO'

2561-04-01 13:02:32 - [MESSAGE][PASSED] - Text '3' is set on object 'Object Repository/Register_Page/input_ADDRESS_NO'

2561-04-01 13:02:32 - [TEST_STEP][PASSED] - setText: Text '' is set on object 'Object Repository/Register_Page/input_ADDRESS_MOO'

2561-04-01 13:02:33 - [MESSAGE][PASSED] - Text '' is set on object 'Object Repository/Register_Page/input_ADDRESS_MOO'

2561-04-01 13:02:33 - [TEST_STEP][PASSED] - setText: Text '' is set on object 'Object Repository/Register_Page/input_ADDRESS_ROAD'

2561-04-01 13:02:33 - [MESSAGE][PASSED] - Text '' is set on object 'Object Repository/Register_Page/input_ADDRESS_ROAD'

2561-04-01 13:02:33 - [TEST_STEP][PASSED] - delay: Delayed 2 second(s)

2561-04-01 13:02:35 - [MESSAGE][PASSED] - Delayed 2 second(s)

2561-04-01 13:02:35 - [TEST_STEP][PASSED] - selectOptionByValue: All options with value '45' are selected in object 'Object Repository/Register_Page/ADDRESS_PROVINCE' 

2561-04-01 13:02:35 - [MESSAGE][PASSED] - All options with value '45' are selected in object 'Object Repository/Register_Page/ADDRESS_PROVINCE' 

2561-04-01 13:02:35 - [TEST_STEP][PASSED] - delay: Delayed 2 second(s)

2561-04-01 13:02:37 - [MESSAGE][PASSED] - Delayed 2 second(s)

2561-04-01 13:02:37 - [TEST_STEP][PASSED] - selectOptionByValue: All options with value '665' are selected in object 'Object Repository/Register_Page/ADDRESS_DISTRICT' 

2561-04-01 13:02:37 - [MESSAGE][PASSED] - All options with value '665' are selected in object 'Object Repository/Register_Page/ADDRESS_DISTRICT' 

2561-04-01 13:02:37 - [TEST_STEP][PASSED] - delay: Delayed 2 second(s)

2561-04-01 13:02:39 - [MESSAGE][PASSED] - Delayed 2 second(s)

2561-04-01 13:02:39 - [TEST_STEP][PASSED] - selectOptionByValue: All options with value '14726' are selected in object 'Object Repository/Register_Page/ADDRESS_SUBDISTRICT' 

2561-04-01 13:02:39 - [MESSAGE][PASSED] - All options with value '14726' are selected in object 'Object Repository/Register_Page/ADDRESS_SUBDISTRICT' 

2561-04-01 13:02:39 - [TEST_STEP][PASSED] - setText: Text '57130' is set on object 'Object Repository/Register_Page/input_ADDRESS_POSTCODE'

2561-04-01 13:02:39 - [MESSAGE][PASSED] - Text '57130' is set on object 'Object Repository/Register_Page/input_ADDRESS_POSTCODE'

2561-04-01 13:02:39 - [TEST_STEP][PASSED] - selectOptionByValue: All options with value 'กำลังทำงาน' are selected in object 'Object Repository/Register_Page/select__3'  using regular expression

2561-04-01 13:02:39 - [MESSAGE][PASSED] - All options with value 'กำลังทำงาน' are selected in object 'Object Repository/Register_Page/select__3'  using regular expression

2561-04-01 13:02:39 - [TEST_STEP][PASSED] - setText: Text '3 หมู่ที่ 10 ต.โป่งผา อ.แม่สาย จ.เชียงราย' is set on object 'Object Repository/Register_Page/input_ADDRESS_ALL'

2561-04-01 13:02:40 - [MESSAGE][PASSED] - Text '3 หมู่ที่ 10 ต.โป่งผา อ.แม่สาย จ.เชียงราย' is set on object 'Object Repository/Register_Page/input_ADDRESS_ALL'

2561-04-01 13:02:40 - [TEST_STEP][PASSED] - setText: Text '053646789' is set on object 'Object Repository/Register_Page/input_PHONE'

2561-04-01 13:02:40 - [MESSAGE][PASSED] - Text '053646789' is set on object 'Object Repository/Register_Page/input_PHONE'

2561-04-01 13:02:40 - [TEST_STEP][PASSED] - setText: Text '0827975510' is set on object 'Object Repository/Register_Page/input_CELL_PHONE'

2561-04-01 13:02:40 - [MESSAGE][PASSED] - Text '0827975510' is set on object 'Object Repository/Register_Page/input_CELL_PHONE'

2561-04-01 13:02:40 - [TEST_STEP][PASSED] - setText: Text '025445687' is set on object 'Object Repository/Register_Page/input_FAX'

2561-04-01 13:02:40 - [MESSAGE][PASSED] - Text '025445687' is set on object 'Object Repository/Register_Page/input_FAX'

2561-04-01 13:02:40 - [TEST_STEP][PASSED] - click: Object: 'Object Repository/Register_Page/input_submit (1)' is clicked on

2561-04-01 13:02:41 - [MESSAGE][PASSED] - Object: 'Object Repository/Register_Page/input_submit (1)' is clicked on

2561-04-01 13:02:41 - [TEST_STEP][PASSED] - closeBrowser: Browser is closed

2561-04-01 13:02:42 - [MESSAGE][PASSED] - Browser is closed]]></system-out>
         <system-err><![CDATA[]]></system-err>
      </testcase>
      <testcase name="Test Cases/Register volunteer/Register31" classname="Test Cases/Register volunteer/Register31" status="PASSED">
         <system-out><![CDATA[2561-04-01 13:02:42 - [TEST_CASE][PASSED] - Test Cases/Register volunteer/Register31: Test Cases/Register volunteer/Register31

2561-04-01 13:02:42 - [TEST_STEP][PASSED] - openBrowser: Browser is opened with url: ''

2561-04-01 13:02:44 - [MESSAGE][PASSED] - Browser is opened with url: ''

2561-04-01 13:02:44 - [TEST_STEP][PASSED] - navigateToUrl: Navigate to 'http://vivblind.play2pay.me/' successfully

2561-04-01 13:02:47 - [MESSAGE][PASSED] - Navigate to 'http://vivblind.play2pay.me/' successfully

2561-04-01 13:02:47 - [TEST_STEP][PASSED] - click: Object: 'Object Repository/Register_Page/a_' is clicked on

2561-04-01 13:02:47 - [MESSAGE][PASSED] - Object: 'Object Repository/Register_Page/a_' is clicked on

2561-04-01 13:02:47 - [TEST_STEP][PASSED] - setText: Text 'suphisit1@gmail.com' is set on object 'Object Repository/Register_Page/input_EMAIL (1)'

2561-04-01 13:02:48 - [MESSAGE][PASSED] - Text 'suphisit1@gmail.com' is set on object 'Object Repository/Register_Page/input_EMAIL (1)'

2561-04-01 13:02:48 - [TEST_STEP][PASSED] - setText: Text '0857098359' is set on object 'Object Repository/Register_Page/input_PASSWORD'

2561-04-01 13:02:48 - [MESSAGE][PASSED] - Text '0857098359' is set on object 'Object Repository/Register_Page/input_PASSWORD'

2561-04-01 13:02:48 - [TEST_STEP][PASSED] - setText: Text '0857098359' is set on object 'Object Repository/Register_Page/input_password_confirmation'

2561-04-01 13:02:48 - [MESSAGE][PASSED] - Text '0857098359' is set on object 'Object Repository/Register_Page/input_password_confirmation'

2561-04-01 13:02:48 - [TEST_STEP][PASSED] - uploadFile: File 'C:\Users\Administrator\Desktop\Test.jpg' sent to object: 'Object Repository/Register_Page/Upload File'

2561-04-01 13:02:48 - [MESSAGE][PASSED] - File 'C:\Users\Administrator\Desktop\Test.jpg' sent to object: 'Object Repository/Register_Page/Upload File'

2561-04-01 13:02:48 - [TEST_STEP][PASSED] - setText: Text 'ศุภิสิทธิ์ ' is set on object 'Object Repository/Register_Page/input_FIRST_NAME_TH'

2561-04-01 13:02:48 - [MESSAGE][PASSED] - Text 'ศุภิสิทธิ์ ' is set on object 'Object Repository/Register_Page/input_FIRST_NAME_TH'

2561-04-01 13:02:48 - [TEST_STEP][PASSED] - setText: Text 'ไข่กา' is set on object 'Object Repository/Register_Page/input_LAST_NAME_TH'

2561-04-01 13:02:48 - [MESSAGE][PASSED] - Text 'ไข่กา' is set on object 'Object Repository/Register_Page/input_LAST_NAME_TH'

2561-04-01 13:02:48 - [TEST_STEP][PASSED] - setText: Text 'Suphisit' is set on object 'Object Repository/Register_Page/input_FIRST_NAME_EN'

2561-04-01 13:02:48 - [MESSAGE][PASSED] - Text 'Suphisit' is set on object 'Object Repository/Register_Page/input_FIRST_NAME_EN'

2561-04-01 13:02:48 - [TEST_STEP][PASSED] - setText: Text 'Khaika' is set on object 'Object Repository/Register_Page/input_LAST_NAME_EN'

2561-04-01 13:02:49 - [MESSAGE][PASSED] - Text 'Khaika' is set on object 'Object Repository/Register_Page/input_LAST_NAME_EN'

2561-04-01 13:02:49 - [TEST_STEP][PASSED] - setText: Text '13/10/1994' is set on object 'Object Repository/Register_Page/input_BIRTH_DATE'

2561-04-01 13:02:49 - [MESSAGE][PASSED] - Text '13/10/1994' is set on object 'Object Repository/Register_Page/input_BIRTH_DATE'

2561-04-01 13:02:49 - [TEST_STEP][PASSED] - selectOptionByValue: All options with value 'อื่นๆ' are selected in object 'Object Repository/Register_Page/select_'  using regular expression

2561-04-01 13:02:49 - [MESSAGE][PASSED] - All options with value 'อื่นๆ' are selected in object 'Object Repository/Register_Page/select_'  using regular expression

2561-04-01 13:02:49 - [TEST_STEP][PASSED] - selectOptionByValue: All options with value 'สูงกว่าปริญญาตรี' are selected in object 'Object Repository/Register_Page/select__1'  using regular expression

2561-04-01 13:02:49 - [MESSAGE][PASSED] - All options with value 'สูงกว่าปริญญาตรี' are selected in object 'Object Repository/Register_Page/select__1'  using regular expression

2561-04-01 13:02:49 - [TEST_STEP][PASSED] - selectOptionByValue: All options with value 'อื่นๆ' are selected in object 'Object Repository/Register_Page/select__2'  using regular expression

2561-04-01 13:02:49 - [MESSAGE][PASSED] - All options with value 'อื่นๆ' are selected in object 'Object Repository/Register_Page/select__2'  using regular expression

2561-04-01 13:02:49 - [TEST_STEP][PASSED] - setText: Text '3' is set on object 'Object Repository/Register_Page/input_ADDRESS_NO'

2561-04-01 13:02:49 - [MESSAGE][PASSED] - Text '3' is set on object 'Object Repository/Register_Page/input_ADDRESS_NO'

2561-04-01 13:02:49 - [TEST_STEP][PASSED] - setText: Text 'สิบสี่' is set on object 'Object Repository/Register_Page/input_ADDRESS_MOO'

2561-04-01 13:02:50 - [MESSAGE][PASSED] - Text 'สิบสี่' is set on object 'Object Repository/Register_Page/input_ADDRESS_MOO'

2561-04-01 13:02:50 - [TEST_STEP][PASSED] - setText: Text '1235' is set on object 'Object Repository/Register_Page/input_ADDRESS_ROAD'

2561-04-01 13:02:50 - [MESSAGE][PASSED] - Text '1235' is set on object 'Object Repository/Register_Page/input_ADDRESS_ROAD'

2561-04-01 13:02:50 - [TEST_STEP][PASSED] - delay: Delayed 2 second(s)

2561-04-01 13:02:52 - [MESSAGE][PASSED] - Delayed 2 second(s)

2561-04-01 13:02:52 - [TEST_STEP][PASSED] - selectOptionByValue: All options with value '45' are selected in object 'Object Repository/Register_Page/ADDRESS_PROVINCE' 

2561-04-01 13:02:52 - [MESSAGE][PASSED] - All options with value '45' are selected in object 'Object Repository/Register_Page/ADDRESS_PROVINCE' 

2561-04-01 13:02:52 - [TEST_STEP][PASSED] - delay: Delayed 2 second(s)

2561-04-01 13:02:54 - [MESSAGE][PASSED] - Delayed 2 second(s)

2561-04-01 13:02:54 - [TEST_STEP][PASSED] - selectOptionByValue: All options with value '665' are selected in object 'Object Repository/Register_Page/ADDRESS_DISTRICT' 

2561-04-01 13:02:54 - [MESSAGE][PASSED] - All options with value '665' are selected in object 'Object Repository/Register_Page/ADDRESS_DISTRICT' 

2561-04-01 13:02:54 - [TEST_STEP][PASSED] - delay: Delayed 2 second(s)

2561-04-01 13:02:56 - [MESSAGE][PASSED] - Delayed 2 second(s)

2561-04-01 13:02:56 - [TEST_STEP][PASSED] - selectOptionByValue: All options with value '14726' are selected in object 'Object Repository/Register_Page/ADDRESS_SUBDISTRICT' 

2561-04-01 13:02:56 - [MESSAGE][PASSED] - All options with value '14726' are selected in object 'Object Repository/Register_Page/ADDRESS_SUBDISTRICT' 

2561-04-01 13:02:56 - [TEST_STEP][PASSED] - setText: Text '57130' is set on object 'Object Repository/Register_Page/input_ADDRESS_POSTCODE'

2561-04-01 13:02:56 - [MESSAGE][PASSED] - Text '57130' is set on object 'Object Repository/Register_Page/input_ADDRESS_POSTCODE'

2561-04-01 13:02:56 - [TEST_STEP][PASSED] - selectOptionByValue: All options with value 'กำลังทำงาน' are selected in object 'Object Repository/Register_Page/select__3'  using regular expression

2561-04-01 13:02:56 - [MESSAGE][PASSED] - All options with value 'กำลังทำงาน' are selected in object 'Object Repository/Register_Page/select__3'  using regular expression

2561-04-01 13:02:56 - [TEST_STEP][PASSED] - setText: Text '3 หมู่ที่ 10 ต.โป่งผา อ.แม่สาย จ.เชียงราย' is set on object 'Object Repository/Register_Page/input_ADDRESS_ALL'

2561-04-01 13:02:57 - [MESSAGE][PASSED] - Text '3 หมู่ที่ 10 ต.โป่งผา อ.แม่สาย จ.เชียงราย' is set on object 'Object Repository/Register_Page/input_ADDRESS_ALL'

2561-04-01 13:02:57 - [TEST_STEP][PASSED] - setText: Text '053646789' is set on object 'Object Repository/Register_Page/input_PHONE'

2561-04-01 13:02:57 - [MESSAGE][PASSED] - Text '053646789' is set on object 'Object Repository/Register_Page/input_PHONE'

2561-04-01 13:02:57 - [TEST_STEP][PASSED] - setText: Text '0827975510' is set on object 'Object Repository/Register_Page/input_CELL_PHONE'

2561-04-01 13:02:57 - [MESSAGE][PASSED] - Text '0827975510' is set on object 'Object Repository/Register_Page/input_CELL_PHONE'

2561-04-01 13:02:57 - [TEST_STEP][PASSED] - setText: Text '025445687' is set on object 'Object Repository/Register_Page/input_FAX'

2561-04-01 13:02:57 - [MESSAGE][PASSED] - Text '025445687' is set on object 'Object Repository/Register_Page/input_FAX'

2561-04-01 13:02:57 - [TEST_STEP][PASSED] - click: Object: 'Object Repository/Register_Page/input_submit (1)' is clicked on

2561-04-01 13:02:58 - [MESSAGE][PASSED] - Object: 'Object Repository/Register_Page/input_submit (1)' is clicked on

2561-04-01 13:02:58 - [TEST_STEP][PASSED] - closeBrowser: Browser is closed

2561-04-01 13:02:59 - [MESSAGE][PASSED] - Browser is closed]]></system-out>
         <system-err><![CDATA[]]></system-err>
      </testcase>
      <testcase name="Test Cases/Register volunteer/Register32" classname="Test Cases/Register volunteer/Register32" status="PASSED">
         <system-out><![CDATA[2561-04-01 13:02:59 - [TEST_CASE][PASSED] - Test Cases/Register volunteer/Register32: Test Cases/Register volunteer/Register32

2561-04-01 13:02:59 - [TEST_STEP][PASSED] - openBrowser: Browser is opened with url: ''

2561-04-01 13:03:02 - [MESSAGE][PASSED] - Browser is opened with url: ''

2561-04-01 13:03:02 - [TEST_STEP][PASSED] - navigateToUrl: Navigate to 'http://vivblind.play2pay.me/' successfully

2561-04-01 13:03:06 - [MESSAGE][PASSED] - Navigate to 'http://vivblind.play2pay.me/' successfully

2561-04-01 13:03:06 - [TEST_STEP][PASSED] - click: Object: 'Object Repository/Register_Page/a_' is clicked on

2561-04-01 13:03:06 - [MESSAGE][PASSED] - Object: 'Object Repository/Register_Page/a_' is clicked on

2561-04-01 13:03:06 - [TEST_STEP][PASSED] - setText: Text 'suphisit1@gmail.com' is set on object 'Object Repository/Register_Page/input_EMAIL (1)'

2561-04-01 13:03:06 - [MESSAGE][PASSED] - Text 'suphisit1@gmail.com' is set on object 'Object Repository/Register_Page/input_EMAIL (1)'

2561-04-01 13:03:06 - [TEST_STEP][PASSED] - setText: Text '0857098359' is set on object 'Object Repository/Register_Page/input_PASSWORD'

2561-04-01 13:03:07 - [MESSAGE][PASSED] - Text '0857098359' is set on object 'Object Repository/Register_Page/input_PASSWORD'

2561-04-01 13:03:07 - [TEST_STEP][PASSED] - setText: Text '0857098359' is set on object 'Object Repository/Register_Page/input_password_confirmation'

2561-04-01 13:03:07 - [MESSAGE][PASSED] - Text '0857098359' is set on object 'Object Repository/Register_Page/input_password_confirmation'

2561-04-01 13:03:07 - [TEST_STEP][PASSED] - uploadFile: File 'C:\Users\Administrator\Desktop\Test.jpg' sent to object: 'Object Repository/Register_Page/Upload File'

2561-04-01 13:03:07 - [MESSAGE][PASSED] - File 'C:\Users\Administrator\Desktop\Test.jpg' sent to object: 'Object Repository/Register_Page/Upload File'

2561-04-01 13:03:07 - [TEST_STEP][PASSED] - setText: Text 'ศุภิสิทธิ์ ' is set on object 'Object Repository/Register_Page/input_FIRST_NAME_TH'

2561-04-01 13:03:07 - [MESSAGE][PASSED] - Text 'ศุภิสิทธิ์ ' is set on object 'Object Repository/Register_Page/input_FIRST_NAME_TH'

2561-04-01 13:03:07 - [TEST_STEP][PASSED] - setText: Text 'ไข่กา' is set on object 'Object Repository/Register_Page/input_LAST_NAME_TH'

2561-04-01 13:03:07 - [MESSAGE][PASSED] - Text 'ไข่กา' is set on object 'Object Repository/Register_Page/input_LAST_NAME_TH'

2561-04-01 13:03:07 - [TEST_STEP][PASSED] - setText: Text 'Suphisit' is set on object 'Object Repository/Register_Page/input_FIRST_NAME_EN'

2561-04-01 13:03:07 - [MESSAGE][PASSED] - Text 'Suphisit' is set on object 'Object Repository/Register_Page/input_FIRST_NAME_EN'

2561-04-01 13:03:07 - [TEST_STEP][PASSED] - setText: Text 'Khaika' is set on object 'Object Repository/Register_Page/input_LAST_NAME_EN'

2561-04-01 13:03:07 - [MESSAGE][PASSED] - Text 'Khaika' is set on object 'Object Repository/Register_Page/input_LAST_NAME_EN'

2561-04-01 13:03:07 - [TEST_STEP][PASSED] - setText: Text '13/10/1994' is set on object 'Object Repository/Register_Page/input_BIRTH_DATE'

2561-04-01 13:03:07 - [MESSAGE][PASSED] - Text '13/10/1994' is set on object 'Object Repository/Register_Page/input_BIRTH_DATE'

2561-04-01 13:03:07 - [TEST_STEP][PASSED] - selectOptionByValue: All options with value 'อื่นๆ' are selected in object 'Object Repository/Register_Page/select_'  using regular expression

2561-04-01 13:03:08 - [MESSAGE][PASSED] - All options with value 'อื่นๆ' are selected in object 'Object Repository/Register_Page/select_'  using regular expression

2561-04-01 13:03:08 - [TEST_STEP][PASSED] - selectOptionByValue: All options with value 'สูงกว่าปริญญาตรี' are selected in object 'Object Repository/Register_Page/select__1'  using regular expression

2561-04-01 13:03:08 - [MESSAGE][PASSED] - All options with value 'สูงกว่าปริญญาตรี' are selected in object 'Object Repository/Register_Page/select__1'  using regular expression

2561-04-01 13:03:08 - [TEST_STEP][PASSED] - selectOptionByValue: All options with value 'อื่นๆ' are selected in object 'Object Repository/Register_Page/select__2'  using regular expression

2561-04-01 13:03:08 - [MESSAGE][PASSED] - All options with value 'อื่นๆ' are selected in object 'Object Repository/Register_Page/select__2'  using regular expression

2561-04-01 13:03:08 - [TEST_STEP][PASSED] - setText: Text '3' is set on object 'Object Repository/Register_Page/input_ADDRESS_NO'

2561-04-01 13:03:08 - [MESSAGE][PASSED] - Text '3' is set on object 'Object Repository/Register_Page/input_ADDRESS_NO'

2561-04-01 13:03:08 - [TEST_STEP][PASSED] - setText: Text '10' is set on object 'Object Repository/Register_Page/input_ADDRESS_MOO'

2561-04-01 13:03:08 - [MESSAGE][PASSED] - Text '10' is set on object 'Object Repository/Register_Page/input_ADDRESS_MOO'

2561-04-01 13:03:08 - [TEST_STEP][PASSED] - setText: Text 'พหลโยธิน' is set on object 'Object Repository/Register_Page/input_ADDRESS_ROAD'

2561-04-01 13:03:08 - [MESSAGE][PASSED] - Text 'พหลโยธิน' is set on object 'Object Repository/Register_Page/input_ADDRESS_ROAD'

2561-04-01 13:03:08 - [TEST_STEP][PASSED] - delay: Delayed 2 second(s)

2561-04-01 13:03:10 - [MESSAGE][PASSED] - Delayed 2 second(s)

2561-04-01 13:03:10 - [TEST_STEP][PASSED] - selectOptionByValue: All options with value '45' are selected in object 'Object Repository/Register_Page/ADDRESS_PROVINCE' 

2561-04-01 13:03:11 - [MESSAGE][PASSED] - All options with value '45' are selected in object 'Object Repository/Register_Page/ADDRESS_PROVINCE' 

2561-04-01 13:03:11 - [TEST_STEP][PASSED] - delay: Delayed 2 second(s)

2561-04-01 13:03:13 - [MESSAGE][PASSED] - Delayed 2 second(s)

2561-04-01 13:03:13 - [TEST_STEP][PASSED] - selectOptionByValue: All options with value '665' are selected in object 'Object Repository/Register_Page/ADDRESS_DISTRICT' 

2561-04-01 13:03:13 - [MESSAGE][PASSED] - All options with value '665' are selected in object 'Object Repository/Register_Page/ADDRESS_DISTRICT' 

2561-04-01 13:03:13 - [TEST_STEP][PASSED] - delay: Delayed 2 second(s)

2561-04-01 13:03:15 - [MESSAGE][PASSED] - Delayed 2 second(s)

2561-04-01 13:03:15 - [TEST_STEP][PASSED] - selectOptionByValue: All options with value '14726' are selected in object 'Object Repository/Register_Page/ADDRESS_SUBDISTRICT' 

2561-04-01 13:03:15 - [MESSAGE][PASSED] - All options with value '14726' are selected in object 'Object Repository/Register_Page/ADDRESS_SUBDISTRICT' 

2561-04-01 13:03:15 - [TEST_STEP][PASSED] - setText: Text '57130' is set on object 'Object Repository/Register_Page/input_ADDRESS_POSTCODE'

2561-04-01 13:03:15 - [MESSAGE][PASSED] - Text '57130' is set on object 'Object Repository/Register_Page/input_ADDRESS_POSTCODE'

2561-04-01 13:03:15 - [TEST_STEP][PASSED] - selectOptionByValue: All options with value 'กำลังทำงาน' are selected in object 'Object Repository/Register_Page/select__3'  using regular expression

2561-04-01 13:03:15 - [MESSAGE][PASSED] - All options with value 'กำลังทำงาน' are selected in object 'Object Repository/Register_Page/select__3'  using regular expression

2561-04-01 13:03:15 - [TEST_STEP][PASSED] - setText: Text '3 หมู่ที่ 10 ต.โป่งผา อ.แม่สาย จ.เชียงราย' is set on object 'Object Repository/Register_Page/input_ADDRESS_ALL'

2561-04-01 13:03:16 - [MESSAGE][PASSED] - Text '3 หมู่ที่ 10 ต.โป่งผา อ.แม่สาย จ.เชียงราย' is set on object 'Object Repository/Register_Page/input_ADDRESS_ALL'

2561-04-01 13:03:16 - [TEST_STEP][PASSED] - setText: Text '053646789' is set on object 'Object Repository/Register_Page/input_PHONE'

2561-04-01 13:03:16 - [MESSAGE][PASSED] - Text '053646789' is set on object 'Object Repository/Register_Page/input_PHONE'

2561-04-01 13:03:16 - [TEST_STEP][PASSED] - setText: Text '0827975510' is set on object 'Object Repository/Register_Page/input_CELL_PHONE'

2561-04-01 13:03:16 - [MESSAGE][PASSED] - Text '0827975510' is set on object 'Object Repository/Register_Page/input_CELL_PHONE'

2561-04-01 13:03:16 - [TEST_STEP][PASSED] - setText: Text '025445687' is set on object 'Object Repository/Register_Page/input_FAX'

2561-04-01 13:03:16 - [MESSAGE][PASSED] - Text '025445687' is set on object 'Object Repository/Register_Page/input_FAX'

2561-04-01 13:03:16 - [TEST_STEP][PASSED] - click: Object: 'Object Repository/Register_Page/input_submit (1)' is clicked on

2561-04-01 13:03:17 - [MESSAGE][PASSED] - Object: 'Object Repository/Register_Page/input_submit (1)' is clicked on

2561-04-01 13:03:17 - [TEST_STEP][PASSED] - closeBrowser: Browser is closed

2561-04-01 13:03:17 - [MESSAGE][PASSED] - Browser is closed]]></system-out>
         <system-err><![CDATA[]]></system-err>
      </testcase>
      <testcase name="Test Cases/Register volunteer/Register33" classname="Test Cases/Register volunteer/Register33" status="PASSED">
         <system-out><![CDATA[2561-04-01 13:03:17 - [TEST_CASE][PASSED] - Test Cases/Register volunteer/Register33: Test Cases/Register volunteer/Register33

2561-04-01 13:03:17 - [TEST_STEP][PASSED] - openBrowser: Browser is opened with url: ''

2561-04-01 13:03:20 - [MESSAGE][PASSED] - Browser is opened with url: ''

2561-04-01 13:03:20 - [TEST_STEP][PASSED] - navigateToUrl: Navigate to 'http://vivblind.play2pay.me/' successfully

2561-04-01 13:03:23 - [MESSAGE][PASSED] - Navigate to 'http://vivblind.play2pay.me/' successfully

2561-04-01 13:03:23 - [TEST_STEP][PASSED] - click: Object: 'Object Repository/Register_Page/a_' is clicked on

2561-04-01 13:03:24 - [MESSAGE][PASSED] - Object: 'Object Repository/Register_Page/a_' is clicked on

2561-04-01 13:03:24 - [TEST_STEP][PASSED] - setText: Text 'suphisit1@gmail.com' is set on object 'Object Repository/Register_Page/input_EMAIL (1)'

2561-04-01 13:03:24 - [MESSAGE][PASSED] - Text 'suphisit1@gmail.com' is set on object 'Object Repository/Register_Page/input_EMAIL (1)'

2561-04-01 13:03:24 - [TEST_STEP][PASSED] - setText: Text '0857098359' is set on object 'Object Repository/Register_Page/input_PASSWORD'

2561-04-01 13:03:24 - [MESSAGE][PASSED] - Text '0857098359' is set on object 'Object Repository/Register_Page/input_PASSWORD'

2561-04-01 13:03:24 - [TEST_STEP][PASSED] - setText: Text '0857098359' is set on object 'Object Repository/Register_Page/input_password_confirmation'

2561-04-01 13:03:24 - [MESSAGE][PASSED] - Text '0857098359' is set on object 'Object Repository/Register_Page/input_password_confirmation'

2561-04-01 13:03:24 - [TEST_STEP][PASSED] - uploadFile: File 'C:\Users\Administrator\Desktop\Test.jpg' sent to object: 'Object Repository/Register_Page/Upload File'

2561-04-01 13:03:24 - [MESSAGE][PASSED] - File 'C:\Users\Administrator\Desktop\Test.jpg' sent to object: 'Object Repository/Register_Page/Upload File'

2561-04-01 13:03:24 - [TEST_STEP][PASSED] - setText: Text 'ศุภิสิทธิ์ ' is set on object 'Object Repository/Register_Page/input_FIRST_NAME_TH'

2561-04-01 13:03:24 - [MESSAGE][PASSED] - Text 'ศุภิสิทธิ์ ' is set on object 'Object Repository/Register_Page/input_FIRST_NAME_TH'

2561-04-01 13:03:24 - [TEST_STEP][PASSED] - setText: Text 'ไข่กา' is set on object 'Object Repository/Register_Page/input_LAST_NAME_TH'

2561-04-01 13:03:25 - [MESSAGE][PASSED] - Text 'ไข่กา' is set on object 'Object Repository/Register_Page/input_LAST_NAME_TH'

2561-04-01 13:03:25 - [TEST_STEP][PASSED] - setText: Text 'Suphisit' is set on object 'Object Repository/Register_Page/input_FIRST_NAME_EN'

2561-04-01 13:03:25 - [MESSAGE][PASSED] - Text 'Suphisit' is set on object 'Object Repository/Register_Page/input_FIRST_NAME_EN'

2561-04-01 13:03:25 - [TEST_STEP][PASSED] - setText: Text 'Khaika' is set on object 'Object Repository/Register_Page/input_LAST_NAME_EN'

2561-04-01 13:03:25 - [MESSAGE][PASSED] - Text 'Khaika' is set on object 'Object Repository/Register_Page/input_LAST_NAME_EN'

2561-04-01 13:03:25 - [TEST_STEP][PASSED] - setText: Text '13/10/1994' is set on object 'Object Repository/Register_Page/input_BIRTH_DATE'

2561-04-01 13:03:25 - [MESSAGE][PASSED] - Text '13/10/1994' is set on object 'Object Repository/Register_Page/input_BIRTH_DATE'

2561-04-01 13:03:25 - [TEST_STEP][PASSED] - selectOptionByValue: All options with value 'อื่นๆ' are selected in object 'Object Repository/Register_Page/select_'  using regular expression

2561-04-01 13:03:25 - [MESSAGE][PASSED] - All options with value 'อื่นๆ' are selected in object 'Object Repository/Register_Page/select_'  using regular expression

2561-04-01 13:03:25 - [TEST_STEP][PASSED] - selectOptionByValue: All options with value 'สูงกว่าปริญญาตรี' are selected in object 'Object Repository/Register_Page/select__1'  using regular expression

2561-04-01 13:03:25 - [MESSAGE][PASSED] - All options with value 'สูงกว่าปริญญาตรี' are selected in object 'Object Repository/Register_Page/select__1'  using regular expression

2561-04-01 13:03:25 - [TEST_STEP][PASSED] - selectOptionByValue: All options with value 'อื่นๆ' are selected in object 'Object Repository/Register_Page/select__2'  using regular expression

2561-04-01 13:03:26 - [MESSAGE][PASSED] - All options with value 'อื่นๆ' are selected in object 'Object Repository/Register_Page/select__2'  using regular expression

2561-04-01 13:03:26 - [TEST_STEP][PASSED] - setText: Text '3' is set on object 'Object Repository/Register_Page/input_ADDRESS_NO'

2561-04-01 13:03:26 - [MESSAGE][PASSED] - Text '3' is set on object 'Object Repository/Register_Page/input_ADDRESS_NO'

2561-04-01 13:03:26 - [TEST_STEP][PASSED] - setText: Text '10' is set on object 'Object Repository/Register_Page/input_ADDRESS_MOO'

2561-04-01 13:03:26 - [MESSAGE][PASSED] - Text '10' is set on object 'Object Repository/Register_Page/input_ADDRESS_MOO'

2561-04-01 13:03:26 - [TEST_STEP][PASSED] - setText: Text 'พหลโยธิน' is set on object 'Object Repository/Register_Page/input_ADDRESS_ROAD'

2561-04-01 13:03:26 - [MESSAGE][PASSED] - Text 'พหลโยธิน' is set on object 'Object Repository/Register_Page/input_ADDRESS_ROAD'

2561-04-01 13:03:26 - [TEST_STEP][PASSED] - delay: Delayed 2 second(s)

2561-04-01 13:03:28 - [MESSAGE][PASSED] - Delayed 2 second(s)

2561-04-01 13:03:28 - [TEST_STEP][PASSED] - selectOptionByValue: All options with value '45' are selected in object 'Object Repository/Register_Page/ADDRESS_PROVINCE' 

2561-04-01 13:03:28 - [MESSAGE][PASSED] - All options with value '45' are selected in object 'Object Repository/Register_Page/ADDRESS_PROVINCE' 

2561-04-01 13:03:28 - [TEST_STEP][PASSED] - setText: Text '57130' is set on object 'Object Repository/Register_Page/input_ADDRESS_POSTCODE'

2561-04-01 13:03:28 - [MESSAGE][PASSED] - Text '57130' is set on object 'Object Repository/Register_Page/input_ADDRESS_POSTCODE'

2561-04-01 13:03:28 - [TEST_STEP][PASSED] - selectOptionByValue: All options with value 'กำลังทำงาน' are selected in object 'Object Repository/Register_Page/select__3'  using regular expression

2561-04-01 13:03:28 - [MESSAGE][PASSED] - All options with value 'กำลังทำงาน' are selected in object 'Object Repository/Register_Page/select__3'  using regular expression

2561-04-01 13:03:28 - [TEST_STEP][PASSED] - setText: Text '3 หมู่ที่ 10 ต.โป่งผา อ.แม่สาย จ.เชียงราย' is set on object 'Object Repository/Register_Page/input_ADDRESS_ALL'

2561-04-01 13:03:29 - [MESSAGE][PASSED] - Text '3 หมู่ที่ 10 ต.โป่งผา อ.แม่สาย จ.เชียงราย' is set on object 'Object Repository/Register_Page/input_ADDRESS_ALL'

2561-04-01 13:03:29 - [TEST_STEP][PASSED] - setText: Text '053646789' is set on object 'Object Repository/Register_Page/input_PHONE'

2561-04-01 13:03:29 - [MESSAGE][PASSED] - Text '053646789' is set on object 'Object Repository/Register_Page/input_PHONE'

2561-04-01 13:03:29 - [TEST_STEP][PASSED] - setText: Text '0827975510' is set on object 'Object Repository/Register_Page/input_CELL_PHONE'

2561-04-01 13:03:29 - [MESSAGE][PASSED] - Text '0827975510' is set on object 'Object Repository/Register_Page/input_CELL_PHONE'

2561-04-01 13:03:29 - [TEST_STEP][PASSED] - setText: Text '025445687' is set on object 'Object Repository/Register_Page/input_FAX'

2561-04-01 13:03:29 - [MESSAGE][PASSED] - Text '025445687' is set on object 'Object Repository/Register_Page/input_FAX'

2561-04-01 13:03:29 - [TEST_STEP][PASSED] - click: Object: 'Object Repository/Register_Page/input_submit (1)' is clicked on

2561-04-01 13:03:30 - [MESSAGE][PASSED] - Object: 'Object Repository/Register_Page/input_submit (1)' is clicked on

2561-04-01 13:03:30 - [TEST_STEP][PASSED] - verifyTextPresent: Text 'กรุณาเลือกอำเภอ' is present on page 

2561-04-01 13:03:30 - [MESSAGE][PASSED] - Text 'กรุณาเลือกอำเภอ' is present on page 

2561-04-01 13:03:30 - [TEST_STEP][PASSED] - verifyTextPresent: Text 'กรุณาเลือกตำบล' is present on page 

2561-04-01 13:03:30 - [MESSAGE][PASSED] - Text 'กรุณาเลือกตำบล' is present on page 

2561-04-01 13:03:30 - [TEST_STEP][PASSED] - closeBrowser: Browser is closed

2561-04-01 13:03:31 - [MESSAGE][PASSED] - Browser is closed]]></system-out>
         <system-err><![CDATA[]]></system-err>
      </testcase>
      <testcase name="Test Cases/Register volunteer/Register34" classname="Test Cases/Register volunteer/Register34" status="PASSED">
         <system-out><![CDATA[2561-04-01 13:03:31 - [TEST_CASE][PASSED] - Test Cases/Register volunteer/Register34: Test Cases/Register volunteer/Register34

2561-04-01 13:03:31 - [TEST_STEP][PASSED] - openBrowser: Browser is opened with url: ''

2561-04-01 13:03:34 - [MESSAGE][PASSED] - Browser is opened with url: ''

2561-04-01 13:03:34 - [TEST_STEP][PASSED] - navigateToUrl: Navigate to 'http://vivblind.play2pay.me/' successfully

2561-04-01 13:03:37 - [MESSAGE][PASSED] - Navigate to 'http://vivblind.play2pay.me/' successfully

2561-04-01 13:03:37 - [TEST_STEP][PASSED] - click: Object: 'Object Repository/Register_Page/a_' is clicked on

2561-04-01 13:03:38 - [MESSAGE][PASSED] - Object: 'Object Repository/Register_Page/a_' is clicked on

2561-04-01 13:03:38 - [TEST_STEP][PASSED] - setText: Text 'suphisit1@gmail.com' is set on object 'Object Repository/Register_Page/input_EMAIL (1)'

2561-04-01 13:03:38 - [MESSAGE][PASSED] - Text 'suphisit1@gmail.com' is set on object 'Object Repository/Register_Page/input_EMAIL (1)'

2561-04-01 13:03:38 - [TEST_STEP][PASSED] - setText: Text '0857098359' is set on object 'Object Repository/Register_Page/input_PASSWORD'

2561-04-01 13:03:38 - [MESSAGE][PASSED] - Text '0857098359' is set on object 'Object Repository/Register_Page/input_PASSWORD'

2561-04-01 13:03:38 - [TEST_STEP][PASSED] - setText: Text '0857098359' is set on object 'Object Repository/Register_Page/input_password_confirmation'

2561-04-01 13:03:38 - [MESSAGE][PASSED] - Text '0857098359' is set on object 'Object Repository/Register_Page/input_password_confirmation'

2561-04-01 13:03:38 - [TEST_STEP][PASSED] - uploadFile: File 'C:\Users\Administrator\Desktop\Test.jpg' sent to object: 'Object Repository/Register_Page/Upload File'

2561-04-01 13:03:38 - [MESSAGE][PASSED] - File 'C:\Users\Administrator\Desktop\Test.jpg' sent to object: 'Object Repository/Register_Page/Upload File'

2561-04-01 13:03:38 - [TEST_STEP][PASSED] - setText: Text 'ศุภิสิทธิ์ ' is set on object 'Object Repository/Register_Page/input_FIRST_NAME_TH'

2561-04-01 13:03:38 - [MESSAGE][PASSED] - Text 'ศุภิสิทธิ์ ' is set on object 'Object Repository/Register_Page/input_FIRST_NAME_TH'

2561-04-01 13:03:38 - [TEST_STEP][PASSED] - setText: Text 'ไข่กา' is set on object 'Object Repository/Register_Page/input_LAST_NAME_TH'

2561-04-01 13:03:39 - [MESSAGE][PASSED] - Text 'ไข่กา' is set on object 'Object Repository/Register_Page/input_LAST_NAME_TH'

2561-04-01 13:03:39 - [TEST_STEP][PASSED] - setText: Text 'Suphisit' is set on object 'Object Repository/Register_Page/input_FIRST_NAME_EN'

2561-04-01 13:03:39 - [MESSAGE][PASSED] - Text 'Suphisit' is set on object 'Object Repository/Register_Page/input_FIRST_NAME_EN'

2561-04-01 13:03:39 - [TEST_STEP][PASSED] - setText: Text 'Khaika' is set on object 'Object Repository/Register_Page/input_LAST_NAME_EN'

2561-04-01 13:03:39 - [MESSAGE][PASSED] - Text 'Khaika' is set on object 'Object Repository/Register_Page/input_LAST_NAME_EN'

2561-04-01 13:03:39 - [TEST_STEP][PASSED] - setText: Text '13/10/1994' is set on object 'Object Repository/Register_Page/input_BIRTH_DATE'

2561-04-01 13:03:39 - [MESSAGE][PASSED] - Text '13/10/1994' is set on object 'Object Repository/Register_Page/input_BIRTH_DATE'

2561-04-01 13:03:39 - [TEST_STEP][PASSED] - selectOptionByValue: All options with value 'อื่นๆ' are selected in object 'Object Repository/Register_Page/select_'  using regular expression

2561-04-01 13:03:39 - [MESSAGE][PASSED] - All options with value 'อื่นๆ' are selected in object 'Object Repository/Register_Page/select_'  using regular expression

2561-04-01 13:03:39 - [TEST_STEP][PASSED] - selectOptionByValue: All options with value 'สูงกว่าปริญญาตรี' are selected in object 'Object Repository/Register_Page/select__1'  using regular expression

2561-04-01 13:03:40 - [MESSAGE][PASSED] - All options with value 'สูงกว่าปริญญาตรี' are selected in object 'Object Repository/Register_Page/select__1'  using regular expression

2561-04-01 13:03:40 - [TEST_STEP][PASSED] - selectOptionByValue: All options with value 'อื่นๆ' are selected in object 'Object Repository/Register_Page/select__2'  using regular expression

2561-04-01 13:03:40 - [MESSAGE][PASSED] - All options with value 'อื่นๆ' are selected in object 'Object Repository/Register_Page/select__2'  using regular expression

2561-04-01 13:03:40 - [TEST_STEP][PASSED] - setText: Text '3' is set on object 'Object Repository/Register_Page/input_ADDRESS_NO'

2561-04-01 13:03:40 - [MESSAGE][PASSED] - Text '3' is set on object 'Object Repository/Register_Page/input_ADDRESS_NO'

2561-04-01 13:03:40 - [TEST_STEP][PASSED] - setText: Text '10' is set on object 'Object Repository/Register_Page/input_ADDRESS_MOO'

2561-04-01 13:03:40 - [MESSAGE][PASSED] - Text '10' is set on object 'Object Repository/Register_Page/input_ADDRESS_MOO'

2561-04-01 13:03:40 - [TEST_STEP][PASSED] - setText: Text 'พหลโยธิน' is set on object 'Object Repository/Register_Page/input_ADDRESS_ROAD'

2561-04-01 13:03:40 - [MESSAGE][PASSED] - Text 'พหลโยธิน' is set on object 'Object Repository/Register_Page/input_ADDRESS_ROAD'

2561-04-01 13:03:40 - [TEST_STEP][PASSED] - delay: Delayed 2 second(s)

2561-04-01 13:03:42 - [MESSAGE][PASSED] - Delayed 2 second(s)

2561-04-01 13:03:42 - [TEST_STEP][PASSED] - selectOptionByValue: All options with value '45' are selected in object 'Object Repository/Register_Page/ADDRESS_PROVINCE' 

2561-04-01 13:03:43 - [MESSAGE][PASSED] - All options with value '45' are selected in object 'Object Repository/Register_Page/ADDRESS_PROVINCE' 

2561-04-01 13:03:43 - [TEST_STEP][PASSED] - delay: Delayed 2 second(s)

2561-04-01 13:03:45 - [MESSAGE][PASSED] - Delayed 2 second(s)

2561-04-01 13:03:45 - [TEST_STEP][PASSED] - selectOptionByValue: All options with value '665' are selected in object 'Object Repository/Register_Page/ADDRESS_DISTRICT' 

2561-04-01 13:03:45 - [MESSAGE][PASSED] - All options with value '665' are selected in object 'Object Repository/Register_Page/ADDRESS_DISTRICT' 

2561-04-01 13:03:45 - [TEST_STEP][PASSED] - setText: Text '57130' is set on object 'Object Repository/Register_Page/input_ADDRESS_POSTCODE'

2561-04-01 13:03:45 - [MESSAGE][PASSED] - Text '57130' is set on object 'Object Repository/Register_Page/input_ADDRESS_POSTCODE'

2561-04-01 13:03:45 - [TEST_STEP][PASSED] - selectOptionByValue: All options with value 'กำลังทำงาน' are selected in object 'Object Repository/Register_Page/select__3'  using regular expression

2561-04-01 13:03:45 - [MESSAGE][PASSED] - All options with value 'กำลังทำงาน' are selected in object 'Object Repository/Register_Page/select__3'  using regular expression

2561-04-01 13:03:45 - [TEST_STEP][PASSED] - setText: Text '3 หมู่ที่ 10 ต.โป่งผา อ.แม่สาย จ.เชียงราย' is set on object 'Object Repository/Register_Page/input_ADDRESS_ALL'

2561-04-01 13:03:45 - [MESSAGE][PASSED] - Text '3 หมู่ที่ 10 ต.โป่งผา อ.แม่สาย จ.เชียงราย' is set on object 'Object Repository/Register_Page/input_ADDRESS_ALL'

2561-04-01 13:03:45 - [TEST_STEP][PASSED] - setText: Text '053646789' is set on object 'Object Repository/Register_Page/input_PHONE'

2561-04-01 13:03:45 - [MESSAGE][PASSED] - Text '053646789' is set on object 'Object Repository/Register_Page/input_PHONE'

2561-04-01 13:03:45 - [TEST_STEP][PASSED] - setText: Text '0827975510' is set on object 'Object Repository/Register_Page/input_CELL_PHONE'

2561-04-01 13:03:46 - [MESSAGE][PASSED] - Text '0827975510' is set on object 'Object Repository/Register_Page/input_CELL_PHONE'

2561-04-01 13:03:46 - [TEST_STEP][PASSED] - setText: Text '025445687' is set on object 'Object Repository/Register_Page/input_FAX'

2561-04-01 13:03:46 - [MESSAGE][PASSED] - Text '025445687' is set on object 'Object Repository/Register_Page/input_FAX'

2561-04-01 13:03:46 - [TEST_STEP][PASSED] - click: Object: 'Object Repository/Register_Page/input_submit (1)' is clicked on

2561-04-01 13:03:46 - [MESSAGE][PASSED] - Object: 'Object Repository/Register_Page/input_submit (1)' is clicked on

2561-04-01 13:03:46 - [TEST_STEP][PASSED] - verifyTextPresent: Text 'กรุณาเลือกตำบล' is present on page 

2561-04-01 13:03:46 - [MESSAGE][PASSED] - Text 'กรุณาเลือกตำบล' is present on page 

2561-04-01 13:03:46 - [TEST_STEP][PASSED] - closeBrowser: Browser is closed

2561-04-01 13:03:47 - [MESSAGE][PASSED] - Browser is closed]]></system-out>
         <system-err><![CDATA[]]></system-err>
      </testcase>
      <testcase name="Test Cases/Register volunteer/Register35" classname="Test Cases/Register volunteer/Register35" status="PASSED">
         <system-out><![CDATA[2561-04-01 13:03:47 - [TEST_CASE][PASSED] - Test Cases/Register volunteer/Register35: Test Cases/Register volunteer/Register35

2561-04-01 13:03:47 - [TEST_STEP][PASSED] - openBrowser: Browser is opened with url: ''

2561-04-01 13:03:50 - [MESSAGE][PASSED] - Browser is opened with url: ''

2561-04-01 13:03:50 - [TEST_STEP][PASSED] - navigateToUrl: Navigate to 'http://vivblind.play2pay.me/' successfully

2561-04-01 13:03:54 - [MESSAGE][PASSED] - Navigate to 'http://vivblind.play2pay.me/' successfully

2561-04-01 13:03:54 - [TEST_STEP][PASSED] - click: Object: 'Object Repository/Register_Page/a_' is clicked on

2561-04-01 13:03:55 - [MESSAGE][PASSED] - Object: 'Object Repository/Register_Page/a_' is clicked on

2561-04-01 13:03:55 - [TEST_STEP][PASSED] - setText: Text 'suphisit1@gmail.com' is set on object 'Object Repository/Register_Page/input_EMAIL (1)'

2561-04-01 13:03:55 - [MESSAGE][PASSED] - Text 'suphisit1@gmail.com' is set on object 'Object Repository/Register_Page/input_EMAIL (1)'

2561-04-01 13:03:55 - [TEST_STEP][PASSED] - setText: Text '0857098359' is set on object 'Object Repository/Register_Page/input_PASSWORD'

2561-04-01 13:03:55 - [MESSAGE][PASSED] - Text '0857098359' is set on object 'Object Repository/Register_Page/input_PASSWORD'

2561-04-01 13:03:55 - [TEST_STEP][PASSED] - setText: Text '0857098359' is set on object 'Object Repository/Register_Page/input_password_confirmation'

2561-04-01 13:03:55 - [MESSAGE][PASSED] - Text '0857098359' is set on object 'Object Repository/Register_Page/input_password_confirmation'

2561-04-01 13:03:55 - [TEST_STEP][PASSED] - uploadFile: File 'C:\Users\Administrator\Desktop\Test.jpg' sent to object: 'Object Repository/Register_Page/Upload File'

2561-04-01 13:03:55 - [MESSAGE][PASSED] - File 'C:\Users\Administrator\Desktop\Test.jpg' sent to object: 'Object Repository/Register_Page/Upload File'

2561-04-01 13:03:55 - [TEST_STEP][PASSED] - setText: Text 'ศุภิสิทธิ์ ' is set on object 'Object Repository/Register_Page/input_FIRST_NAME_TH'

2561-04-01 13:03:56 - [MESSAGE][PASSED] - Text 'ศุภิสิทธิ์ ' is set on object 'Object Repository/Register_Page/input_FIRST_NAME_TH'

2561-04-01 13:03:56 - [TEST_STEP][PASSED] - setText: Text 'ไข่กา' is set on object 'Object Repository/Register_Page/input_LAST_NAME_TH'

2561-04-01 13:03:56 - [MESSAGE][PASSED] - Text 'ไข่กา' is set on object 'Object Repository/Register_Page/input_LAST_NAME_TH'

2561-04-01 13:03:56 - [TEST_STEP][PASSED] - setText: Text 'Suphisit' is set on object 'Object Repository/Register_Page/input_FIRST_NAME_EN'

2561-04-01 13:03:56 - [MESSAGE][PASSED] - Text 'Suphisit' is set on object 'Object Repository/Register_Page/input_FIRST_NAME_EN'

2561-04-01 13:03:56 - [TEST_STEP][PASSED] - setText: Text 'Khaika' is set on object 'Object Repository/Register_Page/input_LAST_NAME_EN'

2561-04-01 13:03:56 - [MESSAGE][PASSED] - Text 'Khaika' is set on object 'Object Repository/Register_Page/input_LAST_NAME_EN'

2561-04-01 13:03:56 - [TEST_STEP][PASSED] - setText: Text '13/10/1994' is set on object 'Object Repository/Register_Page/input_BIRTH_DATE'

2561-04-01 13:03:56 - [MESSAGE][PASSED] - Text '13/10/1994' is set on object 'Object Repository/Register_Page/input_BIRTH_DATE'

2561-04-01 13:03:56 - [TEST_STEP][PASSED] - selectOptionByValue: All options with value 'อื่นๆ' are selected in object 'Object Repository/Register_Page/select_'  using regular expression

2561-04-01 13:03:57 - [MESSAGE][PASSED] - All options with value 'อื่นๆ' are selected in object 'Object Repository/Register_Page/select_'  using regular expression

2561-04-01 13:03:57 - [TEST_STEP][PASSED] - selectOptionByValue: All options with value 'สูงกว่าปริญญาตรี' are selected in object 'Object Repository/Register_Page/select__1'  using regular expression

2561-04-01 13:03:57 - [MESSAGE][PASSED] - All options with value 'สูงกว่าปริญญาตรี' are selected in object 'Object Repository/Register_Page/select__1'  using regular expression

2561-04-01 13:03:57 - [TEST_STEP][PASSED] - selectOptionByValue: All options with value 'อื่นๆ' are selected in object 'Object Repository/Register_Page/select__2'  using regular expression

2561-04-01 13:03:57 - [MESSAGE][PASSED] - All options with value 'อื่นๆ' are selected in object 'Object Repository/Register_Page/select__2'  using regular expression

2561-04-01 13:03:57 - [TEST_STEP][PASSED] - setText: Text '3' is set on object 'Object Repository/Register_Page/input_ADDRESS_NO'

2561-04-01 13:03:57 - [MESSAGE][PASSED] - Text '3' is set on object 'Object Repository/Register_Page/input_ADDRESS_NO'

2561-04-01 13:03:57 - [TEST_STEP][PASSED] - setText: Text '10' is set on object 'Object Repository/Register_Page/input_ADDRESS_MOO'

2561-04-01 13:03:57 - [MESSAGE][PASSED] - Text '10' is set on object 'Object Repository/Register_Page/input_ADDRESS_MOO'

2561-04-01 13:03:57 - [TEST_STEP][PASSED] - setText: Text 'พหลโยธิน' is set on object 'Object Repository/Register_Page/input_ADDRESS_ROAD'

2561-04-01 13:03:57 - [MESSAGE][PASSED] - Text 'พหลโยธิน' is set on object 'Object Repository/Register_Page/input_ADDRESS_ROAD'

2561-04-01 13:03:57 - [TEST_STEP][PASSED] - setText: Text '57130' is set on object 'Object Repository/Register_Page/input_ADDRESS_POSTCODE'

2561-04-01 13:03:57 - [MESSAGE][PASSED] - Text '57130' is set on object 'Object Repository/Register_Page/input_ADDRESS_POSTCODE'

2561-04-01 13:03:57 - [TEST_STEP][PASSED] - selectOptionByValue: All options with value 'กำลังทำงาน' are selected in object 'Object Repository/Register_Page/select__3'  using regular expression

2561-04-01 13:03:58 - [MESSAGE][PASSED] - All options with value 'กำลังทำงาน' are selected in object 'Object Repository/Register_Page/select__3'  using regular expression

2561-04-01 13:03:58 - [TEST_STEP][PASSED] - setText: Text '3 หมู่ที่ 10 ต.โป่งผา อ.แม่สาย จ.เชียงราย' is set on object 'Object Repository/Register_Page/input_ADDRESS_ALL'

2561-04-01 13:03:58 - [MESSAGE][PASSED] - Text '3 หมู่ที่ 10 ต.โป่งผา อ.แม่สาย จ.เชียงราย' is set on object 'Object Repository/Register_Page/input_ADDRESS_ALL'

2561-04-01 13:03:58 - [TEST_STEP][PASSED] - setText: Text '053646789' is set on object 'Object Repository/Register_Page/input_PHONE'

2561-04-01 13:03:58 - [MESSAGE][PASSED] - Text '053646789' is set on object 'Object Repository/Register_Page/input_PHONE'

2561-04-01 13:03:58 - [TEST_STEP][PASSED] - setText: Text '0827975510' is set on object 'Object Repository/Register_Page/input_CELL_PHONE'

2561-04-01 13:03:58 - [MESSAGE][PASSED] - Text '0827975510' is set on object 'Object Repository/Register_Page/input_CELL_PHONE'

2561-04-01 13:03:58 - [TEST_STEP][PASSED] - setText: Text '025445687' is set on object 'Object Repository/Register_Page/input_FAX'

2561-04-01 13:03:58 - [MESSAGE][PASSED] - Text '025445687' is set on object 'Object Repository/Register_Page/input_FAX'

2561-04-01 13:03:58 - [TEST_STEP][PASSED] - click: Object: 'Object Repository/Register_Page/input_submit (1)' is clicked on

2561-04-01 13:03:59 - [MESSAGE][PASSED] - Object: 'Object Repository/Register_Page/input_submit (1)' is clicked on

2561-04-01 13:03:59 - [TEST_STEP][PASSED] - verifyTextPresent: Text 'กรุณาเลือกจังหวัด' is present on page 

2561-04-01 13:03:59 - [MESSAGE][PASSED] - Text 'กรุณาเลือกจังหวัด' is present on page 

2561-04-01 13:03:59 - [TEST_STEP][PASSED] - verifyTextPresent: Text 'กรุณาเลือกอำเภอ' is present on page 

2561-04-01 13:03:59 - [MESSAGE][PASSED] - Text 'กรุณาเลือกอำเภอ' is present on page 

2561-04-01 13:03:59 - [TEST_STEP][PASSED] - verifyTextPresent: Text 'กรุณาเลือกตำบล' is present on page 

2561-04-01 13:03:59 - [MESSAGE][PASSED] - Text 'กรุณาเลือกตำบล' is present on page 

2561-04-01 13:03:59 - [TEST_STEP][PASSED] - closeBrowser: Browser is closed

2561-04-01 13:04:00 - [MESSAGE][PASSED] - Browser is closed]]></system-out>
         <system-err><![CDATA[]]></system-err>
      </testcase>
      <testcase name="Test Cases/Register volunteer/Register36" classname="Test Cases/Register volunteer/Register36" status="PASSED">
         <system-out><![CDATA[2561-04-01 13:04:00 - [TEST_CASE][PASSED] - Test Cases/Register volunteer/Register36: Test Cases/Register volunteer/Register36

2561-04-01 13:04:00 - [TEST_STEP][PASSED] - openBrowser: Browser is opened with url: ''

2561-04-01 13:04:04 - [MESSAGE][PASSED] - Browser is opened with url: ''

2561-04-01 13:04:04 - [TEST_STEP][PASSED] - navigateToUrl: Navigate to 'http://vivblind.play2pay.me/' successfully

2561-04-01 13:04:08 - [MESSAGE][PASSED] - Navigate to 'http://vivblind.play2pay.me/' successfully

2561-04-01 13:04:08 - [TEST_STEP][PASSED] - click: Object: 'Object Repository/Register_Page/a_' is clicked on

2561-04-01 13:04:08 - [MESSAGE][PASSED] - Object: 'Object Repository/Register_Page/a_' is clicked on

2561-04-01 13:04:08 - [TEST_STEP][PASSED] - setText: Text 'suphisit1@gmail.com' is set on object 'Object Repository/Register_Page/input_EMAIL (1)'

2561-04-01 13:04:08 - [MESSAGE][PASSED] - Text 'suphisit1@gmail.com' is set on object 'Object Repository/Register_Page/input_EMAIL (1)'

2561-04-01 13:04:08 - [TEST_STEP][PASSED] - setText: Text '0857098359' is set on object 'Object Repository/Register_Page/input_PASSWORD'

2561-04-01 13:04:08 - [MESSAGE][PASSED] - Text '0857098359' is set on object 'Object Repository/Register_Page/input_PASSWORD'

2561-04-01 13:04:08 - [TEST_STEP][PASSED] - setText: Text '0857098359' is set on object 'Object Repository/Register_Page/input_password_confirmation'

2561-04-01 13:04:09 - [MESSAGE][PASSED] - Text '0857098359' is set on object 'Object Repository/Register_Page/input_password_confirmation'

2561-04-01 13:04:09 - [TEST_STEP][PASSED] - uploadFile: File 'C:\Users\Administrator\Desktop\Test.jpg' sent to object: 'Object Repository/Register_Page/Upload File'

2561-04-01 13:04:09 - [MESSAGE][PASSED] - File 'C:\Users\Administrator\Desktop\Test.jpg' sent to object: 'Object Repository/Register_Page/Upload File'

2561-04-01 13:04:09 - [TEST_STEP][PASSED] - setText: Text 'ศุภิสิทธิ์ ' is set on object 'Object Repository/Register_Page/input_FIRST_NAME_TH'

2561-04-01 13:04:09 - [MESSAGE][PASSED] - Text 'ศุภิสิทธิ์ ' is set on object 'Object Repository/Register_Page/input_FIRST_NAME_TH'

2561-04-01 13:04:09 - [TEST_STEP][PASSED] - setText: Text 'ไข่กา' is set on object 'Object Repository/Register_Page/input_LAST_NAME_TH'

2561-04-01 13:04:09 - [MESSAGE][PASSED] - Text 'ไข่กา' is set on object 'Object Repository/Register_Page/input_LAST_NAME_TH'

2561-04-01 13:04:09 - [TEST_STEP][PASSED] - setText: Text 'Suphisit' is set on object 'Object Repository/Register_Page/input_FIRST_NAME_EN'

2561-04-01 13:04:09 - [MESSAGE][PASSED] - Text 'Suphisit' is set on object 'Object Repository/Register_Page/input_FIRST_NAME_EN'

2561-04-01 13:04:09 - [TEST_STEP][PASSED] - setText: Text 'Khaika' is set on object 'Object Repository/Register_Page/input_LAST_NAME_EN'

2561-04-01 13:04:09 - [MESSAGE][PASSED] - Text 'Khaika' is set on object 'Object Repository/Register_Page/input_LAST_NAME_EN'

2561-04-01 13:04:09 - [TEST_STEP][PASSED] - setText: Text '13/10/1994' is set on object 'Object Repository/Register_Page/input_BIRTH_DATE'

2561-04-01 13:04:09 - [MESSAGE][PASSED] - Text '13/10/1994' is set on object 'Object Repository/Register_Page/input_BIRTH_DATE'

2561-04-01 13:04:09 - [TEST_STEP][PASSED] - selectOptionByValue: All options with value 'อื่นๆ' are selected in object 'Object Repository/Register_Page/select_'  using regular expression

2561-04-01 13:04:10 - [MESSAGE][PASSED] - All options with value 'อื่นๆ' are selected in object 'Object Repository/Register_Page/select_'  using regular expression

2561-04-01 13:04:10 - [TEST_STEP][PASSED] - selectOptionByValue: All options with value 'สูงกว่าปริญญาตรี' are selected in object 'Object Repository/Register_Page/select__1'  using regular expression

2561-04-01 13:04:10 - [MESSAGE][PASSED] - All options with value 'สูงกว่าปริญญาตรี' are selected in object 'Object Repository/Register_Page/select__1'  using regular expression

2561-04-01 13:04:10 - [TEST_STEP][PASSED] - selectOptionByValue: All options with value 'อื่นๆ' are selected in object 'Object Repository/Register_Page/select__2'  using regular expression

2561-04-01 13:04:10 - [MESSAGE][PASSED] - All options with value 'อื่นๆ' are selected in object 'Object Repository/Register_Page/select__2'  using regular expression

2561-04-01 13:04:10 - [TEST_STEP][PASSED] - setText: Text '3' is set on object 'Object Repository/Register_Page/input_ADDRESS_NO'

2561-04-01 13:04:10 - [MESSAGE][PASSED] - Text '3' is set on object 'Object Repository/Register_Page/input_ADDRESS_NO'

2561-04-01 13:04:10 - [TEST_STEP][PASSED] - setText: Text '10' is set on object 'Object Repository/Register_Page/input_ADDRESS_MOO'

2561-04-01 13:04:10 - [MESSAGE][PASSED] - Text '10' is set on object 'Object Repository/Register_Page/input_ADDRESS_MOO'

2561-04-01 13:04:10 - [TEST_STEP][PASSED] - setText: Text 'พหลโยธิน' is set on object 'Object Repository/Register_Page/input_ADDRESS_ROAD'

2561-04-01 13:04:10 - [MESSAGE][PASSED] - Text 'พหลโยธิน' is set on object 'Object Repository/Register_Page/input_ADDRESS_ROAD'

2561-04-01 13:04:10 - [TEST_STEP][PASSED] - delay: Delayed 2 second(s)

2561-04-01 13:04:12 - [MESSAGE][PASSED] - Delayed 2 second(s)

2561-04-01 13:04:12 - [TEST_STEP][PASSED] - selectOptionByValue: All options with value '45' are selected in object 'Object Repository/Register_Page/ADDRESS_PROVINCE' 

2561-04-01 13:04:13 - [MESSAGE][PASSED] - All options with value '45' are selected in object 'Object Repository/Register_Page/ADDRESS_PROVINCE' 

2561-04-01 13:04:13 - [TEST_STEP][PASSED] - delay: Delayed 2 second(s)

2561-04-01 13:04:15 - [MESSAGE][PASSED] - Delayed 2 second(s)

2561-04-01 13:04:15 - [TEST_STEP][PASSED] - selectOptionByValue: All options with value '665' are selected in object 'Object Repository/Register_Page/ADDRESS_DISTRICT' 

2561-04-01 13:04:15 - [MESSAGE][PASSED] - All options with value '665' are selected in object 'Object Repository/Register_Page/ADDRESS_DISTRICT' 

2561-04-01 13:04:15 - [TEST_STEP][PASSED] - delay: Delayed 2 second(s)

2561-04-01 13:04:17 - [MESSAGE][PASSED] - Delayed 2 second(s)

2561-04-01 13:04:17 - [TEST_STEP][PASSED] - selectOptionByValue: All options with value '14726' are selected in object 'Object Repository/Register_Page/ADDRESS_SUBDISTRICT' 

2561-04-01 13:04:17 - [MESSAGE][PASSED] - All options with value '14726' are selected in object 'Object Repository/Register_Page/ADDRESS_SUBDISTRICT' 

2561-04-01 13:04:17 - [TEST_STEP][PASSED] - setText: Text '' is set on object 'Object Repository/Register_Page/input_ADDRESS_POSTCODE'

2561-04-01 13:04:17 - [MESSAGE][PASSED] - Text '' is set on object 'Object Repository/Register_Page/input_ADDRESS_POSTCODE'

2561-04-01 13:04:17 - [TEST_STEP][PASSED] - selectOptionByValue: All options with value 'กำลังทำงาน' are selected in object 'Object Repository/Register_Page/select__3'  using regular expression

2561-04-01 13:04:17 - [MESSAGE][PASSED] - All options with value 'กำลังทำงาน' are selected in object 'Object Repository/Register_Page/select__3'  using regular expression

2561-04-01 13:04:17 - [TEST_STEP][PASSED] - setText: Text '3 หมู่ที่ 10 ต.โป่งผา อ.แม่สาย จ.เชียงราย' is set on object 'Object Repository/Register_Page/input_ADDRESS_ALL'

2561-04-01 13:04:17 - [MESSAGE][PASSED] - Text '3 หมู่ที่ 10 ต.โป่งผา อ.แม่สาย จ.เชียงราย' is set on object 'Object Repository/Register_Page/input_ADDRESS_ALL'

2561-04-01 13:04:17 - [TEST_STEP][PASSED] - setText: Text '053646789' is set on object 'Object Repository/Register_Page/input_PHONE'

2561-04-01 13:04:18 - [MESSAGE][PASSED] - Text '053646789' is set on object 'Object Repository/Register_Page/input_PHONE'

2561-04-01 13:04:18 - [TEST_STEP][PASSED] - setText: Text '0827975510' is set on object 'Object Repository/Register_Page/input_CELL_PHONE'

2561-04-01 13:04:18 - [MESSAGE][PASSED] - Text '0827975510' is set on object 'Object Repository/Register_Page/input_CELL_PHONE'

2561-04-01 13:04:18 - [TEST_STEP][PASSED] - setText: Text '025445687' is set on object 'Object Repository/Register_Page/input_FAX'

2561-04-01 13:04:18 - [MESSAGE][PASSED] - Text '025445687' is set on object 'Object Repository/Register_Page/input_FAX'

2561-04-01 13:04:18 - [TEST_STEP][PASSED] - click: Object: 'Object Repository/Register_Page/input_submit (1)' is clicked on

2561-04-01 13:04:19 - [MESSAGE][PASSED] - Object: 'Object Repository/Register_Page/input_submit (1)' is clicked on

2561-04-01 13:04:19 - [TEST_STEP][PASSED] - verifyTextPresent: Text 'กรุณากรอกรหัสไปรษณีย์' is present on page 

2561-04-01 13:04:19 - [MESSAGE][PASSED] - Text 'กรุณากรอกรหัสไปรษณีย์' is present on page 

2561-04-01 13:04:19 - [TEST_STEP][PASSED] - closeBrowser: Browser is closed

2561-04-01 13:04:20 - [MESSAGE][PASSED] - Browser is closed]]></system-out>
         <system-err><![CDATA[]]></system-err>
      </testcase>
      <testcase name="Test Cases/Register volunteer/Register37" classname="Test Cases/Register volunteer/Register37" status="PASSED">
         <system-out><![CDATA[2561-04-01 13:04:20 - [TEST_CASE][PASSED] - Test Cases/Register volunteer/Register37: Test Cases/Register volunteer/Register37

2561-04-01 13:04:20 - [TEST_STEP][PASSED] - openBrowser: Browser is opened with url: ''

2561-04-01 13:04:23 - [MESSAGE][PASSED] - Browser is opened with url: ''

2561-04-01 13:04:23 - [TEST_STEP][PASSED] - navigateToUrl: Navigate to 'http://vivblind.play2pay.me/' successfully

2561-04-01 13:04:26 - [MESSAGE][PASSED] - Navigate to 'http://vivblind.play2pay.me/' successfully

2561-04-01 13:04:26 - [TEST_STEP][PASSED] - click: Object: 'Object Repository/Register_Page/a_' is clicked on

2561-04-01 13:04:27 - [MESSAGE][PASSED] - Object: 'Object Repository/Register_Page/a_' is clicked on

2561-04-01 13:04:27 - [TEST_STEP][PASSED] - setText: Text 'suphisit1@gmail.com' is set on object 'Object Repository/Register_Page/input_EMAIL (1)'

2561-04-01 13:04:27 - [MESSAGE][PASSED] - Text 'suphisit1@gmail.com' is set on object 'Object Repository/Register_Page/input_EMAIL (1)'

2561-04-01 13:04:27 - [TEST_STEP][PASSED] - setText: Text '0857098359' is set on object 'Object Repository/Register_Page/input_PASSWORD'

2561-04-01 13:04:27 - [MESSAGE][PASSED] - Text '0857098359' is set on object 'Object Repository/Register_Page/input_PASSWORD'

2561-04-01 13:04:27 - [TEST_STEP][PASSED] - setText: Text '0857098359' is set on object 'Object Repository/Register_Page/input_password_confirmation'

2561-04-01 13:04:27 - [MESSAGE][PASSED] - Text '0857098359' is set on object 'Object Repository/Register_Page/input_password_confirmation'

2561-04-01 13:04:27 - [TEST_STEP][PASSED] - uploadFile: File 'C:\Users\Administrator\Desktop\Test.jpg' sent to object: 'Object Repository/Register_Page/Upload File'

2561-04-01 13:04:27 - [MESSAGE][PASSED] - File 'C:\Users\Administrator\Desktop\Test.jpg' sent to object: 'Object Repository/Register_Page/Upload File'

2561-04-01 13:04:27 - [TEST_STEP][PASSED] - setText: Text 'ศุภิสิทธิ์ ' is set on object 'Object Repository/Register_Page/input_FIRST_NAME_TH'

2561-04-01 13:04:27 - [MESSAGE][PASSED] - Text 'ศุภิสิทธิ์ ' is set on object 'Object Repository/Register_Page/input_FIRST_NAME_TH'

2561-04-01 13:04:27 - [TEST_STEP][PASSED] - setText: Text 'ไข่กา' is set on object 'Object Repository/Register_Page/input_LAST_NAME_TH'

2561-04-01 13:04:28 - [MESSAGE][PASSED] - Text 'ไข่กา' is set on object 'Object Repository/Register_Page/input_LAST_NAME_TH'

2561-04-01 13:04:28 - [TEST_STEP][PASSED] - setText: Text 'Suphisit' is set on object 'Object Repository/Register_Page/input_FIRST_NAME_EN'

2561-04-01 13:04:28 - [MESSAGE][PASSED] - Text 'Suphisit' is set on object 'Object Repository/Register_Page/input_FIRST_NAME_EN'

2561-04-01 13:04:28 - [TEST_STEP][PASSED] - setText: Text 'Khaika' is set on object 'Object Repository/Register_Page/input_LAST_NAME_EN'

2561-04-01 13:04:28 - [MESSAGE][PASSED] - Text 'Khaika' is set on object 'Object Repository/Register_Page/input_LAST_NAME_EN'

2561-04-01 13:04:28 - [TEST_STEP][PASSED] - setText: Text '13/10/1994' is set on object 'Object Repository/Register_Page/input_BIRTH_DATE'

2561-04-01 13:04:28 - [MESSAGE][PASSED] - Text '13/10/1994' is set on object 'Object Repository/Register_Page/input_BIRTH_DATE'

2561-04-01 13:04:28 - [TEST_STEP][PASSED] - selectOptionByValue: All options with value 'อื่นๆ' are selected in object 'Object Repository/Register_Page/select_'  using regular expression

2561-04-01 13:04:28 - [MESSAGE][PASSED] - All options with value 'อื่นๆ' are selected in object 'Object Repository/Register_Page/select_'  using regular expression

2561-04-01 13:04:28 - [TEST_STEP][PASSED] - selectOptionByValue: All options with value 'สูงกว่าปริญญาตรี' are selected in object 'Object Repository/Register_Page/select__1'  using regular expression

2561-04-01 13:04:28 - [MESSAGE][PASSED] - All options with value 'สูงกว่าปริญญาตรี' are selected in object 'Object Repository/Register_Page/select__1'  using regular expression

2561-04-01 13:04:28 - [TEST_STEP][PASSED] - selectOptionByValue: All options with value 'อื่นๆ' are selected in object 'Object Repository/Register_Page/select__2'  using regular expression

2561-04-01 13:04:29 - [MESSAGE][PASSED] - All options with value 'อื่นๆ' are selected in object 'Object Repository/Register_Page/select__2'  using regular expression

2561-04-01 13:04:29 - [TEST_STEP][PASSED] - setText: Text '3' is set on object 'Object Repository/Register_Page/input_ADDRESS_NO'

2561-04-01 13:04:29 - [MESSAGE][PASSED] - Text '3' is set on object 'Object Repository/Register_Page/input_ADDRESS_NO'

2561-04-01 13:04:29 - [TEST_STEP][PASSED] - setText: Text '10' is set on object 'Object Repository/Register_Page/input_ADDRESS_MOO'

2561-04-01 13:04:29 - [MESSAGE][PASSED] - Text '10' is set on object 'Object Repository/Register_Page/input_ADDRESS_MOO'

2561-04-01 13:04:29 - [TEST_STEP][PASSED] - setText: Text 'พหลโยธิน' is set on object 'Object Repository/Register_Page/input_ADDRESS_ROAD'

2561-04-01 13:04:29 - [MESSAGE][PASSED] - Text 'พหลโยธิน' is set on object 'Object Repository/Register_Page/input_ADDRESS_ROAD'

2561-04-01 13:04:29 - [TEST_STEP][PASSED] - delay: Delayed 2 second(s)

2561-04-01 13:04:31 - [MESSAGE][PASSED] - Delayed 2 second(s)

2561-04-01 13:04:31 - [TEST_STEP][PASSED] - selectOptionByValue: All options with value '45' are selected in object 'Object Repository/Register_Page/ADDRESS_PROVINCE' 

2561-04-01 13:04:31 - [MESSAGE][PASSED] - All options with value '45' are selected in object 'Object Repository/Register_Page/ADDRESS_PROVINCE' 

2561-04-01 13:04:31 - [TEST_STEP][PASSED] - delay: Delayed 2 second(s)

2561-04-01 13:04:33 - [MESSAGE][PASSED] - Delayed 2 second(s)

2561-04-01 13:04:33 - [TEST_STEP][PASSED] - selectOptionByValue: All options with value '665' are selected in object 'Object Repository/Register_Page/ADDRESS_DISTRICT' 

2561-04-01 13:04:33 - [MESSAGE][PASSED] - All options with value '665' are selected in object 'Object Repository/Register_Page/ADDRESS_DISTRICT' 

2561-04-01 13:04:33 - [TEST_STEP][PASSED] - delay: Delayed 2 second(s)

2561-04-01 13:04:35 - [MESSAGE][PASSED] - Delayed 2 second(s)

2561-04-01 13:04:35 - [TEST_STEP][PASSED] - selectOptionByValue: All options with value '14726' are selected in object 'Object Repository/Register_Page/ADDRESS_SUBDISTRICT' 

2561-04-01 13:04:35 - [MESSAGE][PASSED] - All options with value '14726' are selected in object 'Object Repository/Register_Page/ADDRESS_SUBDISTRICT' 

2561-04-01 13:04:35 - [TEST_STEP][PASSED] - setText: Text '57130' is set on object 'Object Repository/Register_Page/input_ADDRESS_POSTCODE'

2561-04-01 13:04:36 - [MESSAGE][PASSED] - Text '57130' is set on object 'Object Repository/Register_Page/input_ADDRESS_POSTCODE'

2561-04-01 13:04:36 - [TEST_STEP][PASSED] - selectOptionByValue: All options with value 'กำลังทำงาน' are selected in object 'Object Repository/Register_Page/select__3'  using regular expression

2561-04-01 13:04:36 - [MESSAGE][PASSED] - All options with value 'กำลังทำงาน' are selected in object 'Object Repository/Register_Page/select__3'  using regular expression

2561-04-01 13:04:36 - [TEST_STEP][PASSED] - setText: Text '3 หมู่ที่ 10 ต.โป่งผา อ.แม่สาย จ.เชียงราย' is set on object 'Object Repository/Register_Page/input_ADDRESS_ALL'

2561-04-01 13:04:36 - [MESSAGE][PASSED] - Text '3 หมู่ที่ 10 ต.โป่งผา อ.แม่สาย จ.เชียงราย' is set on object 'Object Repository/Register_Page/input_ADDRESS_ALL'

2561-04-01 13:04:36 - [TEST_STEP][PASSED] - setText: Text '053646789' is set on object 'Object Repository/Register_Page/input_PHONE'

2561-04-01 13:04:36 - [MESSAGE][PASSED] - Text '053646789' is set on object 'Object Repository/Register_Page/input_PHONE'

2561-04-01 13:04:36 - [TEST_STEP][PASSED] - setText: Text '0827975510' is set on object 'Object Repository/Register_Page/input_CELL_PHONE'

2561-04-01 13:04:36 - [MESSAGE][PASSED] - Text '0827975510' is set on object 'Object Repository/Register_Page/input_CELL_PHONE'

2561-04-01 13:04:36 - [TEST_STEP][PASSED] - setText: Text '025445687' is set on object 'Object Repository/Register_Page/input_FAX'

2561-04-01 13:04:37 - [MESSAGE][PASSED] - Text '025445687' is set on object 'Object Repository/Register_Page/input_FAX'

2561-04-01 13:04:37 - [TEST_STEP][PASSED] - click: Object: 'Object Repository/Register_Page/input_submit (1)' is clicked on

2561-04-01 13:04:37 - [MESSAGE][PASSED] - Object: 'Object Repository/Register_Page/input_submit (1)' is clicked on

2561-04-01 13:04:37 - [TEST_STEP][PASSED] - closeBrowser: Browser is closed

2561-04-01 13:04:38 - [MESSAGE][PASSED] - Browser is closed]]></system-out>
         <system-err><![CDATA[]]></system-err>
      </testcase>
      <testcase name="Test Cases/Register volunteer/Register38" classname="Test Cases/Register volunteer/Register38" status="PASSED">
         <system-out><![CDATA[2561-04-01 13:04:38 - [TEST_CASE][PASSED] - Test Cases/Register volunteer/Register38: Test Cases/Register volunteer/Register38

2561-04-01 13:04:38 - [TEST_STEP][PASSED] - openBrowser: Browser is opened with url: ''

2561-04-01 13:04:41 - [MESSAGE][PASSED] - Browser is opened with url: ''

2561-04-01 13:04:41 - [TEST_STEP][PASSED] - navigateToUrl: Navigate to 'http://vivblind.play2pay.me/' successfully

2561-04-01 13:04:45 - [MESSAGE][PASSED] - Navigate to 'http://vivblind.play2pay.me/' successfully

2561-04-01 13:04:45 - [TEST_STEP][PASSED] - click: Object: 'Object Repository/Register_Page/a_' is clicked on

2561-04-01 13:04:46 - [MESSAGE][PASSED] - Object: 'Object Repository/Register_Page/a_' is clicked on

2561-04-01 13:04:46 - [TEST_STEP][PASSED] - setText: Text 'suphisit1@gmail.com' is set on object 'Object Repository/Register_Page/input_EMAIL (1)'

2561-04-01 13:04:46 - [MESSAGE][PASSED] - Text 'suphisit1@gmail.com' is set on object 'Object Repository/Register_Page/input_EMAIL (1)'

2561-04-01 13:04:46 - [TEST_STEP][PASSED] - setText: Text '0857098359' is set on object 'Object Repository/Register_Page/input_PASSWORD'

2561-04-01 13:04:46 - [MESSAGE][PASSED] - Text '0857098359' is set on object 'Object Repository/Register_Page/input_PASSWORD'

2561-04-01 13:04:46 - [TEST_STEP][PASSED] - setText: Text '0857098359' is set on object 'Object Repository/Register_Page/input_password_confirmation'

2561-04-01 13:04:46 - [MESSAGE][PASSED] - Text '0857098359' is set on object 'Object Repository/Register_Page/input_password_confirmation'

2561-04-01 13:04:46 - [TEST_STEP][PASSED] - uploadFile: File 'C:\Users\Administrator\Desktop\Test.jpg' sent to object: 'Object Repository/Register_Page/Upload File'

2561-04-01 13:04:46 - [MESSAGE][PASSED] - File 'C:\Users\Administrator\Desktop\Test.jpg' sent to object: 'Object Repository/Register_Page/Upload File'

2561-04-01 13:04:46 - [TEST_STEP][PASSED] - setText: Text 'ศุภิสิทธิ์ ' is set on object 'Object Repository/Register_Page/input_FIRST_NAME_TH'

2561-04-01 13:04:47 - [MESSAGE][PASSED] - Text 'ศุภิสิทธิ์ ' is set on object 'Object Repository/Register_Page/input_FIRST_NAME_TH'

2561-04-01 13:04:47 - [TEST_STEP][PASSED] - setText: Text 'ไข่กา' is set on object 'Object Repository/Register_Page/input_LAST_NAME_TH'

2561-04-01 13:04:47 - [MESSAGE][PASSED] - Text 'ไข่กา' is set on object 'Object Repository/Register_Page/input_LAST_NAME_TH'

2561-04-01 13:04:47 - [TEST_STEP][PASSED] - setText: Text 'Suphisit' is set on object 'Object Repository/Register_Page/input_FIRST_NAME_EN'

2561-04-01 13:04:47 - [MESSAGE][PASSED] - Text 'Suphisit' is set on object 'Object Repository/Register_Page/input_FIRST_NAME_EN'

2561-04-01 13:04:47 - [TEST_STEP][PASSED] - setText: Text 'Khaika' is set on object 'Object Repository/Register_Page/input_LAST_NAME_EN'

2561-04-01 13:04:47 - [MESSAGE][PASSED] - Text 'Khaika' is set on object 'Object Repository/Register_Page/input_LAST_NAME_EN'

2561-04-01 13:04:47 - [TEST_STEP][PASSED] - setText: Text '13/10/1994' is set on object 'Object Repository/Register_Page/input_BIRTH_DATE'

2561-04-01 13:04:47 - [MESSAGE][PASSED] - Text '13/10/1994' is set on object 'Object Repository/Register_Page/input_BIRTH_DATE'

2561-04-01 13:04:47 - [TEST_STEP][PASSED] - selectOptionByValue: All options with value 'อื่นๆ' are selected in object 'Object Repository/Register_Page/select_'  using regular expression

2561-04-01 13:04:47 - [MESSAGE][PASSED] - All options with value 'อื่นๆ' are selected in object 'Object Repository/Register_Page/select_'  using regular expression

2561-04-01 13:04:47 - [TEST_STEP][PASSED] - selectOptionByValue: All options with value 'สูงกว่าปริญญาตรี' are selected in object 'Object Repository/Register_Page/select__1'  using regular expression

2561-04-01 13:04:48 - [MESSAGE][PASSED] - All options with value 'สูงกว่าปริญญาตรี' are selected in object 'Object Repository/Register_Page/select__1'  using regular expression

2561-04-01 13:04:48 - [TEST_STEP][PASSED] - selectOptionByValue: All options with value 'อื่นๆ' are selected in object 'Object Repository/Register_Page/select__2'  using regular expression

2561-04-01 13:04:48 - [MESSAGE][PASSED] - All options with value 'อื่นๆ' are selected in object 'Object Repository/Register_Page/select__2'  using regular expression

2561-04-01 13:04:48 - [TEST_STEP][PASSED] - setText: Text '3' is set on object 'Object Repository/Register_Page/input_ADDRESS_NO'

2561-04-01 13:04:48 - [MESSAGE][PASSED] - Text '3' is set on object 'Object Repository/Register_Page/input_ADDRESS_NO'

2561-04-01 13:04:48 - [TEST_STEP][PASSED] - setText: Text '10' is set on object 'Object Repository/Register_Page/input_ADDRESS_MOO'

2561-04-01 13:04:48 - [MESSAGE][PASSED] - Text '10' is set on object 'Object Repository/Register_Page/input_ADDRESS_MOO'

2561-04-01 13:04:48 - [TEST_STEP][PASSED] - setText: Text 'พหลโยธิน' is set on object 'Object Repository/Register_Page/input_ADDRESS_ROAD'

2561-04-01 13:04:48 - [MESSAGE][PASSED] - Text 'พหลโยธิน' is set on object 'Object Repository/Register_Page/input_ADDRESS_ROAD'

2561-04-01 13:04:48 - [TEST_STEP][PASSED] - delay: Delayed 2 second(s)

2561-04-01 13:04:50 - [MESSAGE][PASSED] - Delayed 2 second(s)

2561-04-01 13:04:50 - [TEST_STEP][PASSED] - selectOptionByValue: All options with value '45' are selected in object 'Object Repository/Register_Page/ADDRESS_PROVINCE' 

2561-04-01 13:04:50 - [MESSAGE][PASSED] - All options with value '45' are selected in object 'Object Repository/Register_Page/ADDRESS_PROVINCE' 

2561-04-01 13:04:50 - [TEST_STEP][PASSED] - delay: Delayed 2 second(s)

2561-04-01 13:04:52 - [MESSAGE][PASSED] - Delayed 2 second(s)

2561-04-01 13:04:52 - [TEST_STEP][PASSED] - selectOptionByValue: All options with value '665' are selected in object 'Object Repository/Register_Page/ADDRESS_DISTRICT' 

2561-04-01 13:04:52 - [MESSAGE][PASSED] - All options with value '665' are selected in object 'Object Repository/Register_Page/ADDRESS_DISTRICT' 

2561-04-01 13:04:52 - [TEST_STEP][PASSED] - delay: Delayed 2 second(s)

2561-04-01 13:04:54 - [MESSAGE][PASSED] - Delayed 2 second(s)

2561-04-01 13:04:54 - [TEST_STEP][PASSED] - selectOptionByValue: All options with value '14726' are selected in object 'Object Repository/Register_Page/ADDRESS_SUBDISTRICT' 

2561-04-01 13:04:55 - [MESSAGE][PASSED] - All options with value '14726' are selected in object 'Object Repository/Register_Page/ADDRESS_SUBDISTRICT' 

2561-04-01 13:04:55 - [TEST_STEP][PASSED] - setText: Text '57130' is set on object 'Object Repository/Register_Page/input_ADDRESS_POSTCODE'

2561-04-01 13:04:55 - [MESSAGE][PASSED] - Text '57130' is set on object 'Object Repository/Register_Page/input_ADDRESS_POSTCODE'

2561-04-01 13:04:55 - [TEST_STEP][PASSED] - setText: Text '3 หมู่ที่ 10 ต.โป่งผา อ.แม่สาย จ.เชียงราย' is set on object 'Object Repository/Register_Page/input_ADDRESS_ALL'

2561-04-01 13:04:55 - [MESSAGE][PASSED] - Text '3 หมู่ที่ 10 ต.โป่งผา อ.แม่สาย จ.เชียงราย' is set on object 'Object Repository/Register_Page/input_ADDRESS_ALL'

2561-04-01 13:04:55 - [TEST_STEP][PASSED] - setText: Text '053646789' is set on object 'Object Repository/Register_Page/input_PHONE'

2561-04-01 13:04:55 - [MESSAGE][PASSED] - Text '053646789' is set on object 'Object Repository/Register_Page/input_PHONE'

2561-04-01 13:04:55 - [TEST_STEP][PASSED] - setText: Text '0827975510' is set on object 'Object Repository/Register_Page/input_CELL_PHONE'

2561-04-01 13:04:55 - [MESSAGE][PASSED] - Text '0827975510' is set on object 'Object Repository/Register_Page/input_CELL_PHONE'

2561-04-01 13:04:55 - [TEST_STEP][PASSED] - setText: Text '025445687' is set on object 'Object Repository/Register_Page/input_FAX'

2561-04-01 13:04:55 - [MESSAGE][PASSED] - Text '025445687' is set on object 'Object Repository/Register_Page/input_FAX'

2561-04-01 13:04:55 - [TEST_STEP][PASSED] - click: Object: 'Object Repository/Register_Page/input_submit (1)' is clicked on

2561-04-01 13:04:56 - [MESSAGE][PASSED] - Object: 'Object Repository/Register_Page/input_submit (1)' is clicked on

2561-04-01 13:04:56 - [TEST_STEP][PASSED] - verifyTextPresent: Text 'กรุณาเลือกสถานะ การศึกษา,ทำงาน' is present on page 

2561-04-01 13:04:57 - [MESSAGE][PASSED] - Text 'กรุณาเลือกสถานะ การศึกษา,ทำงาน' is present on page 

2561-04-01 13:04:57 - [TEST_STEP][PASSED] - closeBrowser: Browser is closed

2561-04-01 13:04:57 - [MESSAGE][PASSED] - Browser is closed]]></system-out>
         <system-err><![CDATA[]]></system-err>
      </testcase>
      <testcase name="Test Cases/Register volunteer/Register39" classname="Test Cases/Register volunteer/Register39" status="PASSED">
         <system-out><![CDATA[2561-04-01 13:04:57 - [TEST_CASE][PASSED] - Test Cases/Register volunteer/Register39: Test Cases/Register volunteer/Register39

2561-04-01 13:04:57 - [TEST_STEP][PASSED] - openBrowser: Browser is opened with url: ''

2561-04-01 13:05:00 - [MESSAGE][PASSED] - Browser is opened with url: ''

2561-04-01 13:05:00 - [TEST_STEP][PASSED] - navigateToUrl: Navigate to 'http://vivblind.play2pay.me/' successfully

2561-04-01 13:05:04 - [MESSAGE][PASSED] - Navigate to 'http://vivblind.play2pay.me/' successfully

2561-04-01 13:05:04 - [TEST_STEP][PASSED] - click: Object: 'Object Repository/Register_Page/a_' is clicked on

2561-04-01 13:05:05 - [MESSAGE][PASSED] - Object: 'Object Repository/Register_Page/a_' is clicked on

2561-04-01 13:05:05 - [TEST_STEP][PASSED] - setText: Text 'suphisit1@gmail.com' is set on object 'Object Repository/Register_Page/input_EMAIL (1)'

2561-04-01 13:05:05 - [MESSAGE][PASSED] - Text 'suphisit1@gmail.com' is set on object 'Object Repository/Register_Page/input_EMAIL (1)'

2561-04-01 13:05:05 - [TEST_STEP][PASSED] - setText: Text '0857098359' is set on object 'Object Repository/Register_Page/input_PASSWORD'

2561-04-01 13:05:05 - [MESSAGE][PASSED] - Text '0857098359' is set on object 'Object Repository/Register_Page/input_PASSWORD'

2561-04-01 13:05:05 - [TEST_STEP][PASSED] - setText: Text '0857098359' is set on object 'Object Repository/Register_Page/input_password_confirmation'

2561-04-01 13:05:05 - [MESSAGE][PASSED] - Text '0857098359' is set on object 'Object Repository/Register_Page/input_password_confirmation'

2561-04-01 13:05:05 - [TEST_STEP][PASSED] - uploadFile: File 'C:\Users\Administrator\Desktop\Test.jpg' sent to object: 'Object Repository/Register_Page/Upload File'

2561-04-01 13:05:05 - [MESSAGE][PASSED] - File 'C:\Users\Administrator\Desktop\Test.jpg' sent to object: 'Object Repository/Register_Page/Upload File'

2561-04-01 13:05:05 - [TEST_STEP][PASSED] - setText: Text 'ศุภิสิทธิ์ ' is set on object 'Object Repository/Register_Page/input_FIRST_NAME_TH'

2561-04-01 13:05:06 - [MESSAGE][PASSED] - Text 'ศุภิสิทธิ์ ' is set on object 'Object Repository/Register_Page/input_FIRST_NAME_TH'

2561-04-01 13:05:06 - [TEST_STEP][PASSED] - setText: Text 'ไข่กา' is set on object 'Object Repository/Register_Page/input_LAST_NAME_TH'

2561-04-01 13:05:06 - [MESSAGE][PASSED] - Text 'ไข่กา' is set on object 'Object Repository/Register_Page/input_LAST_NAME_TH'

2561-04-01 13:05:06 - [TEST_STEP][PASSED] - setText: Text 'Suphisit' is set on object 'Object Repository/Register_Page/input_FIRST_NAME_EN'

2561-04-01 13:05:06 - [MESSAGE][PASSED] - Text 'Suphisit' is set on object 'Object Repository/Register_Page/input_FIRST_NAME_EN'

2561-04-01 13:05:06 - [TEST_STEP][PASSED] - setText: Text 'Khaika' is set on object 'Object Repository/Register_Page/input_LAST_NAME_EN'

2561-04-01 13:05:06 - [MESSAGE][PASSED] - Text 'Khaika' is set on object 'Object Repository/Register_Page/input_LAST_NAME_EN'

2561-04-01 13:05:06 - [TEST_STEP][PASSED] - setText: Text '13/10/1994' is set on object 'Object Repository/Register_Page/input_BIRTH_DATE'

2561-04-01 13:05:06 - [MESSAGE][PASSED] - Text '13/10/1994' is set on object 'Object Repository/Register_Page/input_BIRTH_DATE'

2561-04-01 13:05:06 - [TEST_STEP][PASSED] - selectOptionByValue: All options with value 'อื่นๆ' are selected in object 'Object Repository/Register_Page/select_'  using regular expression

2561-04-01 13:05:06 - [MESSAGE][PASSED] - All options with value 'อื่นๆ' are selected in object 'Object Repository/Register_Page/select_'  using regular expression

2561-04-01 13:05:06 - [TEST_STEP][PASSED] - selectOptionByValue: All options with value 'สูงกว่าปริญญาตรี' are selected in object 'Object Repository/Register_Page/select__1'  using regular expression

2561-04-01 13:05:07 - [MESSAGE][PASSED] - All options with value 'สูงกว่าปริญญาตรี' are selected in object 'Object Repository/Register_Page/select__1'  using regular expression

2561-04-01 13:05:07 - [TEST_STEP][PASSED] - selectOptionByValue: All options with value 'อื่นๆ' are selected in object 'Object Repository/Register_Page/select__2'  using regular expression

2561-04-01 13:05:07 - [MESSAGE][PASSED] - All options with value 'อื่นๆ' are selected in object 'Object Repository/Register_Page/select__2'  using regular expression

2561-04-01 13:05:07 - [TEST_STEP][PASSED] - setText: Text '3' is set on object 'Object Repository/Register_Page/input_ADDRESS_NO'

2561-04-01 13:05:07 - [MESSAGE][PASSED] - Text '3' is set on object 'Object Repository/Register_Page/input_ADDRESS_NO'

2561-04-01 13:05:07 - [TEST_STEP][PASSED] - setText: Text '10' is set on object 'Object Repository/Register_Page/input_ADDRESS_MOO'

2561-04-01 13:05:07 - [MESSAGE][PASSED] - Text '10' is set on object 'Object Repository/Register_Page/input_ADDRESS_MOO'

2561-04-01 13:05:07 - [TEST_STEP][PASSED] - setText: Text 'พหลโยธิน' is set on object 'Object Repository/Register_Page/input_ADDRESS_ROAD'

2561-04-01 13:05:07 - [MESSAGE][PASSED] - Text 'พหลโยธิน' is set on object 'Object Repository/Register_Page/input_ADDRESS_ROAD'

2561-04-01 13:05:07 - [TEST_STEP][PASSED] - delay: Delayed 2 second(s)

2561-04-01 13:05:09 - [MESSAGE][PASSED] - Delayed 2 second(s)

2561-04-01 13:05:09 - [TEST_STEP][PASSED] - selectOptionByValue: All options with value '45' are selected in object 'Object Repository/Register_Page/ADDRESS_PROVINCE' 

2561-04-01 13:05:09 - [MESSAGE][PASSED] - All options with value '45' are selected in object 'Object Repository/Register_Page/ADDRESS_PROVINCE' 

2561-04-01 13:05:09 - [TEST_STEP][PASSED] - delay: Delayed 2 second(s)

2561-04-01 13:05:11 - [MESSAGE][PASSED] - Delayed 2 second(s)

2561-04-01 13:05:11 - [TEST_STEP][PASSED] - selectOptionByValue: All options with value '665' are selected in object 'Object Repository/Register_Page/ADDRESS_DISTRICT' 

2561-04-01 13:05:11 - [MESSAGE][PASSED] - All options with value '665' are selected in object 'Object Repository/Register_Page/ADDRESS_DISTRICT' 

2561-04-01 13:05:11 - [TEST_STEP][PASSED] - delay: Delayed 2 second(s)

2561-04-01 13:05:13 - [MESSAGE][PASSED] - Delayed 2 second(s)

2561-04-01 13:05:13 - [TEST_STEP][PASSED] - selectOptionByValue: All options with value '14726' are selected in object 'Object Repository/Register_Page/ADDRESS_SUBDISTRICT' 

2561-04-01 13:05:14 - [MESSAGE][PASSED] - All options with value '14726' are selected in object 'Object Repository/Register_Page/ADDRESS_SUBDISTRICT' 

2561-04-01 13:05:14 - [TEST_STEP][PASSED] - setText: Text '57130' is set on object 'Object Repository/Register_Page/input_ADDRESS_POSTCODE'

2561-04-01 13:05:14 - [MESSAGE][PASSED] - Text '57130' is set on object 'Object Repository/Register_Page/input_ADDRESS_POSTCODE'

2561-04-01 13:05:14 - [TEST_STEP][PASSED] - selectOptionByValue: All options with value 'กำลังศึกษา' are selected in object 'Object Repository/Register_Page/select__3'  using regular expression

2561-04-01 13:05:14 - [MESSAGE][PASSED] - All options with value 'กำลังศึกษา' are selected in object 'Object Repository/Register_Page/select__3'  using regular expression

2561-04-01 13:05:14 - [TEST_STEP][PASSED] - setText: Text '3 หมู่ที่ 10 ต.โป่งผา อ.แม่สาย จ.เชียงราย' is set on object 'Object Repository/Register_Page/input_ADDRESS_ALL'

2561-04-01 13:05:14 - [MESSAGE][PASSED] - Text '3 หมู่ที่ 10 ต.โป่งผา อ.แม่สาย จ.เชียงราย' is set on object 'Object Repository/Register_Page/input_ADDRESS_ALL'

2561-04-01 13:05:14 - [TEST_STEP][PASSED] - setText: Text '053646789' is set on object 'Object Repository/Register_Page/input_PHONE'

2561-04-01 13:05:14 - [MESSAGE][PASSED] - Text '053646789' is set on object 'Object Repository/Register_Page/input_PHONE'

2561-04-01 13:05:14 - [TEST_STEP][PASSED] - setText: Text '0827975510' is set on object 'Object Repository/Register_Page/input_CELL_PHONE'

2561-04-01 13:05:15 - [MESSAGE][PASSED] - Text '0827975510' is set on object 'Object Repository/Register_Page/input_CELL_PHONE'

2561-04-01 13:05:15 - [TEST_STEP][PASSED] - setText: Text '025445687' is set on object 'Object Repository/Register_Page/input_FAX'

2561-04-01 13:05:15 - [MESSAGE][PASSED] - Text '025445687' is set on object 'Object Repository/Register_Page/input_FAX'

2561-04-01 13:05:15 - [TEST_STEP][PASSED] - click: Object: 'Object Repository/Register_Page/input_submit (1)' is clicked on

2561-04-01 13:05:16 - [MESSAGE][PASSED] - Object: 'Object Repository/Register_Page/input_submit (1)' is clicked on

2561-04-01 13:05:16 - [TEST_STEP][PASSED] - closeBrowser: Browser is closed

2561-04-01 13:05:16 - [MESSAGE][PASSED] - Browser is closed]]></system-out>
         <system-err><![CDATA[]]></system-err>
      </testcase>
      <testcase name="Test Cases/Register volunteer/Register40" classname="Test Cases/Register volunteer/Register40" status="PASSED">
         <system-out><![CDATA[2561-04-01 13:05:16 - [TEST_CASE][PASSED] - Test Cases/Register volunteer/Register40: Test Cases/Register volunteer/Register40

2561-04-01 13:05:16 - [TEST_STEP][PASSED] - openBrowser: Browser is opened with url: ''

2561-04-01 13:05:19 - [MESSAGE][PASSED] - Browser is opened with url: ''

2561-04-01 13:05:19 - [TEST_STEP][PASSED] - navigateToUrl: Navigate to 'http://vivblind.play2pay.me/' successfully

2561-04-01 13:05:23 - [MESSAGE][PASSED] - Navigate to 'http://vivblind.play2pay.me/' successfully

2561-04-01 13:05:23 - [TEST_STEP][PASSED] - click: Object: 'Object Repository/Register_Page/a_' is clicked on

2561-04-01 13:05:24 - [MESSAGE][PASSED] - Object: 'Object Repository/Register_Page/a_' is clicked on

2561-04-01 13:05:24 - [TEST_STEP][PASSED] - setText: Text 'suphisit1@gmail.com' is set on object 'Object Repository/Register_Page/input_EMAIL (1)'

2561-04-01 13:05:24 - [MESSAGE][PASSED] - Text 'suphisit1@gmail.com' is set on object 'Object Repository/Register_Page/input_EMAIL (1)'

2561-04-01 13:05:24 - [TEST_STEP][PASSED] - setText: Text '0857098359' is set on object 'Object Repository/Register_Page/input_PASSWORD'

2561-04-01 13:05:24 - [MESSAGE][PASSED] - Text '0857098359' is set on object 'Object Repository/Register_Page/input_PASSWORD'

2561-04-01 13:05:24 - [TEST_STEP][PASSED] - setText: Text '0857098359' is set on object 'Object Repository/Register_Page/input_password_confirmation'

2561-04-01 13:05:24 - [MESSAGE][PASSED] - Text '0857098359' is set on object 'Object Repository/Register_Page/input_password_confirmation'

2561-04-01 13:05:24 - [TEST_STEP][PASSED] - uploadFile: File 'C:\Users\Administrator\Desktop\Test.jpg' sent to object: 'Object Repository/Register_Page/Upload File'

2561-04-01 13:05:25 - [MESSAGE][PASSED] - File 'C:\Users\Administrator\Desktop\Test.jpg' sent to object: 'Object Repository/Register_Page/Upload File'

2561-04-01 13:05:25 - [TEST_STEP][PASSED] - setText: Text 'ศุภิสิทธิ์ ' is set on object 'Object Repository/Register_Page/input_FIRST_NAME_TH'

2561-04-01 13:05:25 - [MESSAGE][PASSED] - Text 'ศุภิสิทธิ์ ' is set on object 'Object Repository/Register_Page/input_FIRST_NAME_TH'

2561-04-01 13:05:25 - [TEST_STEP][PASSED] - setText: Text 'ไข่กา' is set on object 'Object Repository/Register_Page/input_LAST_NAME_TH'

2561-04-01 13:05:25 - [MESSAGE][PASSED] - Text 'ไข่กา' is set on object 'Object Repository/Register_Page/input_LAST_NAME_TH'

2561-04-01 13:05:25 - [TEST_STEP][PASSED] - setText: Text 'Suphisit' is set on object 'Object Repository/Register_Page/input_FIRST_NAME_EN'

2561-04-01 13:05:25 - [MESSAGE][PASSED] - Text 'Suphisit' is set on object 'Object Repository/Register_Page/input_FIRST_NAME_EN'

2561-04-01 13:05:25 - [TEST_STEP][PASSED] - setText: Text 'Khaika' is set on object 'Object Repository/Register_Page/input_LAST_NAME_EN'

2561-04-01 13:05:25 - [MESSAGE][PASSED] - Text 'Khaika' is set on object 'Object Repository/Register_Page/input_LAST_NAME_EN'

2561-04-01 13:05:25 - [TEST_STEP][PASSED] - setText: Text '13/10/1994' is set on object 'Object Repository/Register_Page/input_BIRTH_DATE'

2561-04-01 13:05:25 - [MESSAGE][PASSED] - Text '13/10/1994' is set on object 'Object Repository/Register_Page/input_BIRTH_DATE'

2561-04-01 13:05:25 - [TEST_STEP][PASSED] - selectOptionByValue: All options with value 'อื่นๆ' are selected in object 'Object Repository/Register_Page/select_'  using regular expression

2561-04-01 13:05:26 - [MESSAGE][PASSED] - All options with value 'อื่นๆ' are selected in object 'Object Repository/Register_Page/select_'  using regular expression

2561-04-01 13:05:26 - [TEST_STEP][PASSED] - selectOptionByValue: All options with value 'สูงกว่าปริญญาตรี' are selected in object 'Object Repository/Register_Page/select__1'  using regular expression

2561-04-01 13:05:26 - [MESSAGE][PASSED] - All options with value 'สูงกว่าปริญญาตรี' are selected in object 'Object Repository/Register_Page/select__1'  using regular expression

2561-04-01 13:05:26 - [TEST_STEP][PASSED] - selectOptionByValue: All options with value 'อื่นๆ' are selected in object 'Object Repository/Register_Page/select__2'  using regular expression

2561-04-01 13:05:26 - [MESSAGE][PASSED] - All options with value 'อื่นๆ' are selected in object 'Object Repository/Register_Page/select__2'  using regular expression

2561-04-01 13:05:26 - [TEST_STEP][PASSED] - setText: Text '3' is set on object 'Object Repository/Register_Page/input_ADDRESS_NO'

2561-04-01 13:05:26 - [MESSAGE][PASSED] - Text '3' is set on object 'Object Repository/Register_Page/input_ADDRESS_NO'

2561-04-01 13:05:26 - [TEST_STEP][PASSED] - setText: Text '10' is set on object 'Object Repository/Register_Page/input_ADDRESS_MOO'

2561-04-01 13:05:26 - [MESSAGE][PASSED] - Text '10' is set on object 'Object Repository/Register_Page/input_ADDRESS_MOO'

2561-04-01 13:05:26 - [TEST_STEP][PASSED] - setText: Text 'พหลโยธิน' is set on object 'Object Repository/Register_Page/input_ADDRESS_ROAD'

2561-04-01 13:05:26 - [MESSAGE][PASSED] - Text 'พหลโยธิน' is set on object 'Object Repository/Register_Page/input_ADDRESS_ROAD'

2561-04-01 13:05:26 - [TEST_STEP][PASSED] - delay: Delayed 2 second(s)

2561-04-01 13:05:28 - [MESSAGE][PASSED] - Delayed 2 second(s)

2561-04-01 13:05:28 - [TEST_STEP][PASSED] - selectOptionByValue: All options with value '45' are selected in object 'Object Repository/Register_Page/ADDRESS_PROVINCE' 

2561-04-01 13:05:28 - [MESSAGE][PASSED] - All options with value '45' are selected in object 'Object Repository/Register_Page/ADDRESS_PROVINCE' 

2561-04-01 13:05:28 - [TEST_STEP][PASSED] - delay: Delayed 2 second(s)

2561-04-01 13:05:30 - [MESSAGE][PASSED] - Delayed 2 second(s)

2561-04-01 13:05:30 - [TEST_STEP][PASSED] - selectOptionByValue: All options with value '665' are selected in object 'Object Repository/Register_Page/ADDRESS_DISTRICT' 

2561-04-01 13:05:31 - [MESSAGE][PASSED] - All options with value '665' are selected in object 'Object Repository/Register_Page/ADDRESS_DISTRICT' 

2561-04-01 13:05:31 - [TEST_STEP][PASSED] - delay: Delayed 2 second(s)

2561-04-01 13:05:33 - [MESSAGE][PASSED] - Delayed 2 second(s)

2561-04-01 13:05:33 - [TEST_STEP][PASSED] - selectOptionByValue: All options with value '14726' are selected in object 'Object Repository/Register_Page/ADDRESS_SUBDISTRICT' 

2561-04-01 13:05:33 - [MESSAGE][PASSED] - All options with value '14726' are selected in object 'Object Repository/Register_Page/ADDRESS_SUBDISTRICT' 

2561-04-01 13:05:33 - [TEST_STEP][PASSED] - setText: Text '57130' is set on object 'Object Repository/Register_Page/input_ADDRESS_POSTCODE'

2561-04-01 13:05:33 - [MESSAGE][PASSED] - Text '57130' is set on object 'Object Repository/Register_Page/input_ADDRESS_POSTCODE'

2561-04-01 13:05:33 - [TEST_STEP][PASSED] - selectOptionByValue: All options with value 'กำลังทำงาน' are selected in object 'Object Repository/Register_Page/select__3'  using regular expression

2561-04-01 13:05:33 - [MESSAGE][PASSED] - All options with value 'กำลังทำงาน' are selected in object 'Object Repository/Register_Page/select__3'  using regular expression

2561-04-01 13:05:33 - [TEST_STEP][PASSED] - setText: Text '3 หมู่ที่ 10 ต.โป่งผา อ.แม่สาย จ.เชียงราย' is set on object 'Object Repository/Register_Page/input_ADDRESS_ALL'

2561-04-01 13:05:33 - [MESSAGE][PASSED] - Text '3 หมู่ที่ 10 ต.โป่งผา อ.แม่สาย จ.เชียงราย' is set on object 'Object Repository/Register_Page/input_ADDRESS_ALL'

2561-04-01 13:05:33 - [TEST_STEP][PASSED] - setText: Text '053646789' is set on object 'Object Repository/Register_Page/input_PHONE'

2561-04-01 13:05:34 - [MESSAGE][PASSED] - Text '053646789' is set on object 'Object Repository/Register_Page/input_PHONE'

2561-04-01 13:05:34 - [TEST_STEP][PASSED] - setText: Text '0827975510' is set on object 'Object Repository/Register_Page/input_CELL_PHONE'

2561-04-01 13:05:34 - [MESSAGE][PASSED] - Text '0827975510' is set on object 'Object Repository/Register_Page/input_CELL_PHONE'

2561-04-01 13:05:34 - [TEST_STEP][PASSED] - setText: Text '025445687' is set on object 'Object Repository/Register_Page/input_FAX'

2561-04-01 13:05:34 - [MESSAGE][PASSED] - Text '025445687' is set on object 'Object Repository/Register_Page/input_FAX'

2561-04-01 13:05:34 - [TEST_STEP][PASSED] - click: Object: 'Object Repository/Register_Page/input_submit (1)' is clicked on

2561-04-01 13:05:35 - [MESSAGE][PASSED] - Object: 'Object Repository/Register_Page/input_submit (1)' is clicked on

2561-04-01 13:05:35 - [TEST_STEP][PASSED] - closeBrowser: Browser is closed

2561-04-01 13:05:36 - [MESSAGE][PASSED] - Browser is closed]]></system-out>
         <system-err><![CDATA[]]></system-err>
      </testcase>
      <testcase name="Test Cases/Register volunteer/Register41" classname="Test Cases/Register volunteer/Register41" status="PASSED">
         <system-out><![CDATA[2561-04-01 13:05:36 - [TEST_CASE][PASSED] - Test Cases/Register volunteer/Register41: Test Cases/Register volunteer/Register41

2561-04-01 13:05:36 - [TEST_STEP][PASSED] - openBrowser: Browser is opened with url: ''

2561-04-01 13:05:40 - [MESSAGE][PASSED] - Browser is opened with url: ''

2561-04-01 13:05:40 - [TEST_STEP][PASSED] - navigateToUrl: Navigate to 'http://vivblind.play2pay.me/' successfully

2561-04-01 13:05:43 - [MESSAGE][PASSED] - Navigate to 'http://vivblind.play2pay.me/' successfully

2561-04-01 13:05:43 - [TEST_STEP][PASSED] - click: Object: 'Object Repository/Register_Page/a_' is clicked on

2561-04-01 13:05:44 - [MESSAGE][PASSED] - Object: 'Object Repository/Register_Page/a_' is clicked on

2561-04-01 13:05:44 - [TEST_STEP][PASSED] - setText: Text 'suphisit1@gmail.com' is set on object 'Object Repository/Register_Page/input_EMAIL (1)'

2561-04-01 13:05:44 - [MESSAGE][PASSED] - Text 'suphisit1@gmail.com' is set on object 'Object Repository/Register_Page/input_EMAIL (1)'

2561-04-01 13:05:44 - [TEST_STEP][PASSED] - setText: Text '0857098359' is set on object 'Object Repository/Register_Page/input_PASSWORD'

2561-04-01 13:05:45 - [MESSAGE][PASSED] - Text '0857098359' is set on object 'Object Repository/Register_Page/input_PASSWORD'

2561-04-01 13:05:45 - [TEST_STEP][PASSED] - setText: Text '0857098359' is set on object 'Object Repository/Register_Page/input_password_confirmation'

2561-04-01 13:05:45 - [MESSAGE][PASSED] - Text '0857098359' is set on object 'Object Repository/Register_Page/input_password_confirmation'

2561-04-01 13:05:45 - [TEST_STEP][PASSED] - uploadFile: File 'C:\Users\Administrator\Desktop\Test.jpg' sent to object: 'Object Repository/Register_Page/Upload File'

2561-04-01 13:05:45 - [MESSAGE][PASSED] - File 'C:\Users\Administrator\Desktop\Test.jpg' sent to object: 'Object Repository/Register_Page/Upload File'

2561-04-01 13:05:45 - [TEST_STEP][PASSED] - setText: Text 'ศุภิสิทธิ์ ' is set on object 'Object Repository/Register_Page/input_FIRST_NAME_TH'

2561-04-01 13:05:45 - [MESSAGE][PASSED] - Text 'ศุภิสิทธิ์ ' is set on object 'Object Repository/Register_Page/input_FIRST_NAME_TH'

2561-04-01 13:05:45 - [TEST_STEP][PASSED] - setText: Text 'ไข่กา' is set on object 'Object Repository/Register_Page/input_LAST_NAME_TH'

2561-04-01 13:05:45 - [MESSAGE][PASSED] - Text 'ไข่กา' is set on object 'Object Repository/Register_Page/input_LAST_NAME_TH'

2561-04-01 13:05:45 - [TEST_STEP][PASSED] - setText: Text 'Suphisit' is set on object 'Object Repository/Register_Page/input_FIRST_NAME_EN'

2561-04-01 13:05:45 - [MESSAGE][PASSED] - Text 'Suphisit' is set on object 'Object Repository/Register_Page/input_FIRST_NAME_EN'

2561-04-01 13:05:45 - [TEST_STEP][PASSED] - setText: Text 'Khaika' is set on object 'Object Repository/Register_Page/input_LAST_NAME_EN'

2561-04-01 13:05:45 - [MESSAGE][PASSED] - Text 'Khaika' is set on object 'Object Repository/Register_Page/input_LAST_NAME_EN'

2561-04-01 13:05:45 - [TEST_STEP][PASSED] - setText: Text '13/10/1994' is set on object 'Object Repository/Register_Page/input_BIRTH_DATE'

2561-04-01 13:05:46 - [MESSAGE][PASSED] - Text '13/10/1994' is set on object 'Object Repository/Register_Page/input_BIRTH_DATE'

2561-04-01 13:05:46 - [TEST_STEP][PASSED] - selectOptionByValue: All options with value 'อื่นๆ' are selected in object 'Object Repository/Register_Page/select_'  using regular expression

2561-04-01 13:05:46 - [MESSAGE][PASSED] - All options with value 'อื่นๆ' are selected in object 'Object Repository/Register_Page/select_'  using regular expression

2561-04-01 13:05:46 - [TEST_STEP][PASSED] - selectOptionByValue: All options with value 'สูงกว่าปริญญาตรี' are selected in object 'Object Repository/Register_Page/select__1'  using regular expression

2561-04-01 13:05:46 - [MESSAGE][PASSED] - All options with value 'สูงกว่าปริญญาตรี' are selected in object 'Object Repository/Register_Page/select__1'  using regular expression

2561-04-01 13:05:46 - [TEST_STEP][PASSED] - selectOptionByValue: All options with value 'อื่นๆ' are selected in object 'Object Repository/Register_Page/select__2'  using regular expression

2561-04-01 13:05:46 - [MESSAGE][PASSED] - All options with value 'อื่นๆ' are selected in object 'Object Repository/Register_Page/select__2'  using regular expression

2561-04-01 13:05:46 - [TEST_STEP][PASSED] - setText: Text '3' is set on object 'Object Repository/Register_Page/input_ADDRESS_NO'

2561-04-01 13:05:46 - [MESSAGE][PASSED] - Text '3' is set on object 'Object Repository/Register_Page/input_ADDRESS_NO'

2561-04-01 13:05:46 - [TEST_STEP][PASSED] - setText: Text '10' is set on object 'Object Repository/Register_Page/input_ADDRESS_MOO'

2561-04-01 13:05:47 - [MESSAGE][PASSED] - Text '10' is set on object 'Object Repository/Register_Page/input_ADDRESS_MOO'

2561-04-01 13:05:47 - [TEST_STEP][PASSED] - setText: Text 'พหลโยธิน' is set on object 'Object Repository/Register_Page/input_ADDRESS_ROAD'

2561-04-01 13:05:47 - [MESSAGE][PASSED] - Text 'พหลโยธิน' is set on object 'Object Repository/Register_Page/input_ADDRESS_ROAD'

2561-04-01 13:05:47 - [TEST_STEP][PASSED] - delay: Delayed 2 second(s)

2561-04-01 13:05:49 - [MESSAGE][PASSED] - Delayed 2 second(s)

2561-04-01 13:05:49 - [TEST_STEP][PASSED] - selectOptionByValue: All options with value '45' are selected in object 'Object Repository/Register_Page/ADDRESS_PROVINCE' 

2561-04-01 13:05:49 - [MESSAGE][PASSED] - All options with value '45' are selected in object 'Object Repository/Register_Page/ADDRESS_PROVINCE' 

2561-04-01 13:05:49 - [TEST_STEP][PASSED] - delay: Delayed 2 second(s)

2561-04-01 13:05:51 - [MESSAGE][PASSED] - Delayed 2 second(s)

2561-04-01 13:05:51 - [TEST_STEP][PASSED] - selectOptionByValue: All options with value '665' are selected in object 'Object Repository/Register_Page/ADDRESS_DISTRICT' 

2561-04-01 13:05:51 - [MESSAGE][PASSED] - All options with value '665' are selected in object 'Object Repository/Register_Page/ADDRESS_DISTRICT' 

2561-04-01 13:05:51 - [TEST_STEP][PASSED] - delay: Delayed 2 second(s)

2561-04-01 13:05:53 - [MESSAGE][PASSED] - Delayed 2 second(s)

2561-04-01 13:05:53 - [TEST_STEP][PASSED] - selectOptionByValue: All options with value '14726' are selected in object 'Object Repository/Register_Page/ADDRESS_SUBDISTRICT' 

2561-04-01 13:05:53 - [MESSAGE][PASSED] - All options with value '14726' are selected in object 'Object Repository/Register_Page/ADDRESS_SUBDISTRICT' 

2561-04-01 13:05:53 - [TEST_STEP][PASSED] - setText: Text '57130' is set on object 'Object Repository/Register_Page/input_ADDRESS_POSTCODE'

2561-04-01 13:05:53 - [MESSAGE][PASSED] - Text '57130' is set on object 'Object Repository/Register_Page/input_ADDRESS_POSTCODE'

2561-04-01 13:05:53 - [TEST_STEP][PASSED] - selectOptionByValue: All options with value 'กำลังทำงาน' are selected in object 'Object Repository/Register_Page/select__3'  using regular expression

2561-04-01 13:05:53 - [MESSAGE][PASSED] - All options with value 'กำลังทำงาน' are selected in object 'Object Repository/Register_Page/select__3'  using regular expression

2561-04-01 13:05:53 - [TEST_STEP][PASSED] - setText: Text '3 หมู่ที่ 10 ต.โป่งผา อ.แม่สาย จ.เชียงราย' is set on object 'Object Repository/Register_Page/input_ADDRESS_ALL'

2561-04-01 13:05:54 - [MESSAGE][PASSED] - Text '3 หมู่ที่ 10 ต.โป่งผา อ.แม่สาย จ.เชียงราย' is set on object 'Object Repository/Register_Page/input_ADDRESS_ALL'

2561-04-01 13:05:54 - [TEST_STEP][PASSED] - setText: Text '053646789' is set on object 'Object Repository/Register_Page/input_PHONE'

2561-04-01 13:05:54 - [MESSAGE][PASSED] - Text '053646789' is set on object 'Object Repository/Register_Page/input_PHONE'

2561-04-01 13:05:54 - [TEST_STEP][PASSED] - setText: Text '0827975510' is set on object 'Object Repository/Register_Page/input_CELL_PHONE'

2561-04-01 13:05:54 - [MESSAGE][PASSED] - Text '0827975510' is set on object 'Object Repository/Register_Page/input_CELL_PHONE'

2561-04-01 13:05:54 - [TEST_STEP][PASSED] - setText: Text '025445687' is set on object 'Object Repository/Register_Page/input_FAX'

2561-04-01 13:05:54 - [MESSAGE][PASSED] - Text '025445687' is set on object 'Object Repository/Register_Page/input_FAX'

2561-04-01 13:05:54 - [TEST_STEP][PASSED] - click: Object: 'Object Repository/Register_Page/input_submit (1)' is clicked on

2561-04-01 13:05:55 - [MESSAGE][PASSED] - Object: 'Object Repository/Register_Page/input_submit (1)' is clicked on

2561-04-01 13:05:55 - [TEST_STEP][PASSED] - closeBrowser: Browser is closed

2561-04-01 13:05:56 - [MESSAGE][PASSED] - Browser is closed]]></system-out>
         <system-err><![CDATA[]]></system-err>
      </testcase>
      <testcase name="Test Cases/Register volunteer/Register42" classname="Test Cases/Register volunteer/Register42" status="PASSED">
         <system-out><![CDATA[2561-04-01 13:05:56 - [TEST_CASE][PASSED] - Test Cases/Register volunteer/Register42: Test Cases/Register volunteer/Register42

2561-04-01 13:05:56 - [TEST_STEP][PASSED] - openBrowser: Browser is opened with url: ''

2561-04-01 13:05:58 - [MESSAGE][PASSED] - Browser is opened with url: ''

2561-04-01 13:05:58 - [TEST_STEP][PASSED] - navigateToUrl: Navigate to 'http://vivblind.play2pay.me/' successfully

2561-04-01 13:06:02 - [MESSAGE][PASSED] - Navigate to 'http://vivblind.play2pay.me/' successfully

2561-04-01 13:06:02 - [TEST_STEP][PASSED] - click: Object: 'Object Repository/Register_Page/a_' is clicked on

2561-04-01 13:06:03 - [MESSAGE][PASSED] - Object: 'Object Repository/Register_Page/a_' is clicked on

2561-04-01 13:06:03 - [TEST_STEP][PASSED] - setText: Text 'suphisit1@gmail.com' is set on object 'Object Repository/Register_Page/input_EMAIL (1)'

2561-04-01 13:06:03 - [MESSAGE][PASSED] - Text 'suphisit1@gmail.com' is set on object 'Object Repository/Register_Page/input_EMAIL (1)'

2561-04-01 13:06:03 - [TEST_STEP][PASSED] - setText: Text '0857098359' is set on object 'Object Repository/Register_Page/input_PASSWORD'

2561-04-01 13:06:03 - [MESSAGE][PASSED] - Text '0857098359' is set on object 'Object Repository/Register_Page/input_PASSWORD'

2561-04-01 13:06:03 - [TEST_STEP][PASSED] - setText: Text '0857098359' is set on object 'Object Repository/Register_Page/input_password_confirmation'

2561-04-01 13:06:03 - [MESSAGE][PASSED] - Text '0857098359' is set on object 'Object Repository/Register_Page/input_password_confirmation'

2561-04-01 13:06:03 - [TEST_STEP][PASSED] - uploadFile: File 'C:\Users\Administrator\Desktop\Test.jpg' sent to object: 'Object Repository/Register_Page/Upload File'

2561-04-01 13:06:03 - [MESSAGE][PASSED] - File 'C:\Users\Administrator\Desktop\Test.jpg' sent to object: 'Object Repository/Register_Page/Upload File'

2561-04-01 13:06:03 - [TEST_STEP][PASSED] - setText: Text 'ศุภิสิทธิ์ ' is set on object 'Object Repository/Register_Page/input_FIRST_NAME_TH'

2561-04-01 13:06:03 - [MESSAGE][PASSED] - Text 'ศุภิสิทธิ์ ' is set on object 'Object Repository/Register_Page/input_FIRST_NAME_TH'

2561-04-01 13:06:03 - [TEST_STEP][PASSED] - setText: Text 'ไข่กา' is set on object 'Object Repository/Register_Page/input_LAST_NAME_TH'

2561-04-01 13:06:04 - [MESSAGE][PASSED] - Text 'ไข่กา' is set on object 'Object Repository/Register_Page/input_LAST_NAME_TH'

2561-04-01 13:06:04 - [TEST_STEP][PASSED] - setText: Text 'Suphisit' is set on object 'Object Repository/Register_Page/input_FIRST_NAME_EN'

2561-04-01 13:06:04 - [MESSAGE][PASSED] - Text 'Suphisit' is set on object 'Object Repository/Register_Page/input_FIRST_NAME_EN'

2561-04-01 13:06:04 - [TEST_STEP][PASSED] - setText: Text 'Khaika' is set on object 'Object Repository/Register_Page/input_LAST_NAME_EN'

2561-04-01 13:06:04 - [MESSAGE][PASSED] - Text 'Khaika' is set on object 'Object Repository/Register_Page/input_LAST_NAME_EN'

2561-04-01 13:06:04 - [TEST_STEP][PASSED] - setText: Text '13/10/1994' is set on object 'Object Repository/Register_Page/input_BIRTH_DATE'

2561-04-01 13:06:04 - [MESSAGE][PASSED] - Text '13/10/1994' is set on object 'Object Repository/Register_Page/input_BIRTH_DATE'

2561-04-01 13:06:04 - [TEST_STEP][PASSED] - selectOptionByValue: All options with value 'อื่นๆ' are selected in object 'Object Repository/Register_Page/select_'  using regular expression

2561-04-01 13:06:04 - [MESSAGE][PASSED] - All options with value 'อื่นๆ' are selected in object 'Object Repository/Register_Page/select_'  using regular expression

2561-04-01 13:06:04 - [TEST_STEP][PASSED] - selectOptionByValue: All options with value 'สูงกว่าปริญญาตรี' are selected in object 'Object Repository/Register_Page/select__1'  using regular expression

2561-04-01 13:06:04 - [MESSAGE][PASSED] - All options with value 'สูงกว่าปริญญาตรี' are selected in object 'Object Repository/Register_Page/select__1'  using regular expression

2561-04-01 13:06:04 - [TEST_STEP][PASSED] - selectOptionByValue: All options with value 'อื่นๆ' are selected in object 'Object Repository/Register_Page/select__2'  using regular expression

2561-04-01 13:06:05 - [MESSAGE][PASSED] - All options with value 'อื่นๆ' are selected in object 'Object Repository/Register_Page/select__2'  using regular expression

2561-04-01 13:06:05 - [TEST_STEP][PASSED] - setText: Text '3' is set on object 'Object Repository/Register_Page/input_ADDRESS_NO'

2561-04-01 13:06:05 - [MESSAGE][PASSED] - Text '3' is set on object 'Object Repository/Register_Page/input_ADDRESS_NO'

2561-04-01 13:06:05 - [TEST_STEP][PASSED] - setText: Text '10' is set on object 'Object Repository/Register_Page/input_ADDRESS_MOO'

2561-04-01 13:06:05 - [MESSAGE][PASSED] - Text '10' is set on object 'Object Repository/Register_Page/input_ADDRESS_MOO'

2561-04-01 13:06:05 - [TEST_STEP][PASSED] - setText: Text 'พหลโยธิน' is set on object 'Object Repository/Register_Page/input_ADDRESS_ROAD'

2561-04-01 13:06:05 - [MESSAGE][PASSED] - Text 'พหลโยธิน' is set on object 'Object Repository/Register_Page/input_ADDRESS_ROAD'

2561-04-01 13:06:05 - [TEST_STEP][PASSED] - delay: Delayed 2 second(s)

2561-04-01 13:06:07 - [MESSAGE][PASSED] - Delayed 2 second(s)

2561-04-01 13:06:07 - [TEST_STEP][PASSED] - selectOptionByValue: All options with value '45' are selected in object 'Object Repository/Register_Page/ADDRESS_PROVINCE' 

2561-04-01 13:06:07 - [MESSAGE][PASSED] - All options with value '45' are selected in object 'Object Repository/Register_Page/ADDRESS_PROVINCE' 

2561-04-01 13:06:07 - [TEST_STEP][PASSED] - delay: Delayed 2 second(s)

2561-04-01 13:06:09 - [MESSAGE][PASSED] - Delayed 2 second(s)

2561-04-01 13:06:09 - [TEST_STEP][PASSED] - selectOptionByValue: All options with value '665' are selected in object 'Object Repository/Register_Page/ADDRESS_DISTRICT' 

2561-04-01 13:06:09 - [MESSAGE][PASSED] - All options with value '665' are selected in object 'Object Repository/Register_Page/ADDRESS_DISTRICT' 

2561-04-01 13:06:09 - [TEST_STEP][PASSED] - delay: Delayed 2 second(s)

2561-04-01 13:06:11 - [MESSAGE][PASSED] - Delayed 2 second(s)

2561-04-01 13:06:11 - [TEST_STEP][PASSED] - selectOptionByValue: All options with value '14726' are selected in object 'Object Repository/Register_Page/ADDRESS_SUBDISTRICT' 

2561-04-01 13:06:11 - [MESSAGE][PASSED] - All options with value '14726' are selected in object 'Object Repository/Register_Page/ADDRESS_SUBDISTRICT' 

2561-04-01 13:06:11 - [TEST_STEP][PASSED] - setText: Text '57130' is set on object 'Object Repository/Register_Page/input_ADDRESS_POSTCODE'

2561-04-01 13:06:12 - [MESSAGE][PASSED] - Text '57130' is set on object 'Object Repository/Register_Page/input_ADDRESS_POSTCODE'

2561-04-01 13:06:12 - [TEST_STEP][PASSED] - selectOptionByValue: All options with value 'กำลังทำงาน' are selected in object 'Object Repository/Register_Page/select__3'  using regular expression

2561-04-01 13:06:12 - [MESSAGE][PASSED] - All options with value 'กำลังทำงาน' are selected in object 'Object Repository/Register_Page/select__3'  using regular expression

2561-04-01 13:06:12 - [TEST_STEP][PASSED] - setText: Text '' is set on object 'Object Repository/Register_Page/input_ADDRESS_ALL'

2561-04-01 13:06:12 - [MESSAGE][PASSED] - Text '' is set on object 'Object Repository/Register_Page/input_ADDRESS_ALL'

2561-04-01 13:06:12 - [TEST_STEP][PASSED] - setText: Text '053646789' is set on object 'Object Repository/Register_Page/input_PHONE'

2561-04-01 13:06:12 - [MESSAGE][PASSED] - Text '053646789' is set on object 'Object Repository/Register_Page/input_PHONE'

2561-04-01 13:06:12 - [TEST_STEP][PASSED] - setText: Text '0827975510' is set on object 'Object Repository/Register_Page/input_CELL_PHONE'

2561-04-01 13:06:12 - [MESSAGE][PASSED] - Text '0827975510' is set on object 'Object Repository/Register_Page/input_CELL_PHONE'

2561-04-01 13:06:12 - [TEST_STEP][PASSED] - setText: Text '025445687' is set on object 'Object Repository/Register_Page/input_FAX'

2561-04-01 13:06:12 - [MESSAGE][PASSED] - Text '025445687' is set on object 'Object Repository/Register_Page/input_FAX'

2561-04-01 13:06:12 - [TEST_STEP][PASSED] - click: Object: 'Object Repository/Register_Page/input_submit (1)' is clicked on

2561-04-01 13:06:13 - [MESSAGE][PASSED] - Object: 'Object Repository/Register_Page/input_submit (1)' is clicked on

2561-04-01 13:06:13 - [TEST_STEP][PASSED] - closeBrowser: Browser is closed

2561-04-01 13:06:14 - [MESSAGE][PASSED] - Browser is closed]]></system-out>
         <system-err><![CDATA[]]></system-err>
      </testcase>
      <testcase name="Test Cases/Register volunteer/Register43" classname="Test Cases/Register volunteer/Register43" status="PASSED">
         <system-out><![CDATA[2561-04-01 13:06:14 - [TEST_CASE][PASSED] - Test Cases/Register volunteer/Register43: Test Cases/Register volunteer/Register43

2561-04-01 13:06:14 - [TEST_STEP][PASSED] - openBrowser: Browser is opened with url: ''

2561-04-01 13:06:16 - [MESSAGE][PASSED] - Browser is opened with url: ''

2561-04-01 13:06:16 - [TEST_STEP][PASSED] - navigateToUrl: Navigate to 'http://vivblind.play2pay.me/' successfully

2561-04-01 13:06:22 - [MESSAGE][PASSED] - Navigate to 'http://vivblind.play2pay.me/' successfully

2561-04-01 13:06:22 - [TEST_STEP][PASSED] - click: Object: 'Object Repository/Register_Page/a_' is clicked on

2561-04-01 13:06:22 - [MESSAGE][PASSED] - Object: 'Object Repository/Register_Page/a_' is clicked on

2561-04-01 13:06:22 - [TEST_STEP][PASSED] - setText: Text 'suphisit1@gmail.com' is set on object 'Object Repository/Register_Page/input_EMAIL (1)'

2561-04-01 13:06:23 - [MESSAGE][PASSED] - Text 'suphisit1@gmail.com' is set on object 'Object Repository/Register_Page/input_EMAIL (1)'

2561-04-01 13:06:23 - [TEST_STEP][PASSED] - setText: Text '0857098359' is set on object 'Object Repository/Register_Page/input_PASSWORD'

2561-04-01 13:06:23 - [MESSAGE][PASSED] - Text '0857098359' is set on object 'Object Repository/Register_Page/input_PASSWORD'

2561-04-01 13:06:23 - [TEST_STEP][PASSED] - setText: Text '0857098359' is set on object 'Object Repository/Register_Page/input_password_confirmation'

2561-04-01 13:06:23 - [MESSAGE][PASSED] - Text '0857098359' is set on object 'Object Repository/Register_Page/input_password_confirmation'

2561-04-01 13:06:23 - [TEST_STEP][PASSED] - uploadFile: File 'C:\Users\Administrator\Desktop\Test.jpg' sent to object: 'Object Repository/Register_Page/Upload File'

2561-04-01 13:06:23 - [MESSAGE][PASSED] - File 'C:\Users\Administrator\Desktop\Test.jpg' sent to object: 'Object Repository/Register_Page/Upload File'

2561-04-01 13:06:23 - [TEST_STEP][PASSED] - setText: Text 'ศุภิสิทธิ์ ' is set on object 'Object Repository/Register_Page/input_FIRST_NAME_TH'

2561-04-01 13:06:23 - [MESSAGE][PASSED] - Text 'ศุภิสิทธิ์ ' is set on object 'Object Repository/Register_Page/input_FIRST_NAME_TH'

2561-04-01 13:06:23 - [TEST_STEP][PASSED] - setText: Text 'ไข่กา' is set on object 'Object Repository/Register_Page/input_LAST_NAME_TH'

2561-04-01 13:06:23 - [MESSAGE][PASSED] - Text 'ไข่กา' is set on object 'Object Repository/Register_Page/input_LAST_NAME_TH'

2561-04-01 13:06:23 - [TEST_STEP][PASSED] - setText: Text 'Suphisit' is set on object 'Object Repository/Register_Page/input_FIRST_NAME_EN'

2561-04-01 13:06:23 - [MESSAGE][PASSED] - Text 'Suphisit' is set on object 'Object Repository/Register_Page/input_FIRST_NAME_EN'

2561-04-01 13:06:23 - [TEST_STEP][PASSED] - setText: Text 'Khaika' is set on object 'Object Repository/Register_Page/input_LAST_NAME_EN'

2561-04-01 13:06:24 - [MESSAGE][PASSED] - Text 'Khaika' is set on object 'Object Repository/Register_Page/input_LAST_NAME_EN'

2561-04-01 13:06:24 - [TEST_STEP][PASSED] - setText: Text '13/10/1994' is set on object 'Object Repository/Register_Page/input_BIRTH_DATE'

2561-04-01 13:06:24 - [MESSAGE][PASSED] - Text '13/10/1994' is set on object 'Object Repository/Register_Page/input_BIRTH_DATE'

2561-04-01 13:06:24 - [TEST_STEP][PASSED] - selectOptionByValue: All options with value 'อื่นๆ' are selected in object 'Object Repository/Register_Page/select_'  using regular expression

2561-04-01 13:06:24 - [MESSAGE][PASSED] - All options with value 'อื่นๆ' are selected in object 'Object Repository/Register_Page/select_'  using regular expression

2561-04-01 13:06:24 - [TEST_STEP][PASSED] - selectOptionByValue: All options with value 'สูงกว่าปริญญาตรี' are selected in object 'Object Repository/Register_Page/select__1'  using regular expression

2561-04-01 13:06:24 - [MESSAGE][PASSED] - All options with value 'สูงกว่าปริญญาตรี' are selected in object 'Object Repository/Register_Page/select__1'  using regular expression

2561-04-01 13:06:24 - [TEST_STEP][PASSED] - selectOptionByValue: All options with value 'อื่นๆ' are selected in object 'Object Repository/Register_Page/select__2'  using regular expression

2561-04-01 13:06:24 - [MESSAGE][PASSED] - All options with value 'อื่นๆ' are selected in object 'Object Repository/Register_Page/select__2'  using regular expression

2561-04-01 13:06:24 - [TEST_STEP][PASSED] - setText: Text '3' is set on object 'Object Repository/Register_Page/input_ADDRESS_NO'

2561-04-01 13:06:24 - [MESSAGE][PASSED] - Text '3' is set on object 'Object Repository/Register_Page/input_ADDRESS_NO'

2561-04-01 13:06:24 - [TEST_STEP][PASSED] - setText: Text '10' is set on object 'Object Repository/Register_Page/input_ADDRESS_MOO'

2561-04-01 13:06:25 - [MESSAGE][PASSED] - Text '10' is set on object 'Object Repository/Register_Page/input_ADDRESS_MOO'

2561-04-01 13:06:25 - [TEST_STEP][PASSED] - setText: Text 'พหลโยธิน' is set on object 'Object Repository/Register_Page/input_ADDRESS_ROAD'

2561-04-01 13:06:25 - [MESSAGE][PASSED] - Text 'พหลโยธิน' is set on object 'Object Repository/Register_Page/input_ADDRESS_ROAD'

2561-04-01 13:06:25 - [TEST_STEP][PASSED] - delay: Delayed 2 second(s)

2561-04-01 13:06:27 - [MESSAGE][PASSED] - Delayed 2 second(s)

2561-04-01 13:06:27 - [TEST_STEP][PASSED] - selectOptionByValue: All options with value '45' are selected in object 'Object Repository/Register_Page/ADDRESS_PROVINCE' 

2561-04-01 13:06:27 - [MESSAGE][PASSED] - All options with value '45' are selected in object 'Object Repository/Register_Page/ADDRESS_PROVINCE' 

2561-04-01 13:06:27 - [TEST_STEP][PASSED] - delay: Delayed 2 second(s)

2561-04-01 13:06:29 - [MESSAGE][PASSED] - Delayed 2 second(s)

2561-04-01 13:06:29 - [TEST_STEP][PASSED] - selectOptionByValue: All options with value '665' are selected in object 'Object Repository/Register_Page/ADDRESS_DISTRICT' 

2561-04-01 13:06:29 - [MESSAGE][PASSED] - All options with value '665' are selected in object 'Object Repository/Register_Page/ADDRESS_DISTRICT' 

2561-04-01 13:06:29 - [TEST_STEP][PASSED] - delay: Delayed 2 second(s)

2561-04-01 13:06:31 - [MESSAGE][PASSED] - Delayed 2 second(s)

2561-04-01 13:06:31 - [TEST_STEP][PASSED] - selectOptionByValue: All options with value '14726' are selected in object 'Object Repository/Register_Page/ADDRESS_SUBDISTRICT' 

2561-04-01 13:06:31 - [MESSAGE][PASSED] - All options with value '14726' are selected in object 'Object Repository/Register_Page/ADDRESS_SUBDISTRICT' 

2561-04-01 13:06:31 - [TEST_STEP][PASSED] - setText: Text '57130' is set on object 'Object Repository/Register_Page/input_ADDRESS_POSTCODE'

2561-04-01 13:06:31 - [MESSAGE][PASSED] - Text '57130' is set on object 'Object Repository/Register_Page/input_ADDRESS_POSTCODE'

2561-04-01 13:06:31 - [TEST_STEP][PASSED] - selectOptionByValue: All options with value 'กำลังทำงาน' are selected in object 'Object Repository/Register_Page/select__3'  using regular expression

2561-04-01 13:06:31 - [MESSAGE][PASSED] - All options with value 'กำลังทำงาน' are selected in object 'Object Repository/Register_Page/select__3'  using regular expression

2561-04-01 13:06:31 - [TEST_STEP][PASSED] - setText: Text '3 หมู่ที่ 10 ต.โป่งผา อ.แม่สาย จ.เชียงราย' is set on object 'Object Repository/Register_Page/input_ADDRESS_ALL'

2561-04-01 13:06:32 - [MESSAGE][PASSED] - Text '3 หมู่ที่ 10 ต.โป่งผา อ.แม่สาย จ.เชียงราย' is set on object 'Object Repository/Register_Page/input_ADDRESS_ALL'

2561-04-01 13:06:32 - [TEST_STEP][PASSED] - setText: Text '053646789' is set on object 'Object Repository/Register_Page/input_PHONE'

2561-04-01 13:06:32 - [MESSAGE][PASSED] - Text '053646789' is set on object 'Object Repository/Register_Page/input_PHONE'

2561-04-01 13:06:32 - [TEST_STEP][PASSED] - setText: Text '0827975510' is set on object 'Object Repository/Register_Page/input_CELL_PHONE'

2561-04-01 13:06:32 - [MESSAGE][PASSED] - Text '0827975510' is set on object 'Object Repository/Register_Page/input_CELL_PHONE'

2561-04-01 13:06:32 - [TEST_STEP][PASSED] - setText: Text '025445687' is set on object 'Object Repository/Register_Page/input_FAX'

2561-04-01 13:06:32 - [MESSAGE][PASSED] - Text '025445687' is set on object 'Object Repository/Register_Page/input_FAX'

2561-04-01 13:06:32 - [TEST_STEP][PASSED] - click: Object: 'Object Repository/Register_Page/input_submit (1)' is clicked on

2561-04-01 13:06:33 - [MESSAGE][PASSED] - Object: 'Object Repository/Register_Page/input_submit (1)' is clicked on

2561-04-01 13:06:33 - [TEST_STEP][PASSED] - closeBrowser: Browser is closed

2561-04-01 13:06:34 - [MESSAGE][PASSED] - Browser is closed]]></system-out>
         <system-err><![CDATA[]]></system-err>
      </testcase>
      <testcase name="Test Cases/Register volunteer/Register44" classname="Test Cases/Register volunteer/Register44" status="PASSED">
         <system-out><![CDATA[2561-04-01 13:06:34 - [TEST_CASE][PASSED] - Test Cases/Register volunteer/Register44: Test Cases/Register volunteer/Register44

2561-04-01 13:06:34 - [TEST_STEP][PASSED] - openBrowser: Browser is opened with url: ''

2561-04-01 13:06:36 - [MESSAGE][PASSED] - Browser is opened with url: ''

2561-04-01 13:06:36 - [TEST_STEP][PASSED] - navigateToUrl: Navigate to 'http://vivblind.play2pay.me/' successfully

2561-04-01 13:06:41 - [MESSAGE][PASSED] - Navigate to 'http://vivblind.play2pay.me/' successfully

2561-04-01 13:06:41 - [TEST_STEP][PASSED] - click: Object: 'Object Repository/Register_Page/a_' is clicked on

2561-04-01 13:06:41 - [MESSAGE][PASSED] - Object: 'Object Repository/Register_Page/a_' is clicked on

2561-04-01 13:06:41 - [TEST_STEP][PASSED] - setText: Text 'suphisit1@gmail.com' is set on object 'Object Repository/Register_Page/input_EMAIL (1)'

2561-04-01 13:06:42 - [MESSAGE][PASSED] - Text 'suphisit1@gmail.com' is set on object 'Object Repository/Register_Page/input_EMAIL (1)'

2561-04-01 13:06:42 - [TEST_STEP][PASSED] - setText: Text '0857098359' is set on object 'Object Repository/Register_Page/input_PASSWORD'

2561-04-01 13:06:42 - [MESSAGE][PASSED] - Text '0857098359' is set on object 'Object Repository/Register_Page/input_PASSWORD'

2561-04-01 13:06:42 - [TEST_STEP][PASSED] - setText: Text '0857098359' is set on object 'Object Repository/Register_Page/input_password_confirmation'

2561-04-01 13:06:42 - [MESSAGE][PASSED] - Text '0857098359' is set on object 'Object Repository/Register_Page/input_password_confirmation'

2561-04-01 13:06:42 - [TEST_STEP][PASSED] - uploadFile: File 'C:\Users\Administrator\Desktop\Test.jpg' sent to object: 'Object Repository/Register_Page/Upload File'

2561-04-01 13:06:42 - [MESSAGE][PASSED] - File 'C:\Users\Administrator\Desktop\Test.jpg' sent to object: 'Object Repository/Register_Page/Upload File'

2561-04-01 13:06:42 - [TEST_STEP][PASSED] - setText: Text 'ศุภิสิทธิ์ ' is set on object 'Object Repository/Register_Page/input_FIRST_NAME_TH'

2561-04-01 13:06:42 - [MESSAGE][PASSED] - Text 'ศุภิสิทธิ์ ' is set on object 'Object Repository/Register_Page/input_FIRST_NAME_TH'

2561-04-01 13:06:42 - [TEST_STEP][PASSED] - setText: Text 'ไข่กา' is set on object 'Object Repository/Register_Page/input_LAST_NAME_TH'

2561-04-01 13:06:42 - [MESSAGE][PASSED] - Text 'ไข่กา' is set on object 'Object Repository/Register_Page/input_LAST_NAME_TH'

2561-04-01 13:06:42 - [TEST_STEP][PASSED] - setText: Text 'Suphisit' is set on object 'Object Repository/Register_Page/input_FIRST_NAME_EN'

2561-04-01 13:06:42 - [MESSAGE][PASSED] - Text 'Suphisit' is set on object 'Object Repository/Register_Page/input_FIRST_NAME_EN'

2561-04-01 13:06:42 - [TEST_STEP][PASSED] - setText: Text 'Khaika' is set on object 'Object Repository/Register_Page/input_LAST_NAME_EN'

2561-04-01 13:06:42 - [MESSAGE][PASSED] - Text 'Khaika' is set on object 'Object Repository/Register_Page/input_LAST_NAME_EN'

2561-04-01 13:06:42 - [TEST_STEP][PASSED] - setText: Text '13/10/1994' is set on object 'Object Repository/Register_Page/input_BIRTH_DATE'

2561-04-01 13:06:43 - [MESSAGE][PASSED] - Text '13/10/1994' is set on object 'Object Repository/Register_Page/input_BIRTH_DATE'

2561-04-01 13:06:43 - [TEST_STEP][PASSED] - selectOptionByValue: All options with value 'อื่นๆ' are selected in object 'Object Repository/Register_Page/select_'  using regular expression

2561-04-01 13:06:43 - [MESSAGE][PASSED] - All options with value 'อื่นๆ' are selected in object 'Object Repository/Register_Page/select_'  using regular expression

2561-04-01 13:06:43 - [TEST_STEP][PASSED] - selectOptionByValue: All options with value 'สูงกว่าปริญญาตรี' are selected in object 'Object Repository/Register_Page/select__1'  using regular expression

2561-04-01 13:06:43 - [MESSAGE][PASSED] - All options with value 'สูงกว่าปริญญาตรี' are selected in object 'Object Repository/Register_Page/select__1'  using regular expression

2561-04-01 13:06:43 - [TEST_STEP][PASSED] - selectOptionByValue: All options with value 'อื่นๆ' are selected in object 'Object Repository/Register_Page/select__2'  using regular expression

2561-04-01 13:06:43 - [MESSAGE][PASSED] - All options with value 'อื่นๆ' are selected in object 'Object Repository/Register_Page/select__2'  using regular expression

2561-04-01 13:06:43 - [TEST_STEP][PASSED] - setText: Text '3' is set on object 'Object Repository/Register_Page/input_ADDRESS_NO'

2561-04-01 13:06:43 - [MESSAGE][PASSED] - Text '3' is set on object 'Object Repository/Register_Page/input_ADDRESS_NO'

2561-04-01 13:06:43 - [TEST_STEP][PASSED] - setText: Text '10' is set on object 'Object Repository/Register_Page/input_ADDRESS_MOO'

2561-04-01 13:06:44 - [MESSAGE][PASSED] - Text '10' is set on object 'Object Repository/Register_Page/input_ADDRESS_MOO'

2561-04-01 13:06:44 - [TEST_STEP][PASSED] - setText: Text 'พหลโยธิน' is set on object 'Object Repository/Register_Page/input_ADDRESS_ROAD'

2561-04-01 13:06:44 - [MESSAGE][PASSED] - Text 'พหลโยธิน' is set on object 'Object Repository/Register_Page/input_ADDRESS_ROAD'

2561-04-01 13:06:44 - [TEST_STEP][PASSED] - delay: Delayed 2 second(s)

2561-04-01 13:06:46 - [MESSAGE][PASSED] - Delayed 2 second(s)

2561-04-01 13:06:46 - [TEST_STEP][PASSED] - selectOptionByValue: All options with value '45' are selected in object 'Object Repository/Register_Page/ADDRESS_PROVINCE' 

2561-04-01 13:06:46 - [MESSAGE][PASSED] - All options with value '45' are selected in object 'Object Repository/Register_Page/ADDRESS_PROVINCE' 

2561-04-01 13:06:46 - [TEST_STEP][PASSED] - delay: Delayed 2 second(s)

2561-04-01 13:06:48 - [MESSAGE][PASSED] - Delayed 2 second(s)

2561-04-01 13:06:48 - [TEST_STEP][PASSED] - selectOptionByValue: All options with value '665' are selected in object 'Object Repository/Register_Page/ADDRESS_DISTRICT' 

2561-04-01 13:06:48 - [MESSAGE][PASSED] - All options with value '665' are selected in object 'Object Repository/Register_Page/ADDRESS_DISTRICT' 

2561-04-01 13:06:48 - [TEST_STEP][PASSED] - delay: Delayed 2 second(s)

2561-04-01 13:06:50 - [MESSAGE][PASSED] - Delayed 2 second(s)

2561-04-01 13:06:50 - [TEST_STEP][PASSED] - selectOptionByValue: All options with value '14726' are selected in object 'Object Repository/Register_Page/ADDRESS_SUBDISTRICT' 

2561-04-01 13:06:50 - [MESSAGE][PASSED] - All options with value '14726' are selected in object 'Object Repository/Register_Page/ADDRESS_SUBDISTRICT' 

2561-04-01 13:06:50 - [TEST_STEP][PASSED] - setText: Text '57130' is set on object 'Object Repository/Register_Page/input_ADDRESS_POSTCODE'

2561-04-01 13:06:50 - [MESSAGE][PASSED] - Text '57130' is set on object 'Object Repository/Register_Page/input_ADDRESS_POSTCODE'

2561-04-01 13:06:50 - [TEST_STEP][PASSED] - selectOptionByValue: All options with value 'กำลังทำงาน' are selected in object 'Object Repository/Register_Page/select__3'  using regular expression

2561-04-01 13:06:50 - [MESSAGE][PASSED] - All options with value 'กำลังทำงาน' are selected in object 'Object Repository/Register_Page/select__3'  using regular expression

2561-04-01 13:06:50 - [TEST_STEP][PASSED] - setText: Text '3 หมู่ที่ 10 ต.โป่งผา อ.แม่สาย จ.เชียงราย' is set on object 'Object Repository/Register_Page/input_ADDRESS_ALL'

2561-04-01 13:06:51 - [MESSAGE][PASSED] - Text '3 หมู่ที่ 10 ต.โป่งผา อ.แม่สาย จ.เชียงราย' is set on object 'Object Repository/Register_Page/input_ADDRESS_ALL'

2561-04-01 13:06:51 - [TEST_STEP][PASSED] - setText: Text '053646789' is set on object 'Object Repository/Register_Page/input_PHONE'

2561-04-01 13:06:51 - [MESSAGE][PASSED] - Text '053646789' is set on object 'Object Repository/Register_Page/input_PHONE'

2561-04-01 13:06:51 - [TEST_STEP][PASSED] - setText: Text '0827975510' is set on object 'Object Repository/Register_Page/input_CELL_PHONE'

2561-04-01 13:06:51 - [MESSAGE][PASSED] - Text '0827975510' is set on object 'Object Repository/Register_Page/input_CELL_PHONE'

2561-04-01 13:06:51 - [TEST_STEP][PASSED] - setText: Text '025445687' is set on object 'Object Repository/Register_Page/input_FAX'

2561-04-01 13:06:51 - [MESSAGE][PASSED] - Text '025445687' is set on object 'Object Repository/Register_Page/input_FAX'

2561-04-01 13:06:51 - [TEST_STEP][PASSED] - click: Object: 'Object Repository/Register_Page/input_submit (1)' is clicked on

2561-04-01 13:06:52 - [MESSAGE][PASSED] - Object: 'Object Repository/Register_Page/input_submit (1)' is clicked on

2561-04-01 13:06:52 - [TEST_STEP][PASSED] - closeBrowser: Browser is closed

2561-04-01 13:06:53 - [MESSAGE][PASSED] - Browser is closed]]></system-out>
         <system-err><![CDATA[]]></system-err>
      </testcase>
      <testcase name="Test Cases/Register volunteer/Register45" classname="Test Cases/Register volunteer/Register45" status="PASSED">
         <system-out><![CDATA[2561-04-01 13:06:53 - [TEST_CASE][PASSED] - Test Cases/Register volunteer/Register45: Test Cases/Register volunteer/Register45

2561-04-01 13:06:53 - [TEST_STEP][PASSED] - openBrowser: Browser is opened with url: ''

2561-04-01 13:06:55 - [MESSAGE][PASSED] - Browser is opened with url: ''

2561-04-01 13:06:55 - [TEST_STEP][PASSED] - navigateToUrl: Navigate to 'http://vivblind.play2pay.me/' successfully

2561-04-01 13:06:59 - [MESSAGE][PASSED] - Navigate to 'http://vivblind.play2pay.me/' successfully

2561-04-01 13:06:59 - [TEST_STEP][PASSED] - click: Object: 'Object Repository/Register_Page/a_' is clicked on

2561-04-01 13:07:00 - [MESSAGE][PASSED] - Object: 'Object Repository/Register_Page/a_' is clicked on

2561-04-01 13:07:00 - [TEST_STEP][PASSED] - setText: Text 'suphisit1@gmail.com' is set on object 'Object Repository/Register_Page/input_EMAIL (1)'

2561-04-01 13:07:00 - [MESSAGE][PASSED] - Text 'suphisit1@gmail.com' is set on object 'Object Repository/Register_Page/input_EMAIL (1)'

2561-04-01 13:07:00 - [TEST_STEP][PASSED] - setText: Text '0857098359' is set on object 'Object Repository/Register_Page/input_PASSWORD'

2561-04-01 13:07:00 - [MESSAGE][PASSED] - Text '0857098359' is set on object 'Object Repository/Register_Page/input_PASSWORD'

2561-04-01 13:07:00 - [TEST_STEP][PASSED] - setText: Text '0857098359' is set on object 'Object Repository/Register_Page/input_password_confirmation'

2561-04-01 13:07:00 - [MESSAGE][PASSED] - Text '0857098359' is set on object 'Object Repository/Register_Page/input_password_confirmation'

2561-04-01 13:07:00 - [TEST_STEP][PASSED] - uploadFile: File 'C:\Users\Administrator\Desktop\Test.jpg' sent to object: 'Object Repository/Register_Page/Upload File'

2561-04-01 13:07:00 - [MESSAGE][PASSED] - File 'C:\Users\Administrator\Desktop\Test.jpg' sent to object: 'Object Repository/Register_Page/Upload File'

2561-04-01 13:07:00 - [TEST_STEP][PASSED] - setText: Text 'ศุภิสิทธิ์ ' is set on object 'Object Repository/Register_Page/input_FIRST_NAME_TH'

2561-04-01 13:07:00 - [MESSAGE][PASSED] - Text 'ศุภิสิทธิ์ ' is set on object 'Object Repository/Register_Page/input_FIRST_NAME_TH'

2561-04-01 13:07:00 - [TEST_STEP][PASSED] - setText: Text 'ไข่กา' is set on object 'Object Repository/Register_Page/input_LAST_NAME_TH'

2561-04-01 13:07:00 - [MESSAGE][PASSED] - Text 'ไข่กา' is set on object 'Object Repository/Register_Page/input_LAST_NAME_TH'

2561-04-01 13:07:00 - [TEST_STEP][PASSED] - setText: Text 'Suphisit' is set on object 'Object Repository/Register_Page/input_FIRST_NAME_EN'

2561-04-01 13:07:01 - [MESSAGE][PASSED] - Text 'Suphisit' is set on object 'Object Repository/Register_Page/input_FIRST_NAME_EN'

2561-04-01 13:07:01 - [TEST_STEP][PASSED] - setText: Text 'Khaika' is set on object 'Object Repository/Register_Page/input_LAST_NAME_EN'

2561-04-01 13:07:01 - [MESSAGE][PASSED] - Text 'Khaika' is set on object 'Object Repository/Register_Page/input_LAST_NAME_EN'

2561-04-01 13:07:01 - [TEST_STEP][PASSED] - setText: Text '13/10/1994' is set on object 'Object Repository/Register_Page/input_BIRTH_DATE'

2561-04-01 13:07:01 - [MESSAGE][PASSED] - Text '13/10/1994' is set on object 'Object Repository/Register_Page/input_BIRTH_DATE'

2561-04-01 13:07:01 - [TEST_STEP][PASSED] - selectOptionByValue: All options with value 'อื่นๆ' are selected in object 'Object Repository/Register_Page/select_'  using regular expression

2561-04-01 13:07:01 - [MESSAGE][PASSED] - All options with value 'อื่นๆ' are selected in object 'Object Repository/Register_Page/select_'  using regular expression

2561-04-01 13:07:01 - [TEST_STEP][PASSED] - selectOptionByValue: All options with value 'สูงกว่าปริญญาตรี' are selected in object 'Object Repository/Register_Page/select__1'  using regular expression

2561-04-01 13:07:01 - [MESSAGE][PASSED] - All options with value 'สูงกว่าปริญญาตรี' are selected in object 'Object Repository/Register_Page/select__1'  using regular expression

2561-04-01 13:07:01 - [TEST_STEP][PASSED] - selectOptionByValue: All options with value 'อื่นๆ' are selected in object 'Object Repository/Register_Page/select__2'  using regular expression

2561-04-01 13:07:01 - [MESSAGE][PASSED] - All options with value 'อื่นๆ' are selected in object 'Object Repository/Register_Page/select__2'  using regular expression

2561-04-01 13:07:01 - [TEST_STEP][PASSED] - setText: Text '3' is set on object 'Object Repository/Register_Page/input_ADDRESS_NO'

2561-04-01 13:07:02 - [MESSAGE][PASSED] - Text '3' is set on object 'Object Repository/Register_Page/input_ADDRESS_NO'

2561-04-01 13:07:02 - [TEST_STEP][PASSED] - setText: Text '10' is set on object 'Object Repository/Register_Page/input_ADDRESS_MOO'

2561-04-01 13:07:02 - [MESSAGE][PASSED] - Text '10' is set on object 'Object Repository/Register_Page/input_ADDRESS_MOO'

2561-04-01 13:07:02 - [TEST_STEP][PASSED] - setText: Text 'พหลโยธิน' is set on object 'Object Repository/Register_Page/input_ADDRESS_ROAD'

2561-04-01 13:07:02 - [MESSAGE][PASSED] - Text 'พหลโยธิน' is set on object 'Object Repository/Register_Page/input_ADDRESS_ROAD'

2561-04-01 13:07:02 - [TEST_STEP][PASSED] - delay: Delayed 2 second(s)

2561-04-01 13:07:04 - [MESSAGE][PASSED] - Delayed 2 second(s)

2561-04-01 13:07:04 - [TEST_STEP][PASSED] - selectOptionByValue: All options with value '45' are selected in object 'Object Repository/Register_Page/ADDRESS_PROVINCE' 

2561-04-01 13:07:04 - [MESSAGE][PASSED] - All options with value '45' are selected in object 'Object Repository/Register_Page/ADDRESS_PROVINCE' 

2561-04-01 13:07:04 - [TEST_STEP][PASSED] - delay: Delayed 2 second(s)

2561-04-01 13:07:06 - [MESSAGE][PASSED] - Delayed 2 second(s)

2561-04-01 13:07:06 - [TEST_STEP][PASSED] - selectOptionByValue: All options with value '665' are selected in object 'Object Repository/Register_Page/ADDRESS_DISTRICT' 

2561-04-01 13:07:06 - [MESSAGE][PASSED] - All options with value '665' are selected in object 'Object Repository/Register_Page/ADDRESS_DISTRICT' 

2561-04-01 13:07:06 - [TEST_STEP][PASSED] - delay: Delayed 2 second(s)

2561-04-01 13:07:08 - [MESSAGE][PASSED] - Delayed 2 second(s)

2561-04-01 13:07:08 - [TEST_STEP][PASSED] - selectOptionByValue: All options with value '14726' are selected in object 'Object Repository/Register_Page/ADDRESS_SUBDISTRICT' 

2561-04-01 13:07:08 - [MESSAGE][PASSED] - All options with value '14726' are selected in object 'Object Repository/Register_Page/ADDRESS_SUBDISTRICT' 

2561-04-01 13:07:08 - [TEST_STEP][PASSED] - setText: Text '57130' is set on object 'Object Repository/Register_Page/input_ADDRESS_POSTCODE'

2561-04-01 13:07:08 - [MESSAGE][PASSED] - Text '57130' is set on object 'Object Repository/Register_Page/input_ADDRESS_POSTCODE'

2561-04-01 13:07:08 - [TEST_STEP][PASSED] - selectOptionByValue: All options with value 'กำลังทำงาน' are selected in object 'Object Repository/Register_Page/select__3'  using regular expression

2561-04-01 13:07:08 - [MESSAGE][PASSED] - All options with value 'กำลังทำงาน' are selected in object 'Object Repository/Register_Page/select__3'  using regular expression

2561-04-01 13:07:08 - [TEST_STEP][PASSED] - setText: Text '3 หมู่ที่ 10 ต.โป่งผา อ.แม่สาย จ.เชียงราย' is set on object 'Object Repository/Register_Page/input_ADDRESS_ALL'

2561-04-01 13:07:09 - [MESSAGE][PASSED] - Text '3 หมู่ที่ 10 ต.โป่งผา อ.แม่สาย จ.เชียงราย' is set on object 'Object Repository/Register_Page/input_ADDRESS_ALL'

2561-04-01 13:07:09 - [TEST_STEP][PASSED] - setText: Text '053646789' is set on object 'Object Repository/Register_Page/input_PHONE'

2561-04-01 13:07:09 - [MESSAGE][PASSED] - Text '053646789' is set on object 'Object Repository/Register_Page/input_PHONE'

2561-04-01 13:07:09 - [TEST_STEP][PASSED] - setText: Text '' is set on object 'Object Repository/Register_Page/input_CELL_PHONE'

2561-04-01 13:07:09 - [MESSAGE][PASSED] - Text '' is set on object 'Object Repository/Register_Page/input_CELL_PHONE'

2561-04-01 13:07:09 - [TEST_STEP][PASSED] - setText: Text '025445687' is set on object 'Object Repository/Register_Page/input_FAX'

2561-04-01 13:07:09 - [MESSAGE][PASSED] - Text '025445687' is set on object 'Object Repository/Register_Page/input_FAX'

2561-04-01 13:07:09 - [TEST_STEP][PASSED] - click: Object: 'Object Repository/Register_Page/input_submit (1)' is clicked on

2561-04-01 13:07:10 - [MESSAGE][PASSED] - Object: 'Object Repository/Register_Page/input_submit (1)' is clicked on

2561-04-01 13:07:10 - [TEST_STEP][PASSED] - verifyTextPresent: Text 'กรุณากรอกเบอร์มือถือ' is present on page 

2561-04-01 13:07:10 - [MESSAGE][PASSED] - Text 'กรุณากรอกเบอร์มือถือ' is present on page 

2561-04-01 13:07:10 - [TEST_STEP][PASSED] - closeBrowser: Browser is closed

2561-04-01 13:07:11 - [MESSAGE][PASSED] - Browser is closed]]></system-out>
         <system-err><![CDATA[]]></system-err>
      </testcase>
      <testcase name="Test Cases/Register volunteer/Register46" classname="Test Cases/Register volunteer/Register46" status="PASSED">
         <system-out><![CDATA[2561-04-01 13:07:11 - [TEST_CASE][PASSED] - Test Cases/Register volunteer/Register46: Test Cases/Register volunteer/Register46

2561-04-01 13:07:11 - [TEST_STEP][PASSED] - openBrowser: Browser is opened with url: ''

2561-04-01 13:07:13 - [MESSAGE][PASSED] - Browser is opened with url: ''

2561-04-01 13:07:13 - [TEST_STEP][PASSED] - navigateToUrl: Navigate to 'http://vivblind.play2pay.me/' successfully

2561-04-01 13:07:17 - [MESSAGE][PASSED] - Navigate to 'http://vivblind.play2pay.me/' successfully

2561-04-01 13:07:17 - [TEST_STEP][PASSED] - click: Object: 'Object Repository/Register_Page/a_' is clicked on

2561-04-01 13:07:18 - [MESSAGE][PASSED] - Object: 'Object Repository/Register_Page/a_' is clicked on

2561-04-01 13:07:18 - [TEST_STEP][PASSED] - setText: Text 'suphisit1@gmail.com' is set on object 'Object Repository/Register_Page/input_EMAIL (1)'

2561-04-01 13:07:18 - [MESSAGE][PASSED] - Text 'suphisit1@gmail.com' is set on object 'Object Repository/Register_Page/input_EMAIL (1)'

2561-04-01 13:07:18 - [TEST_STEP][PASSED] - setText: Text '0857098359' is set on object 'Object Repository/Register_Page/input_PASSWORD'

2561-04-01 13:07:18 - [MESSAGE][PASSED] - Text '0857098359' is set on object 'Object Repository/Register_Page/input_PASSWORD'

2561-04-01 13:07:18 - [TEST_STEP][PASSED] - setText: Text '0857098359' is set on object 'Object Repository/Register_Page/input_password_confirmation'

2561-04-01 13:07:18 - [MESSAGE][PASSED] - Text '0857098359' is set on object 'Object Repository/Register_Page/input_password_confirmation'

2561-04-01 13:07:18 - [TEST_STEP][PASSED] - uploadFile: File 'C:\Users\Administrator\Desktop\Test.jpg' sent to object: 'Object Repository/Register_Page/Upload File'

2561-04-01 13:07:19 - [MESSAGE][PASSED] - File 'C:\Users\Administrator\Desktop\Test.jpg' sent to object: 'Object Repository/Register_Page/Upload File'

2561-04-01 13:07:19 - [TEST_STEP][PASSED] - setText: Text 'ศุภิสิทธิ์ ' is set on object 'Object Repository/Register_Page/input_FIRST_NAME_TH'

2561-04-01 13:07:19 - [MESSAGE][PASSED] - Text 'ศุภิสิทธิ์ ' is set on object 'Object Repository/Register_Page/input_FIRST_NAME_TH'

2561-04-01 13:07:19 - [TEST_STEP][PASSED] - setText: Text 'ไข่กา' is set on object 'Object Repository/Register_Page/input_LAST_NAME_TH'

2561-04-01 13:07:19 - [MESSAGE][PASSED] - Text 'ไข่กา' is set on object 'Object Repository/Register_Page/input_LAST_NAME_TH'

2561-04-01 13:07:19 - [TEST_STEP][PASSED] - setText: Text 'Suphisit' is set on object 'Object Repository/Register_Page/input_FIRST_NAME_EN'

2561-04-01 13:07:19 - [MESSAGE][PASSED] - Text 'Suphisit' is set on object 'Object Repository/Register_Page/input_FIRST_NAME_EN'

2561-04-01 13:07:19 - [TEST_STEP][PASSED] - setText: Text 'Khaika' is set on object 'Object Repository/Register_Page/input_LAST_NAME_EN'

2561-04-01 13:07:19 - [MESSAGE][PASSED] - Text 'Khaika' is set on object 'Object Repository/Register_Page/input_LAST_NAME_EN'

2561-04-01 13:07:19 - [TEST_STEP][PASSED] - setText: Text '13/10/1994' is set on object 'Object Repository/Register_Page/input_BIRTH_DATE'

2561-04-01 13:07:19 - [MESSAGE][PASSED] - Text '13/10/1994' is set on object 'Object Repository/Register_Page/input_BIRTH_DATE'

2561-04-01 13:07:19 - [TEST_STEP][PASSED] - selectOptionByValue: All options with value 'อื่นๆ' are selected in object 'Object Repository/Register_Page/select_'  using regular expression

2561-04-01 13:07:20 - [MESSAGE][PASSED] - All options with value 'อื่นๆ' are selected in object 'Object Repository/Register_Page/select_'  using regular expression

2561-04-01 13:07:20 - [TEST_STEP][PASSED] - selectOptionByValue: All options with value 'สูงกว่าปริญญาตรี' are selected in object 'Object Repository/Register_Page/select__1'  using regular expression

2561-04-01 13:07:20 - [MESSAGE][PASSED] - All options with value 'สูงกว่าปริญญาตรี' are selected in object 'Object Repository/Register_Page/select__1'  using regular expression

2561-04-01 13:07:20 - [TEST_STEP][PASSED] - selectOptionByValue: All options with value 'อื่นๆ' are selected in object 'Object Repository/Register_Page/select__2'  using regular expression

2561-04-01 13:07:20 - [MESSAGE][PASSED] - All options with value 'อื่นๆ' are selected in object 'Object Repository/Register_Page/select__2'  using regular expression

2561-04-01 13:07:20 - [TEST_STEP][PASSED] - setText: Text '3' is set on object 'Object Repository/Register_Page/input_ADDRESS_NO'

2561-04-01 13:07:20 - [MESSAGE][PASSED] - Text '3' is set on object 'Object Repository/Register_Page/input_ADDRESS_NO'

2561-04-01 13:07:20 - [TEST_STEP][PASSED] - setText: Text '10' is set on object 'Object Repository/Register_Page/input_ADDRESS_MOO'

2561-04-01 13:07:20 - [MESSAGE][PASSED] - Text '10' is set on object 'Object Repository/Register_Page/input_ADDRESS_MOO'

2561-04-01 13:07:20 - [TEST_STEP][PASSED] - setText: Text 'พหลโยธิน' is set on object 'Object Repository/Register_Page/input_ADDRESS_ROAD'

2561-04-01 13:07:20 - [MESSAGE][PASSED] - Text 'พหลโยธิน' is set on object 'Object Repository/Register_Page/input_ADDRESS_ROAD'

2561-04-01 13:07:20 - [TEST_STEP][PASSED] - delay: Delayed 2 second(s)

2561-04-01 13:07:22 - [MESSAGE][PASSED] - Delayed 2 second(s)

2561-04-01 13:07:22 - [TEST_STEP][PASSED] - selectOptionByValue: All options with value '45' are selected in object 'Object Repository/Register_Page/ADDRESS_PROVINCE' 

2561-04-01 13:07:22 - [MESSAGE][PASSED] - All options with value '45' are selected in object 'Object Repository/Register_Page/ADDRESS_PROVINCE' 

2561-04-01 13:07:22 - [TEST_STEP][PASSED] - delay: Delayed 2 second(s)

2561-04-01 13:07:24 - [MESSAGE][PASSED] - Delayed 2 second(s)

2561-04-01 13:07:24 - [TEST_STEP][PASSED] - selectOptionByValue: All options with value '665' are selected in object 'Object Repository/Register_Page/ADDRESS_DISTRICT' 

2561-04-01 13:07:25 - [MESSAGE][PASSED] - All options with value '665' are selected in object 'Object Repository/Register_Page/ADDRESS_DISTRICT' 

2561-04-01 13:07:25 - [TEST_STEP][PASSED] - delay: Delayed 2 second(s)

2561-04-01 13:07:27 - [MESSAGE][PASSED] - Delayed 2 second(s)

2561-04-01 13:07:27 - [TEST_STEP][PASSED] - selectOptionByValue: All options with value '14726' are selected in object 'Object Repository/Register_Page/ADDRESS_SUBDISTRICT' 

2561-04-01 13:07:27 - [MESSAGE][PASSED] - All options with value '14726' are selected in object 'Object Repository/Register_Page/ADDRESS_SUBDISTRICT' 

2561-04-01 13:07:27 - [TEST_STEP][PASSED] - setText: Text '57130' is set on object 'Object Repository/Register_Page/input_ADDRESS_POSTCODE'

2561-04-01 13:07:27 - [MESSAGE][PASSED] - Text '57130' is set on object 'Object Repository/Register_Page/input_ADDRESS_POSTCODE'

2561-04-01 13:07:27 - [TEST_STEP][PASSED] - selectOptionByValue: All options with value 'กำลังทำงาน' are selected in object 'Object Repository/Register_Page/select__3'  using regular expression

2561-04-01 13:07:27 - [MESSAGE][PASSED] - All options with value 'กำลังทำงาน' are selected in object 'Object Repository/Register_Page/select__3'  using regular expression

2561-04-01 13:07:27 - [TEST_STEP][PASSED] - setText: Text '3 หมู่ที่ 10 ต.โป่งผา อ.แม่สาย จ.เชียงราย' is set on object 'Object Repository/Register_Page/input_ADDRESS_ALL'

2561-04-01 13:07:27 - [MESSAGE][PASSED] - Text '3 หมู่ที่ 10 ต.โป่งผา อ.แม่สาย จ.เชียงราย' is set on object 'Object Repository/Register_Page/input_ADDRESS_ALL'

2561-04-01 13:07:27 - [TEST_STEP][PASSED] - setText: Text '053646789' is set on object 'Object Repository/Register_Page/input_PHONE'

2561-04-01 13:07:28 - [MESSAGE][PASSED] - Text '053646789' is set on object 'Object Repository/Register_Page/input_PHONE'

2561-04-01 13:07:28 - [TEST_STEP][PASSED] - setText: Text '0827975510' is set on object 'Object Repository/Register_Page/input_CELL_PHONE'

2561-04-01 13:07:28 - [MESSAGE][PASSED] - Text '0827975510' is set on object 'Object Repository/Register_Page/input_CELL_PHONE'

2561-04-01 13:07:28 - [TEST_STEP][PASSED] - setText: Text '025445687' is set on object 'Object Repository/Register_Page/input_FAX'

2561-04-01 13:07:28 - [MESSAGE][PASSED] - Text '025445687' is set on object 'Object Repository/Register_Page/input_FAX'

2561-04-01 13:07:28 - [TEST_STEP][PASSED] - click: Object: 'Object Repository/Register_Page/input_submit (1)' is clicked on

2561-04-01 13:07:29 - [MESSAGE][PASSED] - Object: 'Object Repository/Register_Page/input_submit (1)' is clicked on

2561-04-01 13:07:29 - [TEST_STEP][PASSED] - closeBrowser: Browser is closed

2561-04-01 13:07:29 - [MESSAGE][PASSED] - Browser is closed]]></system-out>
         <system-err><![CDATA[]]></system-err>
      </testcase>
      <testcase name="Test Cases/Register volunteer/Register47" classname="Test Cases/Register volunteer/Register47" status="PASSED">
         <system-out><![CDATA[2561-04-01 13:07:30 - [TEST_CASE][PASSED] - Test Cases/Register volunteer/Register47: Test Cases/Register volunteer/Register47

2561-04-01 13:07:30 - [TEST_STEP][PASSED] - openBrowser: Browser is opened with url: ''

2561-04-01 13:07:32 - [MESSAGE][PASSED] - Browser is opened with url: ''

2561-04-01 13:07:32 - [TEST_STEP][PASSED] - navigateToUrl: Navigate to 'http://vivblind.play2pay.me/' successfully

2561-04-01 13:07:37 - [MESSAGE][PASSED] - Navigate to 'http://vivblind.play2pay.me/' successfully

2561-04-01 13:07:37 - [TEST_STEP][PASSED] - click: Object: 'Object Repository/Register_Page/a_' is clicked on

2561-04-01 13:07:37 - [MESSAGE][PASSED] - Object: 'Object Repository/Register_Page/a_' is clicked on

2561-04-01 13:07:37 - [TEST_STEP][PASSED] - setText: Text '' is set on object 'Object Repository/Register_Page/input_EMAIL (1)'

2561-04-01 13:07:37 - [MESSAGE][PASSED] - Text '' is set on object 'Object Repository/Register_Page/input_EMAIL (1)'

2561-04-01 13:07:37 - [TEST_STEP][PASSED] - setText: Text '' is set on object 'Object Repository/Register_Page/input_PASSWORD'

2561-04-01 13:07:38 - [MESSAGE][PASSED] - Text '' is set on object 'Object Repository/Register_Page/input_PASSWORD'

2561-04-01 13:07:38 - [TEST_STEP][PASSED] - setText: Text '' is set on object 'Object Repository/Register_Page/input_password_confirmation'

2561-04-01 13:07:38 - [MESSAGE][PASSED] - Text '' is set on object 'Object Repository/Register_Page/input_password_confirmation'

2561-04-01 13:07:38 - [TEST_STEP][PASSED] - setText: Text '' is set on object 'Object Repository/Register_Page/input_FIRST_NAME_TH'

2561-04-01 13:07:38 - [MESSAGE][PASSED] - Text '' is set on object 'Object Repository/Register_Page/input_FIRST_NAME_TH'

2561-04-01 13:07:38 - [TEST_STEP][PASSED] - setText: Text '' is set on object 'Object Repository/Register_Page/input_LAST_NAME_TH'

2561-04-01 13:07:38 - [MESSAGE][PASSED] - Text '' is set on object 'Object Repository/Register_Page/input_LAST_NAME_TH'

2561-04-01 13:07:38 - [TEST_STEP][PASSED] - setText: Text '' is set on object 'Object Repository/Register_Page/input_FIRST_NAME_EN'

2561-04-01 13:07:38 - [MESSAGE][PASSED] - Text '' is set on object 'Object Repository/Register_Page/input_FIRST_NAME_EN'

2561-04-01 13:07:38 - [TEST_STEP][PASSED] - setText: Text '' is set on object 'Object Repository/Register_Page/input_LAST_NAME_EN'

2561-04-01 13:07:38 - [MESSAGE][PASSED] - Text '' is set on object 'Object Repository/Register_Page/input_LAST_NAME_EN'

2561-04-01 13:07:38 - [TEST_STEP][PASSED] - setText: Text '' is set on object 'Object Repository/Register_Page/input_BIRTH_DATE'

2561-04-01 13:07:38 - [MESSAGE][PASSED] - Text '' is set on object 'Object Repository/Register_Page/input_BIRTH_DATE'

2561-04-01 13:07:38 - [TEST_STEP][PASSED] - selectOptionByValue: All options with value '' are selected in object 'Object Repository/Register_Page/select_'  using regular expression

2561-04-01 13:07:38 - [MESSAGE][PASSED] - All options with value '' are selected in object 'Object Repository/Register_Page/select_'  using regular expression

2561-04-01 13:07:38 - [TEST_STEP][PASSED] - selectOptionByValue: All options with value '' are selected in object 'Object Repository/Register_Page/select__1'  using regular expression

2561-04-01 13:07:39 - [MESSAGE][PASSED] - All options with value '' are selected in object 'Object Repository/Register_Page/select__1'  using regular expression

2561-04-01 13:07:39 - [TEST_STEP][PASSED] - selectOptionByValue: All options with value '' are selected in object 'Object Repository/Register_Page/select__2'  using regular expression

2561-04-01 13:07:39 - [MESSAGE][PASSED] - All options with value '' are selected in object 'Object Repository/Register_Page/select__2'  using regular expression

2561-04-01 13:07:39 - [TEST_STEP][PASSED] - setText: Text '' is set on object 'Object Repository/Register_Page/input_ADDRESS_NO'

2561-04-01 13:07:39 - [MESSAGE][PASSED] - Text '' is set on object 'Object Repository/Register_Page/input_ADDRESS_NO'

2561-04-01 13:07:39 - [TEST_STEP][PASSED] - setText: Text '' is set on object 'Object Repository/Register_Page/input_ADDRESS_MOO'

2561-04-01 13:07:39 - [MESSAGE][PASSED] - Text '' is set on object 'Object Repository/Register_Page/input_ADDRESS_MOO'

2561-04-01 13:07:39 - [TEST_STEP][PASSED] - setText: Text '' is set on object 'Object Repository/Register_Page/input_ADDRESS_ROAD'

2561-04-01 13:07:39 - [MESSAGE][PASSED] - Text '' is set on object 'Object Repository/Register_Page/input_ADDRESS_ROAD'

2561-04-01 13:07:39 - [TEST_STEP][PASSED] - selectOptionByValue: All options with value '' are selected in object 'Object Repository/Register_Page/ADDRESS_PROVINCE' 

2561-04-01 13:07:39 - [MESSAGE][PASSED] - All options with value '' are selected in object 'Object Repository/Register_Page/ADDRESS_PROVINCE' 

2561-04-01 13:07:39 - [TEST_STEP][PASSED] - setText: Text '' is set on object 'Object Repository/Register_Page/input_ADDRESS_POSTCODE'

2561-04-01 13:07:39 - [MESSAGE][PASSED] - Text '' is set on object 'Object Repository/Register_Page/input_ADDRESS_POSTCODE'

2561-04-01 13:07:39 - [TEST_STEP][PASSED] - selectOptionByValue: All options with value '' are selected in object 'Object Repository/Register_Page/select__3'  using regular expression

2561-04-01 13:07:39 - [MESSAGE][PASSED] - All options with value '' are selected in object 'Object Repository/Register_Page/select__3'  using regular expression

2561-04-01 13:07:39 - [TEST_STEP][PASSED] - setText: Text '' is set on object 'Object Repository/Register_Page/input_ADDRESS_ALL'

2561-04-01 13:07:39 - [MESSAGE][PASSED] - Text '' is set on object 'Object Repository/Register_Page/input_ADDRESS_ALL'

2561-04-01 13:07:39 - [TEST_STEP][PASSED] - setText: Text '' is set on object 'Object Repository/Register_Page/input_PHONE'

2561-04-01 13:07:40 - [MESSAGE][PASSED] - Text '' is set on object 'Object Repository/Register_Page/input_PHONE'

2561-04-01 13:07:40 - [TEST_STEP][PASSED] - setText: Text '' is set on object 'Object Repository/Register_Page/input_CELL_PHONE'

2561-04-01 13:07:40 - [MESSAGE][PASSED] - Text '' is set on object 'Object Repository/Register_Page/input_CELL_PHONE'

2561-04-01 13:07:40 - [TEST_STEP][PASSED] - setText: Text '' is set on object 'Object Repository/Register_Page/input_FAX'

2561-04-01 13:07:40 - [MESSAGE][PASSED] - Text '' is set on object 'Object Repository/Register_Page/input_FAX'

2561-04-01 13:07:40 - [TEST_STEP][PASSED] - click: Object: 'Object Repository/Register_Page/input_submit (1)' is clicked on

2561-04-01 13:07:41 - [MESSAGE][PASSED] - Object: 'Object Repository/Register_Page/input_submit (1)' is clicked on

2561-04-01 13:07:41 - [TEST_STEP][PASSED] - verifyTextPresent: Text 'กรุณากรอกรหัสสมาชิก' is present on page 

2561-04-01 13:07:41 - [MESSAGE][PASSED] - Text 'กรุณากรอกรหัสสมาชิก' is present on page 

2561-04-01 13:07:41 - [TEST_STEP][PASSED] - verifyTextPresent: Text 'กรุณากรอกรหัสผ่าน' is present on page 

2561-04-01 13:07:41 - [MESSAGE][PASSED] - Text 'กรุณากรอกรหัสผ่าน' is present on page 

2561-04-01 13:07:41 - [TEST_STEP][PASSED] - verifyTextPresent: Text 'กรุณายืนยันรหัสผ่านของท่าน' is present on page 

2561-04-01 13:07:41 - [MESSAGE][PASSED] - Text 'กรุณายืนยันรหัสผ่านของท่าน' is present on page 

2561-04-01 13:07:41 - [TEST_STEP][PASSED] - verifyTextPresent: Text 'กรุณากรอกชื่อ' is present on page 

2561-04-01 13:07:41 - [MESSAGE][PASSED] - Text 'กรุณากรอกชื่อ' is present on page 

2561-04-01 13:07:41 - [TEST_STEP][PASSED] - verifyTextPresent: Text 'กรุณากรอกนามสกุล' is present on page 

2561-04-01 13:07:41 - [MESSAGE][PASSED] - Text 'กรุณากรอกนามสกุล' is present on page 

2561-04-01 13:07:41 - [TEST_STEP][PASSED] - verifyTextPresent: Text 'กรุณากรอกชื่อภาษาอังกฤษ' is present on page 

2561-04-01 13:07:41 - [MESSAGE][PASSED] - Text 'กรุณากรอกชื่อภาษาอังกฤษ' is present on page 

2561-04-01 13:07:41 - [TEST_STEP][PASSED] - verifyTextPresent: Text 'กรุณากรอกนามสกุลภาษาอังกฤษ' is present on page 

2561-04-01 13:07:41 - [MESSAGE][PASSED] - Text 'กรุณากรอกนามสกุลภาษาอังกฤษ' is present on page 

2561-04-01 13:07:41 - [TEST_STEP][PASSED] - verifyTextPresent: Text 'กรุณาเลือกศาสนา' is present on page 

2561-04-01 13:07:42 - [MESSAGE][PASSED] - Text 'กรุณาเลือกศาสนา' is present on page 

2561-04-01 13:07:42 - [TEST_STEP][PASSED] - verifyTextPresent: Text 'กรุณาเลือกระดับการศึกษา' is present on page 

2561-04-01 13:07:42 - [MESSAGE][PASSED] - Text 'กรุณาเลือกระดับการศึกษา' is present on page 

2561-04-01 13:07:42 - [TEST_STEP][PASSED] - verifyTextPresent: Text 'กรุณาเลือกอาชีพ' is present on page 

2561-04-01 13:07:42 - [MESSAGE][PASSED] - Text 'กรุณาเลือกอาชีพ' is present on page 

2561-04-01 13:07:42 - [TEST_STEP][PASSED] - verifyTextPresent: Text 'กรุณาเลือกจังหวัด' is present on page 

2561-04-01 13:07:42 - [MESSAGE][PASSED] - Text 'กรุณาเลือกจังหวัด' is present on page 

2561-04-01 13:07:42 - [TEST_STEP][PASSED] - verifyTextPresent: Text 'กรุณาเลือกอำเภอ' is present on page 

2561-04-01 13:07:42 - [MESSAGE][PASSED] - Text 'กรุณาเลือกอำเภอ' is present on page 

2561-04-01 13:07:42 - [TEST_STEP][PASSED] - verifyTextPresent: Text 'กรุณาเลือกตำบล' is present on page 

2561-04-01 13:07:42 - [MESSAGE][PASSED] - Text 'กรุณาเลือกตำบล' is present on page 

2561-04-01 13:07:42 - [TEST_STEP][PASSED] - verifyTextPresent: Text 'กรุณากรอกรหัสไปรษณีย์' is present on page 

2561-04-01 13:07:42 - [MESSAGE][PASSED] - Text 'กรุณากรอกรหัสไปรษณีย์' is present on page 

2561-04-01 13:07:42 - [TEST_STEP][PASSED] - verifyTextPresent: Text 'กรุณาเลือกสถานะ การศึกษา,ทำงาน' is present on page 

2561-04-01 13:07:43 - [MESSAGE][PASSED] - Text 'กรุณาเลือกสถานะ การศึกษา,ทำงาน' is present on page 

2561-04-01 13:07:43 - [TEST_STEP][PASSED] - verifyTextPresent: Text 'กรุณากรอกเบอร์มือถือ' is present on page 

2561-04-01 13:07:43 - [MESSAGE][PASSED] - Text 'กรุณากรอกเบอร์มือถือ' is present on page 

2561-04-01 13:07:43 - [TEST_STEP][PASSED] - closeBrowser: Browser is closed

2561-04-01 13:07:43 - [MESSAGE][PASSED] - Browser is closed]]></system-out>
         <system-err><![CDATA[]]></system-err>
      </testcase>
      <system-out><![CDATA[2561-04-01 12:52:20 - [TEST_SUITE][PASSED] - Register: Test Cases/Register volunteer/Register47]]></system-out>
      <system-err><![CDATA[]]></system-err>
   </testsuite>
</testsuites>
