<?xml version="1.0" encoding="UTF-8"?>
<testsuites name="Register" time="903" tests="47" failures="0" errors="0">
   <testsuite name="Register" tests="47" failures="0" errors="0" time="903" timestamp="2561-03-31 20:25:12" hostname="Administrator - SUPHISIT" id="Test Suites/RegisterV/Register">
      <properties>
         <property name="deviceName" value=""/>
         <property name="devicePlatform" value=""/>
         <property name="logFolder" value="C:\\Users\\Administrator\\Desktop\\Practice Test\\Reports\\RegisterV\\Register\\25610331_202506"/>
         <property name="logFiles" value="C:\\Users\\Administrator\\Desktop\\Practice Test\\Reports\\RegisterV\\Register\\25610331_202506\\execution0.log"/>
         <property name="attachments" value=""/>
         <property name="hostName" value="Administrator - SUPHISIT"/>
         <property name="os" value="Windows 10 64bit"/>
         <property name="katalonVersion" value="5.3.1.1"/>
         <property name="browser" value="Chrome 65.0.3325.181"/>
         <property name="hostAddress" value="192.168.219.1"/>
         <property name="sessionId" value="45d92fbd2eeb28a3effa4752c0e8a5fc"/>
         <property name="seleniumVersion" value="3.7.1"/>
         <property name="proxyInformation" value="ProxyInformation{proxyOption=NO_PROXY, proxyServerType=HTTP, password=, proxyServerAddress=, proxyServerPort=0}"/>
         <property name="platform" value="Windows 10"/>
      </properties>
      <testcase name="Test Cases/Register volunteer/Register01" classname="Test Cases/Register volunteer/Register01" status="PASSED">
         <system-out><![CDATA[2561-03-31 20:25:13 - [TEST_CASE][PASSED] - Test Cases/Register volunteer/Register01: Test Cases/Register volunteer/Register01

2561-03-31 20:25:13 - [TEST_STEP][PASSED] - Statement - randomString = CustomKeywords.generateEmail.genEmail.randomString("abcdefghijklmnopqrstuvwxty123456789", 10): generateEmail.genEmail.randomString is PASSED

2561-03-31 20:25:13 - [MESSAGE][PASSED] - generateEmail.genEmail.randomString is PASSED

2561-03-31 20:25:13 - [TEST_STEP][PASSED] - openBrowser: Browser is opened with url: ''

2561-03-31 20:25:24 - [MESSAGE][PASSED] - Browser is opened with url: ''

2561-03-31 20:25:24 - [TEST_STEP][PASSED] - navigateToUrl: Navigate to 'http://vivblind.play2pay.me/' successfully

2561-03-31 20:25:38 - [MESSAGE][PASSED] - Navigate to 'http://vivblind.play2pay.me/' successfully

2561-03-31 20:25:38 - [TEST_STEP][PASSED] - click: Object: 'Object Repository/Register_Page/a_' is clicked on

2561-03-31 20:25:39 - [MESSAGE][PASSED] - Object: 'Object Repository/Register_Page/a_' is clicked on

2561-03-31 20:25:39 - [TEST_STEP][PASSED] - setText: Text '55v9n9b7ef@gmail.com' is set on object 'Object Repository/Register_Page/input_EMAIL (1)'

2561-03-31 20:25:40 - [MESSAGE][PASSED] - Text '55v9n9b7ef@gmail.com' is set on object 'Object Repository/Register_Page/input_EMAIL (1)'

2561-03-31 20:25:40 - [TEST_STEP][PASSED] - setText: Text '0857098359' is set on object 'Object Repository/Register_Page/input_PASSWORD'

2561-03-31 20:25:40 - [MESSAGE][PASSED] - Text '0857098359' is set on object 'Object Repository/Register_Page/input_PASSWORD'

2561-03-31 20:25:40 - [TEST_STEP][PASSED] - setText: Text '0857098359' is set on object 'Object Repository/Register_Page/input_password_confirmation'

2561-03-31 20:25:40 - [MESSAGE][PASSED] - Text '0857098359' is set on object 'Object Repository/Register_Page/input_password_confirmation'

2561-03-31 20:25:40 - [TEST_STEP][PASSED] - uploadFile: File 'C:\Users\Administrator\Desktop\Test.jpg' sent to object: 'Object Repository/Register_Page/Upload File'

2561-03-31 20:25:41 - [MESSAGE][PASSED] - File 'C:\Users\Administrator\Desktop\Test.jpg' sent to object: 'Object Repository/Register_Page/Upload File'

2561-03-31 20:25:41 - [TEST_STEP][PASSED] - setText: Text 'ศุภิสิทธิ์ ' is set on object 'Object Repository/Register_Page/input_FIRST_NAME_TH'

2561-03-31 20:25:41 - [MESSAGE][PASSED] - Text 'ศุภิสิทธิ์ ' is set on object 'Object Repository/Register_Page/input_FIRST_NAME_TH'

2561-03-31 20:25:41 - [TEST_STEP][PASSED] - setText: Text 'ไข่กา' is set on object 'Object Repository/Register_Page/input_LAST_NAME_TH'

2561-03-31 20:25:41 - [MESSAGE][PASSED] - Text 'ไข่กา' is set on object 'Object Repository/Register_Page/input_LAST_NAME_TH'

2561-03-31 20:25:41 - [TEST_STEP][PASSED] - setText: Text 'Suphisit' is set on object 'Object Repository/Register_Page/input_FIRST_NAME_EN'

2561-03-31 20:25:42 - [MESSAGE][PASSED] - Text 'Suphisit' is set on object 'Object Repository/Register_Page/input_FIRST_NAME_EN'

2561-03-31 20:25:42 - [TEST_STEP][PASSED] - setText: Text 'Khaika' is set on object 'Object Repository/Register_Page/input_LAST_NAME_EN'

2561-03-31 20:25:42 - [MESSAGE][PASSED] - Text 'Khaika' is set on object 'Object Repository/Register_Page/input_LAST_NAME_EN'

2561-03-31 20:25:42 - [TEST_STEP][PASSED] - setText: Text '13/10/1994' is set on object 'Object Repository/Register_Page/input_BIRTH_DATE'

2561-03-31 20:25:42 - [MESSAGE][PASSED] - Text '13/10/1994' is set on object 'Object Repository/Register_Page/input_BIRTH_DATE'

2561-03-31 20:25:42 - [TEST_STEP][PASSED] - selectOptionByValue: All options with value 'พุทธ' are selected in object 'Object Repository/Register_Page/select_'  using regular expression

2561-03-31 20:25:42 - [MESSAGE][PASSED] - All options with value 'พุทธ' are selected in object 'Object Repository/Register_Page/select_'  using regular expression

2561-03-31 20:25:42 - [TEST_STEP][PASSED] - selectOptionByValue: All options with value 'ปริญญาตรี' are selected in object 'Object Repository/Register_Page/select__1'  using regular expression

2561-03-31 20:25:43 - [MESSAGE][PASSED] - All options with value 'ปริญญาตรี' are selected in object 'Object Repository/Register_Page/select__1'  using regular expression

2561-03-31 20:25:43 - [TEST_STEP][PASSED] - selectOptionByValue: All options with value 'อื่นๆ' are selected in object 'Object Repository/Register_Page/select__2'  using regular expression

2561-03-31 20:25:43 - [MESSAGE][PASSED] - All options with value 'อื่นๆ' are selected in object 'Object Repository/Register_Page/select__2'  using regular expression

2561-03-31 20:25:43 - [TEST_STEP][PASSED] - setText: Text '3' is set on object 'Object Repository/Register_Page/input_ADDRESS_NO'

2561-03-31 20:25:43 - [MESSAGE][PASSED] - Text '3' is set on object 'Object Repository/Register_Page/input_ADDRESS_NO'

2561-03-31 20:25:43 - [TEST_STEP][PASSED] - setText: Text '10' is set on object 'Object Repository/Register_Page/input_ADDRESS_MOO'

2561-03-31 20:25:43 - [MESSAGE][PASSED] - Text '10' is set on object 'Object Repository/Register_Page/input_ADDRESS_MOO'

2561-03-31 20:25:43 - [TEST_STEP][PASSED] - setText: Text 'พหลโยธิน' is set on object 'Object Repository/Register_Page/input_ADDRESS_ROAD'

2561-03-31 20:25:43 - [MESSAGE][PASSED] - Text 'พหลโยธิน' is set on object 'Object Repository/Register_Page/input_ADDRESS_ROAD'

2561-03-31 20:25:43 - [TEST_STEP][PASSED] - delay: Delayed 2 second(s)

2561-03-31 20:25:46 - [MESSAGE][PASSED] - Delayed 2 second(s)

2561-03-31 20:25:46 - [TEST_STEP][PASSED] - selectOptionByValue: All options with value '45' are selected in object 'Object Repository/Register_Page/ADDRESS_PROVINCE' 

2561-03-31 20:25:46 - [MESSAGE][PASSED] - All options with value '45' are selected in object 'Object Repository/Register_Page/ADDRESS_PROVINCE' 

2561-03-31 20:25:46 - [TEST_STEP][PASSED] - delay: Delayed 2 second(s)

2561-03-31 20:25:48 - [MESSAGE][PASSED] - Delayed 2 second(s)

2561-03-31 20:25:48 - [TEST_STEP][PASSED] - selectOptionByValue: All options with value '665' are selected in object 'Object Repository/Register_Page/ADDRESS_DISTRICT' 

2561-03-31 20:25:48 - [MESSAGE][PASSED] - All options with value '665' are selected in object 'Object Repository/Register_Page/ADDRESS_DISTRICT' 

2561-03-31 20:25:48 - [TEST_STEP][PASSED] - delay: Delayed 2 second(s)

2561-03-31 20:25:50 - [MESSAGE][PASSED] - Delayed 2 second(s)

2561-03-31 20:25:50 - [TEST_STEP][PASSED] - selectOptionByValue: All options with value '14726' are selected in object 'Object Repository/Register_Page/ADDRESS_SUBDISTRICT' 

2561-03-31 20:25:50 - [MESSAGE][PASSED] - All options with value '14726' are selected in object 'Object Repository/Register_Page/ADDRESS_SUBDISTRICT' 

2561-03-31 20:25:50 - [TEST_STEP][PASSED] - setText: Text '57130' is set on object 'Object Repository/Register_Page/input_ADDRESS_POSTCODE'

2561-03-31 20:25:50 - [MESSAGE][PASSED] - Text '57130' is set on object 'Object Repository/Register_Page/input_ADDRESS_POSTCODE'

2561-03-31 20:25:50 - [TEST_STEP][PASSED] - selectOptionByValue: All options with value 'กำลังทำงาน' are selected in object 'Object Repository/Register_Page/select__3'  using regular expression

2561-03-31 20:25:50 - [MESSAGE][PASSED] - All options with value 'กำลังทำงาน' are selected in object 'Object Repository/Register_Page/select__3'  using regular expression

2561-03-31 20:25:50 - [TEST_STEP][PASSED] - setText: Text '3 หมู่ที่ 10 ต.โป่งผา อ.แม่สาย จ.เชียงราย' is set on object 'Object Repository/Register_Page/input_ADDRESS_ALL'

2561-03-31 20:25:51 - [MESSAGE][PASSED] - Text '3 หมู่ที่ 10 ต.โป่งผา อ.แม่สาย จ.เชียงราย' is set on object 'Object Repository/Register_Page/input_ADDRESS_ALL'

2561-03-31 20:25:51 - [TEST_STEP][PASSED] - setText: Text '053646789' is set on object 'Object Repository/Register_Page/input_PHONE'

2561-03-31 20:25:51 - [MESSAGE][PASSED] - Text '053646789' is set on object 'Object Repository/Register_Page/input_PHONE'

2561-03-31 20:25:51 - [TEST_STEP][PASSED] - setText: Text '0827975510' is set on object 'Object Repository/Register_Page/input_CELL_PHONE'

2561-03-31 20:25:51 - [MESSAGE][PASSED] - Text '0827975510' is set on object 'Object Repository/Register_Page/input_CELL_PHONE'

2561-03-31 20:25:51 - [TEST_STEP][PASSED] - setText: Text '025445687' is set on object 'Object Repository/Register_Page/input_FAX'

2561-03-31 20:25:52 - [MESSAGE][PASSED] - Text '025445687' is set on object 'Object Repository/Register_Page/input_FAX'

2561-03-31 20:25:52 - [TEST_STEP][PASSED] - click: Object: 'Object Repository/Register_Page/input_submit (1)' is clicked on

2561-03-31 20:25:56 - [MESSAGE][PASSED] - Object: 'Object Repository/Register_Page/input_submit (1)' is clicked on

2561-03-31 20:25:56 - [TEST_STEP][PASSED] - verifyTextPresent: Text 'ขอบคุณสำหรับการลงทะเบียนโปรดตรวจสอบที่อีเมลของท่านเพื่อทำการระบุตัวตน' is present on page 

2561-03-31 20:25:56 - [MESSAGE][PASSED] - Text 'ขอบคุณสำหรับการลงทะเบียนโปรดตรวจสอบที่อีเมลของท่านเพื่อทำการระบุตัวตน' is present on page 

2561-03-31 20:25:56 - [TEST_STEP][PASSED] - closeBrowser: Browser is closed

2561-03-31 20:25:57 - [MESSAGE][PASSED] - Browser is closed]]></system-out>
         <system-err><![CDATA[]]></system-err>
      </testcase>
      <testcase name="Test Cases/Register volunteer/Register02" classname="Test Cases/Register volunteer/Register02" status="PASSED">
         <system-out><![CDATA[2561-03-31 20:25:57 - [TEST_CASE][PASSED] - Test Cases/Register volunteer/Register02: Test Cases/Register volunteer/Register02

2561-03-31 20:25:57 - [TEST_STEP][PASSED] - openBrowser: Browser is opened with url: ''

2561-03-31 20:26:01 - [MESSAGE][PASSED] - Browser is opened with url: ''

2561-03-31 20:26:01 - [TEST_STEP][PASSED] - navigateToUrl: Navigate to 'http://vivblind.play2pay.me/' successfully

2561-03-31 20:26:09 - [MESSAGE][PASSED] - Navigate to 'http://vivblind.play2pay.me/' successfully

2561-03-31 20:26:09 - [TEST_STEP][PASSED] - click: Object: 'Object Repository/Register_Page/a_' is clicked on

2561-03-31 20:26:09 - [MESSAGE][PASSED] - Object: 'Object Repository/Register_Page/a_' is clicked on

2561-03-31 20:26:09 - [TEST_STEP][PASSED] - setText: Text 'suphisit1@gmail.com' is set on object 'Object Repository/Register_Page/input_EMAIL (1)'

2561-03-31 20:26:10 - [MESSAGE][PASSED] - Text 'suphisit1@gmail.com' is set on object 'Object Repository/Register_Page/input_EMAIL (1)'

2561-03-31 20:26:10 - [TEST_STEP][PASSED] - setText: Text '0857098359' is set on object 'Object Repository/Register_Page/input_PASSWORD'

2561-03-31 20:26:10 - [MESSAGE][PASSED] - Text '0857098359' is set on object 'Object Repository/Register_Page/input_PASSWORD'

2561-03-31 20:26:10 - [TEST_STEP][PASSED] - setText: Text '1234567890' is set on object 'Object Repository/Register_Page/input_password_confirmation'

2561-03-31 20:26:10 - [MESSAGE][PASSED] - Text '1234567890' is set on object 'Object Repository/Register_Page/input_password_confirmation'

2561-03-31 20:26:10 - [TEST_STEP][PASSED] - uploadFile: File 'C:\Users\Administrator\Desktop\Test.jpg' sent to object: 'Object Repository/Register_Page/Upload File'

2561-03-31 20:26:10 - [MESSAGE][PASSED] - File 'C:\Users\Administrator\Desktop\Test.jpg' sent to object: 'Object Repository/Register_Page/Upload File'

2561-03-31 20:26:10 - [TEST_STEP][PASSED] - setText: Text 'ศุภิสิทธิ์ ' is set on object 'Object Repository/Register_Page/input_FIRST_NAME_TH'

2561-03-31 20:26:10 - [MESSAGE][PASSED] - Text 'ศุภิสิทธิ์ ' is set on object 'Object Repository/Register_Page/input_FIRST_NAME_TH'

2561-03-31 20:26:10 - [TEST_STEP][PASSED] - setText: Text 'ไข่กา' is set on object 'Object Repository/Register_Page/input_LAST_NAME_TH'

2561-03-31 20:26:10 - [MESSAGE][PASSED] - Text 'ไข่กา' is set on object 'Object Repository/Register_Page/input_LAST_NAME_TH'

2561-03-31 20:26:10 - [TEST_STEP][PASSED] - setText: Text 'Suphisit' is set on object 'Object Repository/Register_Page/input_FIRST_NAME_EN'

2561-03-31 20:26:11 - [MESSAGE][PASSED] - Text 'Suphisit' is set on object 'Object Repository/Register_Page/input_FIRST_NAME_EN'

2561-03-31 20:26:11 - [TEST_STEP][PASSED] - setText: Text 'Khaika' is set on object 'Object Repository/Register_Page/input_LAST_NAME_EN'

2561-03-31 20:26:11 - [MESSAGE][PASSED] - Text 'Khaika' is set on object 'Object Repository/Register_Page/input_LAST_NAME_EN'

2561-03-31 20:26:11 - [TEST_STEP][PASSED] - setText: Text '13/10/1994' is set on object 'Object Repository/Register_Page/input_BIRTH_DATE'

2561-03-31 20:26:11 - [MESSAGE][PASSED] - Text '13/10/1994' is set on object 'Object Repository/Register_Page/input_BIRTH_DATE'

2561-03-31 20:26:11 - [TEST_STEP][PASSED] - selectOptionByValue: All options with value 'พุทธ' are selected in object 'Object Repository/Register_Page/select_'  using regular expression

2561-03-31 20:26:11 - [MESSAGE][PASSED] - All options with value 'พุทธ' are selected in object 'Object Repository/Register_Page/select_'  using regular expression

2561-03-31 20:26:11 - [TEST_STEP][PASSED] - selectOptionByValue: All options with value 'ปริญญาตรี' are selected in object 'Object Repository/Register_Page/select__1'  using regular expression

2561-03-31 20:26:11 - [MESSAGE][PASSED] - All options with value 'ปริญญาตรี' are selected in object 'Object Repository/Register_Page/select__1'  using regular expression

2561-03-31 20:26:11 - [TEST_STEP][PASSED] - selectOptionByValue: All options with value 'อื่นๆ' are selected in object 'Object Repository/Register_Page/select__2'  using regular expression

2561-03-31 20:26:12 - [MESSAGE][PASSED] - All options with value 'อื่นๆ' are selected in object 'Object Repository/Register_Page/select__2'  using regular expression

2561-03-31 20:26:12 - [TEST_STEP][PASSED] - setText: Text '3' is set on object 'Object Repository/Register_Page/input_ADDRESS_NO'

2561-03-31 20:26:12 - [MESSAGE][PASSED] - Text '3' is set on object 'Object Repository/Register_Page/input_ADDRESS_NO'

2561-03-31 20:26:12 - [TEST_STEP][PASSED] - setText: Text '10' is set on object 'Object Repository/Register_Page/input_ADDRESS_MOO'

2561-03-31 20:26:12 - [MESSAGE][PASSED] - Text '10' is set on object 'Object Repository/Register_Page/input_ADDRESS_MOO'

2561-03-31 20:26:12 - [TEST_STEP][PASSED] - setText: Text 'พหลโยธิน' is set on object 'Object Repository/Register_Page/input_ADDRESS_ROAD'

2561-03-31 20:26:12 - [MESSAGE][PASSED] - Text 'พหลโยธิน' is set on object 'Object Repository/Register_Page/input_ADDRESS_ROAD'

2561-03-31 20:26:12 - [TEST_STEP][PASSED] - delay: Delayed 2 second(s)

2561-03-31 20:26:14 - [MESSAGE][PASSED] - Delayed 2 second(s)

2561-03-31 20:26:14 - [TEST_STEP][PASSED] - selectOptionByValue: All options with value '45' are selected in object 'Object Repository/Register_Page/ADDRESS_PROVINCE' 

2561-03-31 20:26:14 - [MESSAGE][PASSED] - All options with value '45' are selected in object 'Object Repository/Register_Page/ADDRESS_PROVINCE' 

2561-03-31 20:26:14 - [TEST_STEP][PASSED] - delay: Delayed 2 second(s)

2561-03-31 20:26:16 - [MESSAGE][PASSED] - Delayed 2 second(s)

2561-03-31 20:26:16 - [TEST_STEP][PASSED] - selectOptionByValue: All options with value '665' are selected in object 'Object Repository/Register_Page/ADDRESS_DISTRICT' 

2561-03-31 20:26:16 - [MESSAGE][PASSED] - All options with value '665' are selected in object 'Object Repository/Register_Page/ADDRESS_DISTRICT' 

2561-03-31 20:26:16 - [TEST_STEP][PASSED] - delay: Delayed 2 second(s)

2561-03-31 20:26:18 - [MESSAGE][PASSED] - Delayed 2 second(s)

2561-03-31 20:26:18 - [TEST_STEP][PASSED] - selectOptionByValue: All options with value '14726' are selected in object 'Object Repository/Register_Page/ADDRESS_SUBDISTRICT' 

2561-03-31 20:26:18 - [MESSAGE][PASSED] - All options with value '14726' are selected in object 'Object Repository/Register_Page/ADDRESS_SUBDISTRICT' 

2561-03-31 20:26:18 - [TEST_STEP][PASSED] - setText: Text '57130' is set on object 'Object Repository/Register_Page/input_ADDRESS_POSTCODE'

2561-03-31 20:26:19 - [MESSAGE][PASSED] - Text '57130' is set on object 'Object Repository/Register_Page/input_ADDRESS_POSTCODE'

2561-03-31 20:26:19 - [TEST_STEP][PASSED] - selectOptionByValue: All options with value 'กำลังทำงาน' are selected in object 'Object Repository/Register_Page/select__3'  using regular expression

2561-03-31 20:26:19 - [MESSAGE][PASSED] - All options with value 'กำลังทำงาน' are selected in object 'Object Repository/Register_Page/select__3'  using regular expression

2561-03-31 20:26:19 - [TEST_STEP][PASSED] - setText: Text '3 หมู่ที่ 10 ต.โป่งผา อ.แม่สาย จ.เชียงราย' is set on object 'Object Repository/Register_Page/input_ADDRESS_ALL'

2561-03-31 20:26:19 - [MESSAGE][PASSED] - Text '3 หมู่ที่ 10 ต.โป่งผา อ.แม่สาย จ.เชียงราย' is set on object 'Object Repository/Register_Page/input_ADDRESS_ALL'

2561-03-31 20:26:19 - [TEST_STEP][PASSED] - setText: Text '053646789' is set on object 'Object Repository/Register_Page/input_PHONE'

2561-03-31 20:26:19 - [MESSAGE][PASSED] - Text '053646789' is set on object 'Object Repository/Register_Page/input_PHONE'

2561-03-31 20:26:19 - [TEST_STEP][PASSED] - setText: Text '0827975510' is set on object 'Object Repository/Register_Page/input_CELL_PHONE'

2561-03-31 20:26:19 - [MESSAGE][PASSED] - Text '0827975510' is set on object 'Object Repository/Register_Page/input_CELL_PHONE'

2561-03-31 20:26:19 - [TEST_STEP][PASSED] - setText: Text '025445687' is set on object 'Object Repository/Register_Page/input_FAX'

2561-03-31 20:26:20 - [MESSAGE][PASSED] - Text '025445687' is set on object 'Object Repository/Register_Page/input_FAX'

2561-03-31 20:26:20 - [TEST_STEP][PASSED] - click: Object: 'Object Repository/Register_Page/input_submit (1)' is clicked on

2561-03-31 20:26:20 - [MESSAGE][PASSED] - Object: 'Object Repository/Register_Page/input_submit (1)' is clicked on

2561-03-31 20:26:20 - [TEST_STEP][PASSED] - verifyTextPresent: Text 'รหัสผ่านของท่านไม่ตรงกัน' is present on page 

2561-03-31 20:26:21 - [MESSAGE][PASSED] - Text 'รหัสผ่านของท่านไม่ตรงกัน' is present on page 

2561-03-31 20:26:21 - [TEST_STEP][PASSED] - closeBrowser: Browser is closed

2561-03-31 20:26:21 - [MESSAGE][PASSED] - Browser is closed]]></system-out>
         <system-err><![CDATA[]]></system-err>
      </testcase>
      <testcase name="Test Cases/Register volunteer/Register03" classname="Test Cases/Register volunteer/Register03" status="PASSED">
         <system-out><![CDATA[2561-03-31 20:26:21 - [TEST_CASE][PASSED] - Test Cases/Register volunteer/Register03: Test Cases/Register volunteer/Register03

2561-03-31 20:26:21 - [TEST_STEP][PASSED] - openBrowser: Browser is opened with url: ''

2561-03-31 20:26:25 - [MESSAGE][PASSED] - Browser is opened with url: ''

2561-03-31 20:26:25 - [TEST_STEP][PASSED] - navigateToUrl: Navigate to 'http://vivblind.play2pay.me/' successfully

2561-03-31 20:26:31 - [MESSAGE][PASSED] - Navigate to 'http://vivblind.play2pay.me/' successfully

2561-03-31 20:26:31 - [TEST_STEP][PASSED] - click: Object: 'Object Repository/Register_Page/a_' is clicked on

2561-03-31 20:26:32 - [MESSAGE][PASSED] - Object: 'Object Repository/Register_Page/a_' is clicked on

2561-03-31 20:26:32 - [TEST_STEP][PASSED] - setText: Text 'suphisit1@gmail.com' is set on object 'Object Repository/Register_Page/input_EMAIL (1)'

2561-03-31 20:26:33 - [MESSAGE][PASSED] - Text 'suphisit1@gmail.com' is set on object 'Object Repository/Register_Page/input_EMAIL (1)'

2561-03-31 20:26:33 - [TEST_STEP][PASSED] - setText: Text '012' is set on object 'Object Repository/Register_Page/input_PASSWORD'

2561-03-31 20:26:33 - [MESSAGE][PASSED] - Text '012' is set on object 'Object Repository/Register_Page/input_PASSWORD'

2561-03-31 20:26:33 - [TEST_STEP][PASSED] - setText: Text '012' is set on object 'Object Repository/Register_Page/input_password_confirmation'

2561-03-31 20:26:33 - [MESSAGE][PASSED] - Text '012' is set on object 'Object Repository/Register_Page/input_password_confirmation'

2561-03-31 20:26:33 - [TEST_STEP][PASSED] - uploadFile: File 'C:\Users\Administrator\Desktop\Test.jpg' sent to object: 'Object Repository/Register_Page/Upload File'

2561-03-31 20:26:33 - [MESSAGE][PASSED] - File 'C:\Users\Administrator\Desktop\Test.jpg' sent to object: 'Object Repository/Register_Page/Upload File'

2561-03-31 20:26:33 - [TEST_STEP][PASSED] - setText: Text 'ศุภิสิทธิ์ ' is set on object 'Object Repository/Register_Page/input_FIRST_NAME_TH'

2561-03-31 20:26:33 - [MESSAGE][PASSED] - Text 'ศุภิสิทธิ์ ' is set on object 'Object Repository/Register_Page/input_FIRST_NAME_TH'

2561-03-31 20:26:33 - [TEST_STEP][PASSED] - setText: Text 'ไข่กา' is set on object 'Object Repository/Register_Page/input_LAST_NAME_TH'

2561-03-31 20:26:33 - [MESSAGE][PASSED] - Text 'ไข่กา' is set on object 'Object Repository/Register_Page/input_LAST_NAME_TH'

2561-03-31 20:26:33 - [TEST_STEP][PASSED] - setText: Text 'Suphisit' is set on object 'Object Repository/Register_Page/input_FIRST_NAME_EN'

2561-03-31 20:26:33 - [MESSAGE][PASSED] - Text 'Suphisit' is set on object 'Object Repository/Register_Page/input_FIRST_NAME_EN'

2561-03-31 20:26:33 - [TEST_STEP][PASSED] - setText: Text 'Khaika' is set on object 'Object Repository/Register_Page/input_LAST_NAME_EN'

2561-03-31 20:26:34 - [MESSAGE][PASSED] - Text 'Khaika' is set on object 'Object Repository/Register_Page/input_LAST_NAME_EN'

2561-03-31 20:26:34 - [TEST_STEP][PASSED] - setText: Text '13/10/1994' is set on object 'Object Repository/Register_Page/input_BIRTH_DATE'

2561-03-31 20:26:34 - [MESSAGE][PASSED] - Text '13/10/1994' is set on object 'Object Repository/Register_Page/input_BIRTH_DATE'

2561-03-31 20:26:34 - [TEST_STEP][PASSED] - selectOptionByValue: All options with value 'พุทธ' are selected in object 'Object Repository/Register_Page/select_'  using regular expression

2561-03-31 20:26:34 - [MESSAGE][PASSED] - All options with value 'พุทธ' are selected in object 'Object Repository/Register_Page/select_'  using regular expression

2561-03-31 20:26:34 - [TEST_STEP][PASSED] - selectOptionByValue: All options with value 'ปริญญาตรี' are selected in object 'Object Repository/Register_Page/select__1'  using regular expression

2561-03-31 20:26:34 - [MESSAGE][PASSED] - All options with value 'ปริญญาตรี' are selected in object 'Object Repository/Register_Page/select__1'  using regular expression

2561-03-31 20:26:34 - [TEST_STEP][PASSED] - selectOptionByValue: All options with value 'อื่นๆ' are selected in object 'Object Repository/Register_Page/select__2'  using regular expression

2561-03-31 20:26:35 - [MESSAGE][PASSED] - All options with value 'อื่นๆ' are selected in object 'Object Repository/Register_Page/select__2'  using regular expression

2561-03-31 20:26:35 - [TEST_STEP][PASSED] - setText: Text '3' is set on object 'Object Repository/Register_Page/input_ADDRESS_NO'

2561-03-31 20:26:35 - [MESSAGE][PASSED] - Text '3' is set on object 'Object Repository/Register_Page/input_ADDRESS_NO'

2561-03-31 20:26:35 - [TEST_STEP][PASSED] - setText: Text '10' is set on object 'Object Repository/Register_Page/input_ADDRESS_MOO'

2561-03-31 20:26:35 - [MESSAGE][PASSED] - Text '10' is set on object 'Object Repository/Register_Page/input_ADDRESS_MOO'

2561-03-31 20:26:35 - [TEST_STEP][PASSED] - setText: Text 'พหลโยธิน' is set on object 'Object Repository/Register_Page/input_ADDRESS_ROAD'

2561-03-31 20:26:35 - [MESSAGE][PASSED] - Text 'พหลโยธิน' is set on object 'Object Repository/Register_Page/input_ADDRESS_ROAD'

2561-03-31 20:26:35 - [TEST_STEP][PASSED] - delay: Delayed 2 second(s)

2561-03-31 20:26:37 - [MESSAGE][PASSED] - Delayed 2 second(s)

2561-03-31 20:26:37 - [TEST_STEP][PASSED] - selectOptionByValue: All options with value '45' are selected in object 'Object Repository/Register_Page/ADDRESS_PROVINCE' 

2561-03-31 20:26:37 - [MESSAGE][PASSED] - All options with value '45' are selected in object 'Object Repository/Register_Page/ADDRESS_PROVINCE' 

2561-03-31 20:26:37 - [TEST_STEP][PASSED] - delay: Delayed 2 second(s)

2561-03-31 20:26:39 - [MESSAGE][PASSED] - Delayed 2 second(s)

2561-03-31 20:26:39 - [TEST_STEP][PASSED] - selectOptionByValue: All options with value '665' are selected in object 'Object Repository/Register_Page/ADDRESS_DISTRICT' 

2561-03-31 20:26:39 - [MESSAGE][PASSED] - All options with value '665' are selected in object 'Object Repository/Register_Page/ADDRESS_DISTRICT' 

2561-03-31 20:26:39 - [TEST_STEP][PASSED] - delay: Delayed 2 second(s)

2561-03-31 20:26:41 - [MESSAGE][PASSED] - Delayed 2 second(s)

2561-03-31 20:26:41 - [TEST_STEP][PASSED] - selectOptionByValue: All options with value '14726' are selected in object 'Object Repository/Register_Page/ADDRESS_SUBDISTRICT' 

2561-03-31 20:26:41 - [MESSAGE][PASSED] - All options with value '14726' are selected in object 'Object Repository/Register_Page/ADDRESS_SUBDISTRICT' 

2561-03-31 20:26:41 - [TEST_STEP][PASSED] - setText: Text '57130' is set on object 'Object Repository/Register_Page/input_ADDRESS_POSTCODE'

2561-03-31 20:26:41 - [MESSAGE][PASSED] - Text '57130' is set on object 'Object Repository/Register_Page/input_ADDRESS_POSTCODE'

2561-03-31 20:26:41 - [TEST_STEP][PASSED] - selectOptionByValue: All options with value 'กำลังทำงาน' are selected in object 'Object Repository/Register_Page/select__3'  using regular expression

2561-03-31 20:26:42 - [MESSAGE][PASSED] - All options with value 'กำลังทำงาน' are selected in object 'Object Repository/Register_Page/select__3'  using regular expression

2561-03-31 20:26:42 - [TEST_STEP][PASSED] - setText: Text '3 หมู่ที่ 10 ต.โป่งผา อ.แม่สาย จ.เชียงราย' is set on object 'Object Repository/Register_Page/input_ADDRESS_ALL'

2561-03-31 20:26:42 - [MESSAGE][PASSED] - Text '3 หมู่ที่ 10 ต.โป่งผา อ.แม่สาย จ.เชียงราย' is set on object 'Object Repository/Register_Page/input_ADDRESS_ALL'

2561-03-31 20:26:42 - [TEST_STEP][PASSED] - setText: Text '053646789' is set on object 'Object Repository/Register_Page/input_PHONE'

2561-03-31 20:26:42 - [MESSAGE][PASSED] - Text '053646789' is set on object 'Object Repository/Register_Page/input_PHONE'

2561-03-31 20:26:42 - [TEST_STEP][PASSED] - setText: Text '0827975510' is set on object 'Object Repository/Register_Page/input_CELL_PHONE'

2561-03-31 20:26:42 - [MESSAGE][PASSED] - Text '0827975510' is set on object 'Object Repository/Register_Page/input_CELL_PHONE'

2561-03-31 20:26:42 - [TEST_STEP][PASSED] - setText: Text '025445687' is set on object 'Object Repository/Register_Page/input_FAX'

2561-03-31 20:26:43 - [MESSAGE][PASSED] - Text '025445687' is set on object 'Object Repository/Register_Page/input_FAX'

2561-03-31 20:26:43 - [TEST_STEP][PASSED] - click: Object: 'Object Repository/Register_Page/input_submit (1)' is clicked on

2561-03-31 20:26:43 - [MESSAGE][PASSED] - Object: 'Object Repository/Register_Page/input_submit (1)' is clicked on

2561-03-31 20:26:43 - [TEST_STEP][PASSED] - verifyTextPresent: Text 'กรุณากรอกรหัสผ่านของท่านอย่างน้อย4ตัว' is present on page 

2561-03-31 20:26:43 - [MESSAGE][PASSED] - Text 'กรุณากรอกรหัสผ่านของท่านอย่างน้อย4ตัว' is present on page 

2561-03-31 20:26:43 - [TEST_STEP][PASSED] - closeBrowser: Browser is closed

2561-03-31 20:26:44 - [MESSAGE][PASSED] - Browser is closed]]></system-out>
         <system-err><![CDATA[]]></system-err>
      </testcase>
      <testcase name="Test Cases/Register volunteer/Register04" classname="Test Cases/Register volunteer/Register04" status="PASSED">
         <system-out><![CDATA[2561-03-31 20:26:44 - [TEST_CASE][PASSED] - Test Cases/Register volunteer/Register04: Test Cases/Register volunteer/Register04

2561-03-31 20:26:44 - [TEST_STEP][PASSED] - openBrowser: Browser is opened with url: ''

2561-03-31 20:26:49 - [MESSAGE][PASSED] - Browser is opened with url: ''

2561-03-31 20:26:49 - [TEST_STEP][PASSED] - navigateToUrl: Navigate to 'http://vivblind.play2pay.me/' successfully

2561-03-31 20:26:53 - [MESSAGE][PASSED] - Navigate to 'http://vivblind.play2pay.me/' successfully

2561-03-31 20:26:53 - [TEST_STEP][PASSED] - click: Object: 'Object Repository/Register_Page/a_' is clicked on

2561-03-31 20:26:54 - [MESSAGE][PASSED] - Object: 'Object Repository/Register_Page/a_' is clicked on

2561-03-31 20:26:54 - [TEST_STEP][PASSED] - setText: Text 'suphisit1@gmail.com' is set on object 'Object Repository/Register_Page/input_EMAIL (1)'

2561-03-31 20:26:54 - [MESSAGE][PASSED] - Text 'suphisit1@gmail.com' is set on object 'Object Repository/Register_Page/input_EMAIL (1)'

2561-03-31 20:26:54 - [TEST_STEP][PASSED] - setText: Text '' is set on object 'Object Repository/Register_Page/input_PASSWORD'

2561-03-31 20:26:54 - [MESSAGE][PASSED] - Text '' is set on object 'Object Repository/Register_Page/input_PASSWORD'

2561-03-31 20:26:54 - [TEST_STEP][PASSED] - setText: Text '' is set on object 'Object Repository/Register_Page/input_password_confirmation'

2561-03-31 20:26:54 - [MESSAGE][PASSED] - Text '' is set on object 'Object Repository/Register_Page/input_password_confirmation'

2561-03-31 20:26:54 - [TEST_STEP][PASSED] - uploadFile: File 'C:\Users\Administrator\Desktop\Test.jpg' sent to object: 'Object Repository/Register_Page/Upload File'

2561-03-31 20:26:54 - [MESSAGE][PASSED] - File 'C:\Users\Administrator\Desktop\Test.jpg' sent to object: 'Object Repository/Register_Page/Upload File'

2561-03-31 20:26:54 - [TEST_STEP][PASSED] - setText: Text 'ศุภิสิทธิ์ ' is set on object 'Object Repository/Register_Page/input_FIRST_NAME_TH'

2561-03-31 20:26:54 - [MESSAGE][PASSED] - Text 'ศุภิสิทธิ์ ' is set on object 'Object Repository/Register_Page/input_FIRST_NAME_TH'

2561-03-31 20:26:54 - [TEST_STEP][PASSED] - setText: Text 'ไข่กา' is set on object 'Object Repository/Register_Page/input_LAST_NAME_TH'

2561-03-31 20:26:55 - [MESSAGE][PASSED] - Text 'ไข่กา' is set on object 'Object Repository/Register_Page/input_LAST_NAME_TH'

2561-03-31 20:26:55 - [TEST_STEP][PASSED] - setText: Text 'Suphisit' is set on object 'Object Repository/Register_Page/input_FIRST_NAME_EN'

2561-03-31 20:26:55 - [MESSAGE][PASSED] - Text 'Suphisit' is set on object 'Object Repository/Register_Page/input_FIRST_NAME_EN'

2561-03-31 20:26:55 - [TEST_STEP][PASSED] - setText: Text 'Khaika' is set on object 'Object Repository/Register_Page/input_LAST_NAME_EN'

2561-03-31 20:26:55 - [MESSAGE][PASSED] - Text 'Khaika' is set on object 'Object Repository/Register_Page/input_LAST_NAME_EN'

2561-03-31 20:26:55 - [TEST_STEP][PASSED] - setText: Text '13/10/1994' is set on object 'Object Repository/Register_Page/input_BIRTH_DATE'

2561-03-31 20:26:55 - [MESSAGE][PASSED] - Text '13/10/1994' is set on object 'Object Repository/Register_Page/input_BIRTH_DATE'

2561-03-31 20:26:55 - [TEST_STEP][PASSED] - selectOptionByValue: All options with value 'พุทธ' are selected in object 'Object Repository/Register_Page/select_'  using regular expression

2561-03-31 20:26:55 - [MESSAGE][PASSED] - All options with value 'พุทธ' are selected in object 'Object Repository/Register_Page/select_'  using regular expression

2561-03-31 20:26:55 - [TEST_STEP][PASSED] - selectOptionByValue: All options with value 'ปริญญาตรี' are selected in object 'Object Repository/Register_Page/select__1'  using regular expression

2561-03-31 20:26:56 - [MESSAGE][PASSED] - All options with value 'ปริญญาตรี' are selected in object 'Object Repository/Register_Page/select__1'  using regular expression

2561-03-31 20:26:56 - [TEST_STEP][PASSED] - selectOptionByValue: All options with value 'อื่นๆ' are selected in object 'Object Repository/Register_Page/select__2'  using regular expression

2561-03-31 20:26:56 - [MESSAGE][PASSED] - All options with value 'อื่นๆ' are selected in object 'Object Repository/Register_Page/select__2'  using regular expression

2561-03-31 20:26:56 - [TEST_STEP][PASSED] - setText: Text '3' is set on object 'Object Repository/Register_Page/input_ADDRESS_NO'

2561-03-31 20:26:56 - [MESSAGE][PASSED] - Text '3' is set on object 'Object Repository/Register_Page/input_ADDRESS_NO'

2561-03-31 20:26:56 - [TEST_STEP][PASSED] - setText: Text '10' is set on object 'Object Repository/Register_Page/input_ADDRESS_MOO'

2561-03-31 20:26:56 - [MESSAGE][PASSED] - Text '10' is set on object 'Object Repository/Register_Page/input_ADDRESS_MOO'

2561-03-31 20:26:56 - [TEST_STEP][PASSED] - setText: Text 'พหลโยธิน' is set on object 'Object Repository/Register_Page/input_ADDRESS_ROAD'

2561-03-31 20:26:56 - [MESSAGE][PASSED] - Text 'พหลโยธิน' is set on object 'Object Repository/Register_Page/input_ADDRESS_ROAD'

2561-03-31 20:26:56 - [TEST_STEP][PASSED] - delay: Delayed 2 second(s)

2561-03-31 20:26:58 - [MESSAGE][PASSED] - Delayed 2 second(s)

2561-03-31 20:26:58 - [TEST_STEP][PASSED] - selectOptionByValue: All options with value '45' are selected in object 'Object Repository/Register_Page/ADDRESS_PROVINCE' 

2561-03-31 20:26:58 - [MESSAGE][PASSED] - All options with value '45' are selected in object 'Object Repository/Register_Page/ADDRESS_PROVINCE' 

2561-03-31 20:26:58 - [TEST_STEP][PASSED] - delay: Delayed 2 second(s)

2561-03-31 20:27:00 - [MESSAGE][PASSED] - Delayed 2 second(s)

2561-03-31 20:27:00 - [TEST_STEP][PASSED] - selectOptionByValue: All options with value '665' are selected in object 'Object Repository/Register_Page/ADDRESS_DISTRICT' 

2561-03-31 20:27:01 - [MESSAGE][PASSED] - All options with value '665' are selected in object 'Object Repository/Register_Page/ADDRESS_DISTRICT' 

2561-03-31 20:27:01 - [TEST_STEP][PASSED] - delay: Delayed 2 second(s)

2561-03-31 20:27:03 - [MESSAGE][PASSED] - Delayed 2 second(s)

2561-03-31 20:27:03 - [TEST_STEP][PASSED] - selectOptionByValue: All options with value '14726' are selected in object 'Object Repository/Register_Page/ADDRESS_SUBDISTRICT' 

2561-03-31 20:27:03 - [MESSAGE][PASSED] - All options with value '14726' are selected in object 'Object Repository/Register_Page/ADDRESS_SUBDISTRICT' 

2561-03-31 20:27:03 - [TEST_STEP][PASSED] - setText: Text '57130' is set on object 'Object Repository/Register_Page/input_ADDRESS_POSTCODE'

2561-03-31 20:27:03 - [MESSAGE][PASSED] - Text '57130' is set on object 'Object Repository/Register_Page/input_ADDRESS_POSTCODE'

2561-03-31 20:27:03 - [TEST_STEP][PASSED] - selectOptionByValue: All options with value 'กำลังทำงาน' are selected in object 'Object Repository/Register_Page/select__3'  using regular expression

2561-03-31 20:27:03 - [MESSAGE][PASSED] - All options with value 'กำลังทำงาน' are selected in object 'Object Repository/Register_Page/select__3'  using regular expression

2561-03-31 20:27:03 - [TEST_STEP][PASSED] - setText: Text '3 หมู่ที่ 10 ต.โป่งผา อ.แม่สาย จ.เชียงราย' is set on object 'Object Repository/Register_Page/input_ADDRESS_ALL'

2561-03-31 20:27:03 - [MESSAGE][PASSED] - Text '3 หมู่ที่ 10 ต.โป่งผา อ.แม่สาย จ.เชียงราย' is set on object 'Object Repository/Register_Page/input_ADDRESS_ALL'

2561-03-31 20:27:03 - [TEST_STEP][PASSED] - setText: Text '053646789' is set on object 'Object Repository/Register_Page/input_PHONE'

2561-03-31 20:27:04 - [MESSAGE][PASSED] - Text '053646789' is set on object 'Object Repository/Register_Page/input_PHONE'

2561-03-31 20:27:04 - [TEST_STEP][PASSED] - setText: Text '0827975510' is set on object 'Object Repository/Register_Page/input_CELL_PHONE'

2561-03-31 20:27:04 - [MESSAGE][PASSED] - Text '0827975510' is set on object 'Object Repository/Register_Page/input_CELL_PHONE'

2561-03-31 20:27:04 - [TEST_STEP][PASSED] - setText: Text '025445687' is set on object 'Object Repository/Register_Page/input_FAX'

2561-03-31 20:27:04 - [MESSAGE][PASSED] - Text '025445687' is set on object 'Object Repository/Register_Page/input_FAX'

2561-03-31 20:27:04 - [TEST_STEP][PASSED] - click: Object: 'Object Repository/Register_Page/input_submit (1)' is clicked on

2561-03-31 20:27:05 - [MESSAGE][PASSED] - Object: 'Object Repository/Register_Page/input_submit (1)' is clicked on

2561-03-31 20:27:05 - [TEST_STEP][PASSED] - verifyTextPresent: Text 'กรุณากรอกรหัสผ่าน' is present on page 

2561-03-31 20:27:05 - [MESSAGE][PASSED] - Text 'กรุณากรอกรหัสผ่าน' is present on page 

2561-03-31 20:27:05 - [TEST_STEP][PASSED] - verifyTextPresent: Text 'กรุณายืนยันรหัสผ่านของท่าน' is present on page 

2561-03-31 20:27:05 - [MESSAGE][PASSED] - Text 'กรุณายืนยันรหัสผ่านของท่าน' is present on page 

2561-03-31 20:27:05 - [TEST_STEP][PASSED] - closeBrowser: Browser is closed

2561-03-31 20:27:06 - [MESSAGE][PASSED] - Browser is closed]]></system-out>
         <system-err><![CDATA[]]></system-err>
      </testcase>
      <testcase name="Test Cases/Register volunteer/Register05" classname="Test Cases/Register volunteer/Register05" status="PASSED">
         <system-out><![CDATA[2561-03-31 20:27:06 - [TEST_CASE][PASSED] - Test Cases/Register volunteer/Register05: Test Cases/Register volunteer/Register05

2561-03-31 20:27:06 - [TEST_STEP][PASSED] - openBrowser: Browser is opened with url: ''

2561-03-31 20:27:09 - [MESSAGE][PASSED] - Browser is opened with url: ''

2561-03-31 20:27:09 - [TEST_STEP][PASSED] - navigateToUrl: Navigate to 'http://vivblind.play2pay.me/' successfully

2561-03-31 20:27:14 - [MESSAGE][PASSED] - Navigate to 'http://vivblind.play2pay.me/' successfully

2561-03-31 20:27:14 - [TEST_STEP][PASSED] - click: Object: 'Object Repository/Register_Page/a_' is clicked on

2561-03-31 20:27:15 - [MESSAGE][PASSED] - Object: 'Object Repository/Register_Page/a_' is clicked on

2561-03-31 20:27:15 - [TEST_STEP][PASSED] - setText: Text 'suphisit1@gmail.com' is set on object 'Object Repository/Register_Page/input_EMAIL (1)'

2561-03-31 20:27:15 - [MESSAGE][PASSED] - Text 'suphisit1@gmail.com' is set on object 'Object Repository/Register_Page/input_EMAIL (1)'

2561-03-31 20:27:15 - [TEST_STEP][PASSED] - setText: Text '0857098359' is set on object 'Object Repository/Register_Page/input_PASSWORD'

2561-03-31 20:27:15 - [MESSAGE][PASSED] - Text '0857098359' is set on object 'Object Repository/Register_Page/input_PASSWORD'

2561-03-31 20:27:15 - [TEST_STEP][PASSED] - setText: Text '0857098359' is set on object 'Object Repository/Register_Page/input_password_confirmation'

2561-03-31 20:27:15 - [MESSAGE][PASSED] - Text '0857098359' is set on object 'Object Repository/Register_Page/input_password_confirmation'

2561-03-31 20:27:15 - [TEST_STEP][PASSED] - setText: Text 'ศุภิสิทธิ์ ' is set on object 'Object Repository/Register_Page/input_FIRST_NAME_TH'

2561-03-31 20:27:15 - [MESSAGE][PASSED] - Text 'ศุภิสิทธิ์ ' is set on object 'Object Repository/Register_Page/input_FIRST_NAME_TH'

2561-03-31 20:27:15 - [TEST_STEP][PASSED] - setText: Text 'ไข่กา' is set on object 'Object Repository/Register_Page/input_LAST_NAME_TH'

2561-03-31 20:27:16 - [MESSAGE][PASSED] - Text 'ไข่กา' is set on object 'Object Repository/Register_Page/input_LAST_NAME_TH'

2561-03-31 20:27:16 - [TEST_STEP][PASSED] - setText: Text 'Suphisit' is set on object 'Object Repository/Register_Page/input_FIRST_NAME_EN'

2561-03-31 20:27:16 - [MESSAGE][PASSED] - Text 'Suphisit' is set on object 'Object Repository/Register_Page/input_FIRST_NAME_EN'

2561-03-31 20:27:16 - [TEST_STEP][PASSED] - setText: Text 'Khaika' is set on object 'Object Repository/Register_Page/input_LAST_NAME_EN'

2561-03-31 20:27:16 - [MESSAGE][PASSED] - Text 'Khaika' is set on object 'Object Repository/Register_Page/input_LAST_NAME_EN'

2561-03-31 20:27:16 - [TEST_STEP][PASSED] - setText: Text '13/10/1994' is set on object 'Object Repository/Register_Page/input_BIRTH_DATE'

2561-03-31 20:27:16 - [MESSAGE][PASSED] - Text '13/10/1994' is set on object 'Object Repository/Register_Page/input_BIRTH_DATE'

2561-03-31 20:27:16 - [TEST_STEP][PASSED] - selectOptionByValue: All options with value 'พุทธ' are selected in object 'Object Repository/Register_Page/select_'  using regular expression

2561-03-31 20:27:16 - [MESSAGE][PASSED] - All options with value 'พุทธ' are selected in object 'Object Repository/Register_Page/select_'  using regular expression

2561-03-31 20:27:16 - [TEST_STEP][PASSED] - selectOptionByValue: All options with value 'ปริญญาตรี' are selected in object 'Object Repository/Register_Page/select__1'  using regular expression

2561-03-31 20:27:16 - [MESSAGE][PASSED] - All options with value 'ปริญญาตรี' are selected in object 'Object Repository/Register_Page/select__1'  using regular expression

2561-03-31 20:27:16 - [TEST_STEP][PASSED] - selectOptionByValue: All options with value 'อื่นๆ' are selected in object 'Object Repository/Register_Page/select__2'  using regular expression

2561-03-31 20:27:17 - [MESSAGE][PASSED] - All options with value 'อื่นๆ' are selected in object 'Object Repository/Register_Page/select__2'  using regular expression

2561-03-31 20:27:17 - [TEST_STEP][PASSED] - setText: Text '3' is set on object 'Object Repository/Register_Page/input_ADDRESS_NO'

2561-03-31 20:27:17 - [MESSAGE][PASSED] - Text '3' is set on object 'Object Repository/Register_Page/input_ADDRESS_NO'

2561-03-31 20:27:17 - [TEST_STEP][PASSED] - setText: Text '10' is set on object 'Object Repository/Register_Page/input_ADDRESS_MOO'

2561-03-31 20:27:17 - [MESSAGE][PASSED] - Text '10' is set on object 'Object Repository/Register_Page/input_ADDRESS_MOO'

2561-03-31 20:27:17 - [TEST_STEP][PASSED] - setText: Text 'พหลโยธิน' is set on object 'Object Repository/Register_Page/input_ADDRESS_ROAD'

2561-03-31 20:27:17 - [MESSAGE][PASSED] - Text 'พหลโยธิน' is set on object 'Object Repository/Register_Page/input_ADDRESS_ROAD'

2561-03-31 20:27:17 - [TEST_STEP][PASSED] - delay: Delayed 2 second(s)

2561-03-31 20:27:19 - [MESSAGE][PASSED] - Delayed 2 second(s)

2561-03-31 20:27:19 - [TEST_STEP][PASSED] - selectOptionByValue: All options with value '45' are selected in object 'Object Repository/Register_Page/ADDRESS_PROVINCE' 

2561-03-31 20:27:19 - [MESSAGE][PASSED] - All options with value '45' are selected in object 'Object Repository/Register_Page/ADDRESS_PROVINCE' 

2561-03-31 20:27:19 - [TEST_STEP][PASSED] - delay: Delayed 2 second(s)

2561-03-31 20:27:21 - [MESSAGE][PASSED] - Delayed 2 second(s)

2561-03-31 20:27:21 - [TEST_STEP][PASSED] - selectOptionByValue: All options with value '665' are selected in object 'Object Repository/Register_Page/ADDRESS_DISTRICT' 

2561-03-31 20:27:21 - [MESSAGE][PASSED] - All options with value '665' are selected in object 'Object Repository/Register_Page/ADDRESS_DISTRICT' 

2561-03-31 20:27:21 - [TEST_STEP][PASSED] - delay: Delayed 2 second(s)

2561-03-31 20:27:23 - [MESSAGE][PASSED] - Delayed 2 second(s)

2561-03-31 20:27:23 - [TEST_STEP][PASSED] - selectOptionByValue: All options with value '14726' are selected in object 'Object Repository/Register_Page/ADDRESS_SUBDISTRICT' 

2561-03-31 20:27:23 - [MESSAGE][PASSED] - All options with value '14726' are selected in object 'Object Repository/Register_Page/ADDRESS_SUBDISTRICT' 

2561-03-31 20:27:23 - [TEST_STEP][PASSED] - setText: Text '57130' is set on object 'Object Repository/Register_Page/input_ADDRESS_POSTCODE'

2561-03-31 20:27:24 - [MESSAGE][PASSED] - Text '57130' is set on object 'Object Repository/Register_Page/input_ADDRESS_POSTCODE'

2561-03-31 20:27:24 - [TEST_STEP][PASSED] - selectOptionByValue: All options with value 'กำลังทำงาน' are selected in object 'Object Repository/Register_Page/select__3'  using regular expression

2561-03-31 20:27:24 - [MESSAGE][PASSED] - All options with value 'กำลังทำงาน' are selected in object 'Object Repository/Register_Page/select__3'  using regular expression

2561-03-31 20:27:24 - [TEST_STEP][PASSED] - setText: Text '3 หมู่ที่ 10 ต.โป่งผา อ.แม่สาย จ.เชียงราย' is set on object 'Object Repository/Register_Page/input_ADDRESS_ALL'

2561-03-31 20:27:24 - [MESSAGE][PASSED] - Text '3 หมู่ที่ 10 ต.โป่งผา อ.แม่สาย จ.เชียงราย' is set on object 'Object Repository/Register_Page/input_ADDRESS_ALL'

2561-03-31 20:27:24 - [TEST_STEP][PASSED] - setText: Text '053646789' is set on object 'Object Repository/Register_Page/input_PHONE'

2561-03-31 20:27:24 - [MESSAGE][PASSED] - Text '053646789' is set on object 'Object Repository/Register_Page/input_PHONE'

2561-03-31 20:27:24 - [TEST_STEP][PASSED] - setText: Text '0827975510' is set on object 'Object Repository/Register_Page/input_CELL_PHONE'

2561-03-31 20:27:24 - [MESSAGE][PASSED] - Text '0827975510' is set on object 'Object Repository/Register_Page/input_CELL_PHONE'

2561-03-31 20:27:24 - [TEST_STEP][PASSED] - setText: Text '025445687' is set on object 'Object Repository/Register_Page/input_FAX'

2561-03-31 20:27:25 - [MESSAGE][PASSED] - Text '025445687' is set on object 'Object Repository/Register_Page/input_FAX'

2561-03-31 20:27:25 - [TEST_STEP][PASSED] - click: Object: 'Object Repository/Register_Page/input_submit (1)' is clicked on

2561-03-31 20:27:25 - [MESSAGE][PASSED] - Object: 'Object Repository/Register_Page/input_submit (1)' is clicked on

2561-03-31 20:27:25 - [TEST_STEP][PASSED] - closeBrowser: Browser is closed

2561-03-31 20:27:26 - [MESSAGE][PASSED] - Browser is closed]]></system-out>
         <system-err><![CDATA[]]></system-err>
      </testcase>
      <testcase name="Test Cases/Register volunteer/Register06" classname="Test Cases/Register volunteer/Register06" status="PASSED">
         <system-out><![CDATA[2561-03-31 20:27:26 - [TEST_CASE][PASSED] - Test Cases/Register volunteer/Register06: Test Cases/Register volunteer/Register06

2561-03-31 20:27:26 - [TEST_STEP][PASSED] - openBrowser: Browser is opened with url: ''

2561-03-31 20:27:30 - [MESSAGE][PASSED] - Browser is opened with url: ''

2561-03-31 20:27:30 - [TEST_STEP][PASSED] - navigateToUrl: Navigate to 'http://vivblind.play2pay.me/' successfully

2561-03-31 20:27:34 - [MESSAGE][PASSED] - Navigate to 'http://vivblind.play2pay.me/' successfully

2561-03-31 20:27:34 - [TEST_STEP][PASSED] - click: Object: 'Object Repository/Register_Page/a_' is clicked on

2561-03-31 20:27:34 - [MESSAGE][PASSED] - Object: 'Object Repository/Register_Page/a_' is clicked on

2561-03-31 20:27:34 - [TEST_STEP][PASSED] - setText: Text 'suphisit1@gmail.com' is set on object 'Object Repository/Register_Page/input_EMAIL (1)'

2561-03-31 20:27:35 - [MESSAGE][PASSED] - Text 'suphisit1@gmail.com' is set on object 'Object Repository/Register_Page/input_EMAIL (1)'

2561-03-31 20:27:35 - [TEST_STEP][PASSED] - setText: Text '0857098359' is set on object 'Object Repository/Register_Page/input_PASSWORD'

2561-03-31 20:27:35 - [MESSAGE][PASSED] - Text '0857098359' is set on object 'Object Repository/Register_Page/input_PASSWORD'

2561-03-31 20:27:35 - [TEST_STEP][PASSED] - setText: Text '0857098359' is set on object 'Object Repository/Register_Page/input_password_confirmation'

2561-03-31 20:27:35 - [MESSAGE][PASSED] - Text '0857098359' is set on object 'Object Repository/Register_Page/input_password_confirmation'

2561-03-31 20:27:35 - [TEST_STEP][PASSED] - uploadFile: File 'C:\Users\Administrator\Desktop\Test.jpg' sent to object: 'Object Repository/Register_Page/Upload File'

2561-03-31 20:27:35 - [MESSAGE][PASSED] - File 'C:\Users\Administrator\Desktop\Test.jpg' sent to object: 'Object Repository/Register_Page/Upload File'

2561-03-31 20:27:35 - [TEST_STEP][PASSED] - setText: Text '' is set on object 'Object Repository/Register_Page/input_FIRST_NAME_TH'

2561-03-31 20:27:35 - [MESSAGE][PASSED] - Text '' is set on object 'Object Repository/Register_Page/input_FIRST_NAME_TH'

2561-03-31 20:27:35 - [TEST_STEP][PASSED] - setText: Text '' is set on object 'Object Repository/Register_Page/input_LAST_NAME_TH'

2561-03-31 20:27:35 - [MESSAGE][PASSED] - Text '' is set on object 'Object Repository/Register_Page/input_LAST_NAME_TH'

2561-03-31 20:27:35 - [TEST_STEP][PASSED] - setText: Text 'Suphisit' is set on object 'Object Repository/Register_Page/input_FIRST_NAME_EN'

2561-03-31 20:27:35 - [MESSAGE][PASSED] - Text 'Suphisit' is set on object 'Object Repository/Register_Page/input_FIRST_NAME_EN'

2561-03-31 20:27:35 - [TEST_STEP][PASSED] - setText: Text 'Khaika' is set on object 'Object Repository/Register_Page/input_LAST_NAME_EN'

2561-03-31 20:27:35 - [MESSAGE][PASSED] - Text 'Khaika' is set on object 'Object Repository/Register_Page/input_LAST_NAME_EN'

2561-03-31 20:27:35 - [TEST_STEP][PASSED] - setText: Text '13/10/1994' is set on object 'Object Repository/Register_Page/input_BIRTH_DATE'

2561-03-31 20:27:36 - [MESSAGE][PASSED] - Text '13/10/1994' is set on object 'Object Repository/Register_Page/input_BIRTH_DATE'

2561-03-31 20:27:36 - [TEST_STEP][PASSED] - selectOptionByValue: All options with value 'พุทธ' are selected in object 'Object Repository/Register_Page/select_'  using regular expression

2561-03-31 20:27:36 - [MESSAGE][PASSED] - All options with value 'พุทธ' are selected in object 'Object Repository/Register_Page/select_'  using regular expression

2561-03-31 20:27:36 - [TEST_STEP][PASSED] - selectOptionByValue: All options with value 'ปริญญาตรี' are selected in object 'Object Repository/Register_Page/select__1'  using regular expression

2561-03-31 20:27:36 - [MESSAGE][PASSED] - All options with value 'ปริญญาตรี' are selected in object 'Object Repository/Register_Page/select__1'  using regular expression

2561-03-31 20:27:36 - [TEST_STEP][PASSED] - selectOptionByValue: All options with value 'อื่นๆ' are selected in object 'Object Repository/Register_Page/select__2'  using regular expression

2561-03-31 20:27:36 - [MESSAGE][PASSED] - All options with value 'อื่นๆ' are selected in object 'Object Repository/Register_Page/select__2'  using regular expression

2561-03-31 20:27:36 - [TEST_STEP][PASSED] - setText: Text '3' is set on object 'Object Repository/Register_Page/input_ADDRESS_NO'

2561-03-31 20:27:36 - [MESSAGE][PASSED] - Text '3' is set on object 'Object Repository/Register_Page/input_ADDRESS_NO'

2561-03-31 20:27:36 - [TEST_STEP][PASSED] - setText: Text '10' is set on object 'Object Repository/Register_Page/input_ADDRESS_MOO'

2561-03-31 20:27:36 - [MESSAGE][PASSED] - Text '10' is set on object 'Object Repository/Register_Page/input_ADDRESS_MOO'

2561-03-31 20:27:36 - [TEST_STEP][PASSED] - setText: Text 'พหลโยธิน' is set on object 'Object Repository/Register_Page/input_ADDRESS_ROAD'

2561-03-31 20:27:37 - [MESSAGE][PASSED] - Text 'พหลโยธิน' is set on object 'Object Repository/Register_Page/input_ADDRESS_ROAD'

2561-03-31 20:27:37 - [TEST_STEP][PASSED] - delay: Delayed 2 second(s)

2561-03-31 20:27:39 - [MESSAGE][PASSED] - Delayed 2 second(s)

2561-03-31 20:27:39 - [TEST_STEP][PASSED] - selectOptionByValue: All options with value '45' are selected in object 'Object Repository/Register_Page/ADDRESS_PROVINCE' 

2561-03-31 20:27:39 - [MESSAGE][PASSED] - All options with value '45' are selected in object 'Object Repository/Register_Page/ADDRESS_PROVINCE' 

2561-03-31 20:27:39 - [TEST_STEP][PASSED] - delay: Delayed 2 second(s)

2561-03-31 20:27:41 - [MESSAGE][PASSED] - Delayed 2 second(s)

2561-03-31 20:27:41 - [TEST_STEP][PASSED] - selectOptionByValue: All options with value '665' are selected in object 'Object Repository/Register_Page/ADDRESS_DISTRICT' 

2561-03-31 20:27:41 - [MESSAGE][PASSED] - All options with value '665' are selected in object 'Object Repository/Register_Page/ADDRESS_DISTRICT' 

2561-03-31 20:27:41 - [TEST_STEP][PASSED] - delay: Delayed 2 second(s)

2561-03-31 20:27:43 - [MESSAGE][PASSED] - Delayed 2 second(s)

2561-03-31 20:27:43 - [TEST_STEP][PASSED] - selectOptionByValue: All options with value '14726' are selected in object 'Object Repository/Register_Page/ADDRESS_SUBDISTRICT' 

2561-03-31 20:27:43 - [MESSAGE][PASSED] - All options with value '14726' are selected in object 'Object Repository/Register_Page/ADDRESS_SUBDISTRICT' 

2561-03-31 20:27:43 - [TEST_STEP][PASSED] - setText: Text '57130' is set on object 'Object Repository/Register_Page/input_ADDRESS_POSTCODE'

2561-03-31 20:27:43 - [MESSAGE][PASSED] - Text '57130' is set on object 'Object Repository/Register_Page/input_ADDRESS_POSTCODE'

2561-03-31 20:27:43 - [TEST_STEP][PASSED] - selectOptionByValue: All options with value 'กำลังทำงาน' are selected in object 'Object Repository/Register_Page/select__3'  using regular expression

2561-03-31 20:27:43 - [MESSAGE][PASSED] - All options with value 'กำลังทำงาน' are selected in object 'Object Repository/Register_Page/select__3'  using regular expression

2561-03-31 20:27:43 - [TEST_STEP][PASSED] - setText: Text '3 หมู่ที่ 10 ต.โป่งผา อ.แม่สาย จ.เชียงราย' is set on object 'Object Repository/Register_Page/input_ADDRESS_ALL'

2561-03-31 20:27:44 - [MESSAGE][PASSED] - Text '3 หมู่ที่ 10 ต.โป่งผา อ.แม่สาย จ.เชียงราย' is set on object 'Object Repository/Register_Page/input_ADDRESS_ALL'

2561-03-31 20:27:44 - [TEST_STEP][PASSED] - setText: Text '053646789' is set on object 'Object Repository/Register_Page/input_PHONE'

2561-03-31 20:27:44 - [MESSAGE][PASSED] - Text '053646789' is set on object 'Object Repository/Register_Page/input_PHONE'

2561-03-31 20:27:44 - [TEST_STEP][PASSED] - setText: Text '0827975510' is set on object 'Object Repository/Register_Page/input_CELL_PHONE'

2561-03-31 20:27:44 - [MESSAGE][PASSED] - Text '0827975510' is set on object 'Object Repository/Register_Page/input_CELL_PHONE'

2561-03-31 20:27:44 - [TEST_STEP][PASSED] - setText: Text '025445687' is set on object 'Object Repository/Register_Page/input_FAX'

2561-03-31 20:27:44 - [MESSAGE][PASSED] - Text '025445687' is set on object 'Object Repository/Register_Page/input_FAX'

2561-03-31 20:27:44 - [TEST_STEP][PASSED] - click: Object: 'Object Repository/Register_Page/input_submit (1)' is clicked on

2561-03-31 20:27:45 - [MESSAGE][PASSED] - Object: 'Object Repository/Register_Page/input_submit (1)' is clicked on

2561-03-31 20:27:45 - [TEST_STEP][PASSED] - verifyTextPresent: Text 'กรุณากรอกชื่อ' is present on page 

2561-03-31 20:27:45 - [MESSAGE][PASSED] - Text 'กรุณากรอกชื่อ' is present on page 

2561-03-31 20:27:45 - [TEST_STEP][PASSED] - verifyTextPresent: Text 'กรุณากรอกนามสกุล' is present on page 

2561-03-31 20:27:45 - [MESSAGE][PASSED] - Text 'กรุณากรอกนามสกุล' is present on page 

2561-03-31 20:27:45 - [TEST_STEP][PASSED] - closeBrowser: Browser is closed

2561-03-31 20:27:46 - [MESSAGE][PASSED] - Browser is closed]]></system-out>
         <system-err><![CDATA[]]></system-err>
      </testcase>
      <testcase name="Test Cases/Register volunteer/Register07" classname="Test Cases/Register volunteer/Register07" status="PASSED">
         <system-out><![CDATA[2561-03-31 20:27:46 - [TEST_CASE][PASSED] - Test Cases/Register volunteer/Register07: Test Cases/Register volunteer/Register07

2561-03-31 20:27:46 - [TEST_STEP][PASSED] - openBrowser: Browser is opened with url: ''

2561-03-31 20:27:52 - [MESSAGE][PASSED] - Browser is opened with url: ''

2561-03-31 20:27:52 - [TEST_STEP][PASSED] - navigateToUrl: Navigate to 'http://vivblind.play2pay.me/' successfully

2561-03-31 20:28:01 - [MESSAGE][PASSED] - Navigate to 'http://vivblind.play2pay.me/' successfully

2561-03-31 20:28:01 - [TEST_STEP][PASSED] - click: Object: 'Object Repository/Register_Page/a_' is clicked on

2561-03-31 20:28:01 - [MESSAGE][PASSED] - Object: 'Object Repository/Register_Page/a_' is clicked on

2561-03-31 20:28:01 - [TEST_STEP][PASSED] - setText: Text 'suphisit1@gmail.com' is set on object 'Object Repository/Register_Page/input_EMAIL (1)'

2561-03-31 20:28:02 - [MESSAGE][PASSED] - Text 'suphisit1@gmail.com' is set on object 'Object Repository/Register_Page/input_EMAIL (1)'

2561-03-31 20:28:02 - [TEST_STEP][PASSED] - setText: Text '0857098359' is set on object 'Object Repository/Register_Page/input_PASSWORD'

2561-03-31 20:28:02 - [MESSAGE][PASSED] - Text '0857098359' is set on object 'Object Repository/Register_Page/input_PASSWORD'

2561-03-31 20:28:02 - [TEST_STEP][PASSED] - setText: Text '0857098359' is set on object 'Object Repository/Register_Page/input_password_confirmation'

2561-03-31 20:28:02 - [MESSAGE][PASSED] - Text '0857098359' is set on object 'Object Repository/Register_Page/input_password_confirmation'

2561-03-31 20:28:02 - [TEST_STEP][PASSED] - uploadFile: File 'C:\Users\Administrator\Desktop\Test.jpg' sent to object: 'Object Repository/Register_Page/Upload File'

2561-03-31 20:28:02 - [MESSAGE][PASSED] - File 'C:\Users\Administrator\Desktop\Test.jpg' sent to object: 'Object Repository/Register_Page/Upload File'

2561-03-31 20:28:02 - [TEST_STEP][PASSED] - setText: Text '' is set on object 'Object Repository/Register_Page/input_FIRST_NAME_TH'

2561-03-31 20:28:02 - [MESSAGE][PASSED] - Text '' is set on object 'Object Repository/Register_Page/input_FIRST_NAME_TH'

2561-03-31 20:28:02 - [TEST_STEP][PASSED] - setText: Text 'ไข่กา' is set on object 'Object Repository/Register_Page/input_LAST_NAME_TH'

2561-03-31 20:28:02 - [MESSAGE][PASSED] - Text 'ไข่กา' is set on object 'Object Repository/Register_Page/input_LAST_NAME_TH'

2561-03-31 20:28:02 - [TEST_STEP][PASSED] - setText: Text 'Suphisit' is set on object 'Object Repository/Register_Page/input_FIRST_NAME_EN'

2561-03-31 20:28:02 - [MESSAGE][PASSED] - Text 'Suphisit' is set on object 'Object Repository/Register_Page/input_FIRST_NAME_EN'

2561-03-31 20:28:02 - [TEST_STEP][PASSED] - setText: Text 'Khaika' is set on object 'Object Repository/Register_Page/input_LAST_NAME_EN'

2561-03-31 20:28:03 - [MESSAGE][PASSED] - Text 'Khaika' is set on object 'Object Repository/Register_Page/input_LAST_NAME_EN'

2561-03-31 20:28:03 - [TEST_STEP][PASSED] - setText: Text '13/10/1994' is set on object 'Object Repository/Register_Page/input_BIRTH_DATE'

2561-03-31 20:28:03 - [MESSAGE][PASSED] - Text '13/10/1994' is set on object 'Object Repository/Register_Page/input_BIRTH_DATE'

2561-03-31 20:28:03 - [TEST_STEP][PASSED] - selectOptionByValue: All options with value 'พุทธ' are selected in object 'Object Repository/Register_Page/select_'  using regular expression

2561-03-31 20:28:03 - [MESSAGE][PASSED] - All options with value 'พุทธ' are selected in object 'Object Repository/Register_Page/select_'  using regular expression

2561-03-31 20:28:03 - [TEST_STEP][PASSED] - selectOptionByValue: All options with value 'ปริญญาตรี' are selected in object 'Object Repository/Register_Page/select__1'  using regular expression

2561-03-31 20:28:03 - [MESSAGE][PASSED] - All options with value 'ปริญญาตรี' are selected in object 'Object Repository/Register_Page/select__1'  using regular expression

2561-03-31 20:28:03 - [TEST_STEP][PASSED] - selectOptionByValue: All options with value 'อื่นๆ' are selected in object 'Object Repository/Register_Page/select__2'  using regular expression

2561-03-31 20:28:03 - [MESSAGE][PASSED] - All options with value 'อื่นๆ' are selected in object 'Object Repository/Register_Page/select__2'  using regular expression

2561-03-31 20:28:03 - [TEST_STEP][PASSED] - setText: Text '3' is set on object 'Object Repository/Register_Page/input_ADDRESS_NO'

2561-03-31 20:28:04 - [MESSAGE][PASSED] - Text '3' is set on object 'Object Repository/Register_Page/input_ADDRESS_NO'

2561-03-31 20:28:04 - [TEST_STEP][PASSED] - setText: Text '10' is set on object 'Object Repository/Register_Page/input_ADDRESS_MOO'

2561-03-31 20:28:04 - [MESSAGE][PASSED] - Text '10' is set on object 'Object Repository/Register_Page/input_ADDRESS_MOO'

2561-03-31 20:28:04 - [TEST_STEP][PASSED] - setText: Text 'พหลโยธิน' is set on object 'Object Repository/Register_Page/input_ADDRESS_ROAD'

2561-03-31 20:28:04 - [MESSAGE][PASSED] - Text 'พหลโยธิน' is set on object 'Object Repository/Register_Page/input_ADDRESS_ROAD'

2561-03-31 20:28:04 - [TEST_STEP][PASSED] - delay: Delayed 2 second(s)

2561-03-31 20:28:06 - [MESSAGE][PASSED] - Delayed 2 second(s)

2561-03-31 20:28:06 - [TEST_STEP][PASSED] - selectOptionByValue: All options with value '45' are selected in object 'Object Repository/Register_Page/ADDRESS_PROVINCE' 

2561-03-31 20:28:06 - [MESSAGE][PASSED] - All options with value '45' are selected in object 'Object Repository/Register_Page/ADDRESS_PROVINCE' 

2561-03-31 20:28:06 - [TEST_STEP][PASSED] - delay: Delayed 2 second(s)

2561-03-31 20:28:08 - [MESSAGE][PASSED] - Delayed 2 second(s)

2561-03-31 20:28:08 - [TEST_STEP][PASSED] - selectOptionByValue: All options with value '665' are selected in object 'Object Repository/Register_Page/ADDRESS_DISTRICT' 

2561-03-31 20:28:08 - [MESSAGE][PASSED] - All options with value '665' are selected in object 'Object Repository/Register_Page/ADDRESS_DISTRICT' 

2561-03-31 20:28:08 - [TEST_STEP][PASSED] - delay: Delayed 2 second(s)

2561-03-31 20:28:10 - [MESSAGE][PASSED] - Delayed 2 second(s)

2561-03-31 20:28:10 - [TEST_STEP][PASSED] - selectOptionByValue: All options with value '14726' are selected in object 'Object Repository/Register_Page/ADDRESS_SUBDISTRICT' 

2561-03-31 20:28:10 - [MESSAGE][PASSED] - All options with value '14726' are selected in object 'Object Repository/Register_Page/ADDRESS_SUBDISTRICT' 

2561-03-31 20:28:10 - [TEST_STEP][PASSED] - setText: Text '57130' is set on object 'Object Repository/Register_Page/input_ADDRESS_POSTCODE'

2561-03-31 20:28:10 - [MESSAGE][PASSED] - Text '57130' is set on object 'Object Repository/Register_Page/input_ADDRESS_POSTCODE'

2561-03-31 20:28:10 - [TEST_STEP][PASSED] - selectOptionByValue: All options with value 'กำลังทำงาน' are selected in object 'Object Repository/Register_Page/select__3'  using regular expression

2561-03-31 20:28:11 - [MESSAGE][PASSED] - All options with value 'กำลังทำงาน' are selected in object 'Object Repository/Register_Page/select__3'  using regular expression

2561-03-31 20:28:11 - [TEST_STEP][PASSED] - setText: Text '3 หมู่ที่ 10 ต.โป่งผา อ.แม่สาย จ.เชียงราย' is set on object 'Object Repository/Register_Page/input_ADDRESS_ALL'

2561-03-31 20:28:11 - [MESSAGE][PASSED] - Text '3 หมู่ที่ 10 ต.โป่งผา อ.แม่สาย จ.เชียงราย' is set on object 'Object Repository/Register_Page/input_ADDRESS_ALL'

2561-03-31 20:28:11 - [TEST_STEP][PASSED] - setText: Text '053646789' is set on object 'Object Repository/Register_Page/input_PHONE'

2561-03-31 20:28:11 - [MESSAGE][PASSED] - Text '053646789' is set on object 'Object Repository/Register_Page/input_PHONE'

2561-03-31 20:28:11 - [TEST_STEP][PASSED] - setText: Text '0827975510' is set on object 'Object Repository/Register_Page/input_CELL_PHONE'

2561-03-31 20:28:11 - [MESSAGE][PASSED] - Text '0827975510' is set on object 'Object Repository/Register_Page/input_CELL_PHONE'

2561-03-31 20:28:11 - [TEST_STEP][PASSED] - setText: Text '025445687' is set on object 'Object Repository/Register_Page/input_FAX'

2561-03-31 20:28:11 - [MESSAGE][PASSED] - Text '025445687' is set on object 'Object Repository/Register_Page/input_FAX'

2561-03-31 20:28:11 - [TEST_STEP][PASSED] - click: Object: 'Object Repository/Register_Page/input_submit (1)' is clicked on

2561-03-31 20:28:12 - [MESSAGE][PASSED] - Object: 'Object Repository/Register_Page/input_submit (1)' is clicked on

2561-03-31 20:28:12 - [TEST_STEP][PASSED] - verifyTextPresent: Text 'กรุณากรอกชื่อ' is present on page 

2561-03-31 20:28:12 - [MESSAGE][PASSED] - Text 'กรุณากรอกชื่อ' is present on page 

2561-03-31 20:28:12 - [TEST_STEP][PASSED] - closeBrowser: Browser is closed

2561-03-31 20:28:13 - [MESSAGE][PASSED] - Browser is closed]]></system-out>
         <system-err><![CDATA[]]></system-err>
      </testcase>
      <testcase name="Test Cases/Register volunteer/Register08" classname="Test Cases/Register volunteer/Register08" status="PASSED">
         <system-out><![CDATA[2561-03-31 20:28:13 - [TEST_CASE][PASSED] - Test Cases/Register volunteer/Register08: Test Cases/Register volunteer/Register08

2561-03-31 20:28:13 - [TEST_STEP][PASSED] - openBrowser: Browser is opened with url: ''

2561-03-31 20:28:17 - [MESSAGE][PASSED] - Browser is opened with url: ''

2561-03-31 20:28:17 - [TEST_STEP][PASSED] - navigateToUrl: Navigate to 'http://vivblind.play2pay.me/' successfully

2561-03-31 20:28:24 - [MESSAGE][PASSED] - Navigate to 'http://vivblind.play2pay.me/' successfully

2561-03-31 20:28:24 - [TEST_STEP][PASSED] - click: Object: 'Object Repository/Register_Page/a_' is clicked on

2561-03-31 20:28:24 - [MESSAGE][PASSED] - Object: 'Object Repository/Register_Page/a_' is clicked on

2561-03-31 20:28:24 - [TEST_STEP][PASSED] - setText: Text 'suphisit1@gmail.com' is set on object 'Object Repository/Register_Page/input_EMAIL (1)'

2561-03-31 20:28:25 - [MESSAGE][PASSED] - Text 'suphisit1@gmail.com' is set on object 'Object Repository/Register_Page/input_EMAIL (1)'

2561-03-31 20:28:25 - [TEST_STEP][PASSED] - setText: Text '0857098359' is set on object 'Object Repository/Register_Page/input_PASSWORD'

2561-03-31 20:28:25 - [MESSAGE][PASSED] - Text '0857098359' is set on object 'Object Repository/Register_Page/input_PASSWORD'

2561-03-31 20:28:25 - [TEST_STEP][PASSED] - setText: Text '0857098359' is set on object 'Object Repository/Register_Page/input_password_confirmation'

2561-03-31 20:28:25 - [MESSAGE][PASSED] - Text '0857098359' is set on object 'Object Repository/Register_Page/input_password_confirmation'

2561-03-31 20:28:25 - [TEST_STEP][PASSED] - uploadFile: File 'C:\Users\Administrator\Desktop\Test.jpg' sent to object: 'Object Repository/Register_Page/Upload File'

2561-03-31 20:28:25 - [MESSAGE][PASSED] - File 'C:\Users\Administrator\Desktop\Test.jpg' sent to object: 'Object Repository/Register_Page/Upload File'

2561-03-31 20:28:25 - [TEST_STEP][PASSED] - setText: Text 'ศุภิสิทธิ์' is set on object 'Object Repository/Register_Page/input_FIRST_NAME_TH'

2561-03-31 20:28:25 - [MESSAGE][PASSED] - Text 'ศุภิสิทธิ์' is set on object 'Object Repository/Register_Page/input_FIRST_NAME_TH'

2561-03-31 20:28:25 - [TEST_STEP][PASSED] - setText: Text '' is set on object 'Object Repository/Register_Page/input_LAST_NAME_TH'

2561-03-31 20:28:25 - [MESSAGE][PASSED] - Text '' is set on object 'Object Repository/Register_Page/input_LAST_NAME_TH'

2561-03-31 20:28:25 - [TEST_STEP][PASSED] - setText: Text 'Suphisit' is set on object 'Object Repository/Register_Page/input_FIRST_NAME_EN'

2561-03-31 20:28:25 - [MESSAGE][PASSED] - Text 'Suphisit' is set on object 'Object Repository/Register_Page/input_FIRST_NAME_EN'

2561-03-31 20:28:25 - [TEST_STEP][PASSED] - setText: Text 'Khaika' is set on object 'Object Repository/Register_Page/input_LAST_NAME_EN'

2561-03-31 20:28:26 - [MESSAGE][PASSED] - Text 'Khaika' is set on object 'Object Repository/Register_Page/input_LAST_NAME_EN'

2561-03-31 20:28:26 - [TEST_STEP][PASSED] - setText: Text '13/10/1994' is set on object 'Object Repository/Register_Page/input_BIRTH_DATE'

2561-03-31 20:28:26 - [MESSAGE][PASSED] - Text '13/10/1994' is set on object 'Object Repository/Register_Page/input_BIRTH_DATE'

2561-03-31 20:28:26 - [TEST_STEP][PASSED] - selectOptionByValue: All options with value 'พุทธ' are selected in object 'Object Repository/Register_Page/select_'  using regular expression

2561-03-31 20:28:26 - [MESSAGE][PASSED] - All options with value 'พุทธ' are selected in object 'Object Repository/Register_Page/select_'  using regular expression

2561-03-31 20:28:26 - [TEST_STEP][PASSED] - selectOptionByValue: All options with value 'ปริญญาตรี' are selected in object 'Object Repository/Register_Page/select__1'  using regular expression

2561-03-31 20:28:26 - [MESSAGE][PASSED] - All options with value 'ปริญญาตรี' are selected in object 'Object Repository/Register_Page/select__1'  using regular expression

2561-03-31 20:28:26 - [TEST_STEP][PASSED] - selectOptionByValue: All options with value 'อื่นๆ' are selected in object 'Object Repository/Register_Page/select__2'  using regular expression

2561-03-31 20:28:26 - [MESSAGE][PASSED] - All options with value 'อื่นๆ' are selected in object 'Object Repository/Register_Page/select__2'  using regular expression

2561-03-31 20:28:26 - [TEST_STEP][PASSED] - setText: Text '3' is set on object 'Object Repository/Register_Page/input_ADDRESS_NO'

2561-03-31 20:28:26 - [MESSAGE][PASSED] - Text '3' is set on object 'Object Repository/Register_Page/input_ADDRESS_NO'

2561-03-31 20:28:26 - [TEST_STEP][PASSED] - setText: Text '10' is set on object 'Object Repository/Register_Page/input_ADDRESS_MOO'

2561-03-31 20:28:27 - [MESSAGE][PASSED] - Text '10' is set on object 'Object Repository/Register_Page/input_ADDRESS_MOO'

2561-03-31 20:28:27 - [TEST_STEP][PASSED] - setText: Text 'พหลโยธิน' is set on object 'Object Repository/Register_Page/input_ADDRESS_ROAD'

2561-03-31 20:28:27 - [MESSAGE][PASSED] - Text 'พหลโยธิน' is set on object 'Object Repository/Register_Page/input_ADDRESS_ROAD'

2561-03-31 20:28:27 - [TEST_STEP][PASSED] - delay: Delayed 2 second(s)

2561-03-31 20:28:29 - [MESSAGE][PASSED] - Delayed 2 second(s)

2561-03-31 20:28:29 - [TEST_STEP][PASSED] - selectOptionByValue: All options with value '45' are selected in object 'Object Repository/Register_Page/ADDRESS_PROVINCE' 

2561-03-31 20:28:29 - [MESSAGE][PASSED] - All options with value '45' are selected in object 'Object Repository/Register_Page/ADDRESS_PROVINCE' 

2561-03-31 20:28:29 - [TEST_STEP][PASSED] - delay: Delayed 2 second(s)

2561-03-31 20:28:31 - [MESSAGE][PASSED] - Delayed 2 second(s)

2561-03-31 20:28:31 - [TEST_STEP][PASSED] - selectOptionByValue: All options with value '665' are selected in object 'Object Repository/Register_Page/ADDRESS_DISTRICT' 

2561-03-31 20:28:31 - [MESSAGE][PASSED] - All options with value '665' are selected in object 'Object Repository/Register_Page/ADDRESS_DISTRICT' 

2561-03-31 20:28:31 - [TEST_STEP][PASSED] - delay: Delayed 2 second(s)

2561-03-31 20:28:33 - [MESSAGE][PASSED] - Delayed 2 second(s)

2561-03-31 20:28:33 - [TEST_STEP][PASSED] - selectOptionByValue: All options with value '14726' are selected in object 'Object Repository/Register_Page/ADDRESS_SUBDISTRICT' 

2561-03-31 20:28:33 - [MESSAGE][PASSED] - All options with value '14726' are selected in object 'Object Repository/Register_Page/ADDRESS_SUBDISTRICT' 

2561-03-31 20:28:33 - [TEST_STEP][PASSED] - setText: Text '57130' is set on object 'Object Repository/Register_Page/input_ADDRESS_POSTCODE'

2561-03-31 20:28:33 - [MESSAGE][PASSED] - Text '57130' is set on object 'Object Repository/Register_Page/input_ADDRESS_POSTCODE'

2561-03-31 20:28:33 - [TEST_STEP][PASSED] - selectOptionByValue: All options with value 'กำลังทำงาน' are selected in object 'Object Repository/Register_Page/select__3'  using regular expression

2561-03-31 20:28:34 - [MESSAGE][PASSED] - All options with value 'กำลังทำงาน' are selected in object 'Object Repository/Register_Page/select__3'  using regular expression

2561-03-31 20:28:34 - [TEST_STEP][PASSED] - setText: Text '3 หมู่ที่ 10 ต.โป่งผา อ.แม่สาย จ.เชียงราย' is set on object 'Object Repository/Register_Page/input_ADDRESS_ALL'

2561-03-31 20:28:34 - [MESSAGE][PASSED] - Text '3 หมู่ที่ 10 ต.โป่งผา อ.แม่สาย จ.เชียงราย' is set on object 'Object Repository/Register_Page/input_ADDRESS_ALL'

2561-03-31 20:28:34 - [TEST_STEP][PASSED] - setText: Text '053646789' is set on object 'Object Repository/Register_Page/input_PHONE'

2561-03-31 20:28:34 - [MESSAGE][PASSED] - Text '053646789' is set on object 'Object Repository/Register_Page/input_PHONE'

2561-03-31 20:28:34 - [TEST_STEP][PASSED] - setText: Text '0827975510' is set on object 'Object Repository/Register_Page/input_CELL_PHONE'

2561-03-31 20:28:34 - [MESSAGE][PASSED] - Text '0827975510' is set on object 'Object Repository/Register_Page/input_CELL_PHONE'

2561-03-31 20:28:34 - [TEST_STEP][PASSED] - setText: Text '025445687' is set on object 'Object Repository/Register_Page/input_FAX'

2561-03-31 20:28:34 - [MESSAGE][PASSED] - Text '025445687' is set on object 'Object Repository/Register_Page/input_FAX'

2561-03-31 20:28:34 - [TEST_STEP][PASSED] - click: Object: 'Object Repository/Register_Page/input_submit (1)' is clicked on

2561-03-31 20:28:35 - [MESSAGE][PASSED] - Object: 'Object Repository/Register_Page/input_submit (1)' is clicked on

2561-03-31 20:28:35 - [TEST_STEP][PASSED] - verifyTextPresent: Text 'กรุณากรอกนามสกุล' is present on page 

2561-03-31 20:28:35 - [MESSAGE][PASSED] - Text 'กรุณากรอกนามสกุล' is present on page 

2561-03-31 20:28:35 - [TEST_STEP][PASSED] - closeBrowser: Browser is closed

2561-03-31 20:28:36 - [MESSAGE][PASSED] - Browser is closed]]></system-out>
         <system-err><![CDATA[]]></system-err>
      </testcase>
      <testcase name="Test Cases/Register volunteer/Register09" classname="Test Cases/Register volunteer/Register09" status="PASSED">
         <system-out><![CDATA[2561-03-31 20:28:36 - [TEST_CASE][PASSED] - Test Cases/Register volunteer/Register09: Test Cases/Register volunteer/Register09

2561-03-31 20:28:36 - [TEST_STEP][PASSED] - openBrowser: Browser is opened with url: ''

2561-03-31 20:28:39 - [MESSAGE][PASSED] - Browser is opened with url: ''

2561-03-31 20:28:39 - [TEST_STEP][PASSED] - navigateToUrl: Navigate to 'http://vivblind.play2pay.me/' successfully

2561-03-31 20:28:44 - [MESSAGE][PASSED] - Navigate to 'http://vivblind.play2pay.me/' successfully

2561-03-31 20:28:44 - [TEST_STEP][PASSED] - click: Object: 'Object Repository/Register_Page/a_' is clicked on

2561-03-31 20:28:45 - [MESSAGE][PASSED] - Object: 'Object Repository/Register_Page/a_' is clicked on

2561-03-31 20:28:45 - [TEST_STEP][PASSED] - setText: Text 'suphisit1@gmail.com' is set on object 'Object Repository/Register_Page/input_EMAIL (1)'

2561-03-31 20:28:45 - [MESSAGE][PASSED] - Text 'suphisit1@gmail.com' is set on object 'Object Repository/Register_Page/input_EMAIL (1)'

2561-03-31 20:28:45 - [TEST_STEP][PASSED] - setText: Text '0857098359' is set on object 'Object Repository/Register_Page/input_PASSWORD'

2561-03-31 20:28:45 - [MESSAGE][PASSED] - Text '0857098359' is set on object 'Object Repository/Register_Page/input_PASSWORD'

2561-03-31 20:28:45 - [TEST_STEP][PASSED] - setText: Text '0857098359' is set on object 'Object Repository/Register_Page/input_password_confirmation'

2561-03-31 20:28:45 - [MESSAGE][PASSED] - Text '0857098359' is set on object 'Object Repository/Register_Page/input_password_confirmation'

2561-03-31 20:28:45 - [TEST_STEP][PASSED] - uploadFile: File 'C:\Users\Administrator\Desktop\Test.jpg' sent to object: 'Object Repository/Register_Page/Upload File'

2561-03-31 20:28:45 - [MESSAGE][PASSED] - File 'C:\Users\Administrator\Desktop\Test.jpg' sent to object: 'Object Repository/Register_Page/Upload File'

2561-03-31 20:28:45 - [TEST_STEP][PASSED] - setText: Text 'ศุภิสิทธิ์' is set on object 'Object Repository/Register_Page/input_FIRST_NAME_TH'

2561-03-31 20:28:46 - [MESSAGE][PASSED] - Text 'ศุภิสิทธิ์' is set on object 'Object Repository/Register_Page/input_FIRST_NAME_TH'

2561-03-31 20:28:46 - [TEST_STEP][PASSED] - setText: Text 'ไข่กา' is set on object 'Object Repository/Register_Page/input_LAST_NAME_TH'

2561-03-31 20:28:46 - [MESSAGE][PASSED] - Text 'ไข่กา' is set on object 'Object Repository/Register_Page/input_LAST_NAME_TH'

2561-03-31 20:28:46 - [TEST_STEP][PASSED] - setText: Text '' is set on object 'Object Repository/Register_Page/input_FIRST_NAME_EN'

2561-03-31 20:28:46 - [MESSAGE][PASSED] - Text '' is set on object 'Object Repository/Register_Page/input_FIRST_NAME_EN'

2561-03-31 20:28:46 - [TEST_STEP][PASSED] - setText: Text '' is set on object 'Object Repository/Register_Page/input_LAST_NAME_EN'

2561-03-31 20:28:46 - [MESSAGE][PASSED] - Text '' is set on object 'Object Repository/Register_Page/input_LAST_NAME_EN'

2561-03-31 20:28:46 - [TEST_STEP][PASSED] - setText: Text '13/10/1994' is set on object 'Object Repository/Register_Page/input_BIRTH_DATE'

2561-03-31 20:28:46 - [MESSAGE][PASSED] - Text '13/10/1994' is set on object 'Object Repository/Register_Page/input_BIRTH_DATE'

2561-03-31 20:28:46 - [TEST_STEP][PASSED] - selectOptionByValue: All options with value 'พุทธ' are selected in object 'Object Repository/Register_Page/select_'  using regular expression

2561-03-31 20:28:46 - [MESSAGE][PASSED] - All options with value 'พุทธ' are selected in object 'Object Repository/Register_Page/select_'  using regular expression

2561-03-31 20:28:46 - [TEST_STEP][PASSED] - selectOptionByValue: All options with value 'ปริญญาตรี' are selected in object 'Object Repository/Register_Page/select__1'  using regular expression

2561-03-31 20:28:47 - [MESSAGE][PASSED] - All options with value 'ปริญญาตรี' are selected in object 'Object Repository/Register_Page/select__1'  using regular expression

2561-03-31 20:28:47 - [TEST_STEP][PASSED] - selectOptionByValue: All options with value 'อื่นๆ' are selected in object 'Object Repository/Register_Page/select__2'  using regular expression

2561-03-31 20:28:47 - [MESSAGE][PASSED] - All options with value 'อื่นๆ' are selected in object 'Object Repository/Register_Page/select__2'  using regular expression

2561-03-31 20:28:47 - [TEST_STEP][PASSED] - setText: Text '3' is set on object 'Object Repository/Register_Page/input_ADDRESS_NO'

2561-03-31 20:28:47 - [MESSAGE][PASSED] - Text '3' is set on object 'Object Repository/Register_Page/input_ADDRESS_NO'

2561-03-31 20:28:47 - [TEST_STEP][PASSED] - setText: Text '10' is set on object 'Object Repository/Register_Page/input_ADDRESS_MOO'

2561-03-31 20:28:47 - [MESSAGE][PASSED] - Text '10' is set on object 'Object Repository/Register_Page/input_ADDRESS_MOO'

2561-03-31 20:28:47 - [TEST_STEP][PASSED] - setText: Text 'พหลโยธิน' is set on object 'Object Repository/Register_Page/input_ADDRESS_ROAD'

2561-03-31 20:28:47 - [MESSAGE][PASSED] - Text 'พหลโยธิน' is set on object 'Object Repository/Register_Page/input_ADDRESS_ROAD'

2561-03-31 20:28:47 - [TEST_STEP][PASSED] - delay: Delayed 2 second(s)

2561-03-31 20:28:49 - [MESSAGE][PASSED] - Delayed 2 second(s)

2561-03-31 20:28:49 - [TEST_STEP][PASSED] - selectOptionByValue: All options with value '45' are selected in object 'Object Repository/Register_Page/ADDRESS_PROVINCE' 

2561-03-31 20:28:49 - [MESSAGE][PASSED] - All options with value '45' are selected in object 'Object Repository/Register_Page/ADDRESS_PROVINCE' 

2561-03-31 20:28:49 - [TEST_STEP][PASSED] - delay: Delayed 2 second(s)

2561-03-31 20:28:51 - [MESSAGE][PASSED] - Delayed 2 second(s)

2561-03-31 20:28:51 - [TEST_STEP][PASSED] - selectOptionByValue: All options with value '665' are selected in object 'Object Repository/Register_Page/ADDRESS_DISTRICT' 

2561-03-31 20:28:51 - [MESSAGE][PASSED] - All options with value '665' are selected in object 'Object Repository/Register_Page/ADDRESS_DISTRICT' 

2561-03-31 20:28:51 - [TEST_STEP][PASSED] - delay: Delayed 2 second(s)

2561-03-31 20:28:53 - [MESSAGE][PASSED] - Delayed 2 second(s)

2561-03-31 20:28:53 - [TEST_STEP][PASSED] - selectOptionByValue: All options with value '14726' are selected in object 'Object Repository/Register_Page/ADDRESS_SUBDISTRICT' 

2561-03-31 20:28:54 - [MESSAGE][PASSED] - All options with value '14726' are selected in object 'Object Repository/Register_Page/ADDRESS_SUBDISTRICT' 

2561-03-31 20:28:54 - [TEST_STEP][PASSED] - setText: Text '57130' is set on object 'Object Repository/Register_Page/input_ADDRESS_POSTCODE'

2561-03-31 20:28:54 - [MESSAGE][PASSED] - Text '57130' is set on object 'Object Repository/Register_Page/input_ADDRESS_POSTCODE'

2561-03-31 20:28:54 - [TEST_STEP][PASSED] - selectOptionByValue: All options with value 'กำลังทำงาน' are selected in object 'Object Repository/Register_Page/select__3'  using regular expression

2561-03-31 20:28:54 - [MESSAGE][PASSED] - All options with value 'กำลังทำงาน' are selected in object 'Object Repository/Register_Page/select__3'  using regular expression

2561-03-31 20:28:54 - [TEST_STEP][PASSED] - setText: Text '3 หมู่ที่ 10 ต.โป่งผา อ.แม่สาย จ.เชียงราย' is set on object 'Object Repository/Register_Page/input_ADDRESS_ALL'

2561-03-31 20:28:54 - [MESSAGE][PASSED] - Text '3 หมู่ที่ 10 ต.โป่งผา อ.แม่สาย จ.เชียงราย' is set on object 'Object Repository/Register_Page/input_ADDRESS_ALL'

2561-03-31 20:28:54 - [TEST_STEP][PASSED] - setText: Text '053646789' is set on object 'Object Repository/Register_Page/input_PHONE'

2561-03-31 20:28:54 - [MESSAGE][PASSED] - Text '053646789' is set on object 'Object Repository/Register_Page/input_PHONE'

2561-03-31 20:28:54 - [TEST_STEP][PASSED] - setText: Text '0827975510' is set on object 'Object Repository/Register_Page/input_CELL_PHONE'

2561-03-31 20:28:55 - [MESSAGE][PASSED] - Text '0827975510' is set on object 'Object Repository/Register_Page/input_CELL_PHONE'

2561-03-31 20:28:55 - [TEST_STEP][PASSED] - setText: Text '025445687' is set on object 'Object Repository/Register_Page/input_FAX'

2561-03-31 20:28:55 - [MESSAGE][PASSED] - Text '025445687' is set on object 'Object Repository/Register_Page/input_FAX'

2561-03-31 20:28:55 - [TEST_STEP][PASSED] - click: Object: 'Object Repository/Register_Page/input_submit (1)' is clicked on

2561-03-31 20:28:56 - [MESSAGE][PASSED] - Object: 'Object Repository/Register_Page/input_submit (1)' is clicked on

2561-03-31 20:28:56 - [TEST_STEP][PASSED] - verifyTextPresent: Text 'กรุณากรอกชื่อภาษาอังกฤษ' is present on page 

2561-03-31 20:28:56 - [MESSAGE][PASSED] - Text 'กรุณากรอกชื่อภาษาอังกฤษ' is present on page 

2561-03-31 20:28:56 - [TEST_STEP][PASSED] - verifyTextPresent: Text 'กรุณากรอกนามสกุลภาษาอังกฤษ' is present on page 

2561-03-31 20:28:56 - [MESSAGE][PASSED] - Text 'กรุณากรอกนามสกุลภาษาอังกฤษ' is present on page 

2561-03-31 20:28:56 - [TEST_STEP][PASSED] - closeBrowser: Browser is closed

2561-03-31 20:28:57 - [MESSAGE][PASSED] - Browser is closed]]></system-out>
         <system-err><![CDATA[]]></system-err>
      </testcase>
      <testcase name="Test Cases/Register volunteer/Register10" classname="Test Cases/Register volunteer/Register10" status="PASSED">
         <system-out><![CDATA[2561-03-31 20:28:57 - [TEST_CASE][PASSED] - Test Cases/Register volunteer/Register10: Test Cases/Register volunteer/Register10

2561-03-31 20:28:57 - [TEST_STEP][PASSED] - openBrowser: Browser is opened with url: ''

2561-03-31 20:28:59 - [MESSAGE][PASSED] - Browser is opened with url: ''

2561-03-31 20:28:59 - [TEST_STEP][PASSED] - navigateToUrl: Navigate to 'http://vivblind.play2pay.me/' successfully

2561-03-31 20:29:04 - [MESSAGE][PASSED] - Navigate to 'http://vivblind.play2pay.me/' successfully

2561-03-31 20:29:04 - [TEST_STEP][PASSED] - click: Object: 'Object Repository/Register_Page/a_' is clicked on

2561-03-31 20:29:05 - [MESSAGE][PASSED] - Object: 'Object Repository/Register_Page/a_' is clicked on

2561-03-31 20:29:05 - [TEST_STEP][PASSED] - setText: Text 'suphisit1@gmail.com' is set on object 'Object Repository/Register_Page/input_EMAIL (1)'

2561-03-31 20:29:05 - [MESSAGE][PASSED] - Text 'suphisit1@gmail.com' is set on object 'Object Repository/Register_Page/input_EMAIL (1)'

2561-03-31 20:29:05 - [TEST_STEP][PASSED] - setText: Text '0857098359' is set on object 'Object Repository/Register_Page/input_PASSWORD'

2561-03-31 20:29:05 - [MESSAGE][PASSED] - Text '0857098359' is set on object 'Object Repository/Register_Page/input_PASSWORD'

2561-03-31 20:29:05 - [TEST_STEP][PASSED] - setText: Text '0857098359' is set on object 'Object Repository/Register_Page/input_password_confirmation'

2561-03-31 20:29:05 - [MESSAGE][PASSED] - Text '0857098359' is set on object 'Object Repository/Register_Page/input_password_confirmation'

2561-03-31 20:29:05 - [TEST_STEP][PASSED] - uploadFile: File 'C:\Users\Administrator\Desktop\Test.jpg' sent to object: 'Object Repository/Register_Page/Upload File'

2561-03-31 20:29:05 - [MESSAGE][PASSED] - File 'C:\Users\Administrator\Desktop\Test.jpg' sent to object: 'Object Repository/Register_Page/Upload File'

2561-03-31 20:29:05 - [TEST_STEP][PASSED] - setText: Text 'ศุภิสิทธิ์' is set on object 'Object Repository/Register_Page/input_FIRST_NAME_TH'

2561-03-31 20:29:05 - [MESSAGE][PASSED] - Text 'ศุภิสิทธิ์' is set on object 'Object Repository/Register_Page/input_FIRST_NAME_TH'

2561-03-31 20:29:05 - [TEST_STEP][PASSED] - setText: Text 'ไข่กา' is set on object 'Object Repository/Register_Page/input_LAST_NAME_TH'

2561-03-31 20:29:05 - [MESSAGE][PASSED] - Text 'ไข่กา' is set on object 'Object Repository/Register_Page/input_LAST_NAME_TH'

2561-03-31 20:29:05 - [TEST_STEP][PASSED] - setText: Text '' is set on object 'Object Repository/Register_Page/input_FIRST_NAME_EN'

2561-03-31 20:29:06 - [MESSAGE][PASSED] - Text '' is set on object 'Object Repository/Register_Page/input_FIRST_NAME_EN'

2561-03-31 20:29:06 - [TEST_STEP][PASSED] - setText: Text 'Khaika' is set on object 'Object Repository/Register_Page/input_LAST_NAME_EN'

2561-03-31 20:29:06 - [MESSAGE][PASSED] - Text 'Khaika' is set on object 'Object Repository/Register_Page/input_LAST_NAME_EN'

2561-03-31 20:29:06 - [TEST_STEP][PASSED] - setText: Text '13/10/1994' is set on object 'Object Repository/Register_Page/input_BIRTH_DATE'

2561-03-31 20:29:06 - [MESSAGE][PASSED] - Text '13/10/1994' is set on object 'Object Repository/Register_Page/input_BIRTH_DATE'

2561-03-31 20:29:06 - [TEST_STEP][PASSED] - selectOptionByValue: All options with value 'พุทธ' are selected in object 'Object Repository/Register_Page/select_'  using regular expression

2561-03-31 20:29:06 - [MESSAGE][PASSED] - All options with value 'พุทธ' are selected in object 'Object Repository/Register_Page/select_'  using regular expression

2561-03-31 20:29:06 - [TEST_STEP][PASSED] - selectOptionByValue: All options with value 'ปริญญาตรี' are selected in object 'Object Repository/Register_Page/select__1'  using regular expression

2561-03-31 20:29:06 - [MESSAGE][PASSED] - All options with value 'ปริญญาตรี' are selected in object 'Object Repository/Register_Page/select__1'  using regular expression

2561-03-31 20:29:06 - [TEST_STEP][PASSED] - selectOptionByValue: All options with value 'อื่นๆ' are selected in object 'Object Repository/Register_Page/select__2'  using regular expression

2561-03-31 20:29:06 - [MESSAGE][PASSED] - All options with value 'อื่นๆ' are selected in object 'Object Repository/Register_Page/select__2'  using regular expression

2561-03-31 20:29:06 - [TEST_STEP][PASSED] - setText: Text '3' is set on object 'Object Repository/Register_Page/input_ADDRESS_NO'

2561-03-31 20:29:07 - [MESSAGE][PASSED] - Text '3' is set on object 'Object Repository/Register_Page/input_ADDRESS_NO'

2561-03-31 20:29:07 - [TEST_STEP][PASSED] - setText: Text '10' is set on object 'Object Repository/Register_Page/input_ADDRESS_MOO'

2561-03-31 20:29:07 - [MESSAGE][PASSED] - Text '10' is set on object 'Object Repository/Register_Page/input_ADDRESS_MOO'

2561-03-31 20:29:07 - [TEST_STEP][PASSED] - setText: Text 'พหลโยธิน' is set on object 'Object Repository/Register_Page/input_ADDRESS_ROAD'

2561-03-31 20:29:07 - [MESSAGE][PASSED] - Text 'พหลโยธิน' is set on object 'Object Repository/Register_Page/input_ADDRESS_ROAD'

2561-03-31 20:29:07 - [TEST_STEP][PASSED] - delay: Delayed 2 second(s)

2561-03-31 20:29:09 - [MESSAGE][PASSED] - Delayed 2 second(s)

2561-03-31 20:29:09 - [TEST_STEP][PASSED] - selectOptionByValue: All options with value '45' are selected in object 'Object Repository/Register_Page/ADDRESS_PROVINCE' 

2561-03-31 20:29:09 - [MESSAGE][PASSED] - All options with value '45' are selected in object 'Object Repository/Register_Page/ADDRESS_PROVINCE' 

2561-03-31 20:29:09 - [TEST_STEP][PASSED] - delay: Delayed 2 second(s)

2561-03-31 20:29:11 - [MESSAGE][PASSED] - Delayed 2 second(s)

2561-03-31 20:29:11 - [TEST_STEP][PASSED] - selectOptionByValue: All options with value '665' are selected in object 'Object Repository/Register_Page/ADDRESS_DISTRICT' 

2561-03-31 20:29:11 - [MESSAGE][PASSED] - All options with value '665' are selected in object 'Object Repository/Register_Page/ADDRESS_DISTRICT' 

2561-03-31 20:29:11 - [TEST_STEP][PASSED] - delay: Delayed 2 second(s)

2561-03-31 20:29:13 - [MESSAGE][PASSED] - Delayed 2 second(s)

2561-03-31 20:29:13 - [TEST_STEP][PASSED] - selectOptionByValue: All options with value '14726' are selected in object 'Object Repository/Register_Page/ADDRESS_SUBDISTRICT' 

2561-03-31 20:29:13 - [MESSAGE][PASSED] - All options with value '14726' are selected in object 'Object Repository/Register_Page/ADDRESS_SUBDISTRICT' 

2561-03-31 20:29:13 - [TEST_STEP][PASSED] - setText: Text '57130' is set on object 'Object Repository/Register_Page/input_ADDRESS_POSTCODE'

2561-03-31 20:29:13 - [MESSAGE][PASSED] - Text '57130' is set on object 'Object Repository/Register_Page/input_ADDRESS_POSTCODE'

2561-03-31 20:29:13 - [TEST_STEP][PASSED] - selectOptionByValue: All options with value 'กำลังทำงาน' are selected in object 'Object Repository/Register_Page/select__3'  using regular expression

2561-03-31 20:29:14 - [MESSAGE][PASSED] - All options with value 'กำลังทำงาน' are selected in object 'Object Repository/Register_Page/select__3'  using regular expression

2561-03-31 20:29:14 - [TEST_STEP][PASSED] - setText: Text '3 หมู่ที่ 10 ต.โป่งผา อ.แม่สาย จ.เชียงราย' is set on object 'Object Repository/Register_Page/input_ADDRESS_ALL'

2561-03-31 20:29:14 - [MESSAGE][PASSED] - Text '3 หมู่ที่ 10 ต.โป่งผา อ.แม่สาย จ.เชียงราย' is set on object 'Object Repository/Register_Page/input_ADDRESS_ALL'

2561-03-31 20:29:14 - [TEST_STEP][PASSED] - setText: Text '053646789' is set on object 'Object Repository/Register_Page/input_PHONE'

2561-03-31 20:29:14 - [MESSAGE][PASSED] - Text '053646789' is set on object 'Object Repository/Register_Page/input_PHONE'

2561-03-31 20:29:14 - [TEST_STEP][PASSED] - setText: Text '0827975510' is set on object 'Object Repository/Register_Page/input_CELL_PHONE'

2561-03-31 20:29:14 - [MESSAGE][PASSED] - Text '0827975510' is set on object 'Object Repository/Register_Page/input_CELL_PHONE'

2561-03-31 20:29:14 - [TEST_STEP][PASSED] - setText: Text '025445687' is set on object 'Object Repository/Register_Page/input_FAX'

2561-03-31 20:29:14 - [MESSAGE][PASSED] - Text '025445687' is set on object 'Object Repository/Register_Page/input_FAX'

2561-03-31 20:29:14 - [TEST_STEP][PASSED] - click: Object: 'Object Repository/Register_Page/input_submit (1)' is clicked on

2561-03-31 20:29:15 - [MESSAGE][PASSED] - Object: 'Object Repository/Register_Page/input_submit (1)' is clicked on

2561-03-31 20:29:15 - [TEST_STEP][PASSED] - verifyTextPresent: Text 'กรุณากรอกชื่อภาษาอังกฤษ' is present on page 

2561-03-31 20:29:15 - [MESSAGE][PASSED] - Text 'กรุณากรอกชื่อภาษาอังกฤษ' is present on page 

2561-03-31 20:29:15 - [TEST_STEP][PASSED] - closeBrowser: Browser is closed

2561-03-31 20:29:16 - [MESSAGE][PASSED] - Browser is closed]]></system-out>
         <system-err><![CDATA[]]></system-err>
      </testcase>
      <testcase name="Test Cases/Register volunteer/Register11" classname="Test Cases/Register volunteer/Register11" status="PASSED">
         <system-out><![CDATA[2561-03-31 20:29:16 - [TEST_CASE][PASSED] - Test Cases/Register volunteer/Register11: Test Cases/Register volunteer/Register11

2561-03-31 20:29:16 - [TEST_STEP][PASSED] - openBrowser: Browser is opened with url: ''

2561-03-31 20:29:19 - [MESSAGE][PASSED] - Browser is opened with url: ''

2561-03-31 20:29:19 - [TEST_STEP][PASSED] - navigateToUrl: Navigate to 'http://vivblind.play2pay.me/' successfully

2561-03-31 20:29:24 - [MESSAGE][PASSED] - Navigate to 'http://vivblind.play2pay.me/' successfully

2561-03-31 20:29:24 - [TEST_STEP][PASSED] - click: Object: 'Object Repository/Register_Page/a_' is clicked on

2561-03-31 20:29:25 - [MESSAGE][PASSED] - Object: 'Object Repository/Register_Page/a_' is clicked on

2561-03-31 20:29:25 - [TEST_STEP][PASSED] - setText: Text 'suphisit1@gmail.com' is set on object 'Object Repository/Register_Page/input_EMAIL (1)'

2561-03-31 20:29:25 - [MESSAGE][PASSED] - Text 'suphisit1@gmail.com' is set on object 'Object Repository/Register_Page/input_EMAIL (1)'

2561-03-31 20:29:25 - [TEST_STEP][PASSED] - setText: Text '0857098359' is set on object 'Object Repository/Register_Page/input_PASSWORD'

2561-03-31 20:29:25 - [MESSAGE][PASSED] - Text '0857098359' is set on object 'Object Repository/Register_Page/input_PASSWORD'

2561-03-31 20:29:25 - [TEST_STEP][PASSED] - setText: Text '0857098359' is set on object 'Object Repository/Register_Page/input_password_confirmation'

2561-03-31 20:29:25 - [MESSAGE][PASSED] - Text '0857098359' is set on object 'Object Repository/Register_Page/input_password_confirmation'

2561-03-31 20:29:25 - [TEST_STEP][PASSED] - uploadFile: File 'C:\Users\Administrator\Desktop\Test.jpg' sent to object: 'Object Repository/Register_Page/Upload File'

2561-03-31 20:29:25 - [MESSAGE][PASSED] - File 'C:\Users\Administrator\Desktop\Test.jpg' sent to object: 'Object Repository/Register_Page/Upload File'

2561-03-31 20:29:25 - [TEST_STEP][PASSED] - setText: Text 'ศุภิสิทธิ์' is set on object 'Object Repository/Register_Page/input_FIRST_NAME_TH'

2561-03-31 20:29:25 - [MESSAGE][PASSED] - Text 'ศุภิสิทธิ์' is set on object 'Object Repository/Register_Page/input_FIRST_NAME_TH'

2561-03-31 20:29:25 - [TEST_STEP][PASSED] - setText: Text 'ไข่กา' is set on object 'Object Repository/Register_Page/input_LAST_NAME_TH'

2561-03-31 20:29:26 - [MESSAGE][PASSED] - Text 'ไข่กา' is set on object 'Object Repository/Register_Page/input_LAST_NAME_TH'

2561-03-31 20:29:26 - [TEST_STEP][PASSED] - setText: Text 'Suphisit' is set on object 'Object Repository/Register_Page/input_FIRST_NAME_EN'

2561-03-31 20:29:26 - [MESSAGE][PASSED] - Text 'Suphisit' is set on object 'Object Repository/Register_Page/input_FIRST_NAME_EN'

2561-03-31 20:29:26 - [TEST_STEP][PASSED] - setText: Text '' is set on object 'Object Repository/Register_Page/input_LAST_NAME_EN'

2561-03-31 20:29:26 - [MESSAGE][PASSED] - Text '' is set on object 'Object Repository/Register_Page/input_LAST_NAME_EN'

2561-03-31 20:29:26 - [TEST_STEP][PASSED] - setText: Text '13/10/1994' is set on object 'Object Repository/Register_Page/input_BIRTH_DATE'

2561-03-31 20:29:26 - [MESSAGE][PASSED] - Text '13/10/1994' is set on object 'Object Repository/Register_Page/input_BIRTH_DATE'

2561-03-31 20:29:26 - [TEST_STEP][PASSED] - selectOptionByValue: All options with value 'พุทธ' are selected in object 'Object Repository/Register_Page/select_'  using regular expression

2561-03-31 20:29:26 - [MESSAGE][PASSED] - All options with value 'พุทธ' are selected in object 'Object Repository/Register_Page/select_'  using regular expression

2561-03-31 20:29:26 - [TEST_STEP][PASSED] - selectOptionByValue: All options with value 'ปริญญาตรี' are selected in object 'Object Repository/Register_Page/select__1'  using regular expression

2561-03-31 20:29:26 - [MESSAGE][PASSED] - All options with value 'ปริญญาตรี' are selected in object 'Object Repository/Register_Page/select__1'  using regular expression

2561-03-31 20:29:26 - [TEST_STEP][PASSED] - selectOptionByValue: All options with value 'อื่นๆ' are selected in object 'Object Repository/Register_Page/select__2'  using regular expression

2561-03-31 20:29:27 - [MESSAGE][PASSED] - All options with value 'อื่นๆ' are selected in object 'Object Repository/Register_Page/select__2'  using regular expression

2561-03-31 20:29:27 - [TEST_STEP][PASSED] - setText: Text '3' is set on object 'Object Repository/Register_Page/input_ADDRESS_NO'

2561-03-31 20:29:27 - [MESSAGE][PASSED] - Text '3' is set on object 'Object Repository/Register_Page/input_ADDRESS_NO'

2561-03-31 20:29:27 - [TEST_STEP][PASSED] - setText: Text '10' is set on object 'Object Repository/Register_Page/input_ADDRESS_MOO'

2561-03-31 20:29:27 - [MESSAGE][PASSED] - Text '10' is set on object 'Object Repository/Register_Page/input_ADDRESS_MOO'

2561-03-31 20:29:27 - [TEST_STEP][PASSED] - setText: Text 'พหลโยธิน' is set on object 'Object Repository/Register_Page/input_ADDRESS_ROAD'

2561-03-31 20:29:27 - [MESSAGE][PASSED] - Text 'พหลโยธิน' is set on object 'Object Repository/Register_Page/input_ADDRESS_ROAD'

2561-03-31 20:29:27 - [TEST_STEP][PASSED] - delay: Delayed 2 second(s)

2561-03-31 20:29:29 - [MESSAGE][PASSED] - Delayed 2 second(s)

2561-03-31 20:29:29 - [TEST_STEP][PASSED] - selectOptionByValue: All options with value '45' are selected in object 'Object Repository/Register_Page/ADDRESS_PROVINCE' 

2561-03-31 20:29:29 - [MESSAGE][PASSED] - All options with value '45' are selected in object 'Object Repository/Register_Page/ADDRESS_PROVINCE' 

2561-03-31 20:29:29 - [TEST_STEP][PASSED] - delay: Delayed 2 second(s)

2561-03-31 20:29:31 - [MESSAGE][PASSED] - Delayed 2 second(s)

2561-03-31 20:29:31 - [TEST_STEP][PASSED] - selectOptionByValue: All options with value '665' are selected in object 'Object Repository/Register_Page/ADDRESS_DISTRICT' 

2561-03-31 20:29:31 - [MESSAGE][PASSED] - All options with value '665' are selected in object 'Object Repository/Register_Page/ADDRESS_DISTRICT' 

2561-03-31 20:29:31 - [TEST_STEP][PASSED] - delay: Delayed 2 second(s)

2561-03-31 20:29:33 - [MESSAGE][PASSED] - Delayed 2 second(s)

2561-03-31 20:29:33 - [TEST_STEP][PASSED] - selectOptionByValue: All options with value '14726' are selected in object 'Object Repository/Register_Page/ADDRESS_SUBDISTRICT' 

2561-03-31 20:29:33 - [MESSAGE][PASSED] - All options with value '14726' are selected in object 'Object Repository/Register_Page/ADDRESS_SUBDISTRICT' 

2561-03-31 20:29:33 - [TEST_STEP][PASSED] - setText: Text '57130' is set on object 'Object Repository/Register_Page/input_ADDRESS_POSTCODE'

2561-03-31 20:29:34 - [MESSAGE][PASSED] - Text '57130' is set on object 'Object Repository/Register_Page/input_ADDRESS_POSTCODE'

2561-03-31 20:29:34 - [TEST_STEP][PASSED] - selectOptionByValue: All options with value 'กำลังทำงาน' are selected in object 'Object Repository/Register_Page/select__3'  using regular expression

2561-03-31 20:29:34 - [MESSAGE][PASSED] - All options with value 'กำลังทำงาน' are selected in object 'Object Repository/Register_Page/select__3'  using regular expression

2561-03-31 20:29:34 - [TEST_STEP][PASSED] - setText: Text '3 หมู่ที่ 10 ต.โป่งผา อ.แม่สาย จ.เชียงราย' is set on object 'Object Repository/Register_Page/input_ADDRESS_ALL'

2561-03-31 20:29:34 - [MESSAGE][PASSED] - Text '3 หมู่ที่ 10 ต.โป่งผา อ.แม่สาย จ.เชียงราย' is set on object 'Object Repository/Register_Page/input_ADDRESS_ALL'

2561-03-31 20:29:34 - [TEST_STEP][PASSED] - setText: Text '053646789' is set on object 'Object Repository/Register_Page/input_PHONE'

2561-03-31 20:29:34 - [MESSAGE][PASSED] - Text '053646789' is set on object 'Object Repository/Register_Page/input_PHONE'

2561-03-31 20:29:34 - [TEST_STEP][PASSED] - setText: Text '0827975510' is set on object 'Object Repository/Register_Page/input_CELL_PHONE'

2561-03-31 20:29:34 - [MESSAGE][PASSED] - Text '0827975510' is set on object 'Object Repository/Register_Page/input_CELL_PHONE'

2561-03-31 20:29:34 - [TEST_STEP][PASSED] - setText: Text '025445687' is set on object 'Object Repository/Register_Page/input_FAX'

2561-03-31 20:29:35 - [MESSAGE][PASSED] - Text '025445687' is set on object 'Object Repository/Register_Page/input_FAX'

2561-03-31 20:29:35 - [TEST_STEP][PASSED] - click: Object: 'Object Repository/Register_Page/input_submit (1)' is clicked on

2561-03-31 20:29:35 - [MESSAGE][PASSED] - Object: 'Object Repository/Register_Page/input_submit (1)' is clicked on

2561-03-31 20:29:35 - [TEST_STEP][PASSED] - verifyTextPresent: Text 'กรุณากรอกนามสกุลภาษาอังกฤษ' is present on page 

2561-03-31 20:29:36 - [MESSAGE][PASSED] - Text 'กรุณากรอกนามสกุลภาษาอังกฤษ' is present on page 

2561-03-31 20:29:36 - [TEST_STEP][PASSED] - closeBrowser: Browser is closed

2561-03-31 20:29:36 - [MESSAGE][PASSED] - Browser is closed]]></system-out>
         <system-err><![CDATA[]]></system-err>
      </testcase>
      <testcase name="Test Cases/Register volunteer/Register12" classname="Test Cases/Register volunteer/Register12" status="PASSED">
         <system-out><![CDATA[2561-03-31 20:29:36 - [TEST_CASE][PASSED] - Test Cases/Register volunteer/Register12: Test Cases/Register volunteer/Register12

2561-03-31 20:29:36 - [TEST_STEP][PASSED] - openBrowser: Browser is opened with url: ''

2561-03-31 20:29:40 - [MESSAGE][PASSED] - Browser is opened with url: ''

2561-03-31 20:29:40 - [TEST_STEP][PASSED] - navigateToUrl: Navigate to 'http://vivblind.play2pay.me/' successfully

2561-03-31 20:29:43 - [MESSAGE][PASSED] - Navigate to 'http://vivblind.play2pay.me/' successfully

2561-03-31 20:29:43 - [TEST_STEP][PASSED] - click: Object: 'Object Repository/Register_Page/a_' is clicked on

2561-03-31 20:29:44 - [MESSAGE][PASSED] - Object: 'Object Repository/Register_Page/a_' is clicked on

2561-03-31 20:29:44 - [TEST_STEP][PASSED] - setText: Text 'suphisit1@gmail.com' is set on object 'Object Repository/Register_Page/input_EMAIL (1)'

2561-03-31 20:29:44 - [MESSAGE][PASSED] - Text 'suphisit1@gmail.com' is set on object 'Object Repository/Register_Page/input_EMAIL (1)'

2561-03-31 20:29:44 - [TEST_STEP][PASSED] - setText: Text '123/*-@' is set on object 'Object Repository/Register_Page/input_PASSWORD'

2561-03-31 20:29:44 - [MESSAGE][PASSED] - Text '123/*-@' is set on object 'Object Repository/Register_Page/input_PASSWORD'

2561-03-31 20:29:44 - [TEST_STEP][PASSED] - setText: Text '123/*-@' is set on object 'Object Repository/Register_Page/input_password_confirmation'

2561-03-31 20:29:45 - [MESSAGE][PASSED] - Text '123/*-@' is set on object 'Object Repository/Register_Page/input_password_confirmation'

2561-03-31 20:29:45 - [TEST_STEP][PASSED] - uploadFile: File 'C:\Users\Administrator\Desktop\Test.jpg' sent to object: 'Object Repository/Register_Page/Upload File'

2561-03-31 20:29:45 - [MESSAGE][PASSED] - File 'C:\Users\Administrator\Desktop\Test.jpg' sent to object: 'Object Repository/Register_Page/Upload File'

2561-03-31 20:29:45 - [TEST_STEP][PASSED] - setText: Text 'ศุภิสิทธิ์' is set on object 'Object Repository/Register_Page/input_FIRST_NAME_TH'

2561-03-31 20:29:45 - [MESSAGE][PASSED] - Text 'ศุภิสิทธิ์' is set on object 'Object Repository/Register_Page/input_FIRST_NAME_TH'

2561-03-31 20:29:45 - [TEST_STEP][PASSED] - setText: Text 'ไข่กา' is set on object 'Object Repository/Register_Page/input_LAST_NAME_TH'

2561-03-31 20:29:45 - [MESSAGE][PASSED] - Text 'ไข่กา' is set on object 'Object Repository/Register_Page/input_LAST_NAME_TH'

2561-03-31 20:29:45 - [TEST_STEP][PASSED] - setText: Text 'Suphisit' is set on object 'Object Repository/Register_Page/input_FIRST_NAME_EN'

2561-03-31 20:29:45 - [MESSAGE][PASSED] - Text 'Suphisit' is set on object 'Object Repository/Register_Page/input_FIRST_NAME_EN'

2561-03-31 20:29:45 - [TEST_STEP][PASSED] - setText: Text 'Khaika' is set on object 'Object Repository/Register_Page/input_LAST_NAME_EN'

2561-03-31 20:29:45 - [MESSAGE][PASSED] - Text 'Khaika' is set on object 'Object Repository/Register_Page/input_LAST_NAME_EN'

2561-03-31 20:29:45 - [TEST_STEP][PASSED] - setText: Text '13/10/1994' is set on object 'Object Repository/Register_Page/input_BIRTH_DATE'

2561-03-31 20:29:45 - [MESSAGE][PASSED] - Text '13/10/1994' is set on object 'Object Repository/Register_Page/input_BIRTH_DATE'

2561-03-31 20:29:45 - [TEST_STEP][PASSED] - selectOptionByValue: All options with value 'พุทธ' are selected in object 'Object Repository/Register_Page/select_'  using regular expression

2561-03-31 20:29:46 - [MESSAGE][PASSED] - All options with value 'พุทธ' are selected in object 'Object Repository/Register_Page/select_'  using regular expression

2561-03-31 20:29:46 - [TEST_STEP][PASSED] - selectOptionByValue: All options with value 'ปริญญาตรี' are selected in object 'Object Repository/Register_Page/select__1'  using regular expression

2561-03-31 20:29:46 - [MESSAGE][PASSED] - All options with value 'ปริญญาตรี' are selected in object 'Object Repository/Register_Page/select__1'  using regular expression

2561-03-31 20:29:46 - [TEST_STEP][PASSED] - selectOptionByValue: All options with value 'อื่นๆ' are selected in object 'Object Repository/Register_Page/select__2'  using regular expression

2561-03-31 20:29:46 - [MESSAGE][PASSED] - All options with value 'อื่นๆ' are selected in object 'Object Repository/Register_Page/select__2'  using regular expression

2561-03-31 20:29:46 - [TEST_STEP][PASSED] - setText: Text '3' is set on object 'Object Repository/Register_Page/input_ADDRESS_NO'

2561-03-31 20:29:46 - [MESSAGE][PASSED] - Text '3' is set on object 'Object Repository/Register_Page/input_ADDRESS_NO'

2561-03-31 20:29:46 - [TEST_STEP][PASSED] - setText: Text '10' is set on object 'Object Repository/Register_Page/input_ADDRESS_MOO'

2561-03-31 20:29:46 - [MESSAGE][PASSED] - Text '10' is set on object 'Object Repository/Register_Page/input_ADDRESS_MOO'

2561-03-31 20:29:46 - [TEST_STEP][PASSED] - setText: Text 'พหลโยธิน' is set on object 'Object Repository/Register_Page/input_ADDRESS_ROAD'

2561-03-31 20:29:46 - [MESSAGE][PASSED] - Text 'พหลโยธิน' is set on object 'Object Repository/Register_Page/input_ADDRESS_ROAD'

2561-03-31 20:29:46 - [TEST_STEP][PASSED] - delay: Delayed 2 second(s)

2561-03-31 20:29:48 - [MESSAGE][PASSED] - Delayed 2 second(s)

2561-03-31 20:29:48 - [TEST_STEP][PASSED] - selectOptionByValue: All options with value '45' are selected in object 'Object Repository/Register_Page/ADDRESS_PROVINCE' 

2561-03-31 20:29:49 - [MESSAGE][PASSED] - All options with value '45' are selected in object 'Object Repository/Register_Page/ADDRESS_PROVINCE' 

2561-03-31 20:29:49 - [TEST_STEP][PASSED] - delay: Delayed 2 second(s)

2561-03-31 20:29:51 - [MESSAGE][PASSED] - Delayed 2 second(s)

2561-03-31 20:29:51 - [TEST_STEP][PASSED] - selectOptionByValue: All options with value '665' are selected in object 'Object Repository/Register_Page/ADDRESS_DISTRICT' 

2561-03-31 20:29:51 - [MESSAGE][PASSED] - All options with value '665' are selected in object 'Object Repository/Register_Page/ADDRESS_DISTRICT' 

2561-03-31 20:29:51 - [TEST_STEP][PASSED] - delay: Delayed 2 second(s)

2561-03-31 20:29:53 - [MESSAGE][PASSED] - Delayed 2 second(s)

2561-03-31 20:29:53 - [TEST_STEP][PASSED] - selectOptionByValue: All options with value '14726' are selected in object 'Object Repository/Register_Page/ADDRESS_SUBDISTRICT' 

2561-03-31 20:29:53 - [MESSAGE][PASSED] - All options with value '14726' are selected in object 'Object Repository/Register_Page/ADDRESS_SUBDISTRICT' 

2561-03-31 20:29:53 - [TEST_STEP][PASSED] - setText: Text '57130' is set on object 'Object Repository/Register_Page/input_ADDRESS_POSTCODE'

2561-03-31 20:29:53 - [MESSAGE][PASSED] - Text '57130' is set on object 'Object Repository/Register_Page/input_ADDRESS_POSTCODE'

2561-03-31 20:29:53 - [TEST_STEP][PASSED] - selectOptionByValue: All options with value 'กำลังทำงาน' are selected in object 'Object Repository/Register_Page/select__3'  using regular expression

2561-03-31 20:29:53 - [MESSAGE][PASSED] - All options with value 'กำลังทำงาน' are selected in object 'Object Repository/Register_Page/select__3'  using regular expression

2561-03-31 20:29:53 - [TEST_STEP][PASSED] - setText: Text '3 หมู่ที่ 10 ต.โป่งผา อ.แม่สาย จ.เชียงราย' is set on object 'Object Repository/Register_Page/input_ADDRESS_ALL'

2561-03-31 20:29:53 - [MESSAGE][PASSED] - Text '3 หมู่ที่ 10 ต.โป่งผา อ.แม่สาย จ.เชียงราย' is set on object 'Object Repository/Register_Page/input_ADDRESS_ALL'

2561-03-31 20:29:53 - [TEST_STEP][PASSED] - setText: Text '053646789' is set on object 'Object Repository/Register_Page/input_PHONE'

2561-03-31 20:29:54 - [MESSAGE][PASSED] - Text '053646789' is set on object 'Object Repository/Register_Page/input_PHONE'

2561-03-31 20:29:54 - [TEST_STEP][PASSED] - setText: Text '0827975510' is set on object 'Object Repository/Register_Page/input_CELL_PHONE'

2561-03-31 20:29:54 - [MESSAGE][PASSED] - Text '0827975510' is set on object 'Object Repository/Register_Page/input_CELL_PHONE'

2561-03-31 20:29:54 - [TEST_STEP][PASSED] - setText: Text '025445687' is set on object 'Object Repository/Register_Page/input_FAX'

2561-03-31 20:29:54 - [MESSAGE][PASSED] - Text '025445687' is set on object 'Object Repository/Register_Page/input_FAX'

2561-03-31 20:29:54 - [TEST_STEP][PASSED] - click: Object: 'Object Repository/Register_Page/input_submit (1)' is clicked on

2561-03-31 20:29:55 - [MESSAGE][PASSED] - Object: 'Object Repository/Register_Page/input_submit (1)' is clicked on

2561-03-31 20:29:55 - [TEST_STEP][PASSED] - closeBrowser: Browser is closed

2561-03-31 20:29:55 - [MESSAGE][PASSED] - Browser is closed]]></system-out>
         <system-err><![CDATA[]]></system-err>
      </testcase>
      <testcase name="Test Cases/Register volunteer/Register13" classname="Test Cases/Register volunteer/Register13" status="PASSED">
         <system-out><![CDATA[2561-03-31 20:29:55 - [TEST_CASE][PASSED] - Test Cases/Register volunteer/Register13: Test Cases/Register volunteer/Register13

2561-03-31 20:29:56 - [TEST_STEP][PASSED] - openBrowser: Browser is opened with url: ''

2561-03-31 20:29:58 - [MESSAGE][PASSED] - Browser is opened with url: ''

2561-03-31 20:29:58 - [TEST_STEP][PASSED] - navigateToUrl: Navigate to 'http://vivblind.play2pay.me/' successfully

2561-03-31 20:30:01 - [MESSAGE][PASSED] - Navigate to 'http://vivblind.play2pay.me/' successfully

2561-03-31 20:30:01 - [TEST_STEP][PASSED] - click: Object: 'Object Repository/Register_Page/a_' is clicked on

2561-03-31 20:30:02 - [MESSAGE][PASSED] - Object: 'Object Repository/Register_Page/a_' is clicked on

2561-03-31 20:30:02 - [TEST_STEP][PASSED] - setText: Text 'suphisit1@gmail.com' is set on object 'Object Repository/Register_Page/input_EMAIL (1)'

2561-03-31 20:30:02 - [MESSAGE][PASSED] - Text 'suphisit1@gmail.com' is set on object 'Object Repository/Register_Page/input_EMAIL (1)'

2561-03-31 20:30:02 - [TEST_STEP][PASSED] - setText: Text '0857098359' is set on object 'Object Repository/Register_Page/input_PASSWORD'

2561-03-31 20:30:02 - [MESSAGE][PASSED] - Text '0857098359' is set on object 'Object Repository/Register_Page/input_PASSWORD'

2561-03-31 20:30:02 - [TEST_STEP][PASSED] - setText: Text '0857098359' is set on object 'Object Repository/Register_Page/input_password_confirmation'

2561-03-31 20:30:03 - [MESSAGE][PASSED] - Text '0857098359' is set on object 'Object Repository/Register_Page/input_password_confirmation'

2561-03-31 20:30:03 - [TEST_STEP][PASSED] - uploadFile: File 'C:\Users\Administrator\Desktop\Test.jpg' sent to object: 'Object Repository/Register_Page/Upload File'

2561-03-31 20:30:03 - [MESSAGE][PASSED] - File 'C:\Users\Administrator\Desktop\Test.jpg' sent to object: 'Object Repository/Register_Page/Upload File'

2561-03-31 20:30:03 - [TEST_STEP][PASSED] - setText: Text 'ศุภิสิทธิ์' is set on object 'Object Repository/Register_Page/input_FIRST_NAME_TH'

2561-03-31 20:30:03 - [MESSAGE][PASSED] - Text 'ศุภิสิทธิ์' is set on object 'Object Repository/Register_Page/input_FIRST_NAME_TH'

2561-03-31 20:30:03 - [TEST_STEP][PASSED] - setText: Text 'ไข่กา' is set on object 'Object Repository/Register_Page/input_LAST_NAME_TH'

2561-03-31 20:30:03 - [MESSAGE][PASSED] - Text 'ไข่กา' is set on object 'Object Repository/Register_Page/input_LAST_NAME_TH'

2561-03-31 20:30:03 - [TEST_STEP][PASSED] - setText: Text '145//*$#' is set on object 'Object Repository/Register_Page/input_FIRST_NAME_EN'

2561-03-31 20:30:03 - [MESSAGE][PASSED] - Text '145//*$#' is set on object 'Object Repository/Register_Page/input_FIRST_NAME_EN'

2561-03-31 20:30:03 - [TEST_STEP][PASSED] - setText: Text '145//*$#' is set on object 'Object Repository/Register_Page/input_LAST_NAME_EN'

2561-03-31 20:30:03 - [MESSAGE][PASSED] - Text '145//*$#' is set on object 'Object Repository/Register_Page/input_LAST_NAME_EN'

2561-03-31 20:30:03 - [TEST_STEP][PASSED] - setText: Text '13/10/1994' is set on object 'Object Repository/Register_Page/input_BIRTH_DATE'

2561-03-31 20:30:03 - [MESSAGE][PASSED] - Text '13/10/1994' is set on object 'Object Repository/Register_Page/input_BIRTH_DATE'

2561-03-31 20:30:03 - [TEST_STEP][PASSED] - selectOptionByValue: All options with value 'พุทธ' are selected in object 'Object Repository/Register_Page/select_'  using regular expression

2561-03-31 20:30:04 - [MESSAGE][PASSED] - All options with value 'พุทธ' are selected in object 'Object Repository/Register_Page/select_'  using regular expression

2561-03-31 20:30:04 - [TEST_STEP][PASSED] - selectOptionByValue: All options with value 'ปริญญาตรี' are selected in object 'Object Repository/Register_Page/select__1'  using regular expression

2561-03-31 20:30:04 - [MESSAGE][PASSED] - All options with value 'ปริญญาตรี' are selected in object 'Object Repository/Register_Page/select__1'  using regular expression

2561-03-31 20:30:04 - [TEST_STEP][PASSED] - selectOptionByValue: All options with value 'อื่นๆ' are selected in object 'Object Repository/Register_Page/select__2'  using regular expression

2561-03-31 20:30:04 - [MESSAGE][PASSED] - All options with value 'อื่นๆ' are selected in object 'Object Repository/Register_Page/select__2'  using regular expression

2561-03-31 20:30:04 - [TEST_STEP][PASSED] - setText: Text '3' is set on object 'Object Repository/Register_Page/input_ADDRESS_NO'

2561-03-31 20:30:04 - [MESSAGE][PASSED] - Text '3' is set on object 'Object Repository/Register_Page/input_ADDRESS_NO'

2561-03-31 20:30:04 - [TEST_STEP][PASSED] - setText: Text '10' is set on object 'Object Repository/Register_Page/input_ADDRESS_MOO'

2561-03-31 20:30:04 - [MESSAGE][PASSED] - Text '10' is set on object 'Object Repository/Register_Page/input_ADDRESS_MOO'

2561-03-31 20:30:04 - [TEST_STEP][PASSED] - setText: Text 'พหลโยธิน' is set on object 'Object Repository/Register_Page/input_ADDRESS_ROAD'

2561-03-31 20:30:04 - [MESSAGE][PASSED] - Text 'พหลโยธิน' is set on object 'Object Repository/Register_Page/input_ADDRESS_ROAD'

2561-03-31 20:30:04 - [TEST_STEP][PASSED] - delay: Delayed 2 second(s)

2561-03-31 20:30:06 - [MESSAGE][PASSED] - Delayed 2 second(s)

2561-03-31 20:30:06 - [TEST_STEP][PASSED] - selectOptionByValue: All options with value '45' are selected in object 'Object Repository/Register_Page/ADDRESS_PROVINCE' 

2561-03-31 20:30:06 - [MESSAGE][PASSED] - All options with value '45' are selected in object 'Object Repository/Register_Page/ADDRESS_PROVINCE' 

2561-03-31 20:30:06 - [TEST_STEP][PASSED] - delay: Delayed 2 second(s)

2561-03-31 20:30:08 - [MESSAGE][PASSED] - Delayed 2 second(s)

2561-03-31 20:30:08 - [TEST_STEP][PASSED] - selectOptionByValue: All options with value '665' are selected in object 'Object Repository/Register_Page/ADDRESS_DISTRICT' 

2561-03-31 20:30:09 - [MESSAGE][PASSED] - All options with value '665' are selected in object 'Object Repository/Register_Page/ADDRESS_DISTRICT' 

2561-03-31 20:30:09 - [TEST_STEP][PASSED] - delay: Delayed 2 second(s)

2561-03-31 20:30:11 - [MESSAGE][PASSED] - Delayed 2 second(s)

2561-03-31 20:30:11 - [TEST_STEP][PASSED] - selectOptionByValue: All options with value '14726' are selected in object 'Object Repository/Register_Page/ADDRESS_SUBDISTRICT' 

2561-03-31 20:30:11 - [MESSAGE][PASSED] - All options with value '14726' are selected in object 'Object Repository/Register_Page/ADDRESS_SUBDISTRICT' 

2561-03-31 20:30:11 - [TEST_STEP][PASSED] - setText: Text '57130' is set on object 'Object Repository/Register_Page/input_ADDRESS_POSTCODE'

2561-03-31 20:30:11 - [MESSAGE][PASSED] - Text '57130' is set on object 'Object Repository/Register_Page/input_ADDRESS_POSTCODE'

2561-03-31 20:30:11 - [TEST_STEP][PASSED] - selectOptionByValue: All options with value 'กำลังทำงาน' are selected in object 'Object Repository/Register_Page/select__3'  using regular expression

2561-03-31 20:30:11 - [MESSAGE][PASSED] - All options with value 'กำลังทำงาน' are selected in object 'Object Repository/Register_Page/select__3'  using regular expression

2561-03-31 20:30:11 - [TEST_STEP][PASSED] - setText: Text '3 หมู่ที่ 10 ต.โป่งผา อ.แม่สาย จ.เชียงราย' is set on object 'Object Repository/Register_Page/input_ADDRESS_ALL'

2561-03-31 20:30:11 - [MESSAGE][PASSED] - Text '3 หมู่ที่ 10 ต.โป่งผา อ.แม่สาย จ.เชียงราย' is set on object 'Object Repository/Register_Page/input_ADDRESS_ALL'

2561-03-31 20:30:11 - [TEST_STEP][PASSED] - setText: Text '053646789' is set on object 'Object Repository/Register_Page/input_PHONE'

2561-03-31 20:30:11 - [MESSAGE][PASSED] - Text '053646789' is set on object 'Object Repository/Register_Page/input_PHONE'

2561-03-31 20:30:11 - [TEST_STEP][PASSED] - setText: Text '0827975510' is set on object 'Object Repository/Register_Page/input_CELL_PHONE'

2561-03-31 20:30:12 - [MESSAGE][PASSED] - Text '0827975510' is set on object 'Object Repository/Register_Page/input_CELL_PHONE'

2561-03-31 20:30:12 - [TEST_STEP][PASSED] - setText: Text '025445687' is set on object 'Object Repository/Register_Page/input_FAX'

2561-03-31 20:30:12 - [MESSAGE][PASSED] - Text '025445687' is set on object 'Object Repository/Register_Page/input_FAX'

2561-03-31 20:30:12 - [TEST_STEP][PASSED] - click: Object: 'Object Repository/Register_Page/input_submit (1)' is clicked on

2561-03-31 20:30:13 - [MESSAGE][PASSED] - Object: 'Object Repository/Register_Page/input_submit (1)' is clicked on

2561-03-31 20:30:13 - [TEST_STEP][PASSED] - closeBrowser: Browser is closed

2561-03-31 20:30:13 - [MESSAGE][PASSED] - Browser is closed]]></system-out>
         <system-err><![CDATA[]]></system-err>
      </testcase>
      <testcase name="Test Cases/Register volunteer/Register14" classname="Test Cases/Register volunteer/Register14" status="PASSED">
         <system-out><![CDATA[2561-03-31 20:30:14 - [TEST_CASE][PASSED] - Test Cases/Register volunteer/Register14: Test Cases/Register volunteer/Register14

2561-03-31 20:30:14 - [TEST_STEP][PASSED] - openBrowser: Browser is opened with url: ''

2561-03-31 20:30:16 - [MESSAGE][PASSED] - Browser is opened with url: ''

2561-03-31 20:30:16 - [TEST_STEP][PASSED] - navigateToUrl: Navigate to 'http://vivblind.play2pay.me/' successfully

2561-03-31 20:30:19 - [MESSAGE][PASSED] - Navigate to 'http://vivblind.play2pay.me/' successfully

2561-03-31 20:30:19 - [TEST_STEP][PASSED] - click: Object: 'Object Repository/Register_Page/a_' is clicked on

2561-03-31 20:30:20 - [MESSAGE][PASSED] - Object: 'Object Repository/Register_Page/a_' is clicked on

2561-03-31 20:30:20 - [TEST_STEP][PASSED] - setText: Text 'suphisit1@gmail.com' is set on object 'Object Repository/Register_Page/input_EMAIL (1)'

2561-03-31 20:30:20 - [MESSAGE][PASSED] - Text 'suphisit1@gmail.com' is set on object 'Object Repository/Register_Page/input_EMAIL (1)'

2561-03-31 20:30:20 - [TEST_STEP][PASSED] - setText: Text '0857098359' is set on object 'Object Repository/Register_Page/input_PASSWORD'

2561-03-31 20:30:20 - [MESSAGE][PASSED] - Text '0857098359' is set on object 'Object Repository/Register_Page/input_PASSWORD'

2561-03-31 20:30:20 - [TEST_STEP][PASSED] - setText: Text '0857098359' is set on object 'Object Repository/Register_Page/input_password_confirmation'

2561-03-31 20:30:20 - [MESSAGE][PASSED] - Text '0857098359' is set on object 'Object Repository/Register_Page/input_password_confirmation'

2561-03-31 20:30:20 - [TEST_STEP][PASSED] - uploadFile: File 'C:\Users\Administrator\Desktop\Test.jpg' sent to object: 'Object Repository/Register_Page/Upload File'

2561-03-31 20:30:21 - [MESSAGE][PASSED] - File 'C:\Users\Administrator\Desktop\Test.jpg' sent to object: 'Object Repository/Register_Page/Upload File'

2561-03-31 20:30:21 - [TEST_STEP][PASSED] - setText: Text 'ศุภิสิทธิ์ ' is set on object 'Object Repository/Register_Page/input_FIRST_NAME_TH'

2561-03-31 20:30:21 - [MESSAGE][PASSED] - Text 'ศุภิสิทธิ์ ' is set on object 'Object Repository/Register_Page/input_FIRST_NAME_TH'

2561-03-31 20:30:21 - [TEST_STEP][PASSED] - setText: Text 'ไข่กา' is set on object 'Object Repository/Register_Page/input_LAST_NAME_TH'

2561-03-31 20:30:21 - [MESSAGE][PASSED] - Text 'ไข่กา' is set on object 'Object Repository/Register_Page/input_LAST_NAME_TH'

2561-03-31 20:30:21 - [TEST_STEP][PASSED] - setText: Text 'Suphisit' is set on object 'Object Repository/Register_Page/input_FIRST_NAME_EN'

2561-03-31 20:30:21 - [MESSAGE][PASSED] - Text 'Suphisit' is set on object 'Object Repository/Register_Page/input_FIRST_NAME_EN'

2561-03-31 20:30:21 - [TEST_STEP][PASSED] - setText: Text 'Khaika' is set on object 'Object Repository/Register_Page/input_LAST_NAME_EN'

2561-03-31 20:30:21 - [MESSAGE][PASSED] - Text 'Khaika' is set on object 'Object Repository/Register_Page/input_LAST_NAME_EN'

2561-03-31 20:30:21 - [TEST_STEP][PASSED] - selectOptionByValue: All options with value 'พุทธ' are selected in object 'Object Repository/Register_Page/select_'  using regular expression

2561-03-31 20:30:21 - [MESSAGE][PASSED] - All options with value 'พุทธ' are selected in object 'Object Repository/Register_Page/select_'  using regular expression

2561-03-31 20:30:21 - [TEST_STEP][PASSED] - selectOptionByValue: All options with value 'ปริญญาตรี' are selected in object 'Object Repository/Register_Page/select__1'  using regular expression

2561-03-31 20:30:22 - [MESSAGE][PASSED] - All options with value 'ปริญญาตรี' are selected in object 'Object Repository/Register_Page/select__1'  using regular expression

2561-03-31 20:30:22 - [TEST_STEP][PASSED] - selectOptionByValue: All options with value 'อื่นๆ' are selected in object 'Object Repository/Register_Page/select__2'  using regular expression

2561-03-31 20:30:22 - [MESSAGE][PASSED] - All options with value 'อื่นๆ' are selected in object 'Object Repository/Register_Page/select__2'  using regular expression

2561-03-31 20:30:22 - [TEST_STEP][PASSED] - setText: Text '3' is set on object 'Object Repository/Register_Page/input_ADDRESS_NO'

2561-03-31 20:30:22 - [MESSAGE][PASSED] - Text '3' is set on object 'Object Repository/Register_Page/input_ADDRESS_NO'

2561-03-31 20:30:22 - [TEST_STEP][PASSED] - setText: Text '10' is set on object 'Object Repository/Register_Page/input_ADDRESS_MOO'

2561-03-31 20:30:22 - [MESSAGE][PASSED] - Text '10' is set on object 'Object Repository/Register_Page/input_ADDRESS_MOO'

2561-03-31 20:30:22 - [TEST_STEP][PASSED] - setText: Text 'พหลโยธิน' is set on object 'Object Repository/Register_Page/input_ADDRESS_ROAD'

2561-03-31 20:30:22 - [MESSAGE][PASSED] - Text 'พหลโยธิน' is set on object 'Object Repository/Register_Page/input_ADDRESS_ROAD'

2561-03-31 20:30:22 - [TEST_STEP][PASSED] - delay: Delayed 2 second(s)

2561-03-31 20:30:24 - [MESSAGE][PASSED] - Delayed 2 second(s)

2561-03-31 20:30:24 - [TEST_STEP][PASSED] - selectOptionByValue: All options with value '45' are selected in object 'Object Repository/Register_Page/ADDRESS_PROVINCE' 

2561-03-31 20:30:24 - [MESSAGE][PASSED] - All options with value '45' are selected in object 'Object Repository/Register_Page/ADDRESS_PROVINCE' 

2561-03-31 20:30:24 - [TEST_STEP][PASSED] - delay: Delayed 2 second(s)

2561-03-31 20:30:26 - [MESSAGE][PASSED] - Delayed 2 second(s)

2561-03-31 20:30:26 - [TEST_STEP][PASSED] - selectOptionByValue: All options with value '665' are selected in object 'Object Repository/Register_Page/ADDRESS_DISTRICT' 

2561-03-31 20:30:26 - [MESSAGE][PASSED] - All options with value '665' are selected in object 'Object Repository/Register_Page/ADDRESS_DISTRICT' 

2561-03-31 20:30:26 - [TEST_STEP][PASSED] - delay: Delayed 2 second(s)

2561-03-31 20:30:28 - [MESSAGE][PASSED] - Delayed 2 second(s)

2561-03-31 20:30:28 - [TEST_STEP][PASSED] - selectOptionByValue: All options with value '14726' are selected in object 'Object Repository/Register_Page/ADDRESS_SUBDISTRICT' 

2561-03-31 20:30:28 - [MESSAGE][PASSED] - All options with value '14726' are selected in object 'Object Repository/Register_Page/ADDRESS_SUBDISTRICT' 

2561-03-31 20:30:28 - [TEST_STEP][PASSED] - setText: Text '57130' is set on object 'Object Repository/Register_Page/input_ADDRESS_POSTCODE'

2561-03-31 20:30:29 - [MESSAGE][PASSED] - Text '57130' is set on object 'Object Repository/Register_Page/input_ADDRESS_POSTCODE'

2561-03-31 20:30:29 - [TEST_STEP][PASSED] - selectOptionByValue: All options with value 'กำลังทำงาน' are selected in object 'Object Repository/Register_Page/select__3'  using regular expression

2561-03-31 20:30:29 - [MESSAGE][PASSED] - All options with value 'กำลังทำงาน' are selected in object 'Object Repository/Register_Page/select__3'  using regular expression

2561-03-31 20:30:29 - [TEST_STEP][PASSED] - setText: Text '3 หมู่ที่ 10 ต.โป่งผา อ.แม่สาย จ.เชียงราย' is set on object 'Object Repository/Register_Page/input_ADDRESS_ALL'

2561-03-31 20:30:29 - [MESSAGE][PASSED] - Text '3 หมู่ที่ 10 ต.โป่งผา อ.แม่สาย จ.เชียงราย' is set on object 'Object Repository/Register_Page/input_ADDRESS_ALL'

2561-03-31 20:30:29 - [TEST_STEP][PASSED] - setText: Text '053646789' is set on object 'Object Repository/Register_Page/input_PHONE'

2561-03-31 20:30:29 - [MESSAGE][PASSED] - Text '053646789' is set on object 'Object Repository/Register_Page/input_PHONE'

2561-03-31 20:30:29 - [TEST_STEP][PASSED] - setText: Text '0827975510' is set on object 'Object Repository/Register_Page/input_CELL_PHONE'

2561-03-31 20:30:29 - [MESSAGE][PASSED] - Text '0827975510' is set on object 'Object Repository/Register_Page/input_CELL_PHONE'

2561-03-31 20:30:29 - [TEST_STEP][PASSED] - setText: Text '025445687' is set on object 'Object Repository/Register_Page/input_FAX'

2561-03-31 20:30:30 - [MESSAGE][PASSED] - Text '025445687' is set on object 'Object Repository/Register_Page/input_FAX'

2561-03-31 20:30:30 - [TEST_STEP][PASSED] - click: Object: 'Object Repository/Register_Page/input_submit (1)' is clicked on

2561-03-31 20:30:31 - [MESSAGE][PASSED] - Object: 'Object Repository/Register_Page/input_submit (1)' is clicked on

2561-03-31 20:30:31 - [TEST_STEP][PASSED] - closeBrowser: Browser is closed

2561-03-31 20:30:31 - [MESSAGE][PASSED] - Browser is closed]]></system-out>
         <system-err><![CDATA[]]></system-err>
      </testcase>
      <testcase name="Test Cases/Register volunteer/Register15" classname="Test Cases/Register volunteer/Register15" status="PASSED">
         <system-out><![CDATA[2561-03-31 20:30:31 - [TEST_CASE][PASSED] - Test Cases/Register volunteer/Register15: Test Cases/Register volunteer/Register15

2561-03-31 20:30:31 - [TEST_STEP][PASSED] - openBrowser: Browser is opened with url: ''

2561-03-31 20:30:35 - [MESSAGE][PASSED] - Browser is opened with url: ''

2561-03-31 20:30:35 - [TEST_STEP][PASSED] - navigateToUrl: Navigate to 'http://vivblind.play2pay.me/' successfully

2561-03-31 20:30:40 - [MESSAGE][PASSED] - Navigate to 'http://vivblind.play2pay.me/' successfully

2561-03-31 20:30:40 - [TEST_STEP][PASSED] - click: Object: 'Object Repository/Register_Page/a_' is clicked on

2561-03-31 20:30:40 - [MESSAGE][PASSED] - Object: 'Object Repository/Register_Page/a_' is clicked on

2561-03-31 20:30:40 - [TEST_STEP][PASSED] - setText: Text 'suphisit1@gmail.com' is set on object 'Object Repository/Register_Page/input_EMAIL (1)'

2561-03-31 20:30:41 - [MESSAGE][PASSED] - Text 'suphisit1@gmail.com' is set on object 'Object Repository/Register_Page/input_EMAIL (1)'

2561-03-31 20:30:41 - [TEST_STEP][PASSED] - setText: Text '0857098359' is set on object 'Object Repository/Register_Page/input_PASSWORD'

2561-03-31 20:30:41 - [MESSAGE][PASSED] - Text '0857098359' is set on object 'Object Repository/Register_Page/input_PASSWORD'

2561-03-31 20:30:41 - [TEST_STEP][PASSED] - setText: Text '0857098359' is set on object 'Object Repository/Register_Page/input_password_confirmation'

2561-03-31 20:30:41 - [MESSAGE][PASSED] - Text '0857098359' is set on object 'Object Repository/Register_Page/input_password_confirmation'

2561-03-31 20:30:41 - [TEST_STEP][PASSED] - uploadFile: File 'C:\Users\Administrator\Desktop\Test.jpg' sent to object: 'Object Repository/Register_Page/Upload File'

2561-03-31 20:30:41 - [MESSAGE][PASSED] - File 'C:\Users\Administrator\Desktop\Test.jpg' sent to object: 'Object Repository/Register_Page/Upload File'

2561-03-31 20:30:41 - [TEST_STEP][PASSED] - setText: Text 'ศุภิสิทธิ์ ' is set on object 'Object Repository/Register_Page/input_FIRST_NAME_TH'

2561-03-31 20:30:41 - [MESSAGE][PASSED] - Text 'ศุภิสิทธิ์ ' is set on object 'Object Repository/Register_Page/input_FIRST_NAME_TH'

2561-03-31 20:30:41 - [TEST_STEP][PASSED] - setText: Text 'ไข่กา' is set on object 'Object Repository/Register_Page/input_LAST_NAME_TH'

2561-03-31 20:30:41 - [MESSAGE][PASSED] - Text 'ไข่กา' is set on object 'Object Repository/Register_Page/input_LAST_NAME_TH'

2561-03-31 20:30:41 - [TEST_STEP][PASSED] - setText: Text 'Suphisit' is set on object 'Object Repository/Register_Page/input_FIRST_NAME_EN'

2561-03-31 20:30:41 - [MESSAGE][PASSED] - Text 'Suphisit' is set on object 'Object Repository/Register_Page/input_FIRST_NAME_EN'

2561-03-31 20:30:41 - [TEST_STEP][PASSED] - setText: Text 'Khaika' is set on object 'Object Repository/Register_Page/input_LAST_NAME_EN'

2561-03-31 20:30:42 - [MESSAGE][PASSED] - Text 'Khaika' is set on object 'Object Repository/Register_Page/input_LAST_NAME_EN'

2561-03-31 20:30:42 - [TEST_STEP][PASSED] - setText: Text '13/10/1994' is set on object 'Object Repository/Register_Page/input_BIRTH_DATE'

2561-03-31 20:30:42 - [MESSAGE][PASSED] - Text '13/10/1994' is set on object 'Object Repository/Register_Page/input_BIRTH_DATE'

2561-03-31 20:30:42 - [TEST_STEP][PASSED] - selectOptionByValue: All options with value 'ปริญญาตรี' are selected in object 'Object Repository/Register_Page/select__1'  using regular expression

2561-03-31 20:30:42 - [MESSAGE][PASSED] - All options with value 'ปริญญาตรี' are selected in object 'Object Repository/Register_Page/select__1'  using regular expression

2561-03-31 20:30:42 - [TEST_STEP][PASSED] - selectOptionByValue: All options with value 'อื่นๆ' are selected in object 'Object Repository/Register_Page/select__2'  using regular expression

2561-03-31 20:30:42 - [MESSAGE][PASSED] - All options with value 'อื่นๆ' are selected in object 'Object Repository/Register_Page/select__2'  using regular expression

2561-03-31 20:30:42 - [TEST_STEP][PASSED] - setText: Text '3' is set on object 'Object Repository/Register_Page/input_ADDRESS_NO'

2561-03-31 20:30:42 - [MESSAGE][PASSED] - Text '3' is set on object 'Object Repository/Register_Page/input_ADDRESS_NO'

2561-03-31 20:30:42 - [TEST_STEP][PASSED] - setText: Text '10' is set on object 'Object Repository/Register_Page/input_ADDRESS_MOO'

2561-03-31 20:30:43 - [MESSAGE][PASSED] - Text '10' is set on object 'Object Repository/Register_Page/input_ADDRESS_MOO'

2561-03-31 20:30:43 - [TEST_STEP][PASSED] - setText: Text 'พหลโยธิน' is set on object 'Object Repository/Register_Page/input_ADDRESS_ROAD'

2561-03-31 20:30:43 - [MESSAGE][PASSED] - Text 'พหลโยธิน' is set on object 'Object Repository/Register_Page/input_ADDRESS_ROAD'

2561-03-31 20:30:43 - [TEST_STEP][PASSED] - delay: Delayed 2 second(s)

2561-03-31 20:30:45 - [MESSAGE][PASSED] - Delayed 2 second(s)

2561-03-31 20:30:45 - [TEST_STEP][PASSED] - selectOptionByValue: All options with value '45' are selected in object 'Object Repository/Register_Page/ADDRESS_PROVINCE' 

2561-03-31 20:30:45 - [MESSAGE][PASSED] - All options with value '45' are selected in object 'Object Repository/Register_Page/ADDRESS_PROVINCE' 

2561-03-31 20:30:45 - [TEST_STEP][PASSED] - delay: Delayed 2 second(s)

2561-03-31 20:30:47 - [MESSAGE][PASSED] - Delayed 2 second(s)

2561-03-31 20:30:47 - [TEST_STEP][PASSED] - selectOptionByValue: All options with value '665' are selected in object 'Object Repository/Register_Page/ADDRESS_DISTRICT' 

2561-03-31 20:30:47 - [MESSAGE][PASSED] - All options with value '665' are selected in object 'Object Repository/Register_Page/ADDRESS_DISTRICT' 

2561-03-31 20:30:47 - [TEST_STEP][PASSED] - delay: Delayed 2 second(s)

2561-03-31 20:30:49 - [MESSAGE][PASSED] - Delayed 2 second(s)

2561-03-31 20:30:49 - [TEST_STEP][PASSED] - selectOptionByValue: All options with value '14726' are selected in object 'Object Repository/Register_Page/ADDRESS_SUBDISTRICT' 

2561-03-31 20:30:49 - [MESSAGE][PASSED] - All options with value '14726' are selected in object 'Object Repository/Register_Page/ADDRESS_SUBDISTRICT' 

2561-03-31 20:30:49 - [TEST_STEP][PASSED] - setText: Text '57130' is set on object 'Object Repository/Register_Page/input_ADDRESS_POSTCODE'

2561-03-31 20:30:49 - [MESSAGE][PASSED] - Text '57130' is set on object 'Object Repository/Register_Page/input_ADDRESS_POSTCODE'

2561-03-31 20:30:49 - [TEST_STEP][PASSED] - selectOptionByValue: All options with value 'กำลังทำงาน' are selected in object 'Object Repository/Register_Page/select__3'  using regular expression

2561-03-31 20:30:49 - [MESSAGE][PASSED] - All options with value 'กำลังทำงาน' are selected in object 'Object Repository/Register_Page/select__3'  using regular expression

2561-03-31 20:30:49 - [TEST_STEP][PASSED] - setText: Text '3 หมู่ที่ 10 ต.โป่งผา อ.แม่สาย จ.เชียงราย' is set on object 'Object Repository/Register_Page/input_ADDRESS_ALL'

2561-03-31 20:30:50 - [MESSAGE][PASSED] - Text '3 หมู่ที่ 10 ต.โป่งผา อ.แม่สาย จ.เชียงราย' is set on object 'Object Repository/Register_Page/input_ADDRESS_ALL'

2561-03-31 20:30:50 - [TEST_STEP][PASSED] - setText: Text '053646789' is set on object 'Object Repository/Register_Page/input_PHONE'

2561-03-31 20:30:50 - [MESSAGE][PASSED] - Text '053646789' is set on object 'Object Repository/Register_Page/input_PHONE'

2561-03-31 20:30:50 - [TEST_STEP][PASSED] - setText: Text '0827975510' is set on object 'Object Repository/Register_Page/input_CELL_PHONE'

2561-03-31 20:30:50 - [MESSAGE][PASSED] - Text '0827975510' is set on object 'Object Repository/Register_Page/input_CELL_PHONE'

2561-03-31 20:30:50 - [TEST_STEP][PASSED] - setText: Text '025445687' is set on object 'Object Repository/Register_Page/input_FAX'

2561-03-31 20:30:50 - [MESSAGE][PASSED] - Text '025445687' is set on object 'Object Repository/Register_Page/input_FAX'

2561-03-31 20:30:50 - [TEST_STEP][PASSED] - click: Object: 'Object Repository/Register_Page/input_submit (1)' is clicked on

2561-03-31 20:30:51 - [MESSAGE][PASSED] - Object: 'Object Repository/Register_Page/input_submit (1)' is clicked on

2561-03-31 20:30:51 - [TEST_STEP][PASSED] - verifyTextPresent: Text 'กรุณาเลือกศาสนา' is present on page 

2561-03-31 20:30:51 - [MESSAGE][PASSED] - Text 'กรุณาเลือกศาสนา' is present on page 

2561-03-31 20:30:51 - [TEST_STEP][PASSED] - closeBrowser: Browser is closed

2561-03-31 20:30:52 - [MESSAGE][PASSED] - Browser is closed]]></system-out>
         <system-err><![CDATA[]]></system-err>
      </testcase>
      <testcase name="Test Cases/Register volunteer/Register16" classname="Test Cases/Register volunteer/Register16" status="PASSED">
         <system-out><![CDATA[2561-03-31 20:30:52 - [TEST_CASE][PASSED] - Test Cases/Register volunteer/Register16: Test Cases/Register volunteer/Register16

2561-03-31 20:30:52 - [TEST_STEP][PASSED] - openBrowser: Browser is opened with url: ''

2561-03-31 20:30:54 - [MESSAGE][PASSED] - Browser is opened with url: ''

2561-03-31 20:30:54 - [TEST_STEP][PASSED] - navigateToUrl: Navigate to 'http://vivblind.play2pay.me/' successfully

2561-03-31 20:30:58 - [MESSAGE][PASSED] - Navigate to 'http://vivblind.play2pay.me/' successfully

2561-03-31 20:30:58 - [TEST_STEP][PASSED] - click: Object: 'Object Repository/Register_Page/a_' is clicked on

2561-03-31 20:30:58 - [MESSAGE][PASSED] - Object: 'Object Repository/Register_Page/a_' is clicked on

2561-03-31 20:30:58 - [TEST_STEP][PASSED] - setText: Text 'suphisit1@gmail.com' is set on object 'Object Repository/Register_Page/input_EMAIL (1)'

2561-03-31 20:30:59 - [MESSAGE][PASSED] - Text 'suphisit1@gmail.com' is set on object 'Object Repository/Register_Page/input_EMAIL (1)'

2561-03-31 20:30:59 - [TEST_STEP][PASSED] - setText: Text '0857098359' is set on object 'Object Repository/Register_Page/input_PASSWORD'

2561-03-31 20:30:59 - [MESSAGE][PASSED] - Text '0857098359' is set on object 'Object Repository/Register_Page/input_PASSWORD'

2561-03-31 20:30:59 - [TEST_STEP][PASSED] - setText: Text '0857098359' is set on object 'Object Repository/Register_Page/input_password_confirmation'

2561-03-31 20:30:59 - [MESSAGE][PASSED] - Text '0857098359' is set on object 'Object Repository/Register_Page/input_password_confirmation'

2561-03-31 20:30:59 - [TEST_STEP][PASSED] - uploadFile: File 'C:\Users\Administrator\Desktop\Test.jpg' sent to object: 'Object Repository/Register_Page/Upload File'

2561-03-31 20:30:59 - [MESSAGE][PASSED] - File 'C:\Users\Administrator\Desktop\Test.jpg' sent to object: 'Object Repository/Register_Page/Upload File'

2561-03-31 20:30:59 - [TEST_STEP][PASSED] - setText: Text 'ศุภิสิทธิ์ ' is set on object 'Object Repository/Register_Page/input_FIRST_NAME_TH'

2561-03-31 20:30:59 - [MESSAGE][PASSED] - Text 'ศุภิสิทธิ์ ' is set on object 'Object Repository/Register_Page/input_FIRST_NAME_TH'

2561-03-31 20:30:59 - [TEST_STEP][PASSED] - setText: Text 'ไข่กา' is set on object 'Object Repository/Register_Page/input_LAST_NAME_TH'

2561-03-31 20:30:59 - [MESSAGE][PASSED] - Text 'ไข่กา' is set on object 'Object Repository/Register_Page/input_LAST_NAME_TH'

2561-03-31 20:30:59 - [TEST_STEP][PASSED] - setText: Text 'Suphisit' is set on object 'Object Repository/Register_Page/input_FIRST_NAME_EN'

2561-03-31 20:30:59 - [MESSAGE][PASSED] - Text 'Suphisit' is set on object 'Object Repository/Register_Page/input_FIRST_NAME_EN'

2561-03-31 20:30:59 - [TEST_STEP][PASSED] - setText: Text 'Khaika' is set on object 'Object Repository/Register_Page/input_LAST_NAME_EN'

2561-03-31 20:31:00 - [MESSAGE][PASSED] - Text 'Khaika' is set on object 'Object Repository/Register_Page/input_LAST_NAME_EN'

2561-03-31 20:31:00 - [TEST_STEP][PASSED] - setText: Text '13/10/1994' is set on object 'Object Repository/Register_Page/input_BIRTH_DATE'

2561-03-31 20:31:00 - [MESSAGE][PASSED] - Text '13/10/1994' is set on object 'Object Repository/Register_Page/input_BIRTH_DATE'

2561-03-31 20:31:00 - [TEST_STEP][PASSED] - selectOptionByValue: All options with value 'พุทธ' are selected in object 'Object Repository/Register_Page/select_'  using regular expression

2561-03-31 20:31:00 - [MESSAGE][PASSED] - All options with value 'พุทธ' are selected in object 'Object Repository/Register_Page/select_'  using regular expression

2561-03-31 20:31:00 - [TEST_STEP][PASSED] - selectOptionByValue: All options with value 'ปริญญาตรี' are selected in object 'Object Repository/Register_Page/select__1'  using regular expression

2561-03-31 20:31:00 - [MESSAGE][PASSED] - All options with value 'ปริญญาตรี' are selected in object 'Object Repository/Register_Page/select__1'  using regular expression

2561-03-31 20:31:00 - [TEST_STEP][PASSED] - selectOptionByValue: All options with value 'อื่นๆ' are selected in object 'Object Repository/Register_Page/select__2'  using regular expression

2561-03-31 20:31:00 - [MESSAGE][PASSED] - All options with value 'อื่นๆ' are selected in object 'Object Repository/Register_Page/select__2'  using regular expression

2561-03-31 20:31:00 - [TEST_STEP][PASSED] - setText: Text '3' is set on object 'Object Repository/Register_Page/input_ADDRESS_NO'

2561-03-31 20:31:01 - [MESSAGE][PASSED] - Text '3' is set on object 'Object Repository/Register_Page/input_ADDRESS_NO'

2561-03-31 20:31:01 - [TEST_STEP][PASSED] - setText: Text '10' is set on object 'Object Repository/Register_Page/input_ADDRESS_MOO'

2561-03-31 20:31:01 - [MESSAGE][PASSED] - Text '10' is set on object 'Object Repository/Register_Page/input_ADDRESS_MOO'

2561-03-31 20:31:01 - [TEST_STEP][PASSED] - setText: Text 'พหลโยธิน' is set on object 'Object Repository/Register_Page/input_ADDRESS_ROAD'

2561-03-31 20:31:01 - [MESSAGE][PASSED] - Text 'พหลโยธิน' is set on object 'Object Repository/Register_Page/input_ADDRESS_ROAD'

2561-03-31 20:31:01 - [TEST_STEP][PASSED] - delay: Delayed 2 second(s)

2561-03-31 20:31:03 - [MESSAGE][PASSED] - Delayed 2 second(s)

2561-03-31 20:31:03 - [TEST_STEP][PASSED] - selectOptionByValue: All options with value '45' are selected in object 'Object Repository/Register_Page/ADDRESS_PROVINCE' 

2561-03-31 20:31:03 - [MESSAGE][PASSED] - All options with value '45' are selected in object 'Object Repository/Register_Page/ADDRESS_PROVINCE' 

2561-03-31 20:31:03 - [TEST_STEP][PASSED] - delay: Delayed 2 second(s)

2561-03-31 20:31:05 - [MESSAGE][PASSED] - Delayed 2 second(s)

2561-03-31 20:31:05 - [TEST_STEP][PASSED] - selectOptionByValue: All options with value '665' are selected in object 'Object Repository/Register_Page/ADDRESS_DISTRICT' 

2561-03-31 20:31:05 - [MESSAGE][PASSED] - All options with value '665' are selected in object 'Object Repository/Register_Page/ADDRESS_DISTRICT' 

2561-03-31 20:31:05 - [TEST_STEP][PASSED] - delay: Delayed 2 second(s)

2561-03-31 20:31:07 - [MESSAGE][PASSED] - Delayed 2 second(s)

2561-03-31 20:31:07 - [TEST_STEP][PASSED] - selectOptionByValue: All options with value '14726' are selected in object 'Object Repository/Register_Page/ADDRESS_SUBDISTRICT' 

2561-03-31 20:31:07 - [MESSAGE][PASSED] - All options with value '14726' are selected in object 'Object Repository/Register_Page/ADDRESS_SUBDISTRICT' 

2561-03-31 20:31:07 - [TEST_STEP][PASSED] - setText: Text '57130' is set on object 'Object Repository/Register_Page/input_ADDRESS_POSTCODE'

2561-03-31 20:31:07 - [MESSAGE][PASSED] - Text '57130' is set on object 'Object Repository/Register_Page/input_ADDRESS_POSTCODE'

2561-03-31 20:31:07 - [TEST_STEP][PASSED] - selectOptionByValue: All options with value 'กำลังทำงาน' are selected in object 'Object Repository/Register_Page/select__3'  using regular expression

2561-03-31 20:31:08 - [MESSAGE][PASSED] - All options with value 'กำลังทำงาน' are selected in object 'Object Repository/Register_Page/select__3'  using regular expression

2561-03-31 20:31:08 - [TEST_STEP][PASSED] - setText: Text '3 หมู่ที่ 10 ต.โป่งผา อ.แม่สาย จ.เชียงราย' is set on object 'Object Repository/Register_Page/input_ADDRESS_ALL'

2561-03-31 20:31:08 - [MESSAGE][PASSED] - Text '3 หมู่ที่ 10 ต.โป่งผา อ.แม่สาย จ.เชียงราย' is set on object 'Object Repository/Register_Page/input_ADDRESS_ALL'

2561-03-31 20:31:08 - [TEST_STEP][PASSED] - setText: Text '053646789' is set on object 'Object Repository/Register_Page/input_PHONE'

2561-03-31 20:31:08 - [MESSAGE][PASSED] - Text '053646789' is set on object 'Object Repository/Register_Page/input_PHONE'

2561-03-31 20:31:08 - [TEST_STEP][PASSED] - setText: Text '0827975510' is set on object 'Object Repository/Register_Page/input_CELL_PHONE'

2561-03-31 20:31:08 - [MESSAGE][PASSED] - Text '0827975510' is set on object 'Object Repository/Register_Page/input_CELL_PHONE'

2561-03-31 20:31:08 - [TEST_STEP][PASSED] - setText: Text '025445687' is set on object 'Object Repository/Register_Page/input_FAX'

2561-03-31 20:31:08 - [MESSAGE][PASSED] - Text '025445687' is set on object 'Object Repository/Register_Page/input_FAX'

2561-03-31 20:31:08 - [TEST_STEP][PASSED] - click: Object: 'Object Repository/Register_Page/input_submit (1)' is clicked on

2561-03-31 20:31:09 - [MESSAGE][PASSED] - Object: 'Object Repository/Register_Page/input_submit (1)' is clicked on

2561-03-31 20:31:09 - [TEST_STEP][PASSED] - closeBrowser: Browser is closed

2561-03-31 20:31:10 - [MESSAGE][PASSED] - Browser is closed]]></system-out>
         <system-err><![CDATA[]]></system-err>
      </testcase>
      <testcase name="Test Cases/Register volunteer/Register17" classname="Test Cases/Register volunteer/Register17" status="PASSED">
         <system-out><![CDATA[2561-03-31 20:31:10 - [TEST_CASE][PASSED] - Test Cases/Register volunteer/Register17: Test Cases/Register volunteer/Register17

2561-03-31 20:31:10 - [TEST_STEP][PASSED] - openBrowser: Browser is opened with url: ''

2561-03-31 20:31:12 - [MESSAGE][PASSED] - Browser is opened with url: ''

2561-03-31 20:31:12 - [TEST_STEP][PASSED] - navigateToUrl: Navigate to 'http://vivblind.play2pay.me/' successfully

2561-03-31 20:31:16 - [MESSAGE][PASSED] - Navigate to 'http://vivblind.play2pay.me/' successfully

2561-03-31 20:31:16 - [TEST_STEP][PASSED] - click: Object: 'Object Repository/Register_Page/a_' is clicked on

2561-03-31 20:31:17 - [MESSAGE][PASSED] - Object: 'Object Repository/Register_Page/a_' is clicked on

2561-03-31 20:31:17 - [TEST_STEP][PASSED] - setText: Text 'suphisit1@gmail.com' is set on object 'Object Repository/Register_Page/input_EMAIL (1)'

2561-03-31 20:31:17 - [MESSAGE][PASSED] - Text 'suphisit1@gmail.com' is set on object 'Object Repository/Register_Page/input_EMAIL (1)'

2561-03-31 20:31:17 - [TEST_STEP][PASSED] - setText: Text '0857098359' is set on object 'Object Repository/Register_Page/input_PASSWORD'

2561-03-31 20:31:17 - [MESSAGE][PASSED] - Text '0857098359' is set on object 'Object Repository/Register_Page/input_PASSWORD'

2561-03-31 20:31:17 - [TEST_STEP][PASSED] - setText: Text '0857098359' is set on object 'Object Repository/Register_Page/input_password_confirmation'

2561-03-31 20:31:18 - [MESSAGE][PASSED] - Text '0857098359' is set on object 'Object Repository/Register_Page/input_password_confirmation'

2561-03-31 20:31:18 - [TEST_STEP][PASSED] - uploadFile: File 'C:\Users\Administrator\Desktop\Test.jpg' sent to object: 'Object Repository/Register_Page/Upload File'

2561-03-31 20:31:18 - [MESSAGE][PASSED] - File 'C:\Users\Administrator\Desktop\Test.jpg' sent to object: 'Object Repository/Register_Page/Upload File'

2561-03-31 20:31:18 - [TEST_STEP][PASSED] - setText: Text 'ศุภิสิทธิ์ ' is set on object 'Object Repository/Register_Page/input_FIRST_NAME_TH'

2561-03-31 20:31:18 - [MESSAGE][PASSED] - Text 'ศุภิสิทธิ์ ' is set on object 'Object Repository/Register_Page/input_FIRST_NAME_TH'

2561-03-31 20:31:18 - [TEST_STEP][PASSED] - setText: Text 'ไข่กา' is set on object 'Object Repository/Register_Page/input_LAST_NAME_TH'

2561-03-31 20:31:18 - [MESSAGE][PASSED] - Text 'ไข่กา' is set on object 'Object Repository/Register_Page/input_LAST_NAME_TH'

2561-03-31 20:31:18 - [TEST_STEP][PASSED] - setText: Text 'Suphisit' is set on object 'Object Repository/Register_Page/input_FIRST_NAME_EN'

2561-03-31 20:31:18 - [MESSAGE][PASSED] - Text 'Suphisit' is set on object 'Object Repository/Register_Page/input_FIRST_NAME_EN'

2561-03-31 20:31:18 - [TEST_STEP][PASSED] - setText: Text 'Khaika' is set on object 'Object Repository/Register_Page/input_LAST_NAME_EN'

2561-03-31 20:31:18 - [MESSAGE][PASSED] - Text 'Khaika' is set on object 'Object Repository/Register_Page/input_LAST_NAME_EN'

2561-03-31 20:31:18 - [TEST_STEP][PASSED] - setText: Text '13/10/1994' is set on object 'Object Repository/Register_Page/input_BIRTH_DATE'

2561-03-31 20:31:18 - [MESSAGE][PASSED] - Text '13/10/1994' is set on object 'Object Repository/Register_Page/input_BIRTH_DATE'

2561-03-31 20:31:18 - [TEST_STEP][PASSED] - selectOptionByValue: All options with value 'คริส' are selected in object 'Object Repository/Register_Page/select_'  using regular expression

2561-03-31 20:31:19 - [MESSAGE][PASSED] - All options with value 'คริส' are selected in object 'Object Repository/Register_Page/select_'  using regular expression

2561-03-31 20:31:19 - [TEST_STEP][PASSED] - selectOptionByValue: All options with value 'ปริญญาตรี' are selected in object 'Object Repository/Register_Page/select__1'  using regular expression

2561-03-31 20:31:19 - [MESSAGE][PASSED] - All options with value 'ปริญญาตรี' are selected in object 'Object Repository/Register_Page/select__1'  using regular expression

2561-03-31 20:31:19 - [TEST_STEP][PASSED] - selectOptionByValue: All options with value 'อื่นๆ' are selected in object 'Object Repository/Register_Page/select__2'  using regular expression

2561-03-31 20:31:19 - [MESSAGE][PASSED] - All options with value 'อื่นๆ' are selected in object 'Object Repository/Register_Page/select__2'  using regular expression

2561-03-31 20:31:19 - [TEST_STEP][PASSED] - setText: Text '3' is set on object 'Object Repository/Register_Page/input_ADDRESS_NO'

2561-03-31 20:31:19 - [MESSAGE][PASSED] - Text '3' is set on object 'Object Repository/Register_Page/input_ADDRESS_NO'

2561-03-31 20:31:19 - [TEST_STEP][PASSED] - setText: Text '10' is set on object 'Object Repository/Register_Page/input_ADDRESS_MOO'

2561-03-31 20:31:19 - [MESSAGE][PASSED] - Text '10' is set on object 'Object Repository/Register_Page/input_ADDRESS_MOO'

2561-03-31 20:31:19 - [TEST_STEP][PASSED] - setText: Text 'พหลโยธิน' is set on object 'Object Repository/Register_Page/input_ADDRESS_ROAD'

2561-03-31 20:31:19 - [MESSAGE][PASSED] - Text 'พหลโยธิน' is set on object 'Object Repository/Register_Page/input_ADDRESS_ROAD'

2561-03-31 20:31:19 - [TEST_STEP][PASSED] - delay: Delayed 2 second(s)

2561-03-31 20:31:21 - [MESSAGE][PASSED] - Delayed 2 second(s)

2561-03-31 20:31:21 - [TEST_STEP][PASSED] - selectOptionByValue: All options with value '45' are selected in object 'Object Repository/Register_Page/ADDRESS_PROVINCE' 

2561-03-31 20:31:21 - [MESSAGE][PASSED] - All options with value '45' are selected in object 'Object Repository/Register_Page/ADDRESS_PROVINCE' 

2561-03-31 20:31:21 - [TEST_STEP][PASSED] - delay: Delayed 2 second(s)

2561-03-31 20:31:23 - [MESSAGE][PASSED] - Delayed 2 second(s)

2561-03-31 20:31:23 - [TEST_STEP][PASSED] - selectOptionByValue: All options with value '665' are selected in object 'Object Repository/Register_Page/ADDRESS_DISTRICT' 

2561-03-31 20:31:24 - [MESSAGE][PASSED] - All options with value '665' are selected in object 'Object Repository/Register_Page/ADDRESS_DISTRICT' 

2561-03-31 20:31:24 - [TEST_STEP][PASSED] - delay: Delayed 2 second(s)

2561-03-31 20:31:26 - [MESSAGE][PASSED] - Delayed 2 second(s)

2561-03-31 20:31:26 - [TEST_STEP][PASSED] - selectOptionByValue: All options with value '14726' are selected in object 'Object Repository/Register_Page/ADDRESS_SUBDISTRICT' 

2561-03-31 20:31:26 - [MESSAGE][PASSED] - All options with value '14726' are selected in object 'Object Repository/Register_Page/ADDRESS_SUBDISTRICT' 

2561-03-31 20:31:26 - [TEST_STEP][PASSED] - setText: Text '57130' is set on object 'Object Repository/Register_Page/input_ADDRESS_POSTCODE'

2561-03-31 20:31:26 - [MESSAGE][PASSED] - Text '57130' is set on object 'Object Repository/Register_Page/input_ADDRESS_POSTCODE'

2561-03-31 20:31:26 - [TEST_STEP][PASSED] - selectOptionByValue: All options with value 'กำลังทำงาน' are selected in object 'Object Repository/Register_Page/select__3'  using regular expression

2561-03-31 20:31:26 - [MESSAGE][PASSED] - All options with value 'กำลังทำงาน' are selected in object 'Object Repository/Register_Page/select__3'  using regular expression

2561-03-31 20:31:26 - [TEST_STEP][PASSED] - setText: Text '3 หมู่ที่ 10 ต.โป่งผา อ.แม่สาย จ.เชียงราย' is set on object 'Object Repository/Register_Page/input_ADDRESS_ALL'

2561-03-31 20:31:26 - [MESSAGE][PASSED] - Text '3 หมู่ที่ 10 ต.โป่งผา อ.แม่สาย จ.เชียงราย' is set on object 'Object Repository/Register_Page/input_ADDRESS_ALL'

2561-03-31 20:31:26 - [TEST_STEP][PASSED] - setText: Text '053646789' is set on object 'Object Repository/Register_Page/input_PHONE'

2561-03-31 20:31:27 - [MESSAGE][PASSED] - Text '053646789' is set on object 'Object Repository/Register_Page/input_PHONE'

2561-03-31 20:31:27 - [TEST_STEP][PASSED] - setText: Text '0827975510' is set on object 'Object Repository/Register_Page/input_CELL_PHONE'

2561-03-31 20:31:27 - [MESSAGE][PASSED] - Text '0827975510' is set on object 'Object Repository/Register_Page/input_CELL_PHONE'

2561-03-31 20:31:27 - [TEST_STEP][PASSED] - setText: Text '025445687' is set on object 'Object Repository/Register_Page/input_FAX'

2561-03-31 20:31:27 - [MESSAGE][PASSED] - Text '025445687' is set on object 'Object Repository/Register_Page/input_FAX'

2561-03-31 20:31:27 - [TEST_STEP][PASSED] - click: Object: 'Object Repository/Register_Page/input_submit (1)' is clicked on

2561-03-31 20:31:28 - [MESSAGE][PASSED] - Object: 'Object Repository/Register_Page/input_submit (1)' is clicked on

2561-03-31 20:31:28 - [TEST_STEP][PASSED] - closeBrowser: Browser is closed

2561-03-31 20:31:28 - [MESSAGE][PASSED] - Browser is closed]]></system-out>
         <system-err><![CDATA[]]></system-err>
      </testcase>
      <testcase name="Test Cases/Register volunteer/Register18" classname="Test Cases/Register volunteer/Register18" status="PASSED">
         <system-out><![CDATA[2561-03-31 20:31:28 - [TEST_CASE][PASSED] - Test Cases/Register volunteer/Register18: Test Cases/Register volunteer/Register18

2561-03-31 20:31:29 - [TEST_STEP][PASSED] - openBrowser: Browser is opened with url: ''

2561-03-31 20:31:31 - [MESSAGE][PASSED] - Browser is opened with url: ''

2561-03-31 20:31:31 - [TEST_STEP][PASSED] - navigateToUrl: Navigate to 'http://vivblind.play2pay.me/' successfully

2561-03-31 20:31:35 - [MESSAGE][PASSED] - Navigate to 'http://vivblind.play2pay.me/' successfully

2561-03-31 20:31:35 - [TEST_STEP][PASSED] - click: Object: 'Object Repository/Register_Page/a_' is clicked on

2561-03-31 20:31:36 - [MESSAGE][PASSED] - Object: 'Object Repository/Register_Page/a_' is clicked on

2561-03-31 20:31:36 - [TEST_STEP][PASSED] - setText: Text 'suphisit1@gmail.com' is set on object 'Object Repository/Register_Page/input_EMAIL (1)'

2561-03-31 20:31:36 - [MESSAGE][PASSED] - Text 'suphisit1@gmail.com' is set on object 'Object Repository/Register_Page/input_EMAIL (1)'

2561-03-31 20:31:36 - [TEST_STEP][PASSED] - setText: Text '0857098359' is set on object 'Object Repository/Register_Page/input_PASSWORD'

2561-03-31 20:31:36 - [MESSAGE][PASSED] - Text '0857098359' is set on object 'Object Repository/Register_Page/input_PASSWORD'

2561-03-31 20:31:36 - [TEST_STEP][PASSED] - setText: Text '0857098359' is set on object 'Object Repository/Register_Page/input_password_confirmation'

2561-03-31 20:31:36 - [MESSAGE][PASSED] - Text '0857098359' is set on object 'Object Repository/Register_Page/input_password_confirmation'

2561-03-31 20:31:36 - [TEST_STEP][PASSED] - uploadFile: File 'C:\Users\Administrator\Desktop\Test.jpg' sent to object: 'Object Repository/Register_Page/Upload File'

2561-03-31 20:31:36 - [MESSAGE][PASSED] - File 'C:\Users\Administrator\Desktop\Test.jpg' sent to object: 'Object Repository/Register_Page/Upload File'

2561-03-31 20:31:36 - [TEST_STEP][PASSED] - setText: Text 'ศุภิสิทธิ์ ' is set on object 'Object Repository/Register_Page/input_FIRST_NAME_TH'

2561-03-31 20:31:37 - [MESSAGE][PASSED] - Text 'ศุภิสิทธิ์ ' is set on object 'Object Repository/Register_Page/input_FIRST_NAME_TH'

2561-03-31 20:31:37 - [TEST_STEP][PASSED] - setText: Text 'ไข่กา' is set on object 'Object Repository/Register_Page/input_LAST_NAME_TH'

2561-03-31 20:31:37 - [MESSAGE][PASSED] - Text 'ไข่กา' is set on object 'Object Repository/Register_Page/input_LAST_NAME_TH'

2561-03-31 20:31:37 - [TEST_STEP][PASSED] - setText: Text 'Suphisit' is set on object 'Object Repository/Register_Page/input_FIRST_NAME_EN'

2561-03-31 20:31:37 - [MESSAGE][PASSED] - Text 'Suphisit' is set on object 'Object Repository/Register_Page/input_FIRST_NAME_EN'

2561-03-31 20:31:37 - [TEST_STEP][PASSED] - setText: Text 'Khaika' is set on object 'Object Repository/Register_Page/input_LAST_NAME_EN'

2561-03-31 20:31:37 - [MESSAGE][PASSED] - Text 'Khaika' is set on object 'Object Repository/Register_Page/input_LAST_NAME_EN'

2561-03-31 20:31:37 - [TEST_STEP][PASSED] - setText: Text '13/10/1994' is set on object 'Object Repository/Register_Page/input_BIRTH_DATE'

2561-03-31 20:31:37 - [MESSAGE][PASSED] - Text '13/10/1994' is set on object 'Object Repository/Register_Page/input_BIRTH_DATE'

2561-03-31 20:31:37 - [TEST_STEP][PASSED] - selectOptionByValue: All options with value 'อิสลาม' are selected in object 'Object Repository/Register_Page/select_'  using regular expression

2561-03-31 20:31:37 - [MESSAGE][PASSED] - All options with value 'อิสลาม' are selected in object 'Object Repository/Register_Page/select_'  using regular expression

2561-03-31 20:31:37 - [TEST_STEP][PASSED] - selectOptionByValue: All options with value 'ปริญญาตรี' are selected in object 'Object Repository/Register_Page/select__1'  using regular expression

2561-03-31 20:31:38 - [MESSAGE][PASSED] - All options with value 'ปริญญาตรี' are selected in object 'Object Repository/Register_Page/select__1'  using regular expression

2561-03-31 20:31:38 - [TEST_STEP][PASSED] - selectOptionByValue: All options with value 'อื่นๆ' are selected in object 'Object Repository/Register_Page/select__2'  using regular expression

2561-03-31 20:31:38 - [MESSAGE][PASSED] - All options with value 'อื่นๆ' are selected in object 'Object Repository/Register_Page/select__2'  using regular expression

2561-03-31 20:31:38 - [TEST_STEP][PASSED] - setText: Text '3' is set on object 'Object Repository/Register_Page/input_ADDRESS_NO'

2561-03-31 20:31:38 - [MESSAGE][PASSED] - Text '3' is set on object 'Object Repository/Register_Page/input_ADDRESS_NO'

2561-03-31 20:31:38 - [TEST_STEP][PASSED] - setText: Text '10' is set on object 'Object Repository/Register_Page/input_ADDRESS_MOO'

2561-03-31 20:31:38 - [MESSAGE][PASSED] - Text '10' is set on object 'Object Repository/Register_Page/input_ADDRESS_MOO'

2561-03-31 20:31:38 - [TEST_STEP][PASSED] - setText: Text 'พหลโยธิน' is set on object 'Object Repository/Register_Page/input_ADDRESS_ROAD'

2561-03-31 20:31:38 - [MESSAGE][PASSED] - Text 'พหลโยธิน' is set on object 'Object Repository/Register_Page/input_ADDRESS_ROAD'

2561-03-31 20:31:38 - [TEST_STEP][PASSED] - delay: Delayed 2 second(s)

2561-03-31 20:31:40 - [MESSAGE][PASSED] - Delayed 2 second(s)

2561-03-31 20:31:40 - [TEST_STEP][PASSED] - selectOptionByValue: All options with value '45' are selected in object 'Object Repository/Register_Page/ADDRESS_PROVINCE' 

2561-03-31 20:31:40 - [MESSAGE][PASSED] - All options with value '45' are selected in object 'Object Repository/Register_Page/ADDRESS_PROVINCE' 

2561-03-31 20:31:40 - [TEST_STEP][PASSED] - delay: Delayed 2 second(s)

2561-03-31 20:31:42 - [MESSAGE][PASSED] - Delayed 2 second(s)

2561-03-31 20:31:42 - [TEST_STEP][PASSED] - selectOptionByValue: All options with value '665' are selected in object 'Object Repository/Register_Page/ADDRESS_DISTRICT' 

2561-03-31 20:31:42 - [MESSAGE][PASSED] - All options with value '665' are selected in object 'Object Repository/Register_Page/ADDRESS_DISTRICT' 

2561-03-31 20:31:42 - [TEST_STEP][PASSED] - delay: Delayed 2 second(s)

2561-03-31 20:31:44 - [MESSAGE][PASSED] - Delayed 2 second(s)

2561-03-31 20:31:44 - [TEST_STEP][PASSED] - selectOptionByValue: All options with value '14726' are selected in object 'Object Repository/Register_Page/ADDRESS_SUBDISTRICT' 

2561-03-31 20:31:45 - [MESSAGE][PASSED] - All options with value '14726' are selected in object 'Object Repository/Register_Page/ADDRESS_SUBDISTRICT' 

2561-03-31 20:31:45 - [TEST_STEP][PASSED] - setText: Text '57130' is set on object 'Object Repository/Register_Page/input_ADDRESS_POSTCODE'

2561-03-31 20:31:45 - [MESSAGE][PASSED] - Text '57130' is set on object 'Object Repository/Register_Page/input_ADDRESS_POSTCODE'

2561-03-31 20:31:45 - [TEST_STEP][PASSED] - selectOptionByValue: All options with value 'กำลังทำงาน' are selected in object 'Object Repository/Register_Page/select__3'  using regular expression

2561-03-31 20:31:45 - [MESSAGE][PASSED] - All options with value 'กำลังทำงาน' are selected in object 'Object Repository/Register_Page/select__3'  using regular expression

2561-03-31 20:31:45 - [TEST_STEP][PASSED] - setText: Text '3 หมู่ที่ 10 ต.โป่งผา อ.แม่สาย จ.เชียงราย' is set on object 'Object Repository/Register_Page/input_ADDRESS_ALL'

2561-03-31 20:31:45 - [MESSAGE][PASSED] - Text '3 หมู่ที่ 10 ต.โป่งผา อ.แม่สาย จ.เชียงราย' is set on object 'Object Repository/Register_Page/input_ADDRESS_ALL'

2561-03-31 20:31:45 - [TEST_STEP][PASSED] - setText: Text '053646789' is set on object 'Object Repository/Register_Page/input_PHONE'

2561-03-31 20:31:45 - [MESSAGE][PASSED] - Text '053646789' is set on object 'Object Repository/Register_Page/input_PHONE'

2561-03-31 20:31:45 - [TEST_STEP][PASSED] - setText: Text '0827975510' is set on object 'Object Repository/Register_Page/input_CELL_PHONE'

2561-03-31 20:31:46 - [MESSAGE][PASSED] - Text '0827975510' is set on object 'Object Repository/Register_Page/input_CELL_PHONE'

2561-03-31 20:31:46 - [TEST_STEP][PASSED] - setText: Text '025445687' is set on object 'Object Repository/Register_Page/input_FAX'

2561-03-31 20:31:46 - [MESSAGE][PASSED] - Text '025445687' is set on object 'Object Repository/Register_Page/input_FAX'

2561-03-31 20:31:46 - [TEST_STEP][PASSED] - click: Object: 'Object Repository/Register_Page/input_submit (1)' is clicked on

2561-03-31 20:31:46 - [MESSAGE][PASSED] - Object: 'Object Repository/Register_Page/input_submit (1)' is clicked on

2561-03-31 20:31:46 - [TEST_STEP][PASSED] - closeBrowser: Browser is closed

2561-03-31 20:31:47 - [MESSAGE][PASSED] - Browser is closed]]></system-out>
         <system-err><![CDATA[]]></system-err>
      </testcase>
      <testcase name="Test Cases/Register volunteer/Register19" classname="Test Cases/Register volunteer/Register19" status="PASSED">
         <system-out><![CDATA[2561-03-31 20:31:47 - [TEST_CASE][PASSED] - Test Cases/Register volunteer/Register19: Test Cases/Register volunteer/Register19

2561-03-31 20:31:47 - [TEST_STEP][PASSED] - openBrowser: Browser is opened with url: ''

2561-03-31 20:31:50 - [MESSAGE][PASSED] - Browser is opened with url: ''

2561-03-31 20:31:50 - [TEST_STEP][PASSED] - navigateToUrl: Navigate to 'http://vivblind.play2pay.me/' successfully

2561-03-31 20:31:54 - [MESSAGE][PASSED] - Navigate to 'http://vivblind.play2pay.me/' successfully

2561-03-31 20:31:54 - [TEST_STEP][PASSED] - click: Object: 'Object Repository/Register_Page/a_' is clicked on

2561-03-31 20:31:54 - [MESSAGE][PASSED] - Object: 'Object Repository/Register_Page/a_' is clicked on

2561-03-31 20:31:54 - [TEST_STEP][PASSED] - setText: Text 'suphisit1@gmail.com' is set on object 'Object Repository/Register_Page/input_EMAIL (1)'

2561-03-31 20:31:55 - [MESSAGE][PASSED] - Text 'suphisit1@gmail.com' is set on object 'Object Repository/Register_Page/input_EMAIL (1)'

2561-03-31 20:31:55 - [TEST_STEP][PASSED] - setText: Text '0857098359' is set on object 'Object Repository/Register_Page/input_PASSWORD'

2561-03-31 20:31:55 - [MESSAGE][PASSED] - Text '0857098359' is set on object 'Object Repository/Register_Page/input_PASSWORD'

2561-03-31 20:31:55 - [TEST_STEP][PASSED] - setText: Text '0857098359' is set on object 'Object Repository/Register_Page/input_password_confirmation'

2561-03-31 20:31:55 - [MESSAGE][PASSED] - Text '0857098359' is set on object 'Object Repository/Register_Page/input_password_confirmation'

2561-03-31 20:31:55 - [TEST_STEP][PASSED] - uploadFile: File 'C:\Users\Administrator\Desktop\Test.jpg' sent to object: 'Object Repository/Register_Page/Upload File'

2561-03-31 20:31:55 - [MESSAGE][PASSED] - File 'C:\Users\Administrator\Desktop\Test.jpg' sent to object: 'Object Repository/Register_Page/Upload File'

2561-03-31 20:31:55 - [TEST_STEP][PASSED] - setText: Text 'ศุภิสิทธิ์ ' is set on object 'Object Repository/Register_Page/input_FIRST_NAME_TH'

2561-03-31 20:31:55 - [MESSAGE][PASSED] - Text 'ศุภิสิทธิ์ ' is set on object 'Object Repository/Register_Page/input_FIRST_NAME_TH'

2561-03-31 20:31:55 - [TEST_STEP][PASSED] - setText: Text 'ไข่กา' is set on object 'Object Repository/Register_Page/input_LAST_NAME_TH'

2561-03-31 20:31:55 - [MESSAGE][PASSED] - Text 'ไข่กา' is set on object 'Object Repository/Register_Page/input_LAST_NAME_TH'

2561-03-31 20:31:55 - [TEST_STEP][PASSED] - setText: Text 'Suphisit' is set on object 'Object Repository/Register_Page/input_FIRST_NAME_EN'

2561-03-31 20:31:56 - [MESSAGE][PASSED] - Text 'Suphisit' is set on object 'Object Repository/Register_Page/input_FIRST_NAME_EN'

2561-03-31 20:31:56 - [TEST_STEP][PASSED] - setText: Text 'Khaika' is set on object 'Object Repository/Register_Page/input_LAST_NAME_EN'

2561-03-31 20:31:56 - [MESSAGE][PASSED] - Text 'Khaika' is set on object 'Object Repository/Register_Page/input_LAST_NAME_EN'

2561-03-31 20:31:56 - [TEST_STEP][PASSED] - setText: Text '13/10/1994' is set on object 'Object Repository/Register_Page/input_BIRTH_DATE'

2561-03-31 20:31:56 - [MESSAGE][PASSED] - Text '13/10/1994' is set on object 'Object Repository/Register_Page/input_BIRTH_DATE'

2561-03-31 20:31:56 - [TEST_STEP][PASSED] - selectOptionByValue: All options with value 'อื่นๆ' are selected in object 'Object Repository/Register_Page/select_'  using regular expression

2561-03-31 20:31:56 - [MESSAGE][PASSED] - All options with value 'อื่นๆ' are selected in object 'Object Repository/Register_Page/select_'  using regular expression

2561-03-31 20:31:56 - [TEST_STEP][PASSED] - selectOptionByValue: All options with value 'ปริญญาตรี' are selected in object 'Object Repository/Register_Page/select__1'  using regular expression

2561-03-31 20:31:56 - [MESSAGE][PASSED] - All options with value 'ปริญญาตรี' are selected in object 'Object Repository/Register_Page/select__1'  using regular expression

2561-03-31 20:31:56 - [TEST_STEP][PASSED] - selectOptionByValue: All options with value 'อื่นๆ' are selected in object 'Object Repository/Register_Page/select__2'  using regular expression

2561-03-31 20:31:56 - [MESSAGE][PASSED] - All options with value 'อื่นๆ' are selected in object 'Object Repository/Register_Page/select__2'  using regular expression

2561-03-31 20:31:56 - [TEST_STEP][PASSED] - setText: Text '3' is set on object 'Object Repository/Register_Page/input_ADDRESS_NO'

2561-03-31 20:31:57 - [MESSAGE][PASSED] - Text '3' is set on object 'Object Repository/Register_Page/input_ADDRESS_NO'

2561-03-31 20:31:57 - [TEST_STEP][PASSED] - setText: Text '10' is set on object 'Object Repository/Register_Page/input_ADDRESS_MOO'

2561-03-31 20:31:57 - [MESSAGE][PASSED] - Text '10' is set on object 'Object Repository/Register_Page/input_ADDRESS_MOO'

2561-03-31 20:31:57 - [TEST_STEP][PASSED] - setText: Text 'พหลโยธิน' is set on object 'Object Repository/Register_Page/input_ADDRESS_ROAD'

2561-03-31 20:31:57 - [MESSAGE][PASSED] - Text 'พหลโยธิน' is set on object 'Object Repository/Register_Page/input_ADDRESS_ROAD'

2561-03-31 20:31:57 - [TEST_STEP][PASSED] - delay: Delayed 2 second(s)

2561-03-31 20:31:59 - [MESSAGE][PASSED] - Delayed 2 second(s)

2561-03-31 20:31:59 - [TEST_STEP][PASSED] - selectOptionByValue: All options with value '45' are selected in object 'Object Repository/Register_Page/ADDRESS_PROVINCE' 

2561-03-31 20:31:59 - [MESSAGE][PASSED] - All options with value '45' are selected in object 'Object Repository/Register_Page/ADDRESS_PROVINCE' 

2561-03-31 20:31:59 - [TEST_STEP][PASSED] - delay: Delayed 2 second(s)

2561-03-31 20:32:01 - [MESSAGE][PASSED] - Delayed 2 second(s)

2561-03-31 20:32:01 - [TEST_STEP][PASSED] - selectOptionByValue: All options with value '665' are selected in object 'Object Repository/Register_Page/ADDRESS_DISTRICT' 

2561-03-31 20:32:01 - [MESSAGE][PASSED] - All options with value '665' are selected in object 'Object Repository/Register_Page/ADDRESS_DISTRICT' 

2561-03-31 20:32:01 - [TEST_STEP][PASSED] - delay: Delayed 2 second(s)

2561-03-31 20:32:03 - [MESSAGE][PASSED] - Delayed 2 second(s)

2561-03-31 20:32:03 - [TEST_STEP][PASSED] - selectOptionByValue: All options with value '14726' are selected in object 'Object Repository/Register_Page/ADDRESS_SUBDISTRICT' 

2561-03-31 20:32:03 - [MESSAGE][PASSED] - All options with value '14726' are selected in object 'Object Repository/Register_Page/ADDRESS_SUBDISTRICT' 

2561-03-31 20:32:03 - [TEST_STEP][PASSED] - setText: Text '57130' is set on object 'Object Repository/Register_Page/input_ADDRESS_POSTCODE'

2561-03-31 20:32:03 - [MESSAGE][PASSED] - Text '57130' is set on object 'Object Repository/Register_Page/input_ADDRESS_POSTCODE'

2561-03-31 20:32:03 - [TEST_STEP][PASSED] - selectOptionByValue: All options with value 'กำลังทำงาน' are selected in object 'Object Repository/Register_Page/select__3'  using regular expression

2561-03-31 20:32:04 - [MESSAGE][PASSED] - All options with value 'กำลังทำงาน' are selected in object 'Object Repository/Register_Page/select__3'  using regular expression

2561-03-31 20:32:04 - [TEST_STEP][PASSED] - setText: Text '3 หมู่ที่ 10 ต.โป่งผา อ.แม่สาย จ.เชียงราย' is set on object 'Object Repository/Register_Page/input_ADDRESS_ALL'

2561-03-31 20:32:04 - [MESSAGE][PASSED] - Text '3 หมู่ที่ 10 ต.โป่งผา อ.แม่สาย จ.เชียงราย' is set on object 'Object Repository/Register_Page/input_ADDRESS_ALL'

2561-03-31 20:32:04 - [TEST_STEP][PASSED] - setText: Text '053646789' is set on object 'Object Repository/Register_Page/input_PHONE'

2561-03-31 20:32:04 - [MESSAGE][PASSED] - Text '053646789' is set on object 'Object Repository/Register_Page/input_PHONE'

2561-03-31 20:32:04 - [TEST_STEP][PASSED] - setText: Text '0827975510' is set on object 'Object Repository/Register_Page/input_CELL_PHONE'

2561-03-31 20:32:04 - [MESSAGE][PASSED] - Text '0827975510' is set on object 'Object Repository/Register_Page/input_CELL_PHONE'

2561-03-31 20:32:04 - [TEST_STEP][PASSED] - setText: Text '025445687' is set on object 'Object Repository/Register_Page/input_FAX'

2561-03-31 20:32:04 - [MESSAGE][PASSED] - Text '025445687' is set on object 'Object Repository/Register_Page/input_FAX'

2561-03-31 20:32:04 - [TEST_STEP][PASSED] - click: Object: 'Object Repository/Register_Page/input_submit (1)' is clicked on

2561-03-31 20:32:05 - [MESSAGE][PASSED] - Object: 'Object Repository/Register_Page/input_submit (1)' is clicked on

2561-03-31 20:32:05 - [TEST_STEP][PASSED] - closeBrowser: Browser is closed

2561-03-31 20:32:06 - [MESSAGE][PASSED] - Browser is closed]]></system-out>
         <system-err><![CDATA[]]></system-err>
      </testcase>
      <testcase name="Test Cases/Register volunteer/Register20" classname="Test Cases/Register volunteer/Register20" status="PASSED">
         <system-out><![CDATA[2561-03-31 20:32:06 - [TEST_CASE][PASSED] - Test Cases/Register volunteer/Register20: Test Cases/Register volunteer/Register20

2561-03-31 20:32:06 - [TEST_STEP][PASSED] - openBrowser: Browser is opened with url: ''

2561-03-31 20:32:09 - [MESSAGE][PASSED] - Browser is opened with url: ''

2561-03-31 20:32:09 - [TEST_STEP][PASSED] - navigateToUrl: Navigate to 'http://vivblind.play2pay.me/' successfully

2561-03-31 20:32:12 - [MESSAGE][PASSED] - Navigate to 'http://vivblind.play2pay.me/' successfully

2561-03-31 20:32:12 - [TEST_STEP][PASSED] - click: Object: 'Object Repository/Register_Page/a_' is clicked on

2561-03-31 20:32:12 - [MESSAGE][PASSED] - Object: 'Object Repository/Register_Page/a_' is clicked on

2561-03-31 20:32:12 - [TEST_STEP][PASSED] - setText: Text 'suphisit1@gmail.com' is set on object 'Object Repository/Register_Page/input_EMAIL (1)'

2561-03-31 20:32:13 - [MESSAGE][PASSED] - Text 'suphisit1@gmail.com' is set on object 'Object Repository/Register_Page/input_EMAIL (1)'

2561-03-31 20:32:13 - [TEST_STEP][PASSED] - setText: Text '0857098359' is set on object 'Object Repository/Register_Page/input_PASSWORD'

2561-03-31 20:32:13 - [MESSAGE][PASSED] - Text '0857098359' is set on object 'Object Repository/Register_Page/input_PASSWORD'

2561-03-31 20:32:13 - [TEST_STEP][PASSED] - setText: Text '0857098359' is set on object 'Object Repository/Register_Page/input_password_confirmation'

2561-03-31 20:32:13 - [MESSAGE][PASSED] - Text '0857098359' is set on object 'Object Repository/Register_Page/input_password_confirmation'

2561-03-31 20:32:13 - [TEST_STEP][PASSED] - uploadFile: File 'C:\Users\Administrator\Desktop\Test.jpg' sent to object: 'Object Repository/Register_Page/Upload File'

2561-03-31 20:32:13 - [MESSAGE][PASSED] - File 'C:\Users\Administrator\Desktop\Test.jpg' sent to object: 'Object Repository/Register_Page/Upload File'

2561-03-31 20:32:13 - [TEST_STEP][PASSED] - setText: Text 'ศุภิสิทธิ์ ' is set on object 'Object Repository/Register_Page/input_FIRST_NAME_TH'

2561-03-31 20:32:13 - [MESSAGE][PASSED] - Text 'ศุภิสิทธิ์ ' is set on object 'Object Repository/Register_Page/input_FIRST_NAME_TH'

2561-03-31 20:32:13 - [TEST_STEP][PASSED] - setText: Text 'ไข่กา' is set on object 'Object Repository/Register_Page/input_LAST_NAME_TH'

2561-03-31 20:32:13 - [MESSAGE][PASSED] - Text 'ไข่กา' is set on object 'Object Repository/Register_Page/input_LAST_NAME_TH'

2561-03-31 20:32:13 - [TEST_STEP][PASSED] - setText: Text 'Suphisit' is set on object 'Object Repository/Register_Page/input_FIRST_NAME_EN'

2561-03-31 20:32:14 - [MESSAGE][PASSED] - Text 'Suphisit' is set on object 'Object Repository/Register_Page/input_FIRST_NAME_EN'

2561-03-31 20:32:14 - [TEST_STEP][PASSED] - setText: Text 'Khaika' is set on object 'Object Repository/Register_Page/input_LAST_NAME_EN'

2561-03-31 20:32:14 - [MESSAGE][PASSED] - Text 'Khaika' is set on object 'Object Repository/Register_Page/input_LAST_NAME_EN'

2561-03-31 20:32:14 - [TEST_STEP][PASSED] - setText: Text '13/10/1994' is set on object 'Object Repository/Register_Page/input_BIRTH_DATE'

2561-03-31 20:32:14 - [MESSAGE][PASSED] - Text '13/10/1994' is set on object 'Object Repository/Register_Page/input_BIRTH_DATE'

2561-03-31 20:32:14 - [TEST_STEP][PASSED] - selectOptionByValue: All options with value 'อื่นๆ' are selected in object 'Object Repository/Register_Page/select_'  using regular expression

2561-03-31 20:32:14 - [MESSAGE][PASSED] - All options with value 'อื่นๆ' are selected in object 'Object Repository/Register_Page/select_'  using regular expression

2561-03-31 20:32:14 - [TEST_STEP][PASSED] - selectOptionByValue: All options with value 'อื่นๆ' are selected in object 'Object Repository/Register_Page/select__2'  using regular expression

2561-03-31 20:32:14 - [MESSAGE][PASSED] - All options with value 'อื่นๆ' are selected in object 'Object Repository/Register_Page/select__2'  using regular expression

2561-03-31 20:32:14 - [TEST_STEP][PASSED] - setText: Text '3' is set on object 'Object Repository/Register_Page/input_ADDRESS_NO'

2561-03-31 20:32:14 - [MESSAGE][PASSED] - Text '3' is set on object 'Object Repository/Register_Page/input_ADDRESS_NO'

2561-03-31 20:32:14 - [TEST_STEP][PASSED] - setText: Text '10' is set on object 'Object Repository/Register_Page/input_ADDRESS_MOO'

2561-03-31 20:32:15 - [MESSAGE][PASSED] - Text '10' is set on object 'Object Repository/Register_Page/input_ADDRESS_MOO'

2561-03-31 20:32:15 - [TEST_STEP][PASSED] - setText: Text 'พหลโยธิน' is set on object 'Object Repository/Register_Page/input_ADDRESS_ROAD'

2561-03-31 20:32:15 - [MESSAGE][PASSED] - Text 'พหลโยธิน' is set on object 'Object Repository/Register_Page/input_ADDRESS_ROAD'

2561-03-31 20:32:15 - [TEST_STEP][PASSED] - delay: Delayed 2 second(s)

2561-03-31 20:32:17 - [MESSAGE][PASSED] - Delayed 2 second(s)

2561-03-31 20:32:17 - [TEST_STEP][PASSED] - selectOptionByValue: All options with value '45' are selected in object 'Object Repository/Register_Page/ADDRESS_PROVINCE' 

2561-03-31 20:32:17 - [MESSAGE][PASSED] - All options with value '45' are selected in object 'Object Repository/Register_Page/ADDRESS_PROVINCE' 

2561-03-31 20:32:17 - [TEST_STEP][PASSED] - delay: Delayed 2 second(s)

2561-03-31 20:32:19 - [MESSAGE][PASSED] - Delayed 2 second(s)

2561-03-31 20:32:19 - [TEST_STEP][PASSED] - selectOptionByValue: All options with value '665' are selected in object 'Object Repository/Register_Page/ADDRESS_DISTRICT' 

2561-03-31 20:32:19 - [MESSAGE][PASSED] - All options with value '665' are selected in object 'Object Repository/Register_Page/ADDRESS_DISTRICT' 

2561-03-31 20:32:19 - [TEST_STEP][PASSED] - delay: Delayed 2 second(s)

2561-03-31 20:32:21 - [MESSAGE][PASSED] - Delayed 2 second(s)

2561-03-31 20:32:21 - [TEST_STEP][PASSED] - selectOptionByValue: All options with value '14726' are selected in object 'Object Repository/Register_Page/ADDRESS_SUBDISTRICT' 

2561-03-31 20:32:21 - [MESSAGE][PASSED] - All options with value '14726' are selected in object 'Object Repository/Register_Page/ADDRESS_SUBDISTRICT' 

2561-03-31 20:32:21 - [TEST_STEP][PASSED] - setText: Text '57130' is set on object 'Object Repository/Register_Page/input_ADDRESS_POSTCODE'

2561-03-31 20:32:21 - [MESSAGE][PASSED] - Text '57130' is set on object 'Object Repository/Register_Page/input_ADDRESS_POSTCODE'

2561-03-31 20:32:21 - [TEST_STEP][PASSED] - selectOptionByValue: All options with value 'กำลังทำงาน' are selected in object 'Object Repository/Register_Page/select__3'  using regular expression

2561-03-31 20:32:21 - [MESSAGE][PASSED] - All options with value 'กำลังทำงาน' are selected in object 'Object Repository/Register_Page/select__3'  using regular expression

2561-03-31 20:32:21 - [TEST_STEP][PASSED] - setText: Text '3 หมู่ที่ 10 ต.โป่งผา อ.แม่สาย จ.เชียงราย' is set on object 'Object Repository/Register_Page/input_ADDRESS_ALL'

2561-03-31 20:32:22 - [MESSAGE][PASSED] - Text '3 หมู่ที่ 10 ต.โป่งผา อ.แม่สาย จ.เชียงราย' is set on object 'Object Repository/Register_Page/input_ADDRESS_ALL'

2561-03-31 20:32:22 - [TEST_STEP][PASSED] - setText: Text '053646789' is set on object 'Object Repository/Register_Page/input_PHONE'

2561-03-31 20:32:22 - [MESSAGE][PASSED] - Text '053646789' is set on object 'Object Repository/Register_Page/input_PHONE'

2561-03-31 20:32:22 - [TEST_STEP][PASSED] - setText: Text '0827975510' is set on object 'Object Repository/Register_Page/input_CELL_PHONE'

2561-03-31 20:32:22 - [MESSAGE][PASSED] - Text '0827975510' is set on object 'Object Repository/Register_Page/input_CELL_PHONE'

2561-03-31 20:32:22 - [TEST_STEP][PASSED] - setText: Text '025445687' is set on object 'Object Repository/Register_Page/input_FAX'

2561-03-31 20:32:22 - [MESSAGE][PASSED] - Text '025445687' is set on object 'Object Repository/Register_Page/input_FAX'

2561-03-31 20:32:22 - [TEST_STEP][PASSED] - click: Object: 'Object Repository/Register_Page/input_submit (1)' is clicked on

2561-03-31 20:32:23 - [MESSAGE][PASSED] - Object: 'Object Repository/Register_Page/input_submit (1)' is clicked on

2561-03-31 20:32:23 - [TEST_STEP][PASSED] - verifyTextPresent: Text 'กรุณาเลือกระดับการศึกษา' is present on page 

2561-03-31 20:32:23 - [MESSAGE][PASSED] - Text 'กรุณาเลือกระดับการศึกษา' is present on page 

2561-03-31 20:32:23 - [TEST_STEP][PASSED] - closeBrowser: Browser is closed

2561-03-31 20:32:24 - [MESSAGE][PASSED] - Browser is closed]]></system-out>
         <system-err><![CDATA[]]></system-err>
      </testcase>
      <testcase name="Test Cases/Register volunteer/Register21" classname="Test Cases/Register volunteer/Register21" status="PASSED">
         <system-out><![CDATA[2561-03-31 20:32:24 - [TEST_CASE][PASSED] - Test Cases/Register volunteer/Register21: Test Cases/Register volunteer/Register21

2561-03-31 20:32:24 - [TEST_STEP][PASSED] - openBrowser: Browser is opened with url: ''

2561-03-31 20:32:26 - [MESSAGE][PASSED] - Browser is opened with url: ''

2561-03-31 20:32:26 - [TEST_STEP][PASSED] - navigateToUrl: Navigate to 'http://vivblind.play2pay.me/' successfully

2561-03-31 20:32:31 - [MESSAGE][PASSED] - Navigate to 'http://vivblind.play2pay.me/' successfully

2561-03-31 20:32:31 - [TEST_STEP][PASSED] - click: Object: 'Object Repository/Register_Page/a_' is clicked on

2561-03-31 20:32:32 - [MESSAGE][PASSED] - Object: 'Object Repository/Register_Page/a_' is clicked on

2561-03-31 20:32:32 - [TEST_STEP][PASSED] - setText: Text 'suphisit1@gmail.com' is set on object 'Object Repository/Register_Page/input_EMAIL (1)'

2561-03-31 20:32:32 - [MESSAGE][PASSED] - Text 'suphisit1@gmail.com' is set on object 'Object Repository/Register_Page/input_EMAIL (1)'

2561-03-31 20:32:32 - [TEST_STEP][PASSED] - setText: Text '0857098359' is set on object 'Object Repository/Register_Page/input_PASSWORD'

2561-03-31 20:32:32 - [MESSAGE][PASSED] - Text '0857098359' is set on object 'Object Repository/Register_Page/input_PASSWORD'

2561-03-31 20:32:32 - [TEST_STEP][PASSED] - setText: Text '0857098359' is set on object 'Object Repository/Register_Page/input_password_confirmation'

2561-03-31 20:32:32 - [MESSAGE][PASSED] - Text '0857098359' is set on object 'Object Repository/Register_Page/input_password_confirmation'

2561-03-31 20:32:32 - [TEST_STEP][PASSED] - uploadFile: File 'C:\Users\Administrator\Desktop\Test.jpg' sent to object: 'Object Repository/Register_Page/Upload File'

2561-03-31 20:32:32 - [MESSAGE][PASSED] - File 'C:\Users\Administrator\Desktop\Test.jpg' sent to object: 'Object Repository/Register_Page/Upload File'

2561-03-31 20:32:32 - [TEST_STEP][PASSED] - setText: Text 'ศุภิสิทธิ์ ' is set on object 'Object Repository/Register_Page/input_FIRST_NAME_TH'

2561-03-31 20:32:33 - [MESSAGE][PASSED] - Text 'ศุภิสิทธิ์ ' is set on object 'Object Repository/Register_Page/input_FIRST_NAME_TH'

2561-03-31 20:32:33 - [TEST_STEP][PASSED] - setText: Text 'ไข่กา' is set on object 'Object Repository/Register_Page/input_LAST_NAME_TH'

2561-03-31 20:32:33 - [MESSAGE][PASSED] - Text 'ไข่กา' is set on object 'Object Repository/Register_Page/input_LAST_NAME_TH'

2561-03-31 20:32:33 - [TEST_STEP][PASSED] - setText: Text 'Suphisit' is set on object 'Object Repository/Register_Page/input_FIRST_NAME_EN'

2561-03-31 20:32:33 - [MESSAGE][PASSED] - Text 'Suphisit' is set on object 'Object Repository/Register_Page/input_FIRST_NAME_EN'

2561-03-31 20:32:33 - [TEST_STEP][PASSED] - setText: Text 'Khaika' is set on object 'Object Repository/Register_Page/input_LAST_NAME_EN'

2561-03-31 20:32:33 - [MESSAGE][PASSED] - Text 'Khaika' is set on object 'Object Repository/Register_Page/input_LAST_NAME_EN'

2561-03-31 20:32:33 - [TEST_STEP][PASSED] - setText: Text '13/10/1994' is set on object 'Object Repository/Register_Page/input_BIRTH_DATE'

2561-03-31 20:32:33 - [MESSAGE][PASSED] - Text '13/10/1994' is set on object 'Object Repository/Register_Page/input_BIRTH_DATE'

2561-03-31 20:32:33 - [TEST_STEP][PASSED] - selectOptionByValue: All options with value 'อื่นๆ' are selected in object 'Object Repository/Register_Page/select_'  using regular expression

2561-03-31 20:32:33 - [MESSAGE][PASSED] - All options with value 'อื่นๆ' are selected in object 'Object Repository/Register_Page/select_'  using regular expression

2561-03-31 20:32:33 - [TEST_STEP][PASSED] - selectOptionByValue: All options with value 'ต่ำกว่าปริญญาตรี' are selected in object 'Object Repository/Register_Page/select__1'  using regular expression

2561-03-31 20:32:34 - [MESSAGE][PASSED] - All options with value 'ต่ำกว่าปริญญาตรี' are selected in object 'Object Repository/Register_Page/select__1'  using regular expression

2561-03-31 20:32:34 - [TEST_STEP][PASSED] - selectOptionByValue: All options with value 'อื่นๆ' are selected in object 'Object Repository/Register_Page/select__2'  using regular expression

2561-03-31 20:32:34 - [MESSAGE][PASSED] - All options with value 'อื่นๆ' are selected in object 'Object Repository/Register_Page/select__2'  using regular expression

2561-03-31 20:32:34 - [TEST_STEP][PASSED] - setText: Text '3' is set on object 'Object Repository/Register_Page/input_ADDRESS_NO'

2561-03-31 20:32:34 - [MESSAGE][PASSED] - Text '3' is set on object 'Object Repository/Register_Page/input_ADDRESS_NO'

2561-03-31 20:32:34 - [TEST_STEP][PASSED] - setText: Text '10' is set on object 'Object Repository/Register_Page/input_ADDRESS_MOO'

2561-03-31 20:32:34 - [MESSAGE][PASSED] - Text '10' is set on object 'Object Repository/Register_Page/input_ADDRESS_MOO'

2561-03-31 20:32:34 - [TEST_STEP][PASSED] - setText: Text 'พหลโยธิน' is set on object 'Object Repository/Register_Page/input_ADDRESS_ROAD'

2561-03-31 20:32:34 - [MESSAGE][PASSED] - Text 'พหลโยธิน' is set on object 'Object Repository/Register_Page/input_ADDRESS_ROAD'

2561-03-31 20:32:34 - [TEST_STEP][PASSED] - delay: Delayed 2 second(s)

2561-03-31 20:32:36 - [MESSAGE][PASSED] - Delayed 2 second(s)

2561-03-31 20:32:36 - [TEST_STEP][PASSED] - selectOptionByValue: All options with value '45' are selected in object 'Object Repository/Register_Page/ADDRESS_PROVINCE' 

2561-03-31 20:32:36 - [MESSAGE][PASSED] - All options with value '45' are selected in object 'Object Repository/Register_Page/ADDRESS_PROVINCE' 

2561-03-31 20:32:36 - [TEST_STEP][PASSED] - delay: Delayed 2 second(s)

2561-03-31 20:32:38 - [MESSAGE][PASSED] - Delayed 2 second(s)

2561-03-31 20:32:38 - [TEST_STEP][PASSED] - selectOptionByValue: All options with value '665' are selected in object 'Object Repository/Register_Page/ADDRESS_DISTRICT' 

2561-03-31 20:32:38 - [MESSAGE][PASSED] - All options with value '665' are selected in object 'Object Repository/Register_Page/ADDRESS_DISTRICT' 

2561-03-31 20:32:38 - [TEST_STEP][PASSED] - delay: Delayed 2 second(s)

2561-03-31 20:32:40 - [MESSAGE][PASSED] - Delayed 2 second(s)

2561-03-31 20:32:40 - [TEST_STEP][PASSED] - selectOptionByValue: All options with value '14726' are selected in object 'Object Repository/Register_Page/ADDRESS_SUBDISTRICT' 

2561-03-31 20:32:41 - [MESSAGE][PASSED] - All options with value '14726' are selected in object 'Object Repository/Register_Page/ADDRESS_SUBDISTRICT' 

2561-03-31 20:32:41 - [TEST_STEP][PASSED] - setText: Text '57130' is set on object 'Object Repository/Register_Page/input_ADDRESS_POSTCODE'

2561-03-31 20:32:41 - [MESSAGE][PASSED] - Text '57130' is set on object 'Object Repository/Register_Page/input_ADDRESS_POSTCODE'

2561-03-31 20:32:41 - [TEST_STEP][PASSED] - selectOptionByValue: All options with value 'กำลังทำงาน' are selected in object 'Object Repository/Register_Page/select__3'  using regular expression

2561-03-31 20:32:41 - [MESSAGE][PASSED] - All options with value 'กำลังทำงาน' are selected in object 'Object Repository/Register_Page/select__3'  using regular expression

2561-03-31 20:32:41 - [TEST_STEP][PASSED] - setText: Text '3 หมู่ที่ 10 ต.โป่งผา อ.แม่สาย จ.เชียงราย' is set on object 'Object Repository/Register_Page/input_ADDRESS_ALL'

2561-03-31 20:32:41 - [MESSAGE][PASSED] - Text '3 หมู่ที่ 10 ต.โป่งผา อ.แม่สาย จ.เชียงราย' is set on object 'Object Repository/Register_Page/input_ADDRESS_ALL'

2561-03-31 20:32:41 - [TEST_STEP][PASSED] - setText: Text '053646789' is set on object 'Object Repository/Register_Page/input_PHONE'

2561-03-31 20:32:41 - [MESSAGE][PASSED] - Text '053646789' is set on object 'Object Repository/Register_Page/input_PHONE'

2561-03-31 20:32:41 - [TEST_STEP][PASSED] - setText: Text '0827975510' is set on object 'Object Repository/Register_Page/input_CELL_PHONE'

2561-03-31 20:32:42 - [MESSAGE][PASSED] - Text '0827975510' is set on object 'Object Repository/Register_Page/input_CELL_PHONE'

2561-03-31 20:32:42 - [TEST_STEP][PASSED] - setText: Text '025445687' is set on object 'Object Repository/Register_Page/input_FAX'

2561-03-31 20:32:42 - [MESSAGE][PASSED] - Text '025445687' is set on object 'Object Repository/Register_Page/input_FAX'

2561-03-31 20:32:42 - [TEST_STEP][PASSED] - click: Object: 'Object Repository/Register_Page/input_submit (1)' is clicked on

2561-03-31 20:32:42 - [MESSAGE][PASSED] - Object: 'Object Repository/Register_Page/input_submit (1)' is clicked on

2561-03-31 20:32:42 - [TEST_STEP][PASSED] - closeBrowser: Browser is closed

2561-03-31 20:32:43 - [MESSAGE][PASSED] - Browser is closed]]></system-out>
         <system-err><![CDATA[]]></system-err>
      </testcase>
      <testcase name="Test Cases/Register volunteer/Register22" classname="Test Cases/Register volunteer/Register22" status="PASSED">
         <system-out><![CDATA[2561-03-31 20:32:43 - [TEST_CASE][PASSED] - Test Cases/Register volunteer/Register22: Test Cases/Register volunteer/Register22

2561-03-31 20:32:43 - [TEST_STEP][PASSED] - openBrowser: Browser is opened with url: ''

2561-03-31 20:32:46 - [MESSAGE][PASSED] - Browser is opened with url: ''

2561-03-31 20:32:46 - [TEST_STEP][PASSED] - navigateToUrl: Navigate to 'http://vivblind.play2pay.me/' successfully

2561-03-31 20:32:50 - [MESSAGE][PASSED] - Navigate to 'http://vivblind.play2pay.me/' successfully

2561-03-31 20:32:50 - [TEST_STEP][PASSED] - click: Object: 'Object Repository/Register_Page/a_' is clicked on

2561-03-31 20:32:50 - [MESSAGE][PASSED] - Object: 'Object Repository/Register_Page/a_' is clicked on

2561-03-31 20:32:50 - [TEST_STEP][PASSED] - setText: Text 'suphisit1@gmail.com' is set on object 'Object Repository/Register_Page/input_EMAIL (1)'

2561-03-31 20:32:50 - [MESSAGE][PASSED] - Text 'suphisit1@gmail.com' is set on object 'Object Repository/Register_Page/input_EMAIL (1)'

2561-03-31 20:32:50 - [TEST_STEP][PASSED] - setText: Text '0857098359' is set on object 'Object Repository/Register_Page/input_PASSWORD'

2561-03-31 20:32:50 - [MESSAGE][PASSED] - Text '0857098359' is set on object 'Object Repository/Register_Page/input_PASSWORD'

2561-03-31 20:32:50 - [TEST_STEP][PASSED] - setText: Text '0857098359' is set on object 'Object Repository/Register_Page/input_password_confirmation'

2561-03-31 20:32:51 - [MESSAGE][PASSED] - Text '0857098359' is set on object 'Object Repository/Register_Page/input_password_confirmation'

2561-03-31 20:32:51 - [TEST_STEP][PASSED] - uploadFile: File 'C:\Users\Administrator\Desktop\Test.jpg' sent to object: 'Object Repository/Register_Page/Upload File'

2561-03-31 20:32:51 - [MESSAGE][PASSED] - File 'C:\Users\Administrator\Desktop\Test.jpg' sent to object: 'Object Repository/Register_Page/Upload File'

2561-03-31 20:32:51 - [TEST_STEP][PASSED] - setText: Text 'ศุภิสิทธิ์ ' is set on object 'Object Repository/Register_Page/input_FIRST_NAME_TH'

2561-03-31 20:32:51 - [MESSAGE][PASSED] - Text 'ศุภิสิทธิ์ ' is set on object 'Object Repository/Register_Page/input_FIRST_NAME_TH'

2561-03-31 20:32:51 - [TEST_STEP][PASSED] - setText: Text 'ไข่กา' is set on object 'Object Repository/Register_Page/input_LAST_NAME_TH'

2561-03-31 20:32:51 - [MESSAGE][PASSED] - Text 'ไข่กา' is set on object 'Object Repository/Register_Page/input_LAST_NAME_TH'

2561-03-31 20:32:51 - [TEST_STEP][PASSED] - setText: Text 'Suphisit' is set on object 'Object Repository/Register_Page/input_FIRST_NAME_EN'

2561-03-31 20:32:51 - [MESSAGE][PASSED] - Text 'Suphisit' is set on object 'Object Repository/Register_Page/input_FIRST_NAME_EN'

2561-03-31 20:32:51 - [TEST_STEP][PASSED] - setText: Text 'Khaika' is set on object 'Object Repository/Register_Page/input_LAST_NAME_EN'

2561-03-31 20:32:51 - [MESSAGE][PASSED] - Text 'Khaika' is set on object 'Object Repository/Register_Page/input_LAST_NAME_EN'

2561-03-31 20:32:51 - [TEST_STEP][PASSED] - setText: Text '13/10/1994' is set on object 'Object Repository/Register_Page/input_BIRTH_DATE'

2561-03-31 20:32:51 - [MESSAGE][PASSED] - Text '13/10/1994' is set on object 'Object Repository/Register_Page/input_BIRTH_DATE'

2561-03-31 20:32:51 - [TEST_STEP][PASSED] - selectOptionByValue: All options with value 'อื่นๆ' are selected in object 'Object Repository/Register_Page/select_'  using regular expression

2561-03-31 20:32:52 - [MESSAGE][PASSED] - All options with value 'อื่นๆ' are selected in object 'Object Repository/Register_Page/select_'  using regular expression

2561-03-31 20:32:52 - [TEST_STEP][PASSED] - selectOptionByValue: All options with value 'ปริญญาตรี' are selected in object 'Object Repository/Register_Page/select__1'  using regular expression

2561-03-31 20:32:52 - [MESSAGE][PASSED] - All options with value 'ปริญญาตรี' are selected in object 'Object Repository/Register_Page/select__1'  using regular expression

2561-03-31 20:32:52 - [TEST_STEP][PASSED] - selectOptionByValue: All options with value 'อื่นๆ' are selected in object 'Object Repository/Register_Page/select__2'  using regular expression

2561-03-31 20:32:52 - [MESSAGE][PASSED] - All options with value 'อื่นๆ' are selected in object 'Object Repository/Register_Page/select__2'  using regular expression

2561-03-31 20:32:52 - [TEST_STEP][PASSED] - setText: Text '3' is set on object 'Object Repository/Register_Page/input_ADDRESS_NO'

2561-03-31 20:32:52 - [MESSAGE][PASSED] - Text '3' is set on object 'Object Repository/Register_Page/input_ADDRESS_NO'

2561-03-31 20:32:52 - [TEST_STEP][PASSED] - setText: Text '10' is set on object 'Object Repository/Register_Page/input_ADDRESS_MOO'

2561-03-31 20:32:52 - [MESSAGE][PASSED] - Text '10' is set on object 'Object Repository/Register_Page/input_ADDRESS_MOO'

2561-03-31 20:32:52 - [TEST_STEP][PASSED] - setText: Text 'พหลโยธิน' is set on object 'Object Repository/Register_Page/input_ADDRESS_ROAD'

2561-03-31 20:32:52 - [MESSAGE][PASSED] - Text 'พหลโยธิน' is set on object 'Object Repository/Register_Page/input_ADDRESS_ROAD'

2561-03-31 20:32:52 - [TEST_STEP][PASSED] - delay: Delayed 2 second(s)

2561-03-31 20:32:54 - [MESSAGE][PASSED] - Delayed 2 second(s)

2561-03-31 20:32:54 - [TEST_STEP][PASSED] - selectOptionByValue: All options with value '45' are selected in object 'Object Repository/Register_Page/ADDRESS_PROVINCE' 

2561-03-31 20:32:55 - [MESSAGE][PASSED] - All options with value '45' are selected in object 'Object Repository/Register_Page/ADDRESS_PROVINCE' 

2561-03-31 20:32:55 - [TEST_STEP][PASSED] - delay: Delayed 2 second(s)

2561-03-31 20:32:57 - [MESSAGE][PASSED] - Delayed 2 second(s)

2561-03-31 20:32:57 - [TEST_STEP][PASSED] - selectOptionByValue: All options with value '665' are selected in object 'Object Repository/Register_Page/ADDRESS_DISTRICT' 

2561-03-31 20:32:57 - [MESSAGE][PASSED] - All options with value '665' are selected in object 'Object Repository/Register_Page/ADDRESS_DISTRICT' 

2561-03-31 20:32:57 - [TEST_STEP][PASSED] - delay: Delayed 2 second(s)

2561-03-31 20:32:59 - [MESSAGE][PASSED] - Delayed 2 second(s)

2561-03-31 20:32:59 - [TEST_STEP][PASSED] - selectOptionByValue: All options with value '14726' are selected in object 'Object Repository/Register_Page/ADDRESS_SUBDISTRICT' 

2561-03-31 20:32:59 - [MESSAGE][PASSED] - All options with value '14726' are selected in object 'Object Repository/Register_Page/ADDRESS_SUBDISTRICT' 

2561-03-31 20:32:59 - [TEST_STEP][PASSED] - setText: Text '57130' is set on object 'Object Repository/Register_Page/input_ADDRESS_POSTCODE'

2561-03-31 20:32:59 - [MESSAGE][PASSED] - Text '57130' is set on object 'Object Repository/Register_Page/input_ADDRESS_POSTCODE'

2561-03-31 20:32:59 - [TEST_STEP][PASSED] - selectOptionByValue: All options with value 'กำลังทำงาน' are selected in object 'Object Repository/Register_Page/select__3'  using regular expression

2561-03-31 20:32:59 - [MESSAGE][PASSED] - All options with value 'กำลังทำงาน' are selected in object 'Object Repository/Register_Page/select__3'  using regular expression

2561-03-31 20:32:59 - [TEST_STEP][PASSED] - setText: Text '3 หมู่ที่ 10 ต.โป่งผา อ.แม่สาย จ.เชียงราย' is set on object 'Object Repository/Register_Page/input_ADDRESS_ALL'

2561-03-31 20:32:59 - [MESSAGE][PASSED] - Text '3 หมู่ที่ 10 ต.โป่งผา อ.แม่สาย จ.เชียงราย' is set on object 'Object Repository/Register_Page/input_ADDRESS_ALL'

2561-03-31 20:32:59 - [TEST_STEP][PASSED] - setText: Text '053646789' is set on object 'Object Repository/Register_Page/input_PHONE'

2561-03-31 20:33:00 - [MESSAGE][PASSED] - Text '053646789' is set on object 'Object Repository/Register_Page/input_PHONE'

2561-03-31 20:33:00 - [TEST_STEP][PASSED] - setText: Text '0827975510' is set on object 'Object Repository/Register_Page/input_CELL_PHONE'

2561-03-31 20:33:00 - [MESSAGE][PASSED] - Text '0827975510' is set on object 'Object Repository/Register_Page/input_CELL_PHONE'

2561-03-31 20:33:00 - [TEST_STEP][PASSED] - setText: Text '025445687' is set on object 'Object Repository/Register_Page/input_FAX'

2561-03-31 20:33:00 - [MESSAGE][PASSED] - Text '025445687' is set on object 'Object Repository/Register_Page/input_FAX'

2561-03-31 20:33:00 - [TEST_STEP][PASSED] - click: Object: 'Object Repository/Register_Page/input_submit (1)' is clicked on

2561-03-31 20:33:01 - [MESSAGE][PASSED] - Object: 'Object Repository/Register_Page/input_submit (1)' is clicked on

2561-03-31 20:33:01 - [TEST_STEP][PASSED] - closeBrowser: Browser is closed

2561-03-31 20:33:01 - [MESSAGE][PASSED] - Browser is closed]]></system-out>
         <system-err><![CDATA[]]></system-err>
      </testcase>
      <testcase name="Test Cases/Register volunteer/Register23" classname="Test Cases/Register volunteer/Register23" status="PASSED">
         <system-out><![CDATA[2561-03-31 20:33:01 - [TEST_CASE][PASSED] - Test Cases/Register volunteer/Register23: Test Cases/Register volunteer/Register23

2561-03-31 20:33:02 - [TEST_STEP][PASSED] - openBrowser: Browser is opened with url: ''

2561-03-31 20:33:04 - [MESSAGE][PASSED] - Browser is opened with url: ''

2561-03-31 20:33:04 - [TEST_STEP][PASSED] - navigateToUrl: Navigate to 'http://vivblind.play2pay.me/' successfully

2561-03-31 20:33:08 - [MESSAGE][PASSED] - Navigate to 'http://vivblind.play2pay.me/' successfully

2561-03-31 20:33:08 - [TEST_STEP][PASSED] - click: Object: 'Object Repository/Register_Page/a_' is clicked on

2561-03-31 20:33:09 - [MESSAGE][PASSED] - Object: 'Object Repository/Register_Page/a_' is clicked on

2561-03-31 20:33:09 - [TEST_STEP][PASSED] - setText: Text 'suphisit1@gmail.com' is set on object 'Object Repository/Register_Page/input_EMAIL (1)'

2561-03-31 20:33:09 - [MESSAGE][PASSED] - Text 'suphisit1@gmail.com' is set on object 'Object Repository/Register_Page/input_EMAIL (1)'

2561-03-31 20:33:09 - [TEST_STEP][PASSED] - setText: Text '0857098359' is set on object 'Object Repository/Register_Page/input_PASSWORD'

2561-03-31 20:33:09 - [MESSAGE][PASSED] - Text '0857098359' is set on object 'Object Repository/Register_Page/input_PASSWORD'

2561-03-31 20:33:09 - [TEST_STEP][PASSED] - setText: Text '0857098359' is set on object 'Object Repository/Register_Page/input_password_confirmation'

2561-03-31 20:33:09 - [MESSAGE][PASSED] - Text '0857098359' is set on object 'Object Repository/Register_Page/input_password_confirmation'

2561-03-31 20:33:09 - [TEST_STEP][PASSED] - uploadFile: File 'C:\Users\Administrator\Desktop\Test.jpg' sent to object: 'Object Repository/Register_Page/Upload File'

2561-03-31 20:33:09 - [MESSAGE][PASSED] - File 'C:\Users\Administrator\Desktop\Test.jpg' sent to object: 'Object Repository/Register_Page/Upload File'

2561-03-31 20:33:09 - [TEST_STEP][PASSED] - setText: Text 'ศุภิสิทธิ์ ' is set on object 'Object Repository/Register_Page/input_FIRST_NAME_TH'

2561-03-31 20:33:09 - [MESSAGE][PASSED] - Text 'ศุภิสิทธิ์ ' is set on object 'Object Repository/Register_Page/input_FIRST_NAME_TH'

2561-03-31 20:33:09 - [TEST_STEP][PASSED] - setText: Text 'ไข่กา' is set on object 'Object Repository/Register_Page/input_LAST_NAME_TH'

2561-03-31 20:33:10 - [MESSAGE][PASSED] - Text 'ไข่กา' is set on object 'Object Repository/Register_Page/input_LAST_NAME_TH'

2561-03-31 20:33:10 - [TEST_STEP][PASSED] - setText: Text 'Suphisit' is set on object 'Object Repository/Register_Page/input_FIRST_NAME_EN'

2561-03-31 20:33:10 - [MESSAGE][PASSED] - Text 'Suphisit' is set on object 'Object Repository/Register_Page/input_FIRST_NAME_EN'

2561-03-31 20:33:10 - [TEST_STEP][PASSED] - setText: Text 'Khaika' is set on object 'Object Repository/Register_Page/input_LAST_NAME_EN'

2561-03-31 20:33:10 - [MESSAGE][PASSED] - Text 'Khaika' is set on object 'Object Repository/Register_Page/input_LAST_NAME_EN'

2561-03-31 20:33:10 - [TEST_STEP][PASSED] - setText: Text '13/10/1994' is set on object 'Object Repository/Register_Page/input_BIRTH_DATE'

2561-03-31 20:33:10 - [MESSAGE][PASSED] - Text '13/10/1994' is set on object 'Object Repository/Register_Page/input_BIRTH_DATE'

2561-03-31 20:33:10 - [TEST_STEP][PASSED] - selectOptionByValue: All options with value 'อื่นๆ' are selected in object 'Object Repository/Register_Page/select_'  using regular expression

2561-03-31 20:33:10 - [MESSAGE][PASSED] - All options with value 'อื่นๆ' are selected in object 'Object Repository/Register_Page/select_'  using regular expression

2561-03-31 20:33:10 - [TEST_STEP][PASSED] - selectOptionByValue: All options with value 'สูงกว่าปริญญาตรี' are selected in object 'Object Repository/Register_Page/select__1'  using regular expression

2561-03-31 20:33:10 - [MESSAGE][PASSED] - All options with value 'สูงกว่าปริญญาตรี' are selected in object 'Object Repository/Register_Page/select__1'  using regular expression

2561-03-31 20:33:10 - [TEST_STEP][PASSED] - selectOptionByValue: All options with value 'อื่นๆ' are selected in object 'Object Repository/Register_Page/select__2'  using regular expression

2561-03-31 20:33:11 - [MESSAGE][PASSED] - All options with value 'อื่นๆ' are selected in object 'Object Repository/Register_Page/select__2'  using regular expression

2561-03-31 20:33:11 - [TEST_STEP][PASSED] - setText: Text '3' is set on object 'Object Repository/Register_Page/input_ADDRESS_NO'

2561-03-31 20:33:11 - [MESSAGE][PASSED] - Text '3' is set on object 'Object Repository/Register_Page/input_ADDRESS_NO'

2561-03-31 20:33:11 - [TEST_STEP][PASSED] - setText: Text '10' is set on object 'Object Repository/Register_Page/input_ADDRESS_MOO'

2561-03-31 20:33:11 - [MESSAGE][PASSED] - Text '10' is set on object 'Object Repository/Register_Page/input_ADDRESS_MOO'

2561-03-31 20:33:11 - [TEST_STEP][PASSED] - setText: Text 'พหลโยธิน' is set on object 'Object Repository/Register_Page/input_ADDRESS_ROAD'

2561-03-31 20:33:11 - [MESSAGE][PASSED] - Text 'พหลโยธิน' is set on object 'Object Repository/Register_Page/input_ADDRESS_ROAD'

2561-03-31 20:33:11 - [TEST_STEP][PASSED] - delay: Delayed 2 second(s)

2561-03-31 20:33:13 - [MESSAGE][PASSED] - Delayed 2 second(s)

2561-03-31 20:33:13 - [TEST_STEP][PASSED] - selectOptionByValue: All options with value '45' are selected in object 'Object Repository/Register_Page/ADDRESS_PROVINCE' 

2561-03-31 20:33:13 - [MESSAGE][PASSED] - All options with value '45' are selected in object 'Object Repository/Register_Page/ADDRESS_PROVINCE' 

2561-03-31 20:33:13 - [TEST_STEP][PASSED] - delay: Delayed 2 second(s)

2561-03-31 20:33:15 - [MESSAGE][PASSED] - Delayed 2 second(s)

2561-03-31 20:33:15 - [TEST_STEP][PASSED] - selectOptionByValue: All options with value '665' are selected in object 'Object Repository/Register_Page/ADDRESS_DISTRICT' 

2561-03-31 20:33:15 - [MESSAGE][PASSED] - All options with value '665' are selected in object 'Object Repository/Register_Page/ADDRESS_DISTRICT' 

2561-03-31 20:33:15 - [TEST_STEP][PASSED] - delay: Delayed 2 second(s)

2561-03-31 20:33:17 - [MESSAGE][PASSED] - Delayed 2 second(s)

2561-03-31 20:33:17 - [TEST_STEP][PASSED] - selectOptionByValue: All options with value '14726' are selected in object 'Object Repository/Register_Page/ADDRESS_SUBDISTRICT' 

2561-03-31 20:33:17 - [MESSAGE][PASSED] - All options with value '14726' are selected in object 'Object Repository/Register_Page/ADDRESS_SUBDISTRICT' 

2561-03-31 20:33:17 - [TEST_STEP][PASSED] - setText: Text '57130' is set on object 'Object Repository/Register_Page/input_ADDRESS_POSTCODE'

2561-03-31 20:33:18 - [MESSAGE][PASSED] - Text '57130' is set on object 'Object Repository/Register_Page/input_ADDRESS_POSTCODE'

2561-03-31 20:33:18 - [TEST_STEP][PASSED] - selectOptionByValue: All options with value 'กำลังทำงาน' are selected in object 'Object Repository/Register_Page/select__3'  using regular expression

2561-03-31 20:33:18 - [MESSAGE][PASSED] - All options with value 'กำลังทำงาน' are selected in object 'Object Repository/Register_Page/select__3'  using regular expression

2561-03-31 20:33:18 - [TEST_STEP][PASSED] - setText: Text '3 หมู่ที่ 10 ต.โป่งผา อ.แม่สาย จ.เชียงราย' is set on object 'Object Repository/Register_Page/input_ADDRESS_ALL'

2561-03-31 20:33:18 - [MESSAGE][PASSED] - Text '3 หมู่ที่ 10 ต.โป่งผา อ.แม่สาย จ.เชียงราย' is set on object 'Object Repository/Register_Page/input_ADDRESS_ALL'

2561-03-31 20:33:18 - [TEST_STEP][PASSED] - setText: Text '053646789' is set on object 'Object Repository/Register_Page/input_PHONE'

2561-03-31 20:33:18 - [MESSAGE][PASSED] - Text '053646789' is set on object 'Object Repository/Register_Page/input_PHONE'

2561-03-31 20:33:18 - [TEST_STEP][PASSED] - setText: Text '0827975510' is set on object 'Object Repository/Register_Page/input_CELL_PHONE'

2561-03-31 20:33:18 - [MESSAGE][PASSED] - Text '0827975510' is set on object 'Object Repository/Register_Page/input_CELL_PHONE'

2561-03-31 20:33:18 - [TEST_STEP][PASSED] - setText: Text '025445687' is set on object 'Object Repository/Register_Page/input_FAX'

2561-03-31 20:33:19 - [MESSAGE][PASSED] - Text '025445687' is set on object 'Object Repository/Register_Page/input_FAX'

2561-03-31 20:33:19 - [TEST_STEP][PASSED] - click: Object: 'Object Repository/Register_Page/input_submit (1)' is clicked on

2561-03-31 20:33:19 - [MESSAGE][PASSED] - Object: 'Object Repository/Register_Page/input_submit (1)' is clicked on

2561-03-31 20:33:19 - [TEST_STEP][PASSED] - closeBrowser: Browser is closed

2561-03-31 20:33:20 - [MESSAGE][PASSED] - Browser is closed]]></system-out>
         <system-err><![CDATA[]]></system-err>
      </testcase>
      <testcase name="Test Cases/Register volunteer/Register24" classname="Test Cases/Register volunteer/Register24" status="PASSED">
         <system-out><![CDATA[2561-03-31 20:33:20 - [TEST_CASE][PASSED] - Test Cases/Register volunteer/Register24: Test Cases/Register volunteer/Register24

2561-03-31 20:33:20 - [TEST_STEP][PASSED] - openBrowser: Browser is opened with url: ''

2561-03-31 20:33:22 - [MESSAGE][PASSED] - Browser is opened with url: ''

2561-03-31 20:33:22 - [TEST_STEP][PASSED] - navigateToUrl: Navigate to 'http://vivblind.play2pay.me/' successfully

2561-03-31 20:33:26 - [MESSAGE][PASSED] - Navigate to 'http://vivblind.play2pay.me/' successfully

2561-03-31 20:33:26 - [TEST_STEP][PASSED] - click: Object: 'Object Repository/Register_Page/a_' is clicked on

2561-03-31 20:33:26 - [MESSAGE][PASSED] - Object: 'Object Repository/Register_Page/a_' is clicked on

2561-03-31 20:33:26 - [TEST_STEP][PASSED] - setText: Text 'suphisit1@gmail.com' is set on object 'Object Repository/Register_Page/input_EMAIL (1)'

2561-03-31 20:33:26 - [MESSAGE][PASSED] - Text 'suphisit1@gmail.com' is set on object 'Object Repository/Register_Page/input_EMAIL (1)'

2561-03-31 20:33:26 - [TEST_STEP][PASSED] - setText: Text '0857098359' is set on object 'Object Repository/Register_Page/input_PASSWORD'

2561-03-31 20:33:27 - [MESSAGE][PASSED] - Text '0857098359' is set on object 'Object Repository/Register_Page/input_PASSWORD'

2561-03-31 20:33:27 - [TEST_STEP][PASSED] - setText: Text '0857098359' is set on object 'Object Repository/Register_Page/input_password_confirmation'

2561-03-31 20:33:27 - [MESSAGE][PASSED] - Text '0857098359' is set on object 'Object Repository/Register_Page/input_password_confirmation'

2561-03-31 20:33:27 - [TEST_STEP][PASSED] - uploadFile: File 'C:\Users\Administrator\Desktop\Test.jpg' sent to object: 'Object Repository/Register_Page/Upload File'

2561-03-31 20:33:27 - [MESSAGE][PASSED] - File 'C:\Users\Administrator\Desktop\Test.jpg' sent to object: 'Object Repository/Register_Page/Upload File'

2561-03-31 20:33:27 - [TEST_STEP][PASSED] - setText: Text 'ศุภิสิทธิ์ ' is set on object 'Object Repository/Register_Page/input_FIRST_NAME_TH'

2561-03-31 20:33:27 - [MESSAGE][PASSED] - Text 'ศุภิสิทธิ์ ' is set on object 'Object Repository/Register_Page/input_FIRST_NAME_TH'

2561-03-31 20:33:27 - [TEST_STEP][PASSED] - setText: Text 'ไข่กา' is set on object 'Object Repository/Register_Page/input_LAST_NAME_TH'

2561-03-31 20:33:27 - [MESSAGE][PASSED] - Text 'ไข่กา' is set on object 'Object Repository/Register_Page/input_LAST_NAME_TH'

2561-03-31 20:33:27 - [TEST_STEP][PASSED] - setText: Text 'Suphisit' is set on object 'Object Repository/Register_Page/input_FIRST_NAME_EN'

2561-03-31 20:33:27 - [MESSAGE][PASSED] - Text 'Suphisit' is set on object 'Object Repository/Register_Page/input_FIRST_NAME_EN'

2561-03-31 20:33:27 - [TEST_STEP][PASSED] - setText: Text 'Khaika' is set on object 'Object Repository/Register_Page/input_LAST_NAME_EN'

2561-03-31 20:33:27 - [MESSAGE][PASSED] - Text 'Khaika' is set on object 'Object Repository/Register_Page/input_LAST_NAME_EN'

2561-03-31 20:33:27 - [TEST_STEP][PASSED] - setText: Text '13/10/1994' is set on object 'Object Repository/Register_Page/input_BIRTH_DATE'

2561-03-31 20:33:28 - [MESSAGE][PASSED] - Text '13/10/1994' is set on object 'Object Repository/Register_Page/input_BIRTH_DATE'

2561-03-31 20:33:28 - [TEST_STEP][PASSED] - selectOptionByValue: All options with value 'อื่นๆ' are selected in object 'Object Repository/Register_Page/select_'  using regular expression

2561-03-31 20:33:28 - [MESSAGE][PASSED] - All options with value 'อื่นๆ' are selected in object 'Object Repository/Register_Page/select_'  using regular expression

2561-03-31 20:33:28 - [TEST_STEP][PASSED] - selectOptionByValue: All options with value 'สูงกว่าปริญญาตรี' are selected in object 'Object Repository/Register_Page/select__1'  using regular expression

2561-03-31 20:33:28 - [MESSAGE][PASSED] - All options with value 'สูงกว่าปริญญาตรี' are selected in object 'Object Repository/Register_Page/select__1'  using regular expression

2561-03-31 20:33:28 - [TEST_STEP][PASSED] - setText: Text '3' is set on object 'Object Repository/Register_Page/input_ADDRESS_NO'

2561-03-31 20:33:28 - [MESSAGE][PASSED] - Text '3' is set on object 'Object Repository/Register_Page/input_ADDRESS_NO'

2561-03-31 20:33:28 - [TEST_STEP][PASSED] - setText: Text '10' is set on object 'Object Repository/Register_Page/input_ADDRESS_MOO'

2561-03-31 20:33:28 - [MESSAGE][PASSED] - Text '10' is set on object 'Object Repository/Register_Page/input_ADDRESS_MOO'

2561-03-31 20:33:28 - [TEST_STEP][PASSED] - setText: Text 'พหลโยธิน' is set on object 'Object Repository/Register_Page/input_ADDRESS_ROAD'

2561-03-31 20:33:28 - [MESSAGE][PASSED] - Text 'พหลโยธิน' is set on object 'Object Repository/Register_Page/input_ADDRESS_ROAD'

2561-03-31 20:33:28 - [TEST_STEP][PASSED] - delay: Delayed 2 second(s)

2561-03-31 20:33:30 - [MESSAGE][PASSED] - Delayed 2 second(s)

2561-03-31 20:33:30 - [TEST_STEP][PASSED] - selectOptionByValue: All options with value '45' are selected in object 'Object Repository/Register_Page/ADDRESS_PROVINCE' 

2561-03-31 20:33:30 - [MESSAGE][PASSED] - All options with value '45' are selected in object 'Object Repository/Register_Page/ADDRESS_PROVINCE' 

2561-03-31 20:33:30 - [TEST_STEP][PASSED] - delay: Delayed 2 second(s)

2561-03-31 20:33:32 - [MESSAGE][PASSED] - Delayed 2 second(s)

2561-03-31 20:33:32 - [TEST_STEP][PASSED] - selectOptionByValue: All options with value '665' are selected in object 'Object Repository/Register_Page/ADDRESS_DISTRICT' 

2561-03-31 20:33:33 - [MESSAGE][PASSED] - All options with value '665' are selected in object 'Object Repository/Register_Page/ADDRESS_DISTRICT' 

2561-03-31 20:33:33 - [TEST_STEP][PASSED] - delay: Delayed 2 second(s)

2561-03-31 20:33:35 - [MESSAGE][PASSED] - Delayed 2 second(s)

2561-03-31 20:33:35 - [TEST_STEP][PASSED] - selectOptionByValue: All options with value '14726' are selected in object 'Object Repository/Register_Page/ADDRESS_SUBDISTRICT' 

2561-03-31 20:33:35 - [MESSAGE][PASSED] - All options with value '14726' are selected in object 'Object Repository/Register_Page/ADDRESS_SUBDISTRICT' 

2561-03-31 20:33:35 - [TEST_STEP][PASSED] - setText: Text '57130' is set on object 'Object Repository/Register_Page/input_ADDRESS_POSTCODE'

2561-03-31 20:33:35 - [MESSAGE][PASSED] - Text '57130' is set on object 'Object Repository/Register_Page/input_ADDRESS_POSTCODE'

2561-03-31 20:33:35 - [TEST_STEP][PASSED] - selectOptionByValue: All options with value 'กำลังทำงาน' are selected in object 'Object Repository/Register_Page/select__3'  using regular expression

2561-03-31 20:33:35 - [MESSAGE][PASSED] - All options with value 'กำลังทำงาน' are selected in object 'Object Repository/Register_Page/select__3'  using regular expression

2561-03-31 20:33:35 - [TEST_STEP][PASSED] - setText: Text '3 หมู่ที่ 10 ต.โป่งผา อ.แม่สาย จ.เชียงราย' is set on object 'Object Repository/Register_Page/input_ADDRESS_ALL'

2561-03-31 20:33:35 - [MESSAGE][PASSED] - Text '3 หมู่ที่ 10 ต.โป่งผา อ.แม่สาย จ.เชียงราย' is set on object 'Object Repository/Register_Page/input_ADDRESS_ALL'

2561-03-31 20:33:35 - [TEST_STEP][PASSED] - setText: Text '053646789' is set on object 'Object Repository/Register_Page/input_PHONE'

2561-03-31 20:33:36 - [MESSAGE][PASSED] - Text '053646789' is set on object 'Object Repository/Register_Page/input_PHONE'

2561-03-31 20:33:36 - [TEST_STEP][PASSED] - setText: Text '0827975510' is set on object 'Object Repository/Register_Page/input_CELL_PHONE'

2561-03-31 20:33:36 - [MESSAGE][PASSED] - Text '0827975510' is set on object 'Object Repository/Register_Page/input_CELL_PHONE'

2561-03-31 20:33:36 - [TEST_STEP][PASSED] - setText: Text '025445687' is set on object 'Object Repository/Register_Page/input_FAX'

2561-03-31 20:33:36 - [MESSAGE][PASSED] - Text '025445687' is set on object 'Object Repository/Register_Page/input_FAX'

2561-03-31 20:33:36 - [TEST_STEP][PASSED] - click: Object: 'Object Repository/Register_Page/input_submit (1)' is clicked on

2561-03-31 20:33:36 - [MESSAGE][PASSED] - Object: 'Object Repository/Register_Page/input_submit (1)' is clicked on

2561-03-31 20:33:36 - [TEST_STEP][PASSED] - verifyTextPresent: Text 'กรุณาเลือกอาชีพ' is present on page 

2561-03-31 20:33:37 - [MESSAGE][PASSED] - Text 'กรุณาเลือกอาชีพ' is present on page 

2561-03-31 20:33:37 - [TEST_STEP][PASSED] - closeBrowser: Browser is closed

2561-03-31 20:33:37 - [MESSAGE][PASSED] - Browser is closed]]></system-out>
         <system-err><![CDATA[]]></system-err>
      </testcase>
      <testcase name="Test Cases/Register volunteer/Register25" classname="Test Cases/Register volunteer/Register25" status="PASSED">
         <system-out><![CDATA[2561-03-31 20:33:37 - [TEST_CASE][PASSED] - Test Cases/Register volunteer/Register25: Test Cases/Register volunteer/Register25

2561-03-31 20:33:37 - [TEST_STEP][PASSED] - openBrowser: Browser is opened with url: ''

2561-03-31 20:33:40 - [MESSAGE][PASSED] - Browser is opened with url: ''

2561-03-31 20:33:40 - [TEST_STEP][PASSED] - navigateToUrl: Navigate to 'http://vivblind.play2pay.me/' successfully

2561-03-31 20:33:44 - [MESSAGE][PASSED] - Navigate to 'http://vivblind.play2pay.me/' successfully

2561-03-31 20:33:44 - [TEST_STEP][PASSED] - click: Object: 'Object Repository/Register_Page/a_' is clicked on

2561-03-31 20:33:44 - [MESSAGE][PASSED] - Object: 'Object Repository/Register_Page/a_' is clicked on

2561-03-31 20:33:44 - [TEST_STEP][PASSED] - setText: Text 'suphisit1@gmail.com' is set on object 'Object Repository/Register_Page/input_EMAIL (1)'

2561-03-31 20:33:44 - [MESSAGE][PASSED] - Text 'suphisit1@gmail.com' is set on object 'Object Repository/Register_Page/input_EMAIL (1)'

2561-03-31 20:33:44 - [TEST_STEP][PASSED] - setText: Text '0857098359' is set on object 'Object Repository/Register_Page/input_PASSWORD'

2561-03-31 20:33:45 - [MESSAGE][PASSED] - Text '0857098359' is set on object 'Object Repository/Register_Page/input_PASSWORD'

2561-03-31 20:33:45 - [TEST_STEP][PASSED] - setText: Text '0857098359' is set on object 'Object Repository/Register_Page/input_password_confirmation'

2561-03-31 20:33:45 - [MESSAGE][PASSED] - Text '0857098359' is set on object 'Object Repository/Register_Page/input_password_confirmation'

2561-03-31 20:33:45 - [TEST_STEP][PASSED] - uploadFile: File 'C:\Users\Administrator\Desktop\Test.jpg' sent to object: 'Object Repository/Register_Page/Upload File'

2561-03-31 20:33:45 - [MESSAGE][PASSED] - File 'C:\Users\Administrator\Desktop\Test.jpg' sent to object: 'Object Repository/Register_Page/Upload File'

2561-03-31 20:33:45 - [TEST_STEP][PASSED] - setText: Text 'ศุภิสิทธิ์ ' is set on object 'Object Repository/Register_Page/input_FIRST_NAME_TH'

2561-03-31 20:33:45 - [MESSAGE][PASSED] - Text 'ศุภิสิทธิ์ ' is set on object 'Object Repository/Register_Page/input_FIRST_NAME_TH'

2561-03-31 20:33:45 - [TEST_STEP][PASSED] - setText: Text 'ไข่กา' is set on object 'Object Repository/Register_Page/input_LAST_NAME_TH'

2561-03-31 20:33:45 - [MESSAGE][PASSED] - Text 'ไข่กา' is set on object 'Object Repository/Register_Page/input_LAST_NAME_TH'

2561-03-31 20:33:45 - [TEST_STEP][PASSED] - setText: Text 'Suphisit' is set on object 'Object Repository/Register_Page/input_FIRST_NAME_EN'

2561-03-31 20:33:45 - [MESSAGE][PASSED] - Text 'Suphisit' is set on object 'Object Repository/Register_Page/input_FIRST_NAME_EN'

2561-03-31 20:33:45 - [TEST_STEP][PASSED] - setText: Text 'Khaika' is set on object 'Object Repository/Register_Page/input_LAST_NAME_EN'

2561-03-31 20:33:45 - [MESSAGE][PASSED] - Text 'Khaika' is set on object 'Object Repository/Register_Page/input_LAST_NAME_EN'

2561-03-31 20:33:45 - [TEST_STEP][PASSED] - setText: Text '13/10/1994' is set on object 'Object Repository/Register_Page/input_BIRTH_DATE'

2561-03-31 20:33:46 - [MESSAGE][PASSED] - Text '13/10/1994' is set on object 'Object Repository/Register_Page/input_BIRTH_DATE'

2561-03-31 20:33:46 - [TEST_STEP][PASSED] - selectOptionByValue: All options with value 'อื่นๆ' are selected in object 'Object Repository/Register_Page/select_'  using regular expression

2561-03-31 20:33:46 - [MESSAGE][PASSED] - All options with value 'อื่นๆ' are selected in object 'Object Repository/Register_Page/select_'  using regular expression

2561-03-31 20:33:46 - [TEST_STEP][PASSED] - selectOptionByValue: All options with value 'สูงกว่าปริญญาตรี' are selected in object 'Object Repository/Register_Page/select__1'  using regular expression

2561-03-31 20:33:46 - [MESSAGE][PASSED] - All options with value 'สูงกว่าปริญญาตรี' are selected in object 'Object Repository/Register_Page/select__1'  using regular expression

2561-03-31 20:33:46 - [TEST_STEP][PASSED] - selectOptionByValue: All options with value 'เกษตรกร' are selected in object 'Object Repository/Register_Page/select__2'  using regular expression

2561-03-31 20:33:46 - [MESSAGE][PASSED] - All options with value 'เกษตรกร' are selected in object 'Object Repository/Register_Page/select__2'  using regular expression

2561-03-31 20:33:46 - [TEST_STEP][PASSED] - setText: Text '3' is set on object 'Object Repository/Register_Page/input_ADDRESS_NO'

2561-03-31 20:33:46 - [MESSAGE][PASSED] - Text '3' is set on object 'Object Repository/Register_Page/input_ADDRESS_NO'

2561-03-31 20:33:46 - [TEST_STEP][PASSED] - setText: Text '10' is set on object 'Object Repository/Register_Page/input_ADDRESS_MOO'

2561-03-31 20:33:47 - [MESSAGE][PASSED] - Text '10' is set on object 'Object Repository/Register_Page/input_ADDRESS_MOO'

2561-03-31 20:33:47 - [TEST_STEP][PASSED] - setText: Text 'พหลโยธิน' is set on object 'Object Repository/Register_Page/input_ADDRESS_ROAD'

2561-03-31 20:33:47 - [MESSAGE][PASSED] - Text 'พหลโยธิน' is set on object 'Object Repository/Register_Page/input_ADDRESS_ROAD'

2561-03-31 20:33:47 - [TEST_STEP][PASSED] - delay: Delayed 2 second(s)

2561-03-31 20:33:49 - [MESSAGE][PASSED] - Delayed 2 second(s)

2561-03-31 20:33:49 - [TEST_STEP][PASSED] - selectOptionByValue: All options with value '45' are selected in object 'Object Repository/Register_Page/ADDRESS_PROVINCE' 

2561-03-31 20:33:49 - [MESSAGE][PASSED] - All options with value '45' are selected in object 'Object Repository/Register_Page/ADDRESS_PROVINCE' 

2561-03-31 20:33:49 - [TEST_STEP][PASSED] - delay: Delayed 2 second(s)

2561-03-31 20:33:51 - [MESSAGE][PASSED] - Delayed 2 second(s)

2561-03-31 20:33:51 - [TEST_STEP][PASSED] - selectOptionByValue: All options with value '665' are selected in object 'Object Repository/Register_Page/ADDRESS_DISTRICT' 

2561-03-31 20:33:51 - [MESSAGE][PASSED] - All options with value '665' are selected in object 'Object Repository/Register_Page/ADDRESS_DISTRICT' 

2561-03-31 20:33:51 - [TEST_STEP][PASSED] - delay: Delayed 2 second(s)

2561-03-31 20:33:53 - [MESSAGE][PASSED] - Delayed 2 second(s)

2561-03-31 20:33:53 - [TEST_STEP][PASSED] - selectOptionByValue: All options with value '14726' are selected in object 'Object Repository/Register_Page/ADDRESS_SUBDISTRICT' 

2561-03-31 20:33:53 - [MESSAGE][PASSED] - All options with value '14726' are selected in object 'Object Repository/Register_Page/ADDRESS_SUBDISTRICT' 

2561-03-31 20:33:53 - [TEST_STEP][PASSED] - setText: Text '57130' is set on object 'Object Repository/Register_Page/input_ADDRESS_POSTCODE'

2561-03-31 20:33:53 - [MESSAGE][PASSED] - Text '57130' is set on object 'Object Repository/Register_Page/input_ADDRESS_POSTCODE'

2561-03-31 20:33:53 - [TEST_STEP][PASSED] - selectOptionByValue: All options with value 'กำลังทำงาน' are selected in object 'Object Repository/Register_Page/select__3'  using regular expression

2561-03-31 20:33:53 - [MESSAGE][PASSED] - All options with value 'กำลังทำงาน' are selected in object 'Object Repository/Register_Page/select__3'  using regular expression

2561-03-31 20:33:53 - [TEST_STEP][PASSED] - setText: Text '3 หมู่ที่ 10 ต.โป่งผา อ.แม่สาย จ.เชียงราย' is set on object 'Object Repository/Register_Page/input_ADDRESS_ALL'

2561-03-31 20:33:54 - [MESSAGE][PASSED] - Text '3 หมู่ที่ 10 ต.โป่งผา อ.แม่สาย จ.เชียงราย' is set on object 'Object Repository/Register_Page/input_ADDRESS_ALL'

2561-03-31 20:33:54 - [TEST_STEP][PASSED] - setText: Text '053646789' is set on object 'Object Repository/Register_Page/input_PHONE'

2561-03-31 20:33:54 - [MESSAGE][PASSED] - Text '053646789' is set on object 'Object Repository/Register_Page/input_PHONE'

2561-03-31 20:33:54 - [TEST_STEP][PASSED] - setText: Text '0827975510' is set on object 'Object Repository/Register_Page/input_CELL_PHONE'

2561-03-31 20:33:54 - [MESSAGE][PASSED] - Text '0827975510' is set on object 'Object Repository/Register_Page/input_CELL_PHONE'

2561-03-31 20:33:54 - [TEST_STEP][PASSED] - setText: Text '025445687' is set on object 'Object Repository/Register_Page/input_FAX'

2561-03-31 20:33:54 - [MESSAGE][PASSED] - Text '025445687' is set on object 'Object Repository/Register_Page/input_FAX'

2561-03-31 20:33:54 - [TEST_STEP][PASSED] - click: Object: 'Object Repository/Register_Page/input_submit (1)' is clicked on

2561-03-31 20:33:55 - [MESSAGE][PASSED] - Object: 'Object Repository/Register_Page/input_submit (1)' is clicked on

2561-03-31 20:33:55 - [TEST_STEP][PASSED] - closeBrowser: Browser is closed

2561-03-31 20:33:56 - [MESSAGE][PASSED] - Browser is closed]]></system-out>
         <system-err><![CDATA[]]></system-err>
      </testcase>
      <testcase name="Test Cases/Register volunteer/Register26" classname="Test Cases/Register volunteer/Register26" status="PASSED">
         <system-out><![CDATA[2561-03-31 20:33:56 - [TEST_CASE][PASSED] - Test Cases/Register volunteer/Register26: Test Cases/Register volunteer/Register26

2561-03-31 20:33:56 - [TEST_STEP][PASSED] - openBrowser: Browser is opened with url: ''

2561-03-31 20:33:58 - [MESSAGE][PASSED] - Browser is opened with url: ''

2561-03-31 20:33:58 - [TEST_STEP][PASSED] - navigateToUrl: Navigate to 'http://vivblind.play2pay.me/' successfully

2561-03-31 20:34:01 - [MESSAGE][PASSED] - Navigate to 'http://vivblind.play2pay.me/' successfully

2561-03-31 20:34:01 - [TEST_STEP][PASSED] - click: Object: 'Object Repository/Register_Page/a_' is clicked on

2561-03-31 20:34:02 - [MESSAGE][PASSED] - Object: 'Object Repository/Register_Page/a_' is clicked on

2561-03-31 20:34:02 - [TEST_STEP][PASSED] - setText: Text 'suphisit1@gmail.com' is set on object 'Object Repository/Register_Page/input_EMAIL (1)'

2561-03-31 20:34:02 - [MESSAGE][PASSED] - Text 'suphisit1@gmail.com' is set on object 'Object Repository/Register_Page/input_EMAIL (1)'

2561-03-31 20:34:02 - [TEST_STEP][PASSED] - setText: Text '0857098359' is set on object 'Object Repository/Register_Page/input_PASSWORD'

2561-03-31 20:34:03 - [MESSAGE][PASSED] - Text '0857098359' is set on object 'Object Repository/Register_Page/input_PASSWORD'

2561-03-31 20:34:03 - [TEST_STEP][PASSED] - setText: Text '0857098359' is set on object 'Object Repository/Register_Page/input_password_confirmation'

2561-03-31 20:34:03 - [MESSAGE][PASSED] - Text '0857098359' is set on object 'Object Repository/Register_Page/input_password_confirmation'

2561-03-31 20:34:03 - [TEST_STEP][PASSED] - uploadFile: File 'C:\Users\Administrator\Desktop\Test.jpg' sent to object: 'Object Repository/Register_Page/Upload File'

2561-03-31 20:34:03 - [MESSAGE][PASSED] - File 'C:\Users\Administrator\Desktop\Test.jpg' sent to object: 'Object Repository/Register_Page/Upload File'

2561-03-31 20:34:03 - [TEST_STEP][PASSED] - setText: Text 'ศุภิสิทธิ์ ' is set on object 'Object Repository/Register_Page/input_FIRST_NAME_TH'

2561-03-31 20:34:03 - [MESSAGE][PASSED] - Text 'ศุภิสิทธิ์ ' is set on object 'Object Repository/Register_Page/input_FIRST_NAME_TH'

2561-03-31 20:34:03 - [TEST_STEP][PASSED] - setText: Text 'ไข่กา' is set on object 'Object Repository/Register_Page/input_LAST_NAME_TH'

2561-03-31 20:34:03 - [MESSAGE][PASSED] - Text 'ไข่กา' is set on object 'Object Repository/Register_Page/input_LAST_NAME_TH'

2561-03-31 20:34:03 - [TEST_STEP][PASSED] - setText: Text 'Suphisit' is set on object 'Object Repository/Register_Page/input_FIRST_NAME_EN'

2561-03-31 20:34:03 - [MESSAGE][PASSED] - Text 'Suphisit' is set on object 'Object Repository/Register_Page/input_FIRST_NAME_EN'

2561-03-31 20:34:03 - [TEST_STEP][PASSED] - setText: Text 'Khaika' is set on object 'Object Repository/Register_Page/input_LAST_NAME_EN'

2561-03-31 20:34:03 - [MESSAGE][PASSED] - Text 'Khaika' is set on object 'Object Repository/Register_Page/input_LAST_NAME_EN'

2561-03-31 20:34:03 - [TEST_STEP][PASSED] - setText: Text '13/10/1994' is set on object 'Object Repository/Register_Page/input_BIRTH_DATE'

2561-03-31 20:34:04 - [MESSAGE][PASSED] - Text '13/10/1994' is set on object 'Object Repository/Register_Page/input_BIRTH_DATE'

2561-03-31 20:34:04 - [TEST_STEP][PASSED] - selectOptionByValue: All options with value 'อื่นๆ' are selected in object 'Object Repository/Register_Page/select_'  using regular expression

2561-03-31 20:34:04 - [MESSAGE][PASSED] - All options with value 'อื่นๆ' are selected in object 'Object Repository/Register_Page/select_'  using regular expression

2561-03-31 20:34:04 - [TEST_STEP][PASSED] - selectOptionByValue: All options with value 'สูงกว่าปริญญาตรี' are selected in object 'Object Repository/Register_Page/select__1'  using regular expression

2561-03-31 20:34:04 - [MESSAGE][PASSED] - All options with value 'สูงกว่าปริญญาตรี' are selected in object 'Object Repository/Register_Page/select__1'  using regular expression

2561-03-31 20:34:04 - [TEST_STEP][PASSED] - selectOptionByValue: All options with value 'รับราชการ' are selected in object 'Object Repository/Register_Page/select__2'  using regular expression

2561-03-31 20:34:04 - [MESSAGE][PASSED] - All options with value 'รับราชการ' are selected in object 'Object Repository/Register_Page/select__2'  using regular expression

2561-03-31 20:34:04 - [TEST_STEP][PASSED] - setText: Text '3' is set on object 'Object Repository/Register_Page/input_ADDRESS_NO'

2561-03-31 20:34:04 - [MESSAGE][PASSED] - Text '3' is set on object 'Object Repository/Register_Page/input_ADDRESS_NO'

2561-03-31 20:34:04 - [TEST_STEP][PASSED] - setText: Text '10' is set on object 'Object Repository/Register_Page/input_ADDRESS_MOO'

2561-03-31 20:34:04 - [MESSAGE][PASSED] - Text '10' is set on object 'Object Repository/Register_Page/input_ADDRESS_MOO'

2561-03-31 20:34:05 - [TEST_STEP][PASSED] - setText: Text 'พหลโยธิน' is set on object 'Object Repository/Register_Page/input_ADDRESS_ROAD'

2561-03-31 20:34:05 - [MESSAGE][PASSED] - Text 'พหลโยธิน' is set on object 'Object Repository/Register_Page/input_ADDRESS_ROAD'

2561-03-31 20:34:05 - [TEST_STEP][PASSED] - delay: Delayed 2 second(s)

2561-03-31 20:34:07 - [MESSAGE][PASSED] - Delayed 2 second(s)

2561-03-31 20:34:07 - [TEST_STEP][PASSED] - selectOptionByValue: All options with value '45' are selected in object 'Object Repository/Register_Page/ADDRESS_PROVINCE' 

2561-03-31 20:34:07 - [MESSAGE][PASSED] - All options with value '45' are selected in object 'Object Repository/Register_Page/ADDRESS_PROVINCE' 

2561-03-31 20:34:07 - [TEST_STEP][PASSED] - delay: Delayed 2 second(s)

2561-03-31 20:34:09 - [MESSAGE][PASSED] - Delayed 2 second(s)

2561-03-31 20:34:09 - [TEST_STEP][PASSED] - selectOptionByValue: All options with value '665' are selected in object 'Object Repository/Register_Page/ADDRESS_DISTRICT' 

2561-03-31 20:34:09 - [MESSAGE][PASSED] - All options with value '665' are selected in object 'Object Repository/Register_Page/ADDRESS_DISTRICT' 

2561-03-31 20:34:09 - [TEST_STEP][PASSED] - delay: Delayed 2 second(s)

2561-03-31 20:34:11 - [MESSAGE][PASSED] - Delayed 2 second(s)

2561-03-31 20:34:11 - [TEST_STEP][PASSED] - selectOptionByValue: All options with value '14726' are selected in object 'Object Repository/Register_Page/ADDRESS_SUBDISTRICT' 

2561-03-31 20:34:11 - [MESSAGE][PASSED] - All options with value '14726' are selected in object 'Object Repository/Register_Page/ADDRESS_SUBDISTRICT' 

2561-03-31 20:34:11 - [TEST_STEP][PASSED] - setText: Text '57130' is set on object 'Object Repository/Register_Page/input_ADDRESS_POSTCODE'

2561-03-31 20:34:11 - [MESSAGE][PASSED] - Text '57130' is set on object 'Object Repository/Register_Page/input_ADDRESS_POSTCODE'

2561-03-31 20:34:11 - [TEST_STEP][PASSED] - selectOptionByValue: All options with value 'กำลังทำงาน' are selected in object 'Object Repository/Register_Page/select__3'  using regular expression

2561-03-31 20:34:11 - [MESSAGE][PASSED] - All options with value 'กำลังทำงาน' are selected in object 'Object Repository/Register_Page/select__3'  using regular expression

2561-03-31 20:34:11 - [TEST_STEP][PASSED] - setText: Text '3 หมู่ที่ 10 ต.โป่งผา อ.แม่สาย จ.เชียงราย' is set on object 'Object Repository/Register_Page/input_ADDRESS_ALL'

2561-03-31 20:34:12 - [MESSAGE][PASSED] - Text '3 หมู่ที่ 10 ต.โป่งผา อ.แม่สาย จ.เชียงราย' is set on object 'Object Repository/Register_Page/input_ADDRESS_ALL'

2561-03-31 20:34:12 - [TEST_STEP][PASSED] - setText: Text '053646789' is set on object 'Object Repository/Register_Page/input_PHONE'

2561-03-31 20:34:12 - [MESSAGE][PASSED] - Text '053646789' is set on object 'Object Repository/Register_Page/input_PHONE'

2561-03-31 20:34:12 - [TEST_STEP][PASSED] - setText: Text '0827975510' is set on object 'Object Repository/Register_Page/input_CELL_PHONE'

2561-03-31 20:34:12 - [MESSAGE][PASSED] - Text '0827975510' is set on object 'Object Repository/Register_Page/input_CELL_PHONE'

2561-03-31 20:34:12 - [TEST_STEP][PASSED] - setText: Text '025445687' is set on object 'Object Repository/Register_Page/input_FAX'

2561-03-31 20:34:12 - [MESSAGE][PASSED] - Text '025445687' is set on object 'Object Repository/Register_Page/input_FAX'

2561-03-31 20:34:12 - [TEST_STEP][PASSED] - click: Object: 'Object Repository/Register_Page/input_submit (1)' is clicked on

2561-03-31 20:34:13 - [MESSAGE][PASSED] - Object: 'Object Repository/Register_Page/input_submit (1)' is clicked on

2561-03-31 20:34:13 - [TEST_STEP][PASSED] - closeBrowser: Browser is closed

2561-03-31 20:34:14 - [MESSAGE][PASSED] - Browser is closed]]></system-out>
         <system-err><![CDATA[]]></system-err>
      </testcase>
      <testcase name="Test Cases/Register volunteer/Register27" classname="Test Cases/Register volunteer/Register27" status="PASSED">
         <system-out><![CDATA[2561-03-31 20:34:14 - [TEST_CASE][PASSED] - Test Cases/Register volunteer/Register27: Test Cases/Register volunteer/Register27

2561-03-31 20:34:14 - [TEST_STEP][PASSED] - openBrowser: Browser is opened with url: ''

2561-03-31 20:34:16 - [MESSAGE][PASSED] - Browser is opened with url: ''

2561-03-31 20:34:16 - [TEST_STEP][PASSED] - navigateToUrl: Navigate to 'http://vivblind.play2pay.me/' successfully

2561-03-31 20:34:20 - [MESSAGE][PASSED] - Navigate to 'http://vivblind.play2pay.me/' successfully

2561-03-31 20:34:20 - [TEST_STEP][PASSED] - click: Object: 'Object Repository/Register_Page/a_' is clicked on

2561-03-31 20:34:20 - [MESSAGE][PASSED] - Object: 'Object Repository/Register_Page/a_' is clicked on

2561-03-31 20:34:20 - [TEST_STEP][PASSED] - setText: Text 'suphisit1@gmail.com' is set on object 'Object Repository/Register_Page/input_EMAIL (1)'

2561-03-31 20:34:20 - [MESSAGE][PASSED] - Text 'suphisit1@gmail.com' is set on object 'Object Repository/Register_Page/input_EMAIL (1)'

2561-03-31 20:34:20 - [TEST_STEP][PASSED] - setText: Text '0857098359' is set on object 'Object Repository/Register_Page/input_PASSWORD'

2561-03-31 20:34:20 - [MESSAGE][PASSED] - Text '0857098359' is set on object 'Object Repository/Register_Page/input_PASSWORD'

2561-03-31 20:34:20 - [TEST_STEP][PASSED] - setText: Text '0857098359' is set on object 'Object Repository/Register_Page/input_password_confirmation'

2561-03-31 20:34:21 - [MESSAGE][PASSED] - Text '0857098359' is set on object 'Object Repository/Register_Page/input_password_confirmation'

2561-03-31 20:34:21 - [TEST_STEP][PASSED] - uploadFile: File 'C:\Users\Administrator\Desktop\Test.jpg' sent to object: 'Object Repository/Register_Page/Upload File'

2561-03-31 20:34:21 - [MESSAGE][PASSED] - File 'C:\Users\Administrator\Desktop\Test.jpg' sent to object: 'Object Repository/Register_Page/Upload File'

2561-03-31 20:34:21 - [TEST_STEP][PASSED] - setText: Text 'ศุภิสิทธิ์ ' is set on object 'Object Repository/Register_Page/input_FIRST_NAME_TH'

2561-03-31 20:34:21 - [MESSAGE][PASSED] - Text 'ศุภิสิทธิ์ ' is set on object 'Object Repository/Register_Page/input_FIRST_NAME_TH'

2561-03-31 20:34:21 - [TEST_STEP][PASSED] - setText: Text 'ไข่กา' is set on object 'Object Repository/Register_Page/input_LAST_NAME_TH'

2561-03-31 20:34:21 - [MESSAGE][PASSED] - Text 'ไข่กา' is set on object 'Object Repository/Register_Page/input_LAST_NAME_TH'

2561-03-31 20:34:21 - [TEST_STEP][PASSED] - setText: Text 'Suphisit' is set on object 'Object Repository/Register_Page/input_FIRST_NAME_EN'

2561-03-31 20:34:21 - [MESSAGE][PASSED] - Text 'Suphisit' is set on object 'Object Repository/Register_Page/input_FIRST_NAME_EN'

2561-03-31 20:34:21 - [TEST_STEP][PASSED] - setText: Text 'Khaika' is set on object 'Object Repository/Register_Page/input_LAST_NAME_EN'

2561-03-31 20:34:21 - [MESSAGE][PASSED] - Text 'Khaika' is set on object 'Object Repository/Register_Page/input_LAST_NAME_EN'

2561-03-31 20:34:21 - [TEST_STEP][PASSED] - setText: Text '13/10/1994' is set on object 'Object Repository/Register_Page/input_BIRTH_DATE'

2561-03-31 20:34:22 - [MESSAGE][PASSED] - Text '13/10/1994' is set on object 'Object Repository/Register_Page/input_BIRTH_DATE'

2561-03-31 20:34:22 - [TEST_STEP][PASSED] - selectOptionByValue: All options with value 'อื่นๆ' are selected in object 'Object Repository/Register_Page/select_'  using regular expression

2561-03-31 20:34:22 - [MESSAGE][PASSED] - All options with value 'อื่นๆ' are selected in object 'Object Repository/Register_Page/select_'  using regular expression

2561-03-31 20:34:22 - [TEST_STEP][PASSED] - selectOptionByValue: All options with value 'สูงกว่าปริญญาตรี' are selected in object 'Object Repository/Register_Page/select__1'  using regular expression

2561-03-31 20:34:22 - [MESSAGE][PASSED] - All options with value 'สูงกว่าปริญญาตรี' are selected in object 'Object Repository/Register_Page/select__1'  using regular expression

2561-03-31 20:34:22 - [TEST_STEP][PASSED] - selectOptionByValue: All options with value 'นักศึกษา' are selected in object 'Object Repository/Register_Page/select__2'  using regular expression

2561-03-31 20:34:22 - [MESSAGE][PASSED] - All options with value 'นักศึกษา' are selected in object 'Object Repository/Register_Page/select__2'  using regular expression

2561-03-31 20:34:22 - [TEST_STEP][PASSED] - setText: Text '3' is set on object 'Object Repository/Register_Page/input_ADDRESS_NO'

2561-03-31 20:34:22 - [MESSAGE][PASSED] - Text '3' is set on object 'Object Repository/Register_Page/input_ADDRESS_NO'

2561-03-31 20:34:22 - [TEST_STEP][PASSED] - setText: Text '10' is set on object 'Object Repository/Register_Page/input_ADDRESS_MOO'

2561-03-31 20:34:22 - [MESSAGE][PASSED] - Text '10' is set on object 'Object Repository/Register_Page/input_ADDRESS_MOO'

2561-03-31 20:34:22 - [TEST_STEP][PASSED] - setText: Text 'พหลโยธิน' is set on object 'Object Repository/Register_Page/input_ADDRESS_ROAD'

2561-03-31 20:34:22 - [MESSAGE][PASSED] - Text 'พหลโยธิน' is set on object 'Object Repository/Register_Page/input_ADDRESS_ROAD'

2561-03-31 20:34:22 - [TEST_STEP][PASSED] - delay: Delayed 2 second(s)

2561-03-31 20:34:24 - [MESSAGE][PASSED] - Delayed 2 second(s)

2561-03-31 20:34:24 - [TEST_STEP][PASSED] - selectOptionByValue: All options with value '45' are selected in object 'Object Repository/Register_Page/ADDRESS_PROVINCE' 

2561-03-31 20:34:25 - [MESSAGE][PASSED] - All options with value '45' are selected in object 'Object Repository/Register_Page/ADDRESS_PROVINCE' 

2561-03-31 20:34:25 - [TEST_STEP][PASSED] - delay: Delayed 2 second(s)

2561-03-31 20:34:27 - [MESSAGE][PASSED] - Delayed 2 second(s)

2561-03-31 20:34:27 - [TEST_STEP][PASSED] - selectOptionByValue: All options with value '665' are selected in object 'Object Repository/Register_Page/ADDRESS_DISTRICT' 

2561-03-31 20:34:27 - [MESSAGE][PASSED] - All options with value '665' are selected in object 'Object Repository/Register_Page/ADDRESS_DISTRICT' 

2561-03-31 20:34:27 - [TEST_STEP][PASSED] - delay: Delayed 2 second(s)

2561-03-31 20:34:29 - [MESSAGE][PASSED] - Delayed 2 second(s)

2561-03-31 20:34:29 - [TEST_STEP][PASSED] - selectOptionByValue: All options with value '14726' are selected in object 'Object Repository/Register_Page/ADDRESS_SUBDISTRICT' 

2561-03-31 20:34:29 - [MESSAGE][PASSED] - All options with value '14726' are selected in object 'Object Repository/Register_Page/ADDRESS_SUBDISTRICT' 

2561-03-31 20:34:29 - [TEST_STEP][PASSED] - setText: Text '57130' is set on object 'Object Repository/Register_Page/input_ADDRESS_POSTCODE'

2561-03-31 20:34:29 - [MESSAGE][PASSED] - Text '57130' is set on object 'Object Repository/Register_Page/input_ADDRESS_POSTCODE'

2561-03-31 20:34:29 - [TEST_STEP][PASSED] - selectOptionByValue: All options with value 'กำลังทำงาน' are selected in object 'Object Repository/Register_Page/select__3'  using regular expression

2561-03-31 20:34:29 - [MESSAGE][PASSED] - All options with value 'กำลังทำงาน' are selected in object 'Object Repository/Register_Page/select__3'  using regular expression

2561-03-31 20:34:29 - [TEST_STEP][PASSED] - setText: Text '3 หมู่ที่ 10 ต.โป่งผา อ.แม่สาย จ.เชียงราย' is set on object 'Object Repository/Register_Page/input_ADDRESS_ALL'

2561-03-31 20:34:29 - [MESSAGE][PASSED] - Text '3 หมู่ที่ 10 ต.โป่งผา อ.แม่สาย จ.เชียงราย' is set on object 'Object Repository/Register_Page/input_ADDRESS_ALL'

2561-03-31 20:34:29 - [TEST_STEP][PASSED] - setText: Text '053646789' is set on object 'Object Repository/Register_Page/input_PHONE'

2561-03-31 20:34:30 - [MESSAGE][PASSED] - Text '053646789' is set on object 'Object Repository/Register_Page/input_PHONE'

2561-03-31 20:34:30 - [TEST_STEP][PASSED] - setText: Text '0827975510' is set on object 'Object Repository/Register_Page/input_CELL_PHONE'

2561-03-31 20:34:30 - [MESSAGE][PASSED] - Text '0827975510' is set on object 'Object Repository/Register_Page/input_CELL_PHONE'

2561-03-31 20:34:30 - [TEST_STEP][PASSED] - setText: Text '025445687' is set on object 'Object Repository/Register_Page/input_FAX'

2561-03-31 20:34:30 - [MESSAGE][PASSED] - Text '025445687' is set on object 'Object Repository/Register_Page/input_FAX'

2561-03-31 20:34:30 - [TEST_STEP][PASSED] - click: Object: 'Object Repository/Register_Page/input_submit (1)' is clicked on

2561-03-31 20:34:31 - [MESSAGE][PASSED] - Object: 'Object Repository/Register_Page/input_submit (1)' is clicked on

2561-03-31 20:34:31 - [TEST_STEP][PASSED] - closeBrowser: Browser is closed

2561-03-31 20:34:31 - [MESSAGE][PASSED] - Browser is closed]]></system-out>
         <system-err><![CDATA[]]></system-err>
      </testcase>
      <testcase name="Test Cases/Register volunteer/Register28" classname="Test Cases/Register volunteer/Register28" status="PASSED">
         <system-out><![CDATA[2561-03-31 20:34:31 - [TEST_CASE][PASSED] - Test Cases/Register volunteer/Register28: Test Cases/Register volunteer/Register28

2561-03-31 20:34:32 - [TEST_STEP][PASSED] - openBrowser: Browser is opened with url: ''

2561-03-31 20:34:34 - [MESSAGE][PASSED] - Browser is opened with url: ''

2561-03-31 20:34:34 - [TEST_STEP][PASSED] - navigateToUrl: Navigate to 'http://vivblind.play2pay.me/' successfully

2561-03-31 20:34:37 - [MESSAGE][PASSED] - Navigate to 'http://vivblind.play2pay.me/' successfully

2561-03-31 20:34:37 - [TEST_STEP][PASSED] - click: Object: 'Object Repository/Register_Page/a_' is clicked on

2561-03-31 20:34:38 - [MESSAGE][PASSED] - Object: 'Object Repository/Register_Page/a_' is clicked on

2561-03-31 20:34:38 - [TEST_STEP][PASSED] - setText: Text 'suphisit1@gmail.com' is set on object 'Object Repository/Register_Page/input_EMAIL (1)'

2561-03-31 20:34:38 - [MESSAGE][PASSED] - Text 'suphisit1@gmail.com' is set on object 'Object Repository/Register_Page/input_EMAIL (1)'

2561-03-31 20:34:38 - [TEST_STEP][PASSED] - setText: Text '0857098359' is set on object 'Object Repository/Register_Page/input_PASSWORD'

2561-03-31 20:34:38 - [MESSAGE][PASSED] - Text '0857098359' is set on object 'Object Repository/Register_Page/input_PASSWORD'

2561-03-31 20:34:38 - [TEST_STEP][PASSED] - setText: Text '0857098359' is set on object 'Object Repository/Register_Page/input_password_confirmation'

2561-03-31 20:34:38 - [MESSAGE][PASSED] - Text '0857098359' is set on object 'Object Repository/Register_Page/input_password_confirmation'

2561-03-31 20:34:38 - [TEST_STEP][PASSED] - uploadFile: File 'C:\Users\Administrator\Desktop\Test.jpg' sent to object: 'Object Repository/Register_Page/Upload File'

2561-03-31 20:34:38 - [MESSAGE][PASSED] - File 'C:\Users\Administrator\Desktop\Test.jpg' sent to object: 'Object Repository/Register_Page/Upload File'

2561-03-31 20:34:38 - [TEST_STEP][PASSED] - setText: Text 'ศุภิสิทธิ์ ' is set on object 'Object Repository/Register_Page/input_FIRST_NAME_TH'

2561-03-31 20:34:39 - [MESSAGE][PASSED] - Text 'ศุภิสิทธิ์ ' is set on object 'Object Repository/Register_Page/input_FIRST_NAME_TH'

2561-03-31 20:34:39 - [TEST_STEP][PASSED] - setText: Text 'ไข่กา' is set on object 'Object Repository/Register_Page/input_LAST_NAME_TH'

2561-03-31 20:34:39 - [MESSAGE][PASSED] - Text 'ไข่กา' is set on object 'Object Repository/Register_Page/input_LAST_NAME_TH'

2561-03-31 20:34:39 - [TEST_STEP][PASSED] - setText: Text 'Suphisit' is set on object 'Object Repository/Register_Page/input_FIRST_NAME_EN'

2561-03-31 20:34:39 - [MESSAGE][PASSED] - Text 'Suphisit' is set on object 'Object Repository/Register_Page/input_FIRST_NAME_EN'

2561-03-31 20:34:39 - [TEST_STEP][PASSED] - setText: Text 'Khaika' is set on object 'Object Repository/Register_Page/input_LAST_NAME_EN'

2561-03-31 20:34:39 - [MESSAGE][PASSED] - Text 'Khaika' is set on object 'Object Repository/Register_Page/input_LAST_NAME_EN'

2561-03-31 20:34:39 - [TEST_STEP][PASSED] - setText: Text '13/10/1994' is set on object 'Object Repository/Register_Page/input_BIRTH_DATE'

2561-03-31 20:34:39 - [MESSAGE][PASSED] - Text '13/10/1994' is set on object 'Object Repository/Register_Page/input_BIRTH_DATE'

2561-03-31 20:34:39 - [TEST_STEP][PASSED] - selectOptionByValue: All options with value 'อื่นๆ' are selected in object 'Object Repository/Register_Page/select_'  using regular expression

2561-03-31 20:34:39 - [MESSAGE][PASSED] - All options with value 'อื่นๆ' are selected in object 'Object Repository/Register_Page/select_'  using regular expression

2561-03-31 20:34:39 - [TEST_STEP][PASSED] - selectOptionByValue: All options with value 'สูงกว่าปริญญาตรี' are selected in object 'Object Repository/Register_Page/select__1'  using regular expression

2561-03-31 20:34:40 - [MESSAGE][PASSED] - All options with value 'สูงกว่าปริญญาตรี' are selected in object 'Object Repository/Register_Page/select__1'  using regular expression

2561-03-31 20:34:40 - [TEST_STEP][PASSED] - selectOptionByValue: All options with value 'อื่นๆ' are selected in object 'Object Repository/Register_Page/select__2'  using regular expression

2561-03-31 20:34:40 - [MESSAGE][PASSED] - All options with value 'อื่นๆ' are selected in object 'Object Repository/Register_Page/select__2'  using regular expression

2561-03-31 20:34:40 - [TEST_STEP][PASSED] - setText: Text '3' is set on object 'Object Repository/Register_Page/input_ADDRESS_NO'

2561-03-31 20:34:40 - [MESSAGE][PASSED] - Text '3' is set on object 'Object Repository/Register_Page/input_ADDRESS_NO'

2561-03-31 20:34:40 - [TEST_STEP][PASSED] - setText: Text '10' is set on object 'Object Repository/Register_Page/input_ADDRESS_MOO'

2561-03-31 20:34:40 - [MESSAGE][PASSED] - Text '10' is set on object 'Object Repository/Register_Page/input_ADDRESS_MOO'

2561-03-31 20:34:40 - [TEST_STEP][PASSED] - setText: Text 'พหลโยธิน' is set on object 'Object Repository/Register_Page/input_ADDRESS_ROAD'

2561-03-31 20:34:40 - [MESSAGE][PASSED] - Text 'พหลโยธิน' is set on object 'Object Repository/Register_Page/input_ADDRESS_ROAD'

2561-03-31 20:34:40 - [TEST_STEP][PASSED] - delay: Delayed 2 second(s)

2561-03-31 20:34:42 - [MESSAGE][PASSED] - Delayed 2 second(s)

2561-03-31 20:34:42 - [TEST_STEP][PASSED] - selectOptionByValue: All options with value '45' are selected in object 'Object Repository/Register_Page/ADDRESS_PROVINCE' 

2561-03-31 20:34:42 - [MESSAGE][PASSED] - All options with value '45' are selected in object 'Object Repository/Register_Page/ADDRESS_PROVINCE' 

2561-03-31 20:34:42 - [TEST_STEP][PASSED] - delay: Delayed 2 second(s)

2561-03-31 20:34:44 - [MESSAGE][PASSED] - Delayed 2 second(s)

2561-03-31 20:34:44 - [TEST_STEP][PASSED] - selectOptionByValue: All options with value '665' are selected in object 'Object Repository/Register_Page/ADDRESS_DISTRICT' 

2561-03-31 20:34:44 - [MESSAGE][PASSED] - All options with value '665' are selected in object 'Object Repository/Register_Page/ADDRESS_DISTRICT' 

2561-03-31 20:34:44 - [TEST_STEP][PASSED] - delay: Delayed 2 second(s)

2561-03-31 20:34:46 - [MESSAGE][PASSED] - Delayed 2 second(s)

2561-03-31 20:34:46 - [TEST_STEP][PASSED] - selectOptionByValue: All options with value '14726' are selected in object 'Object Repository/Register_Page/ADDRESS_SUBDISTRICT' 

2561-03-31 20:34:47 - [MESSAGE][PASSED] - All options with value '14726' are selected in object 'Object Repository/Register_Page/ADDRESS_SUBDISTRICT' 

2561-03-31 20:34:47 - [TEST_STEP][PASSED] - setText: Text '57130' is set on object 'Object Repository/Register_Page/input_ADDRESS_POSTCODE'

2561-03-31 20:34:47 - [MESSAGE][PASSED] - Text '57130' is set on object 'Object Repository/Register_Page/input_ADDRESS_POSTCODE'

2561-03-31 20:34:47 - [TEST_STEP][PASSED] - selectOptionByValue: All options with value 'กำลังทำงาน' are selected in object 'Object Repository/Register_Page/select__3'  using regular expression

2561-03-31 20:34:47 - [MESSAGE][PASSED] - All options with value 'กำลังทำงาน' are selected in object 'Object Repository/Register_Page/select__3'  using regular expression

2561-03-31 20:34:47 - [TEST_STEP][PASSED] - setText: Text '3 หมู่ที่ 10 ต.โป่งผา อ.แม่สาย จ.เชียงราย' is set on object 'Object Repository/Register_Page/input_ADDRESS_ALL'

2561-03-31 20:34:47 - [MESSAGE][PASSED] - Text '3 หมู่ที่ 10 ต.โป่งผา อ.แม่สาย จ.เชียงราย' is set on object 'Object Repository/Register_Page/input_ADDRESS_ALL'

2561-03-31 20:34:47 - [TEST_STEP][PASSED] - setText: Text '053646789' is set on object 'Object Repository/Register_Page/input_PHONE'

2561-03-31 20:34:47 - [MESSAGE][PASSED] - Text '053646789' is set on object 'Object Repository/Register_Page/input_PHONE'

2561-03-31 20:34:47 - [TEST_STEP][PASSED] - setText: Text '0827975510' is set on object 'Object Repository/Register_Page/input_CELL_PHONE'

2561-03-31 20:34:48 - [MESSAGE][PASSED] - Text '0827975510' is set on object 'Object Repository/Register_Page/input_CELL_PHONE'

2561-03-31 20:34:48 - [TEST_STEP][PASSED] - setText: Text '025445687' is set on object 'Object Repository/Register_Page/input_FAX'

2561-03-31 20:34:48 - [MESSAGE][PASSED] - Text '025445687' is set on object 'Object Repository/Register_Page/input_FAX'

2561-03-31 20:34:48 - [TEST_STEP][PASSED] - click: Object: 'Object Repository/Register_Page/input_submit (1)' is clicked on

2561-03-31 20:34:48 - [MESSAGE][PASSED] - Object: 'Object Repository/Register_Page/input_submit (1)' is clicked on

2561-03-31 20:34:48 - [TEST_STEP][PASSED] - closeBrowser: Browser is closed

2561-03-31 20:34:49 - [MESSAGE][PASSED] - Browser is closed]]></system-out>
         <system-err><![CDATA[]]></system-err>
      </testcase>
      <testcase name="Test Cases/Register volunteer/Register29" classname="Test Cases/Register volunteer/Register29" status="PASSED">
         <system-out><![CDATA[2561-03-31 20:34:49 - [TEST_CASE][PASSED] - Test Cases/Register volunteer/Register29: Test Cases/Register volunteer/Register29

2561-03-31 20:34:49 - [TEST_STEP][PASSED] - openBrowser: Browser is opened with url: ''

2561-03-31 20:34:51 - [MESSAGE][PASSED] - Browser is opened with url: ''

2561-03-31 20:34:51 - [TEST_STEP][PASSED] - navigateToUrl: Navigate to 'http://vivblind.play2pay.me/' successfully

2561-03-31 20:34:56 - [MESSAGE][PASSED] - Navigate to 'http://vivblind.play2pay.me/' successfully

2561-03-31 20:34:56 - [TEST_STEP][PASSED] - click: Object: 'Object Repository/Register_Page/a_' is clicked on

2561-03-31 20:34:56 - [MESSAGE][PASSED] - Object: 'Object Repository/Register_Page/a_' is clicked on

2561-03-31 20:34:56 - [TEST_STEP][PASSED] - setText: Text 'suphisit1@gmail.com' is set on object 'Object Repository/Register_Page/input_EMAIL (1)'

2561-03-31 20:34:57 - [MESSAGE][PASSED] - Text 'suphisit1@gmail.com' is set on object 'Object Repository/Register_Page/input_EMAIL (1)'

2561-03-31 20:34:57 - [TEST_STEP][PASSED] - setText: Text '0857098359' is set on object 'Object Repository/Register_Page/input_PASSWORD'

2561-03-31 20:34:57 - [MESSAGE][PASSED] - Text '0857098359' is set on object 'Object Repository/Register_Page/input_PASSWORD'

2561-03-31 20:34:57 - [TEST_STEP][PASSED] - setText: Text '0857098359' is set on object 'Object Repository/Register_Page/input_password_confirmation'

2561-03-31 20:34:57 - [MESSAGE][PASSED] - Text '0857098359' is set on object 'Object Repository/Register_Page/input_password_confirmation'

2561-03-31 20:34:57 - [TEST_STEP][PASSED] - uploadFile: File 'C:\Users\Administrator\Desktop\Test.jpg' sent to object: 'Object Repository/Register_Page/Upload File'

2561-03-31 20:34:57 - [MESSAGE][PASSED] - File 'C:\Users\Administrator\Desktop\Test.jpg' sent to object: 'Object Repository/Register_Page/Upload File'

2561-03-31 20:34:57 - [TEST_STEP][PASSED] - setText: Text 'ศุภิสิทธิ์ ' is set on object 'Object Repository/Register_Page/input_FIRST_NAME_TH'

2561-03-31 20:34:57 - [MESSAGE][PASSED] - Text 'ศุภิสิทธิ์ ' is set on object 'Object Repository/Register_Page/input_FIRST_NAME_TH'

2561-03-31 20:34:57 - [TEST_STEP][PASSED] - setText: Text 'ไข่กา' is set on object 'Object Repository/Register_Page/input_LAST_NAME_TH'

2561-03-31 20:34:57 - [MESSAGE][PASSED] - Text 'ไข่กา' is set on object 'Object Repository/Register_Page/input_LAST_NAME_TH'

2561-03-31 20:34:57 - [TEST_STEP][PASSED] - setText: Text 'Suphisit' is set on object 'Object Repository/Register_Page/input_FIRST_NAME_EN'

2561-03-31 20:34:57 - [MESSAGE][PASSED] - Text 'Suphisit' is set on object 'Object Repository/Register_Page/input_FIRST_NAME_EN'

2561-03-31 20:34:57 - [TEST_STEP][PASSED] - setText: Text 'Khaika' is set on object 'Object Repository/Register_Page/input_LAST_NAME_EN'

2561-03-31 20:34:58 - [MESSAGE][PASSED] - Text 'Khaika' is set on object 'Object Repository/Register_Page/input_LAST_NAME_EN'

2561-03-31 20:34:58 - [TEST_STEP][PASSED] - setText: Text '13/10/1994' is set on object 'Object Repository/Register_Page/input_BIRTH_DATE'

2561-03-31 20:34:58 - [MESSAGE][PASSED] - Text '13/10/1994' is set on object 'Object Repository/Register_Page/input_BIRTH_DATE'

2561-03-31 20:34:58 - [TEST_STEP][PASSED] - selectOptionByValue: All options with value 'อื่นๆ' are selected in object 'Object Repository/Register_Page/select_'  using regular expression

2561-03-31 20:34:58 - [MESSAGE][PASSED] - All options with value 'อื่นๆ' are selected in object 'Object Repository/Register_Page/select_'  using regular expression

2561-03-31 20:34:58 - [TEST_STEP][PASSED] - selectOptionByValue: All options with value 'สูงกว่าปริญญาตรี' are selected in object 'Object Repository/Register_Page/select__1'  using regular expression

2561-03-31 20:34:58 - [MESSAGE][PASSED] - All options with value 'สูงกว่าปริญญาตรี' are selected in object 'Object Repository/Register_Page/select__1'  using regular expression

2561-03-31 20:34:58 - [TEST_STEP][PASSED] - selectOptionByValue: All options with value 'อื่นๆ' are selected in object 'Object Repository/Register_Page/select__2'  using regular expression

2561-03-31 20:34:58 - [MESSAGE][PASSED] - All options with value 'อื่นๆ' are selected in object 'Object Repository/Register_Page/select__2'  using regular expression

2561-03-31 20:34:58 - [TEST_STEP][PASSED] - setText: Text 'ทดสอบ*-/asd' is set on object 'Object Repository/Register_Page/input_ADDRESS_NO'

2561-03-31 20:34:59 - [MESSAGE][PASSED] - Text 'ทดสอบ*-/asd' is set on object 'Object Repository/Register_Page/input_ADDRESS_NO'

2561-03-31 20:34:59 - [TEST_STEP][PASSED] - setText: Text '10' is set on object 'Object Repository/Register_Page/input_ADDRESS_MOO'

2561-03-31 20:34:59 - [MESSAGE][PASSED] - Text '10' is set on object 'Object Repository/Register_Page/input_ADDRESS_MOO'

2561-03-31 20:34:59 - [TEST_STEP][PASSED] - setText: Text 'พหลโยธิน' is set on object 'Object Repository/Register_Page/input_ADDRESS_ROAD'

2561-03-31 20:34:59 - [MESSAGE][PASSED] - Text 'พหลโยธิน' is set on object 'Object Repository/Register_Page/input_ADDRESS_ROAD'

2561-03-31 20:34:59 - [TEST_STEP][PASSED] - delay: Delayed 2 second(s)

2561-03-31 20:35:01 - [MESSAGE][PASSED] - Delayed 2 second(s)

2561-03-31 20:35:01 - [TEST_STEP][PASSED] - selectOptionByValue: All options with value '45' are selected in object 'Object Repository/Register_Page/ADDRESS_PROVINCE' 

2561-03-31 20:35:01 - [MESSAGE][PASSED] - All options with value '45' are selected in object 'Object Repository/Register_Page/ADDRESS_PROVINCE' 

2561-03-31 20:35:01 - [TEST_STEP][PASSED] - delay: Delayed 2 second(s)

2561-03-31 20:35:03 - [MESSAGE][PASSED] - Delayed 2 second(s)

2561-03-31 20:35:03 - [TEST_STEP][PASSED] - selectOptionByValue: All options with value '665' are selected in object 'Object Repository/Register_Page/ADDRESS_DISTRICT' 

2561-03-31 20:35:03 - [MESSAGE][PASSED] - All options with value '665' are selected in object 'Object Repository/Register_Page/ADDRESS_DISTRICT' 

2561-03-31 20:35:03 - [TEST_STEP][PASSED] - delay: Delayed 2 second(s)

2561-03-31 20:35:05 - [MESSAGE][PASSED] - Delayed 2 second(s)

2561-03-31 20:35:05 - [TEST_STEP][PASSED] - selectOptionByValue: All options with value '14726' are selected in object 'Object Repository/Register_Page/ADDRESS_SUBDISTRICT' 

2561-03-31 20:35:05 - [MESSAGE][PASSED] - All options with value '14726' are selected in object 'Object Repository/Register_Page/ADDRESS_SUBDISTRICT' 

2561-03-31 20:35:05 - [TEST_STEP][PASSED] - setText: Text '57130' is set on object 'Object Repository/Register_Page/input_ADDRESS_POSTCODE'

2561-03-31 20:35:05 - [MESSAGE][PASSED] - Text '57130' is set on object 'Object Repository/Register_Page/input_ADDRESS_POSTCODE'

2561-03-31 20:35:05 - [TEST_STEP][PASSED] - selectOptionByValue: All options with value 'กำลังทำงาน' are selected in object 'Object Repository/Register_Page/select__3'  using regular expression

2561-03-31 20:35:05 - [MESSAGE][PASSED] - All options with value 'กำลังทำงาน' are selected in object 'Object Repository/Register_Page/select__3'  using regular expression

2561-03-31 20:35:05 - [TEST_STEP][PASSED] - setText: Text '3 หมู่ที่ 10 ต.โป่งผา อ.แม่สาย จ.เชียงราย' is set on object 'Object Repository/Register_Page/input_ADDRESS_ALL'

2561-03-31 20:35:06 - [MESSAGE][PASSED] - Text '3 หมู่ที่ 10 ต.โป่งผา อ.แม่สาย จ.เชียงราย' is set on object 'Object Repository/Register_Page/input_ADDRESS_ALL'

2561-03-31 20:35:06 - [TEST_STEP][PASSED] - setText: Text '053646789' is set on object 'Object Repository/Register_Page/input_PHONE'

2561-03-31 20:35:06 - [MESSAGE][PASSED] - Text '053646789' is set on object 'Object Repository/Register_Page/input_PHONE'

2561-03-31 20:35:06 - [TEST_STEP][PASSED] - setText: Text '0827975510' is set on object 'Object Repository/Register_Page/input_CELL_PHONE'

2561-03-31 20:35:06 - [MESSAGE][PASSED] - Text '0827975510' is set on object 'Object Repository/Register_Page/input_CELL_PHONE'

2561-03-31 20:35:06 - [TEST_STEP][PASSED] - setText: Text '025445687' is set on object 'Object Repository/Register_Page/input_FAX'

2561-03-31 20:35:06 - [MESSAGE][PASSED] - Text '025445687' is set on object 'Object Repository/Register_Page/input_FAX'

2561-03-31 20:35:06 - [TEST_STEP][PASSED] - click: Object: 'Object Repository/Register_Page/input_submit (1)' is clicked on

2561-03-31 20:35:07 - [MESSAGE][PASSED] - Object: 'Object Repository/Register_Page/input_submit (1)' is clicked on

2561-03-31 20:35:07 - [TEST_STEP][PASSED] - closeBrowser: Browser is closed

2561-03-31 20:35:08 - [MESSAGE][PASSED] - Browser is closed]]></system-out>
         <system-err><![CDATA[]]></system-err>
      </testcase>
      <testcase name="Test Cases/Register volunteer/Register30" classname="Test Cases/Register volunteer/Register30" status="PASSED">
         <system-out><![CDATA[2561-03-31 20:35:08 - [TEST_CASE][PASSED] - Test Cases/Register volunteer/Register30: Test Cases/Register volunteer/Register30

2561-03-31 20:35:08 - [TEST_STEP][PASSED] - openBrowser: Browser is opened with url: ''

2561-03-31 20:35:10 - [MESSAGE][PASSED] - Browser is opened with url: ''

2561-03-31 20:35:10 - [TEST_STEP][PASSED] - navigateToUrl: Navigate to 'http://vivblind.play2pay.me/' successfully

2561-03-31 20:35:14 - [MESSAGE][PASSED] - Navigate to 'http://vivblind.play2pay.me/' successfully

2561-03-31 20:35:14 - [TEST_STEP][PASSED] - click: Object: 'Object Repository/Register_Page/a_' is clicked on

2561-03-31 20:35:14 - [MESSAGE][PASSED] - Object: 'Object Repository/Register_Page/a_' is clicked on

2561-03-31 20:35:14 - [TEST_STEP][PASSED] - setText: Text 'suphisit1@gmail.com' is set on object 'Object Repository/Register_Page/input_EMAIL (1)'

2561-03-31 20:35:14 - [MESSAGE][PASSED] - Text 'suphisit1@gmail.com' is set on object 'Object Repository/Register_Page/input_EMAIL (1)'

2561-03-31 20:35:14 - [TEST_STEP][PASSED] - setText: Text '0857098359' is set on object 'Object Repository/Register_Page/input_PASSWORD'

2561-03-31 20:35:14 - [MESSAGE][PASSED] - Text '0857098359' is set on object 'Object Repository/Register_Page/input_PASSWORD'

2561-03-31 20:35:14 - [TEST_STEP][PASSED] - setText: Text '0857098359' is set on object 'Object Repository/Register_Page/input_password_confirmation'

2561-03-31 20:35:15 - [MESSAGE][PASSED] - Text '0857098359' is set on object 'Object Repository/Register_Page/input_password_confirmation'

2561-03-31 20:35:15 - [TEST_STEP][PASSED] - uploadFile: File 'C:\Users\Administrator\Desktop\Test.jpg' sent to object: 'Object Repository/Register_Page/Upload File'

2561-03-31 20:35:15 - [MESSAGE][PASSED] - File 'C:\Users\Administrator\Desktop\Test.jpg' sent to object: 'Object Repository/Register_Page/Upload File'

2561-03-31 20:35:15 - [TEST_STEP][PASSED] - setText: Text 'ศุภิสิทธิ์ ' is set on object 'Object Repository/Register_Page/input_FIRST_NAME_TH'

2561-03-31 20:35:15 - [MESSAGE][PASSED] - Text 'ศุภิสิทธิ์ ' is set on object 'Object Repository/Register_Page/input_FIRST_NAME_TH'

2561-03-31 20:35:15 - [TEST_STEP][PASSED] - setText: Text 'ไข่กา' is set on object 'Object Repository/Register_Page/input_LAST_NAME_TH'

2561-03-31 20:35:15 - [MESSAGE][PASSED] - Text 'ไข่กา' is set on object 'Object Repository/Register_Page/input_LAST_NAME_TH'

2561-03-31 20:35:15 - [TEST_STEP][PASSED] - setText: Text 'Suphisit' is set on object 'Object Repository/Register_Page/input_FIRST_NAME_EN'

2561-03-31 20:35:15 - [MESSAGE][PASSED] - Text 'Suphisit' is set on object 'Object Repository/Register_Page/input_FIRST_NAME_EN'

2561-03-31 20:35:15 - [TEST_STEP][PASSED] - setText: Text 'Khaika' is set on object 'Object Repository/Register_Page/input_LAST_NAME_EN'

2561-03-31 20:35:15 - [MESSAGE][PASSED] - Text 'Khaika' is set on object 'Object Repository/Register_Page/input_LAST_NAME_EN'

2561-03-31 20:35:15 - [TEST_STEP][PASSED] - setText: Text '13/10/1994' is set on object 'Object Repository/Register_Page/input_BIRTH_DATE'

2561-03-31 20:35:15 - [MESSAGE][PASSED] - Text '13/10/1994' is set on object 'Object Repository/Register_Page/input_BIRTH_DATE'

2561-03-31 20:35:15 - [TEST_STEP][PASSED] - selectOptionByValue: All options with value 'อื่นๆ' are selected in object 'Object Repository/Register_Page/select_'  using regular expression

2561-03-31 20:35:16 - [MESSAGE][PASSED] - All options with value 'อื่นๆ' are selected in object 'Object Repository/Register_Page/select_'  using regular expression

2561-03-31 20:35:16 - [TEST_STEP][PASSED] - selectOptionByValue: All options with value 'สูงกว่าปริญญาตรี' are selected in object 'Object Repository/Register_Page/select__1'  using regular expression

2561-03-31 20:35:16 - [MESSAGE][PASSED] - All options with value 'สูงกว่าปริญญาตรี' are selected in object 'Object Repository/Register_Page/select__1'  using regular expression

2561-03-31 20:35:16 - [TEST_STEP][PASSED] - selectOptionByValue: All options with value 'อื่นๆ' are selected in object 'Object Repository/Register_Page/select__2'  using regular expression

2561-03-31 20:35:16 - [MESSAGE][PASSED] - All options with value 'อื่นๆ' are selected in object 'Object Repository/Register_Page/select__2'  using regular expression

2561-03-31 20:35:16 - [TEST_STEP][PASSED] - setText: Text '3' is set on object 'Object Repository/Register_Page/input_ADDRESS_NO'

2561-03-31 20:35:16 - [MESSAGE][PASSED] - Text '3' is set on object 'Object Repository/Register_Page/input_ADDRESS_NO'

2561-03-31 20:35:16 - [TEST_STEP][PASSED] - setText: Text '' is set on object 'Object Repository/Register_Page/input_ADDRESS_MOO'

2561-03-31 20:35:16 - [MESSAGE][PASSED] - Text '' is set on object 'Object Repository/Register_Page/input_ADDRESS_MOO'

2561-03-31 20:35:16 - [TEST_STEP][PASSED] - setText: Text '' is set on object 'Object Repository/Register_Page/input_ADDRESS_ROAD'

2561-03-31 20:35:16 - [MESSAGE][PASSED] - Text '' is set on object 'Object Repository/Register_Page/input_ADDRESS_ROAD'

2561-03-31 20:35:16 - [TEST_STEP][PASSED] - delay: Delayed 2 second(s)

2561-03-31 20:35:18 - [MESSAGE][PASSED] - Delayed 2 second(s)

2561-03-31 20:35:18 - [TEST_STEP][PASSED] - selectOptionByValue: All options with value '45' are selected in object 'Object Repository/Register_Page/ADDRESS_PROVINCE' 

2561-03-31 20:35:19 - [MESSAGE][PASSED] - All options with value '45' are selected in object 'Object Repository/Register_Page/ADDRESS_PROVINCE' 

2561-03-31 20:35:19 - [TEST_STEP][PASSED] - delay: Delayed 2 second(s)

2561-03-31 20:35:21 - [MESSAGE][PASSED] - Delayed 2 second(s)

2561-03-31 20:35:21 - [TEST_STEP][PASSED] - selectOptionByValue: All options with value '665' are selected in object 'Object Repository/Register_Page/ADDRESS_DISTRICT' 

2561-03-31 20:35:21 - [MESSAGE][PASSED] - All options with value '665' are selected in object 'Object Repository/Register_Page/ADDRESS_DISTRICT' 

2561-03-31 20:35:21 - [TEST_STEP][PASSED] - delay: Delayed 2 second(s)

2561-03-31 20:35:23 - [MESSAGE][PASSED] - Delayed 2 second(s)

2561-03-31 20:35:23 - [TEST_STEP][PASSED] - selectOptionByValue: All options with value '14726' are selected in object 'Object Repository/Register_Page/ADDRESS_SUBDISTRICT' 

2561-03-31 20:35:23 - [MESSAGE][PASSED] - All options with value '14726' are selected in object 'Object Repository/Register_Page/ADDRESS_SUBDISTRICT' 

2561-03-31 20:35:23 - [TEST_STEP][PASSED] - setText: Text '57130' is set on object 'Object Repository/Register_Page/input_ADDRESS_POSTCODE'

2561-03-31 20:35:23 - [MESSAGE][PASSED] - Text '57130' is set on object 'Object Repository/Register_Page/input_ADDRESS_POSTCODE'

2561-03-31 20:35:23 - [TEST_STEP][PASSED] - selectOptionByValue: All options with value 'กำลังทำงาน' are selected in object 'Object Repository/Register_Page/select__3'  using regular expression

2561-03-31 20:35:23 - [MESSAGE][PASSED] - All options with value 'กำลังทำงาน' are selected in object 'Object Repository/Register_Page/select__3'  using regular expression

2561-03-31 20:35:23 - [TEST_STEP][PASSED] - setText: Text '3 หมู่ที่ 10 ต.โป่งผา อ.แม่สาย จ.เชียงราย' is set on object 'Object Repository/Register_Page/input_ADDRESS_ALL'

2561-03-31 20:35:24 - [MESSAGE][PASSED] - Text '3 หมู่ที่ 10 ต.โป่งผา อ.แม่สาย จ.เชียงราย' is set on object 'Object Repository/Register_Page/input_ADDRESS_ALL'

2561-03-31 20:35:24 - [TEST_STEP][PASSED] - setText: Text '053646789' is set on object 'Object Repository/Register_Page/input_PHONE'

2561-03-31 20:35:24 - [MESSAGE][PASSED] - Text '053646789' is set on object 'Object Repository/Register_Page/input_PHONE'

2561-03-31 20:35:24 - [TEST_STEP][PASSED] - setText: Text '0827975510' is set on object 'Object Repository/Register_Page/input_CELL_PHONE'

2561-03-31 20:35:24 - [MESSAGE][PASSED] - Text '0827975510' is set on object 'Object Repository/Register_Page/input_CELL_PHONE'

2561-03-31 20:35:24 - [TEST_STEP][PASSED] - setText: Text '025445687' is set on object 'Object Repository/Register_Page/input_FAX'

2561-03-31 20:35:24 - [MESSAGE][PASSED] - Text '025445687' is set on object 'Object Repository/Register_Page/input_FAX'

2561-03-31 20:35:24 - [TEST_STEP][PASSED] - click: Object: 'Object Repository/Register_Page/input_submit (1)' is clicked on

2561-03-31 20:35:25 - [MESSAGE][PASSED] - Object: 'Object Repository/Register_Page/input_submit (1)' is clicked on

2561-03-31 20:35:25 - [TEST_STEP][PASSED] - closeBrowser: Browser is closed

2561-03-31 20:35:26 - [MESSAGE][PASSED] - Browser is closed]]></system-out>
         <system-err><![CDATA[]]></system-err>
      </testcase>
      <testcase name="Test Cases/Register volunteer/Register31" classname="Test Cases/Register volunteer/Register31" status="PASSED">
         <system-out><![CDATA[2561-03-31 20:35:26 - [TEST_CASE][PASSED] - Test Cases/Register volunteer/Register31: Test Cases/Register volunteer/Register31

2561-03-31 20:35:26 - [TEST_STEP][PASSED] - openBrowser: Browser is opened with url: ''

2561-03-31 20:35:28 - [MESSAGE][PASSED] - Browser is opened with url: ''

2561-03-31 20:35:28 - [TEST_STEP][PASSED] - navigateToUrl: Navigate to 'http://vivblind.play2pay.me/' successfully

2561-03-31 20:35:32 - [MESSAGE][PASSED] - Navigate to 'http://vivblind.play2pay.me/' successfully

2561-03-31 20:35:32 - [TEST_STEP][PASSED] - click: Object: 'Object Repository/Register_Page/a_' is clicked on

2561-03-31 20:35:32 - [MESSAGE][PASSED] - Object: 'Object Repository/Register_Page/a_' is clicked on

2561-03-31 20:35:32 - [TEST_STEP][PASSED] - setText: Text 'suphisit1@gmail.com' is set on object 'Object Repository/Register_Page/input_EMAIL (1)'

2561-03-31 20:35:33 - [MESSAGE][PASSED] - Text 'suphisit1@gmail.com' is set on object 'Object Repository/Register_Page/input_EMAIL (1)'

2561-03-31 20:35:33 - [TEST_STEP][PASSED] - setText: Text '0857098359' is set on object 'Object Repository/Register_Page/input_PASSWORD'

2561-03-31 20:35:33 - [MESSAGE][PASSED] - Text '0857098359' is set on object 'Object Repository/Register_Page/input_PASSWORD'

2561-03-31 20:35:33 - [TEST_STEP][PASSED] - setText: Text '0857098359' is set on object 'Object Repository/Register_Page/input_password_confirmation'

2561-03-31 20:35:33 - [MESSAGE][PASSED] - Text '0857098359' is set on object 'Object Repository/Register_Page/input_password_confirmation'

2561-03-31 20:35:33 - [TEST_STEP][PASSED] - uploadFile: File 'C:\Users\Administrator\Desktop\Test.jpg' sent to object: 'Object Repository/Register_Page/Upload File'

2561-03-31 20:35:33 - [MESSAGE][PASSED] - File 'C:\Users\Administrator\Desktop\Test.jpg' sent to object: 'Object Repository/Register_Page/Upload File'

2561-03-31 20:35:33 - [TEST_STEP][PASSED] - setText: Text 'ศุภิสิทธิ์ ' is set on object 'Object Repository/Register_Page/input_FIRST_NAME_TH'

2561-03-31 20:35:33 - [MESSAGE][PASSED] - Text 'ศุภิสิทธิ์ ' is set on object 'Object Repository/Register_Page/input_FIRST_NAME_TH'

2561-03-31 20:35:33 - [TEST_STEP][PASSED] - setText: Text 'ไข่กา' is set on object 'Object Repository/Register_Page/input_LAST_NAME_TH'

2561-03-31 20:35:33 - [MESSAGE][PASSED] - Text 'ไข่กา' is set on object 'Object Repository/Register_Page/input_LAST_NAME_TH'

2561-03-31 20:35:33 - [TEST_STEP][PASSED] - setText: Text 'Suphisit' is set on object 'Object Repository/Register_Page/input_FIRST_NAME_EN'

2561-03-31 20:35:33 - [MESSAGE][PASSED] - Text 'Suphisit' is set on object 'Object Repository/Register_Page/input_FIRST_NAME_EN'

2561-03-31 20:35:33 - [TEST_STEP][PASSED] - setText: Text 'Khaika' is set on object 'Object Repository/Register_Page/input_LAST_NAME_EN'

2561-03-31 20:35:33 - [MESSAGE][PASSED] - Text 'Khaika' is set on object 'Object Repository/Register_Page/input_LAST_NAME_EN'

2561-03-31 20:35:33 - [TEST_STEP][PASSED] - setText: Text '13/10/1994' is set on object 'Object Repository/Register_Page/input_BIRTH_DATE'

2561-03-31 20:35:34 - [MESSAGE][PASSED] - Text '13/10/1994' is set on object 'Object Repository/Register_Page/input_BIRTH_DATE'

2561-03-31 20:35:34 - [TEST_STEP][PASSED] - selectOptionByValue: All options with value 'อื่นๆ' are selected in object 'Object Repository/Register_Page/select_'  using regular expression

2561-03-31 20:35:34 - [MESSAGE][PASSED] - All options with value 'อื่นๆ' are selected in object 'Object Repository/Register_Page/select_'  using regular expression

2561-03-31 20:35:34 - [TEST_STEP][PASSED] - selectOptionByValue: All options with value 'สูงกว่าปริญญาตรี' are selected in object 'Object Repository/Register_Page/select__1'  using regular expression

2561-03-31 20:35:34 - [MESSAGE][PASSED] - All options with value 'สูงกว่าปริญญาตรี' are selected in object 'Object Repository/Register_Page/select__1'  using regular expression

2561-03-31 20:35:34 - [TEST_STEP][PASSED] - selectOptionByValue: All options with value 'อื่นๆ' are selected in object 'Object Repository/Register_Page/select__2'  using regular expression

2561-03-31 20:35:34 - [MESSAGE][PASSED] - All options with value 'อื่นๆ' are selected in object 'Object Repository/Register_Page/select__2'  using regular expression

2561-03-31 20:35:34 - [TEST_STEP][PASSED] - setText: Text '3' is set on object 'Object Repository/Register_Page/input_ADDRESS_NO'

2561-03-31 20:35:34 - [MESSAGE][PASSED] - Text '3' is set on object 'Object Repository/Register_Page/input_ADDRESS_NO'

2561-03-31 20:35:34 - [TEST_STEP][PASSED] - setText: Text 'สิบสี่' is set on object 'Object Repository/Register_Page/input_ADDRESS_MOO'

2561-03-31 20:35:34 - [MESSAGE][PASSED] - Text 'สิบสี่' is set on object 'Object Repository/Register_Page/input_ADDRESS_MOO'

2561-03-31 20:35:34 - [TEST_STEP][PASSED] - setText: Text '1235' is set on object 'Object Repository/Register_Page/input_ADDRESS_ROAD'

2561-03-31 20:35:35 - [MESSAGE][PASSED] - Text '1235' is set on object 'Object Repository/Register_Page/input_ADDRESS_ROAD'

2561-03-31 20:35:35 - [TEST_STEP][PASSED] - delay: Delayed 2 second(s)

2561-03-31 20:35:37 - [MESSAGE][PASSED] - Delayed 2 second(s)

2561-03-31 20:35:37 - [TEST_STEP][PASSED] - selectOptionByValue: All options with value '45' are selected in object 'Object Repository/Register_Page/ADDRESS_PROVINCE' 

2561-03-31 20:35:37 - [MESSAGE][PASSED] - All options with value '45' are selected in object 'Object Repository/Register_Page/ADDRESS_PROVINCE' 

2561-03-31 20:35:37 - [TEST_STEP][PASSED] - delay: Delayed 2 second(s)

2561-03-31 20:35:39 - [MESSAGE][PASSED] - Delayed 2 second(s)

2561-03-31 20:35:39 - [TEST_STEP][PASSED] - selectOptionByValue: All options with value '665' are selected in object 'Object Repository/Register_Page/ADDRESS_DISTRICT' 

2561-03-31 20:35:39 - [MESSAGE][PASSED] - All options with value '665' are selected in object 'Object Repository/Register_Page/ADDRESS_DISTRICT' 

2561-03-31 20:35:39 - [TEST_STEP][PASSED] - delay: Delayed 2 second(s)

2561-03-31 20:35:41 - [MESSAGE][PASSED] - Delayed 2 second(s)

2561-03-31 20:35:41 - [TEST_STEP][PASSED] - selectOptionByValue: All options with value '14726' are selected in object 'Object Repository/Register_Page/ADDRESS_SUBDISTRICT' 

2561-03-31 20:35:41 - [MESSAGE][PASSED] - All options with value '14726' are selected in object 'Object Repository/Register_Page/ADDRESS_SUBDISTRICT' 

2561-03-31 20:35:41 - [TEST_STEP][PASSED] - setText: Text '57130' is set on object 'Object Repository/Register_Page/input_ADDRESS_POSTCODE'

2561-03-31 20:35:41 - [MESSAGE][PASSED] - Text '57130' is set on object 'Object Repository/Register_Page/input_ADDRESS_POSTCODE'

2561-03-31 20:35:41 - [TEST_STEP][PASSED] - selectOptionByValue: All options with value 'กำลังทำงาน' are selected in object 'Object Repository/Register_Page/select__3'  using regular expression

2561-03-31 20:35:41 - [MESSAGE][PASSED] - All options with value 'กำลังทำงาน' are selected in object 'Object Repository/Register_Page/select__3'  using regular expression

2561-03-31 20:35:41 - [TEST_STEP][PASSED] - setText: Text '3 หมู่ที่ 10 ต.โป่งผา อ.แม่สาย จ.เชียงราย' is set on object 'Object Repository/Register_Page/input_ADDRESS_ALL'

2561-03-31 20:35:42 - [MESSAGE][PASSED] - Text '3 หมู่ที่ 10 ต.โป่งผา อ.แม่สาย จ.เชียงราย' is set on object 'Object Repository/Register_Page/input_ADDRESS_ALL'

2561-03-31 20:35:42 - [TEST_STEP][PASSED] - setText: Text '053646789' is set on object 'Object Repository/Register_Page/input_PHONE'

2561-03-31 20:35:42 - [MESSAGE][PASSED] - Text '053646789' is set on object 'Object Repository/Register_Page/input_PHONE'

2561-03-31 20:35:42 - [TEST_STEP][PASSED] - setText: Text '0827975510' is set on object 'Object Repository/Register_Page/input_CELL_PHONE'

2561-03-31 20:35:42 - [MESSAGE][PASSED] - Text '0827975510' is set on object 'Object Repository/Register_Page/input_CELL_PHONE'

2561-03-31 20:35:42 - [TEST_STEP][PASSED] - setText: Text '025445687' is set on object 'Object Repository/Register_Page/input_FAX'

2561-03-31 20:35:42 - [MESSAGE][PASSED] - Text '025445687' is set on object 'Object Repository/Register_Page/input_FAX'

2561-03-31 20:35:42 - [TEST_STEP][PASSED] - click: Object: 'Object Repository/Register_Page/input_submit (1)' is clicked on

2561-03-31 20:35:43 - [MESSAGE][PASSED] - Object: 'Object Repository/Register_Page/input_submit (1)' is clicked on

2561-03-31 20:35:43 - [TEST_STEP][PASSED] - closeBrowser: Browser is closed

2561-03-31 20:35:44 - [MESSAGE][PASSED] - Browser is closed]]></system-out>
         <system-err><![CDATA[]]></system-err>
      </testcase>
      <testcase name="Test Cases/Register volunteer/Register32" classname="Test Cases/Register volunteer/Register32" status="PASSED">
         <system-out><![CDATA[2561-03-31 20:35:44 - [TEST_CASE][PASSED] - Test Cases/Register volunteer/Register32: Test Cases/Register volunteer/Register32

2561-03-31 20:35:44 - [TEST_STEP][PASSED] - openBrowser: Browser is opened with url: ''

2561-03-31 20:35:46 - [MESSAGE][PASSED] - Browser is opened with url: ''

2561-03-31 20:35:46 - [TEST_STEP][PASSED] - navigateToUrl: Navigate to 'http://vivblind.play2pay.me/' successfully

2561-03-31 20:35:49 - [MESSAGE][PASSED] - Navigate to 'http://vivblind.play2pay.me/' successfully

2561-03-31 20:35:49 - [TEST_STEP][PASSED] - click: Object: 'Object Repository/Register_Page/a_' is clicked on

2561-03-31 20:35:50 - [MESSAGE][PASSED] - Object: 'Object Repository/Register_Page/a_' is clicked on

2561-03-31 20:35:50 - [TEST_STEP][PASSED] - setText: Text 'suphisit1@gmail.com' is set on object 'Object Repository/Register_Page/input_EMAIL (1)'

2561-03-31 20:35:50 - [MESSAGE][PASSED] - Text 'suphisit1@gmail.com' is set on object 'Object Repository/Register_Page/input_EMAIL (1)'

2561-03-31 20:35:50 - [TEST_STEP][PASSED] - setText: Text '0857098359' is set on object 'Object Repository/Register_Page/input_PASSWORD'

2561-03-31 20:35:50 - [MESSAGE][PASSED] - Text '0857098359' is set on object 'Object Repository/Register_Page/input_PASSWORD'

2561-03-31 20:35:50 - [TEST_STEP][PASSED] - setText: Text '0857098359' is set on object 'Object Repository/Register_Page/input_password_confirmation'

2561-03-31 20:35:50 - [MESSAGE][PASSED] - Text '0857098359' is set on object 'Object Repository/Register_Page/input_password_confirmation'

2561-03-31 20:35:50 - [TEST_STEP][PASSED] - uploadFile: File 'C:\Users\Administrator\Desktop\Test.jpg' sent to object: 'Object Repository/Register_Page/Upload File'

2561-03-31 20:35:51 - [MESSAGE][PASSED] - File 'C:\Users\Administrator\Desktop\Test.jpg' sent to object: 'Object Repository/Register_Page/Upload File'

2561-03-31 20:35:51 - [TEST_STEP][PASSED] - setText: Text 'ศุภิสิทธิ์ ' is set on object 'Object Repository/Register_Page/input_FIRST_NAME_TH'

2561-03-31 20:35:51 - [MESSAGE][PASSED] - Text 'ศุภิสิทธิ์ ' is set on object 'Object Repository/Register_Page/input_FIRST_NAME_TH'

2561-03-31 20:35:51 - [TEST_STEP][PASSED] - setText: Text 'ไข่กา' is set on object 'Object Repository/Register_Page/input_LAST_NAME_TH'

2561-03-31 20:35:51 - [MESSAGE][PASSED] - Text 'ไข่กา' is set on object 'Object Repository/Register_Page/input_LAST_NAME_TH'

2561-03-31 20:35:51 - [TEST_STEP][PASSED] - setText: Text 'Suphisit' is set on object 'Object Repository/Register_Page/input_FIRST_NAME_EN'

2561-03-31 20:35:51 - [MESSAGE][PASSED] - Text 'Suphisit' is set on object 'Object Repository/Register_Page/input_FIRST_NAME_EN'

2561-03-31 20:35:51 - [TEST_STEP][PASSED] - setText: Text 'Khaika' is set on object 'Object Repository/Register_Page/input_LAST_NAME_EN'

2561-03-31 20:35:51 - [MESSAGE][PASSED] - Text 'Khaika' is set on object 'Object Repository/Register_Page/input_LAST_NAME_EN'

2561-03-31 20:35:51 - [TEST_STEP][PASSED] - setText: Text '13/10/1994' is set on object 'Object Repository/Register_Page/input_BIRTH_DATE'

2561-03-31 20:35:51 - [MESSAGE][PASSED] - Text '13/10/1994' is set on object 'Object Repository/Register_Page/input_BIRTH_DATE'

2561-03-31 20:35:51 - [TEST_STEP][PASSED] - selectOptionByValue: All options with value 'อื่นๆ' are selected in object 'Object Repository/Register_Page/select_'  using regular expression

2561-03-31 20:35:52 - [MESSAGE][PASSED] - All options with value 'อื่นๆ' are selected in object 'Object Repository/Register_Page/select_'  using regular expression

2561-03-31 20:35:52 - [TEST_STEP][PASSED] - selectOptionByValue: All options with value 'สูงกว่าปริญญาตรี' are selected in object 'Object Repository/Register_Page/select__1'  using regular expression

2561-03-31 20:35:52 - [MESSAGE][PASSED] - All options with value 'สูงกว่าปริญญาตรี' are selected in object 'Object Repository/Register_Page/select__1'  using regular expression

2561-03-31 20:35:52 - [TEST_STEP][PASSED] - selectOptionByValue: All options with value 'อื่นๆ' are selected in object 'Object Repository/Register_Page/select__2'  using regular expression

2561-03-31 20:35:52 - [MESSAGE][PASSED] - All options with value 'อื่นๆ' are selected in object 'Object Repository/Register_Page/select__2'  using regular expression

2561-03-31 20:35:52 - [TEST_STEP][PASSED] - setText: Text '3' is set on object 'Object Repository/Register_Page/input_ADDRESS_NO'

2561-03-31 20:35:52 - [MESSAGE][PASSED] - Text '3' is set on object 'Object Repository/Register_Page/input_ADDRESS_NO'

2561-03-31 20:35:52 - [TEST_STEP][PASSED] - setText: Text '10' is set on object 'Object Repository/Register_Page/input_ADDRESS_MOO'

2561-03-31 20:35:52 - [MESSAGE][PASSED] - Text '10' is set on object 'Object Repository/Register_Page/input_ADDRESS_MOO'

2561-03-31 20:35:52 - [TEST_STEP][PASSED] - setText: Text 'พหลโยธิน' is set on object 'Object Repository/Register_Page/input_ADDRESS_ROAD'

2561-03-31 20:35:52 - [MESSAGE][PASSED] - Text 'พหลโยธิน' is set on object 'Object Repository/Register_Page/input_ADDRESS_ROAD'

2561-03-31 20:35:52 - [TEST_STEP][PASSED] - delay: Delayed 2 second(s)

2561-03-31 20:35:54 - [MESSAGE][PASSED] - Delayed 2 second(s)

2561-03-31 20:35:54 - [TEST_STEP][PASSED] - selectOptionByValue: All options with value '45' are selected in object 'Object Repository/Register_Page/ADDRESS_PROVINCE' 

2561-03-31 20:35:54 - [MESSAGE][PASSED] - All options with value '45' are selected in object 'Object Repository/Register_Page/ADDRESS_PROVINCE' 

2561-03-31 20:35:54 - [TEST_STEP][PASSED] - delay: Delayed 2 second(s)

2561-03-31 20:35:56 - [MESSAGE][PASSED] - Delayed 2 second(s)

2561-03-31 20:35:56 - [TEST_STEP][PASSED] - selectOptionByValue: All options with value '665' are selected in object 'Object Repository/Register_Page/ADDRESS_DISTRICT' 

2561-03-31 20:35:57 - [MESSAGE][PASSED] - All options with value '665' are selected in object 'Object Repository/Register_Page/ADDRESS_DISTRICT' 

2561-03-31 20:35:57 - [TEST_STEP][PASSED] - delay: Delayed 2 second(s)

2561-03-31 20:35:59 - [MESSAGE][PASSED] - Delayed 2 second(s)

2561-03-31 20:35:59 - [TEST_STEP][PASSED] - selectOptionByValue: All options with value '14726' are selected in object 'Object Repository/Register_Page/ADDRESS_SUBDISTRICT' 

2561-03-31 20:35:59 - [MESSAGE][PASSED] - All options with value '14726' are selected in object 'Object Repository/Register_Page/ADDRESS_SUBDISTRICT' 

2561-03-31 20:35:59 - [TEST_STEP][PASSED] - setText: Text '57130' is set on object 'Object Repository/Register_Page/input_ADDRESS_POSTCODE'

2561-03-31 20:35:59 - [MESSAGE][PASSED] - Text '57130' is set on object 'Object Repository/Register_Page/input_ADDRESS_POSTCODE'

2561-03-31 20:35:59 - [TEST_STEP][PASSED] - selectOptionByValue: All options with value 'กำลังทำงาน' are selected in object 'Object Repository/Register_Page/select__3'  using regular expression

2561-03-31 20:35:59 - [MESSAGE][PASSED] - All options with value 'กำลังทำงาน' are selected in object 'Object Repository/Register_Page/select__3'  using regular expression

2561-03-31 20:35:59 - [TEST_STEP][PASSED] - setText: Text '3 หมู่ที่ 10 ต.โป่งผา อ.แม่สาย จ.เชียงราย' is set on object 'Object Repository/Register_Page/input_ADDRESS_ALL'

2561-03-31 20:35:59 - [MESSAGE][PASSED] - Text '3 หมู่ที่ 10 ต.โป่งผา อ.แม่สาย จ.เชียงราย' is set on object 'Object Repository/Register_Page/input_ADDRESS_ALL'

2561-03-31 20:35:59 - [TEST_STEP][PASSED] - setText: Text '053646789' is set on object 'Object Repository/Register_Page/input_PHONE'

2561-03-31 20:35:59 - [MESSAGE][PASSED] - Text '053646789' is set on object 'Object Repository/Register_Page/input_PHONE'

2561-03-31 20:35:59 - [TEST_STEP][PASSED] - setText: Text '0827975510' is set on object 'Object Repository/Register_Page/input_CELL_PHONE'

2561-03-31 20:36:00 - [MESSAGE][PASSED] - Text '0827975510' is set on object 'Object Repository/Register_Page/input_CELL_PHONE'

2561-03-31 20:36:00 - [TEST_STEP][PASSED] - setText: Text '025445687' is set on object 'Object Repository/Register_Page/input_FAX'

2561-03-31 20:36:00 - [MESSAGE][PASSED] - Text '025445687' is set on object 'Object Repository/Register_Page/input_FAX'

2561-03-31 20:36:00 - [TEST_STEP][PASSED] - click: Object: 'Object Repository/Register_Page/input_submit (1)' is clicked on

2561-03-31 20:36:01 - [MESSAGE][PASSED] - Object: 'Object Repository/Register_Page/input_submit (1)' is clicked on

2561-03-31 20:36:01 - [TEST_STEP][PASSED] - closeBrowser: Browser is closed

2561-03-31 20:36:01 - [MESSAGE][PASSED] - Browser is closed]]></system-out>
         <system-err><![CDATA[]]></system-err>
      </testcase>
      <testcase name="Test Cases/Register volunteer/Register33" classname="Test Cases/Register volunteer/Register33" status="PASSED">
         <system-out><![CDATA[2561-03-31 20:36:01 - [TEST_CASE][PASSED] - Test Cases/Register volunteer/Register33: Test Cases/Register volunteer/Register33

2561-03-31 20:36:02 - [TEST_STEP][PASSED] - openBrowser: Browser is opened with url: ''

2561-03-31 20:36:04 - [MESSAGE][PASSED] - Browser is opened with url: ''

2561-03-31 20:36:04 - [TEST_STEP][PASSED] - navigateToUrl: Navigate to 'http://vivblind.play2pay.me/' successfully

2561-03-31 20:36:07 - [MESSAGE][PASSED] - Navigate to 'http://vivblind.play2pay.me/' successfully

2561-03-31 20:36:07 - [TEST_STEP][PASSED] - click: Object: 'Object Repository/Register_Page/a_' is clicked on

2561-03-31 20:36:08 - [MESSAGE][PASSED] - Object: 'Object Repository/Register_Page/a_' is clicked on

2561-03-31 20:36:08 - [TEST_STEP][PASSED] - setText: Text 'suphisit1@gmail.com' is set on object 'Object Repository/Register_Page/input_EMAIL (1)'

2561-03-31 20:36:08 - [MESSAGE][PASSED] - Text 'suphisit1@gmail.com' is set on object 'Object Repository/Register_Page/input_EMAIL (1)'

2561-03-31 20:36:08 - [TEST_STEP][PASSED] - setText: Text '0857098359' is set on object 'Object Repository/Register_Page/input_PASSWORD'

2561-03-31 20:36:08 - [MESSAGE][PASSED] - Text '0857098359' is set on object 'Object Repository/Register_Page/input_PASSWORD'

2561-03-31 20:36:08 - [TEST_STEP][PASSED] - setText: Text '0857098359' is set on object 'Object Repository/Register_Page/input_password_confirmation'

2561-03-31 20:36:08 - [MESSAGE][PASSED] - Text '0857098359' is set on object 'Object Repository/Register_Page/input_password_confirmation'

2561-03-31 20:36:08 - [TEST_STEP][PASSED] - uploadFile: File 'C:\Users\Administrator\Desktop\Test.jpg' sent to object: 'Object Repository/Register_Page/Upload File'

2561-03-31 20:36:08 - [MESSAGE][PASSED] - File 'C:\Users\Administrator\Desktop\Test.jpg' sent to object: 'Object Repository/Register_Page/Upload File'

2561-03-31 20:36:08 - [TEST_STEP][PASSED] - setText: Text 'ศุภิสิทธิ์ ' is set on object 'Object Repository/Register_Page/input_FIRST_NAME_TH'

2561-03-31 20:36:08 - [MESSAGE][PASSED] - Text 'ศุภิสิทธิ์ ' is set on object 'Object Repository/Register_Page/input_FIRST_NAME_TH'

2561-03-31 20:36:08 - [TEST_STEP][PASSED] - setText: Text 'ไข่กา' is set on object 'Object Repository/Register_Page/input_LAST_NAME_TH'

2561-03-31 20:36:09 - [MESSAGE][PASSED] - Text 'ไข่กา' is set on object 'Object Repository/Register_Page/input_LAST_NAME_TH'

2561-03-31 20:36:09 - [TEST_STEP][PASSED] - setText: Text 'Suphisit' is set on object 'Object Repository/Register_Page/input_FIRST_NAME_EN'

2561-03-31 20:36:09 - [MESSAGE][PASSED] - Text 'Suphisit' is set on object 'Object Repository/Register_Page/input_FIRST_NAME_EN'

2561-03-31 20:36:09 - [TEST_STEP][PASSED] - setText: Text 'Khaika' is set on object 'Object Repository/Register_Page/input_LAST_NAME_EN'

2561-03-31 20:36:09 - [MESSAGE][PASSED] - Text 'Khaika' is set on object 'Object Repository/Register_Page/input_LAST_NAME_EN'

2561-03-31 20:36:09 - [TEST_STEP][PASSED] - setText: Text '13/10/1994' is set on object 'Object Repository/Register_Page/input_BIRTH_DATE'

2561-03-31 20:36:09 - [MESSAGE][PASSED] - Text '13/10/1994' is set on object 'Object Repository/Register_Page/input_BIRTH_DATE'

2561-03-31 20:36:09 - [TEST_STEP][PASSED] - selectOptionByValue: All options with value 'อื่นๆ' are selected in object 'Object Repository/Register_Page/select_'  using regular expression

2561-03-31 20:36:09 - [MESSAGE][PASSED] - All options with value 'อื่นๆ' are selected in object 'Object Repository/Register_Page/select_'  using regular expression

2561-03-31 20:36:09 - [TEST_STEP][PASSED] - selectOptionByValue: All options with value 'สูงกว่าปริญญาตรี' are selected in object 'Object Repository/Register_Page/select__1'  using regular expression

2561-03-31 20:36:10 - [MESSAGE][PASSED] - All options with value 'สูงกว่าปริญญาตรี' are selected in object 'Object Repository/Register_Page/select__1'  using regular expression

2561-03-31 20:36:10 - [TEST_STEP][PASSED] - selectOptionByValue: All options with value 'อื่นๆ' are selected in object 'Object Repository/Register_Page/select__2'  using regular expression

2561-03-31 20:36:10 - [MESSAGE][PASSED] - All options with value 'อื่นๆ' are selected in object 'Object Repository/Register_Page/select__2'  using regular expression

2561-03-31 20:36:10 - [TEST_STEP][PASSED] - setText: Text '3' is set on object 'Object Repository/Register_Page/input_ADDRESS_NO'

2561-03-31 20:36:10 - [MESSAGE][PASSED] - Text '3' is set on object 'Object Repository/Register_Page/input_ADDRESS_NO'

2561-03-31 20:36:10 - [TEST_STEP][PASSED] - setText: Text '10' is set on object 'Object Repository/Register_Page/input_ADDRESS_MOO'

2561-03-31 20:36:10 - [MESSAGE][PASSED] - Text '10' is set on object 'Object Repository/Register_Page/input_ADDRESS_MOO'

2561-03-31 20:36:10 - [TEST_STEP][PASSED] - setText: Text 'พหลโยธิน' is set on object 'Object Repository/Register_Page/input_ADDRESS_ROAD'

2561-03-31 20:36:10 - [MESSAGE][PASSED] - Text 'พหลโยธิน' is set on object 'Object Repository/Register_Page/input_ADDRESS_ROAD'

2561-03-31 20:36:10 - [TEST_STEP][PASSED] - delay: Delayed 2 second(s)

2561-03-31 20:36:12 - [MESSAGE][PASSED] - Delayed 2 second(s)

2561-03-31 20:36:12 - [TEST_STEP][PASSED] - selectOptionByValue: All options with value '45' are selected in object 'Object Repository/Register_Page/ADDRESS_PROVINCE' 

2561-03-31 20:36:12 - [MESSAGE][PASSED] - All options with value '45' are selected in object 'Object Repository/Register_Page/ADDRESS_PROVINCE' 

2561-03-31 20:36:12 - [TEST_STEP][PASSED] - setText: Text '57130' is set on object 'Object Repository/Register_Page/input_ADDRESS_POSTCODE'

2561-03-31 20:36:12 - [MESSAGE][PASSED] - Text '57130' is set on object 'Object Repository/Register_Page/input_ADDRESS_POSTCODE'

2561-03-31 20:36:12 - [TEST_STEP][PASSED] - selectOptionByValue: All options with value 'กำลังทำงาน' are selected in object 'Object Repository/Register_Page/select__3'  using regular expression

2561-03-31 20:36:13 - [MESSAGE][PASSED] - All options with value 'กำลังทำงาน' are selected in object 'Object Repository/Register_Page/select__3'  using regular expression

2561-03-31 20:36:13 - [TEST_STEP][PASSED] - setText: Text '3 หมู่ที่ 10 ต.โป่งผา อ.แม่สาย จ.เชียงราย' is set on object 'Object Repository/Register_Page/input_ADDRESS_ALL'

2561-03-31 20:36:13 - [MESSAGE][PASSED] - Text '3 หมู่ที่ 10 ต.โป่งผา อ.แม่สาย จ.เชียงราย' is set on object 'Object Repository/Register_Page/input_ADDRESS_ALL'

2561-03-31 20:36:13 - [TEST_STEP][PASSED] - setText: Text '053646789' is set on object 'Object Repository/Register_Page/input_PHONE'

2561-03-31 20:36:13 - [MESSAGE][PASSED] - Text '053646789' is set on object 'Object Repository/Register_Page/input_PHONE'

2561-03-31 20:36:13 - [TEST_STEP][PASSED] - setText: Text '0827975510' is set on object 'Object Repository/Register_Page/input_CELL_PHONE'

2561-03-31 20:36:13 - [MESSAGE][PASSED] - Text '0827975510' is set on object 'Object Repository/Register_Page/input_CELL_PHONE'

2561-03-31 20:36:13 - [TEST_STEP][PASSED] - setText: Text '025445687' is set on object 'Object Repository/Register_Page/input_FAX'

2561-03-31 20:36:13 - [MESSAGE][PASSED] - Text '025445687' is set on object 'Object Repository/Register_Page/input_FAX'

2561-03-31 20:36:13 - [TEST_STEP][PASSED] - click: Object: 'Object Repository/Register_Page/input_submit (1)' is clicked on

2561-03-31 20:36:14 - [MESSAGE][PASSED] - Object: 'Object Repository/Register_Page/input_submit (1)' is clicked on

2561-03-31 20:36:14 - [TEST_STEP][PASSED] - verifyTextPresent: Text 'กรุณาเลือกอำเภอ' is present on page 

2561-03-31 20:36:14 - [MESSAGE][PASSED] - Text 'กรุณาเลือกอำเภอ' is present on page 

2561-03-31 20:36:14 - [TEST_STEP][PASSED] - verifyTextPresent: Text 'กรุณาเลือกตำบล' is present on page 

2561-03-31 20:36:14 - [MESSAGE][PASSED] - Text 'กรุณาเลือกตำบล' is present on page 

2561-03-31 20:36:14 - [TEST_STEP][PASSED] - closeBrowser: Browser is closed

2561-03-31 20:36:15 - [MESSAGE][PASSED] - Browser is closed]]></system-out>
         <system-err><![CDATA[]]></system-err>
      </testcase>
      <testcase name="Test Cases/Register volunteer/Register34" classname="Test Cases/Register volunteer/Register34" status="PASSED">
         <system-out><![CDATA[2561-03-31 20:36:15 - [TEST_CASE][PASSED] - Test Cases/Register volunteer/Register34: Test Cases/Register volunteer/Register34

2561-03-31 20:36:15 - [TEST_STEP][PASSED] - openBrowser: Browser is opened with url: ''

2561-03-31 20:36:17 - [MESSAGE][PASSED] - Browser is opened with url: ''

2561-03-31 20:36:17 - [TEST_STEP][PASSED] - navigateToUrl: Navigate to 'http://vivblind.play2pay.me/' successfully

2561-03-31 20:36:21 - [MESSAGE][PASSED] - Navigate to 'http://vivblind.play2pay.me/' successfully

2561-03-31 20:36:21 - [TEST_STEP][PASSED] - click: Object: 'Object Repository/Register_Page/a_' is clicked on

2561-03-31 20:36:21 - [MESSAGE][PASSED] - Object: 'Object Repository/Register_Page/a_' is clicked on

2561-03-31 20:36:21 - [TEST_STEP][PASSED] - setText: Text 'suphisit1@gmail.com' is set on object 'Object Repository/Register_Page/input_EMAIL (1)'

2561-03-31 20:36:22 - [MESSAGE][PASSED] - Text 'suphisit1@gmail.com' is set on object 'Object Repository/Register_Page/input_EMAIL (1)'

2561-03-31 20:36:22 - [TEST_STEP][PASSED] - setText: Text '0857098359' is set on object 'Object Repository/Register_Page/input_PASSWORD'

2561-03-31 20:36:22 - [MESSAGE][PASSED] - Text '0857098359' is set on object 'Object Repository/Register_Page/input_PASSWORD'

2561-03-31 20:36:22 - [TEST_STEP][PASSED] - setText: Text '0857098359' is set on object 'Object Repository/Register_Page/input_password_confirmation'

2561-03-31 20:36:22 - [MESSAGE][PASSED] - Text '0857098359' is set on object 'Object Repository/Register_Page/input_password_confirmation'

2561-03-31 20:36:22 - [TEST_STEP][PASSED] - uploadFile: File 'C:\Users\Administrator\Desktop\Test.jpg' sent to object: 'Object Repository/Register_Page/Upload File'

2561-03-31 20:36:22 - [MESSAGE][PASSED] - File 'C:\Users\Administrator\Desktop\Test.jpg' sent to object: 'Object Repository/Register_Page/Upload File'

2561-03-31 20:36:22 - [TEST_STEP][PASSED] - setText: Text 'ศุภิสิทธิ์ ' is set on object 'Object Repository/Register_Page/input_FIRST_NAME_TH'

2561-03-31 20:36:22 - [MESSAGE][PASSED] - Text 'ศุภิสิทธิ์ ' is set on object 'Object Repository/Register_Page/input_FIRST_NAME_TH'

2561-03-31 20:36:22 - [TEST_STEP][PASSED] - setText: Text 'ไข่กา' is set on object 'Object Repository/Register_Page/input_LAST_NAME_TH'

2561-03-31 20:36:22 - [MESSAGE][PASSED] - Text 'ไข่กา' is set on object 'Object Repository/Register_Page/input_LAST_NAME_TH'

2561-03-31 20:36:22 - [TEST_STEP][PASSED] - setText: Text 'Suphisit' is set on object 'Object Repository/Register_Page/input_FIRST_NAME_EN'

2561-03-31 20:36:23 - [MESSAGE][PASSED] - Text 'Suphisit' is set on object 'Object Repository/Register_Page/input_FIRST_NAME_EN'

2561-03-31 20:36:23 - [TEST_STEP][PASSED] - setText: Text 'Khaika' is set on object 'Object Repository/Register_Page/input_LAST_NAME_EN'

2561-03-31 20:36:23 - [MESSAGE][PASSED] - Text 'Khaika' is set on object 'Object Repository/Register_Page/input_LAST_NAME_EN'

2561-03-31 20:36:23 - [TEST_STEP][PASSED] - setText: Text '13/10/1994' is set on object 'Object Repository/Register_Page/input_BIRTH_DATE'

2561-03-31 20:36:23 - [MESSAGE][PASSED] - Text '13/10/1994' is set on object 'Object Repository/Register_Page/input_BIRTH_DATE'

2561-03-31 20:36:23 - [TEST_STEP][PASSED] - selectOptionByValue: All options with value 'อื่นๆ' are selected in object 'Object Repository/Register_Page/select_'  using regular expression

2561-03-31 20:36:23 - [MESSAGE][PASSED] - All options with value 'อื่นๆ' are selected in object 'Object Repository/Register_Page/select_'  using regular expression

2561-03-31 20:36:23 - [TEST_STEP][PASSED] - selectOptionByValue: All options with value 'สูงกว่าปริญญาตรี' are selected in object 'Object Repository/Register_Page/select__1'  using regular expression

2561-03-31 20:36:23 - [MESSAGE][PASSED] - All options with value 'สูงกว่าปริญญาตรี' are selected in object 'Object Repository/Register_Page/select__1'  using regular expression

2561-03-31 20:36:23 - [TEST_STEP][PASSED] - selectOptionByValue: All options with value 'อื่นๆ' are selected in object 'Object Repository/Register_Page/select__2'  using regular expression

2561-03-31 20:36:24 - [MESSAGE][PASSED] - All options with value 'อื่นๆ' are selected in object 'Object Repository/Register_Page/select__2'  using regular expression

2561-03-31 20:36:24 - [TEST_STEP][PASSED] - setText: Text '3' is set on object 'Object Repository/Register_Page/input_ADDRESS_NO'

2561-03-31 20:36:24 - [MESSAGE][PASSED] - Text '3' is set on object 'Object Repository/Register_Page/input_ADDRESS_NO'

2561-03-31 20:36:24 - [TEST_STEP][PASSED] - setText: Text '10' is set on object 'Object Repository/Register_Page/input_ADDRESS_MOO'

2561-03-31 20:36:24 - [MESSAGE][PASSED] - Text '10' is set on object 'Object Repository/Register_Page/input_ADDRESS_MOO'

2561-03-31 20:36:24 - [TEST_STEP][PASSED] - setText: Text 'พหลโยธิน' is set on object 'Object Repository/Register_Page/input_ADDRESS_ROAD'

2561-03-31 20:36:24 - [MESSAGE][PASSED] - Text 'พหลโยธิน' is set on object 'Object Repository/Register_Page/input_ADDRESS_ROAD'

2561-03-31 20:36:24 - [TEST_STEP][PASSED] - delay: Delayed 2 second(s)

2561-03-31 20:36:26 - [MESSAGE][PASSED] - Delayed 2 second(s)

2561-03-31 20:36:26 - [TEST_STEP][PASSED] - selectOptionByValue: All options with value '45' are selected in object 'Object Repository/Register_Page/ADDRESS_PROVINCE' 

2561-03-31 20:36:26 - [MESSAGE][PASSED] - All options with value '45' are selected in object 'Object Repository/Register_Page/ADDRESS_PROVINCE' 

2561-03-31 20:36:26 - [TEST_STEP][PASSED] - delay: Delayed 2 second(s)

2561-03-31 20:36:28 - [MESSAGE][PASSED] - Delayed 2 second(s)

2561-03-31 20:36:28 - [TEST_STEP][PASSED] - selectOptionByValue: All options with value '665' are selected in object 'Object Repository/Register_Page/ADDRESS_DISTRICT' 

2561-03-31 20:36:28 - [MESSAGE][PASSED] - All options with value '665' are selected in object 'Object Repository/Register_Page/ADDRESS_DISTRICT' 

2561-03-31 20:36:28 - [TEST_STEP][PASSED] - setText: Text '57130' is set on object 'Object Repository/Register_Page/input_ADDRESS_POSTCODE'

2561-03-31 20:36:28 - [MESSAGE][PASSED] - Text '57130' is set on object 'Object Repository/Register_Page/input_ADDRESS_POSTCODE'

2561-03-31 20:36:28 - [TEST_STEP][PASSED] - selectOptionByValue: All options with value 'กำลังทำงาน' are selected in object 'Object Repository/Register_Page/select__3'  using regular expression

2561-03-31 20:36:29 - [MESSAGE][PASSED] - All options with value 'กำลังทำงาน' are selected in object 'Object Repository/Register_Page/select__3'  using regular expression

2561-03-31 20:36:29 - [TEST_STEP][PASSED] - setText: Text '3 หมู่ที่ 10 ต.โป่งผา อ.แม่สาย จ.เชียงราย' is set on object 'Object Repository/Register_Page/input_ADDRESS_ALL'

2561-03-31 20:36:29 - [MESSAGE][PASSED] - Text '3 หมู่ที่ 10 ต.โป่งผา อ.แม่สาย จ.เชียงราย' is set on object 'Object Repository/Register_Page/input_ADDRESS_ALL'

2561-03-31 20:36:29 - [TEST_STEP][PASSED] - setText: Text '053646789' is set on object 'Object Repository/Register_Page/input_PHONE'

2561-03-31 20:36:29 - [MESSAGE][PASSED] - Text '053646789' is set on object 'Object Repository/Register_Page/input_PHONE'

2561-03-31 20:36:29 - [TEST_STEP][PASSED] - setText: Text '0827975510' is set on object 'Object Repository/Register_Page/input_CELL_PHONE'

2561-03-31 20:36:29 - [MESSAGE][PASSED] - Text '0827975510' is set on object 'Object Repository/Register_Page/input_CELL_PHONE'

2561-03-31 20:36:29 - [TEST_STEP][PASSED] - setText: Text '025445687' is set on object 'Object Repository/Register_Page/input_FAX'

2561-03-31 20:36:29 - [MESSAGE][PASSED] - Text '025445687' is set on object 'Object Repository/Register_Page/input_FAX'

2561-03-31 20:36:29 - [TEST_STEP][PASSED] - click: Object: 'Object Repository/Register_Page/input_submit (1)' is clicked on

2561-03-31 20:36:30 - [MESSAGE][PASSED] - Object: 'Object Repository/Register_Page/input_submit (1)' is clicked on

2561-03-31 20:36:30 - [TEST_STEP][PASSED] - verifyTextPresent: Text 'กรุณาเลือกตำบล' is present on page 

2561-03-31 20:36:30 - [MESSAGE][PASSED] - Text 'กรุณาเลือกตำบล' is present on page 

2561-03-31 20:36:30 - [TEST_STEP][PASSED] - closeBrowser: Browser is closed

2561-03-31 20:36:31 - [MESSAGE][PASSED] - Browser is closed]]></system-out>
         <system-err><![CDATA[]]></system-err>
      </testcase>
      <testcase name="Test Cases/Register volunteer/Register35" classname="Test Cases/Register volunteer/Register35" status="PASSED">
         <system-out><![CDATA[2561-03-31 20:36:31 - [TEST_CASE][PASSED] - Test Cases/Register volunteer/Register35: Test Cases/Register volunteer/Register35

2561-03-31 20:36:31 - [TEST_STEP][PASSED] - openBrowser: Browser is opened with url: ''

2561-03-31 20:36:33 - [MESSAGE][PASSED] - Browser is opened with url: ''

2561-03-31 20:36:33 - [TEST_STEP][PASSED] - navigateToUrl: Navigate to 'http://vivblind.play2pay.me/' successfully

2561-03-31 20:36:37 - [MESSAGE][PASSED] - Navigate to 'http://vivblind.play2pay.me/' successfully

2561-03-31 20:36:37 - [TEST_STEP][PASSED] - click: Object: 'Object Repository/Register_Page/a_' is clicked on

2561-03-31 20:36:38 - [MESSAGE][PASSED] - Object: 'Object Repository/Register_Page/a_' is clicked on

2561-03-31 20:36:38 - [TEST_STEP][PASSED] - setText: Text 'suphisit1@gmail.com' is set on object 'Object Repository/Register_Page/input_EMAIL (1)'

2561-03-31 20:36:38 - [MESSAGE][PASSED] - Text 'suphisit1@gmail.com' is set on object 'Object Repository/Register_Page/input_EMAIL (1)'

2561-03-31 20:36:38 - [TEST_STEP][PASSED] - setText: Text '0857098359' is set on object 'Object Repository/Register_Page/input_PASSWORD'

2561-03-31 20:36:38 - [MESSAGE][PASSED] - Text '0857098359' is set on object 'Object Repository/Register_Page/input_PASSWORD'

2561-03-31 20:36:38 - [TEST_STEP][PASSED] - setText: Text '0857098359' is set on object 'Object Repository/Register_Page/input_password_confirmation'

2561-03-31 20:36:38 - [MESSAGE][PASSED] - Text '0857098359' is set on object 'Object Repository/Register_Page/input_password_confirmation'

2561-03-31 20:36:38 - [TEST_STEP][PASSED] - uploadFile: File 'C:\Users\Administrator\Desktop\Test.jpg' sent to object: 'Object Repository/Register_Page/Upload File'

2561-03-31 20:36:38 - [MESSAGE][PASSED] - File 'C:\Users\Administrator\Desktop\Test.jpg' sent to object: 'Object Repository/Register_Page/Upload File'

2561-03-31 20:36:38 - [TEST_STEP][PASSED] - setText: Text 'ศุภิสิทธิ์ ' is set on object 'Object Repository/Register_Page/input_FIRST_NAME_TH'

2561-03-31 20:36:38 - [MESSAGE][PASSED] - Text 'ศุภิสิทธิ์ ' is set on object 'Object Repository/Register_Page/input_FIRST_NAME_TH'

2561-03-31 20:36:38 - [TEST_STEP][PASSED] - setText: Text 'ไข่กา' is set on object 'Object Repository/Register_Page/input_LAST_NAME_TH'

2561-03-31 20:36:39 - [MESSAGE][PASSED] - Text 'ไข่กา' is set on object 'Object Repository/Register_Page/input_LAST_NAME_TH'

2561-03-31 20:36:39 - [TEST_STEP][PASSED] - setText: Text 'Suphisit' is set on object 'Object Repository/Register_Page/input_FIRST_NAME_EN'

2561-03-31 20:36:39 - [MESSAGE][PASSED] - Text 'Suphisit' is set on object 'Object Repository/Register_Page/input_FIRST_NAME_EN'

2561-03-31 20:36:39 - [TEST_STEP][PASSED] - setText: Text 'Khaika' is set on object 'Object Repository/Register_Page/input_LAST_NAME_EN'

2561-03-31 20:36:39 - [MESSAGE][PASSED] - Text 'Khaika' is set on object 'Object Repository/Register_Page/input_LAST_NAME_EN'

2561-03-31 20:36:39 - [TEST_STEP][PASSED] - setText: Text '13/10/1994' is set on object 'Object Repository/Register_Page/input_BIRTH_DATE'

2561-03-31 20:36:39 - [MESSAGE][PASSED] - Text '13/10/1994' is set on object 'Object Repository/Register_Page/input_BIRTH_DATE'

2561-03-31 20:36:39 - [TEST_STEP][PASSED] - selectOptionByValue: All options with value 'อื่นๆ' are selected in object 'Object Repository/Register_Page/select_'  using regular expression

2561-03-31 20:36:39 - [MESSAGE][PASSED] - All options with value 'อื่นๆ' are selected in object 'Object Repository/Register_Page/select_'  using regular expression

2561-03-31 20:36:39 - [TEST_STEP][PASSED] - selectOptionByValue: All options with value 'สูงกว่าปริญญาตรี' are selected in object 'Object Repository/Register_Page/select__1'  using regular expression

2561-03-31 20:36:40 - [MESSAGE][PASSED] - All options with value 'สูงกว่าปริญญาตรี' are selected in object 'Object Repository/Register_Page/select__1'  using regular expression

2561-03-31 20:36:40 - [TEST_STEP][PASSED] - selectOptionByValue: All options with value 'อื่นๆ' are selected in object 'Object Repository/Register_Page/select__2'  using regular expression

2561-03-31 20:36:40 - [MESSAGE][PASSED] - All options with value 'อื่นๆ' are selected in object 'Object Repository/Register_Page/select__2'  using regular expression

2561-03-31 20:36:40 - [TEST_STEP][PASSED] - setText: Text '3' is set on object 'Object Repository/Register_Page/input_ADDRESS_NO'

2561-03-31 20:36:40 - [MESSAGE][PASSED] - Text '3' is set on object 'Object Repository/Register_Page/input_ADDRESS_NO'

2561-03-31 20:36:40 - [TEST_STEP][PASSED] - setText: Text '10' is set on object 'Object Repository/Register_Page/input_ADDRESS_MOO'

2561-03-31 20:36:40 - [MESSAGE][PASSED] - Text '10' is set on object 'Object Repository/Register_Page/input_ADDRESS_MOO'

2561-03-31 20:36:40 - [TEST_STEP][PASSED] - setText: Text 'พหลโยธิน' is set on object 'Object Repository/Register_Page/input_ADDRESS_ROAD'

2561-03-31 20:36:40 - [MESSAGE][PASSED] - Text 'พหลโยธิน' is set on object 'Object Repository/Register_Page/input_ADDRESS_ROAD'

2561-03-31 20:36:40 - [TEST_STEP][PASSED] - setText: Text '57130' is set on object 'Object Repository/Register_Page/input_ADDRESS_POSTCODE'

2561-03-31 20:36:40 - [MESSAGE][PASSED] - Text '57130' is set on object 'Object Repository/Register_Page/input_ADDRESS_POSTCODE'

2561-03-31 20:36:40 - [TEST_STEP][PASSED] - selectOptionByValue: All options with value 'กำลังทำงาน' are selected in object 'Object Repository/Register_Page/select__3'  using regular expression

2561-03-31 20:36:40 - [MESSAGE][PASSED] - All options with value 'กำลังทำงาน' are selected in object 'Object Repository/Register_Page/select__3'  using regular expression

2561-03-31 20:36:40 - [TEST_STEP][PASSED] - setText: Text '3 หมู่ที่ 10 ต.โป่งผา อ.แม่สาย จ.เชียงราย' is set on object 'Object Repository/Register_Page/input_ADDRESS_ALL'

2561-03-31 20:36:41 - [MESSAGE][PASSED] - Text '3 หมู่ที่ 10 ต.โป่งผา อ.แม่สาย จ.เชียงราย' is set on object 'Object Repository/Register_Page/input_ADDRESS_ALL'

2561-03-31 20:36:41 - [TEST_STEP][PASSED] - setText: Text '053646789' is set on object 'Object Repository/Register_Page/input_PHONE'

2561-03-31 20:36:41 - [MESSAGE][PASSED] - Text '053646789' is set on object 'Object Repository/Register_Page/input_PHONE'

2561-03-31 20:36:41 - [TEST_STEP][PASSED] - setText: Text '0827975510' is set on object 'Object Repository/Register_Page/input_CELL_PHONE'

2561-03-31 20:36:41 - [MESSAGE][PASSED] - Text '0827975510' is set on object 'Object Repository/Register_Page/input_CELL_PHONE'

2561-03-31 20:36:41 - [TEST_STEP][PASSED] - setText: Text '025445687' is set on object 'Object Repository/Register_Page/input_FAX'

2561-03-31 20:36:41 - [MESSAGE][PASSED] - Text '025445687' is set on object 'Object Repository/Register_Page/input_FAX'

2561-03-31 20:36:41 - [TEST_STEP][PASSED] - click: Object: 'Object Repository/Register_Page/input_submit (1)' is clicked on

2561-03-31 20:36:42 - [MESSAGE][PASSED] - Object: 'Object Repository/Register_Page/input_submit (1)' is clicked on

2561-03-31 20:36:42 - [TEST_STEP][PASSED] - verifyTextPresent: Text 'กรุณาเลือกจังหวัด' is present on page 

2561-03-31 20:36:42 - [MESSAGE][PASSED] - Text 'กรุณาเลือกจังหวัด' is present on page 

2561-03-31 20:36:42 - [TEST_STEP][PASSED] - verifyTextPresent: Text 'กรุณาเลือกอำเภอ' is present on page 

2561-03-31 20:36:42 - [MESSAGE][PASSED] - Text 'กรุณาเลือกอำเภอ' is present on page 

2561-03-31 20:36:42 - [TEST_STEP][PASSED] - verifyTextPresent: Text 'กรุณาเลือกตำบล' is present on page 

2561-03-31 20:36:42 - [MESSAGE][PASSED] - Text 'กรุณาเลือกตำบล' is present on page 

2561-03-31 20:36:42 - [TEST_STEP][PASSED] - closeBrowser: Browser is closed

2561-03-31 20:36:43 - [MESSAGE][PASSED] - Browser is closed]]></system-out>
         <system-err><![CDATA[]]></system-err>
      </testcase>
      <testcase name="Test Cases/Register volunteer/Register36" classname="Test Cases/Register volunteer/Register36" status="PASSED">
         <system-out><![CDATA[2561-03-31 20:36:43 - [TEST_CASE][PASSED] - Test Cases/Register volunteer/Register36: Test Cases/Register volunteer/Register36

2561-03-31 20:36:43 - [TEST_STEP][PASSED] - openBrowser: Browser is opened with url: ''

2561-03-31 20:36:46 - [MESSAGE][PASSED] - Browser is opened with url: ''

2561-03-31 20:36:46 - [TEST_STEP][PASSED] - navigateToUrl: Navigate to 'http://vivblind.play2pay.me/' successfully

2561-03-31 20:36:49 - [MESSAGE][PASSED] - Navigate to 'http://vivblind.play2pay.me/' successfully

2561-03-31 20:36:49 - [TEST_STEP][PASSED] - click: Object: 'Object Repository/Register_Page/a_' is clicked on

2561-03-31 20:36:49 - [MESSAGE][PASSED] - Object: 'Object Repository/Register_Page/a_' is clicked on

2561-03-31 20:36:49 - [TEST_STEP][PASSED] - setText: Text 'suphisit1@gmail.com' is set on object 'Object Repository/Register_Page/input_EMAIL (1)'

2561-03-31 20:36:50 - [MESSAGE][PASSED] - Text 'suphisit1@gmail.com' is set on object 'Object Repository/Register_Page/input_EMAIL (1)'

2561-03-31 20:36:50 - [TEST_STEP][PASSED] - setText: Text '0857098359' is set on object 'Object Repository/Register_Page/input_PASSWORD'

2561-03-31 20:36:50 - [MESSAGE][PASSED] - Text '0857098359' is set on object 'Object Repository/Register_Page/input_PASSWORD'

2561-03-31 20:36:50 - [TEST_STEP][PASSED] - setText: Text '0857098359' is set on object 'Object Repository/Register_Page/input_password_confirmation'

2561-03-31 20:36:50 - [MESSAGE][PASSED] - Text '0857098359' is set on object 'Object Repository/Register_Page/input_password_confirmation'

2561-03-31 20:36:50 - [TEST_STEP][PASSED] - uploadFile: File 'C:\Users\Administrator\Desktop\Test.jpg' sent to object: 'Object Repository/Register_Page/Upload File'

2561-03-31 20:36:50 - [MESSAGE][PASSED] - File 'C:\Users\Administrator\Desktop\Test.jpg' sent to object: 'Object Repository/Register_Page/Upload File'

2561-03-31 20:36:50 - [TEST_STEP][PASSED] - setText: Text 'ศุภิสิทธิ์ ' is set on object 'Object Repository/Register_Page/input_FIRST_NAME_TH'

2561-03-31 20:36:50 - [MESSAGE][PASSED] - Text 'ศุภิสิทธิ์ ' is set on object 'Object Repository/Register_Page/input_FIRST_NAME_TH'

2561-03-31 20:36:50 - [TEST_STEP][PASSED] - setText: Text 'ไข่กา' is set on object 'Object Repository/Register_Page/input_LAST_NAME_TH'

2561-03-31 20:36:50 - [MESSAGE][PASSED] - Text 'ไข่กา' is set on object 'Object Repository/Register_Page/input_LAST_NAME_TH'

2561-03-31 20:36:50 - [TEST_STEP][PASSED] - setText: Text 'Suphisit' is set on object 'Object Repository/Register_Page/input_FIRST_NAME_EN'

2561-03-31 20:36:50 - [MESSAGE][PASSED] - Text 'Suphisit' is set on object 'Object Repository/Register_Page/input_FIRST_NAME_EN'

2561-03-31 20:36:50 - [TEST_STEP][PASSED] - setText: Text 'Khaika' is set on object 'Object Repository/Register_Page/input_LAST_NAME_EN'

2561-03-31 20:36:51 - [MESSAGE][PASSED] - Text 'Khaika' is set on object 'Object Repository/Register_Page/input_LAST_NAME_EN'

2561-03-31 20:36:51 - [TEST_STEP][PASSED] - setText: Text '13/10/1994' is set on object 'Object Repository/Register_Page/input_BIRTH_DATE'

2561-03-31 20:36:51 - [MESSAGE][PASSED] - Text '13/10/1994' is set on object 'Object Repository/Register_Page/input_BIRTH_DATE'

2561-03-31 20:36:51 - [TEST_STEP][PASSED] - selectOptionByValue: All options with value 'อื่นๆ' are selected in object 'Object Repository/Register_Page/select_'  using regular expression

2561-03-31 20:36:51 - [MESSAGE][PASSED] - All options with value 'อื่นๆ' are selected in object 'Object Repository/Register_Page/select_'  using regular expression

2561-03-31 20:36:51 - [TEST_STEP][PASSED] - selectOptionByValue: All options with value 'สูงกว่าปริญญาตรี' are selected in object 'Object Repository/Register_Page/select__1'  using regular expression

2561-03-31 20:36:51 - [MESSAGE][PASSED] - All options with value 'สูงกว่าปริญญาตรี' are selected in object 'Object Repository/Register_Page/select__1'  using regular expression

2561-03-31 20:36:51 - [TEST_STEP][PASSED] - selectOptionByValue: All options with value 'อื่นๆ' are selected in object 'Object Repository/Register_Page/select__2'  using regular expression

2561-03-31 20:36:51 - [MESSAGE][PASSED] - All options with value 'อื่นๆ' are selected in object 'Object Repository/Register_Page/select__2'  using regular expression

2561-03-31 20:36:51 - [TEST_STEP][PASSED] - setText: Text '3' is set on object 'Object Repository/Register_Page/input_ADDRESS_NO'

2561-03-31 20:36:51 - [MESSAGE][PASSED] - Text '3' is set on object 'Object Repository/Register_Page/input_ADDRESS_NO'

2561-03-31 20:36:51 - [TEST_STEP][PASSED] - setText: Text '10' is set on object 'Object Repository/Register_Page/input_ADDRESS_MOO'

2561-03-31 20:36:52 - [MESSAGE][PASSED] - Text '10' is set on object 'Object Repository/Register_Page/input_ADDRESS_MOO'

2561-03-31 20:36:52 - [TEST_STEP][PASSED] - setText: Text 'พหลโยธิน' is set on object 'Object Repository/Register_Page/input_ADDRESS_ROAD'

2561-03-31 20:36:52 - [MESSAGE][PASSED] - Text 'พหลโยธิน' is set on object 'Object Repository/Register_Page/input_ADDRESS_ROAD'

2561-03-31 20:36:52 - [TEST_STEP][PASSED] - delay: Delayed 2 second(s)

2561-03-31 20:36:54 - [MESSAGE][PASSED] - Delayed 2 second(s)

2561-03-31 20:36:54 - [TEST_STEP][PASSED] - selectOptionByValue: All options with value '45' are selected in object 'Object Repository/Register_Page/ADDRESS_PROVINCE' 

2561-03-31 20:36:54 - [MESSAGE][PASSED] - All options with value '45' are selected in object 'Object Repository/Register_Page/ADDRESS_PROVINCE' 

2561-03-31 20:36:54 - [TEST_STEP][PASSED] - delay: Delayed 2 second(s)

2561-03-31 20:36:56 - [MESSAGE][PASSED] - Delayed 2 second(s)

2561-03-31 20:36:56 - [TEST_STEP][PASSED] - selectOptionByValue: All options with value '665' are selected in object 'Object Repository/Register_Page/ADDRESS_DISTRICT' 

2561-03-31 20:36:56 - [MESSAGE][PASSED] - All options with value '665' are selected in object 'Object Repository/Register_Page/ADDRESS_DISTRICT' 

2561-03-31 20:36:56 - [TEST_STEP][PASSED] - delay: Delayed 2 second(s)

2561-03-31 20:36:58 - [MESSAGE][PASSED] - Delayed 2 second(s)

2561-03-31 20:36:58 - [TEST_STEP][PASSED] - selectOptionByValue: All options with value '14726' are selected in object 'Object Repository/Register_Page/ADDRESS_SUBDISTRICT' 

2561-03-31 20:36:58 - [MESSAGE][PASSED] - All options with value '14726' are selected in object 'Object Repository/Register_Page/ADDRESS_SUBDISTRICT' 

2561-03-31 20:36:58 - [TEST_STEP][PASSED] - setText: Text '' is set on object 'Object Repository/Register_Page/input_ADDRESS_POSTCODE'

2561-03-31 20:36:58 - [MESSAGE][PASSED] - Text '' is set on object 'Object Repository/Register_Page/input_ADDRESS_POSTCODE'

2561-03-31 20:36:58 - [TEST_STEP][PASSED] - selectOptionByValue: All options with value 'กำลังทำงาน' are selected in object 'Object Repository/Register_Page/select__3'  using regular expression

2561-03-31 20:36:58 - [MESSAGE][PASSED] - All options with value 'กำลังทำงาน' are selected in object 'Object Repository/Register_Page/select__3'  using regular expression

2561-03-31 20:36:58 - [TEST_STEP][PASSED] - setText: Text '3 หมู่ที่ 10 ต.โป่งผา อ.แม่สาย จ.เชียงราย' is set on object 'Object Repository/Register_Page/input_ADDRESS_ALL'

2561-03-31 20:36:59 - [MESSAGE][PASSED] - Text '3 หมู่ที่ 10 ต.โป่งผา อ.แม่สาย จ.เชียงราย' is set on object 'Object Repository/Register_Page/input_ADDRESS_ALL'

2561-03-31 20:36:59 - [TEST_STEP][PASSED] - setText: Text '053646789' is set on object 'Object Repository/Register_Page/input_PHONE'

2561-03-31 20:36:59 - [MESSAGE][PASSED] - Text '053646789' is set on object 'Object Repository/Register_Page/input_PHONE'

2561-03-31 20:36:59 - [TEST_STEP][PASSED] - setText: Text '0827975510' is set on object 'Object Repository/Register_Page/input_CELL_PHONE'

2561-03-31 20:36:59 - [MESSAGE][PASSED] - Text '0827975510' is set on object 'Object Repository/Register_Page/input_CELL_PHONE'

2561-03-31 20:36:59 - [TEST_STEP][PASSED] - setText: Text '025445687' is set on object 'Object Repository/Register_Page/input_FAX'

2561-03-31 20:36:59 - [MESSAGE][PASSED] - Text '025445687' is set on object 'Object Repository/Register_Page/input_FAX'

2561-03-31 20:36:59 - [TEST_STEP][PASSED] - click: Object: 'Object Repository/Register_Page/input_submit (1)' is clicked on

2561-03-31 20:37:00 - [MESSAGE][PASSED] - Object: 'Object Repository/Register_Page/input_submit (1)' is clicked on

2561-03-31 20:37:00 - [TEST_STEP][PASSED] - verifyTextPresent: Text 'กรุณากรอกรหัสไปรษณีย์' is present on page 

2561-03-31 20:37:00 - [MESSAGE][PASSED] - Text 'กรุณากรอกรหัสไปรษณีย์' is present on page 

2561-03-31 20:37:00 - [TEST_STEP][PASSED] - closeBrowser: Browser is closed

2561-03-31 20:37:01 - [MESSAGE][PASSED] - Browser is closed]]></system-out>
         <system-err><![CDATA[]]></system-err>
      </testcase>
      <testcase name="Test Cases/Register volunteer/Register37" classname="Test Cases/Register volunteer/Register37" status="PASSED">
         <system-out><![CDATA[2561-03-31 20:37:01 - [TEST_CASE][PASSED] - Test Cases/Register volunteer/Register37: Test Cases/Register volunteer/Register37

2561-03-31 20:37:01 - [TEST_STEP][PASSED] - openBrowser: Browser is opened with url: ''

2561-03-31 20:37:03 - [MESSAGE][PASSED] - Browser is opened with url: ''

2561-03-31 20:37:03 - [TEST_STEP][PASSED] - navigateToUrl: Navigate to 'http://vivblind.play2pay.me/' successfully

2561-03-31 20:37:07 - [MESSAGE][PASSED] - Navigate to 'http://vivblind.play2pay.me/' successfully

2561-03-31 20:37:07 - [TEST_STEP][PASSED] - click: Object: 'Object Repository/Register_Page/a_' is clicked on

2561-03-31 20:37:08 - [MESSAGE][PASSED] - Object: 'Object Repository/Register_Page/a_' is clicked on

2561-03-31 20:37:08 - [TEST_STEP][PASSED] - setText: Text 'suphisit1@gmail.com' is set on object 'Object Repository/Register_Page/input_EMAIL (1)'

2561-03-31 20:37:08 - [MESSAGE][PASSED] - Text 'suphisit1@gmail.com' is set on object 'Object Repository/Register_Page/input_EMAIL (1)'

2561-03-31 20:37:08 - [TEST_STEP][PASSED] - setText: Text '0857098359' is set on object 'Object Repository/Register_Page/input_PASSWORD'

2561-03-31 20:37:08 - [MESSAGE][PASSED] - Text '0857098359' is set on object 'Object Repository/Register_Page/input_PASSWORD'

2561-03-31 20:37:08 - [TEST_STEP][PASSED] - setText: Text '0857098359' is set on object 'Object Repository/Register_Page/input_password_confirmation'

2561-03-31 20:37:08 - [MESSAGE][PASSED] - Text '0857098359' is set on object 'Object Repository/Register_Page/input_password_confirmation'

2561-03-31 20:37:08 - [TEST_STEP][PASSED] - uploadFile: File 'C:\Users\Administrator\Desktop\Test.jpg' sent to object: 'Object Repository/Register_Page/Upload File'

2561-03-31 20:37:08 - [MESSAGE][PASSED] - File 'C:\Users\Administrator\Desktop\Test.jpg' sent to object: 'Object Repository/Register_Page/Upload File'

2561-03-31 20:37:08 - [TEST_STEP][PASSED] - setText: Text 'ศุภิสิทธิ์ ' is set on object 'Object Repository/Register_Page/input_FIRST_NAME_TH'

2561-03-31 20:37:08 - [MESSAGE][PASSED] - Text 'ศุภิสิทธิ์ ' is set on object 'Object Repository/Register_Page/input_FIRST_NAME_TH'

2561-03-31 20:37:08 - [TEST_STEP][PASSED] - setText: Text 'ไข่กา' is set on object 'Object Repository/Register_Page/input_LAST_NAME_TH'

2561-03-31 20:37:09 - [MESSAGE][PASSED] - Text 'ไข่กา' is set on object 'Object Repository/Register_Page/input_LAST_NAME_TH'

2561-03-31 20:37:09 - [TEST_STEP][PASSED] - setText: Text 'Suphisit' is set on object 'Object Repository/Register_Page/input_FIRST_NAME_EN'

2561-03-31 20:37:09 - [MESSAGE][PASSED] - Text 'Suphisit' is set on object 'Object Repository/Register_Page/input_FIRST_NAME_EN'

2561-03-31 20:37:09 - [TEST_STEP][PASSED] - setText: Text 'Khaika' is set on object 'Object Repository/Register_Page/input_LAST_NAME_EN'

2561-03-31 20:37:09 - [MESSAGE][PASSED] - Text 'Khaika' is set on object 'Object Repository/Register_Page/input_LAST_NAME_EN'

2561-03-31 20:37:09 - [TEST_STEP][PASSED] - setText: Text '13/10/1994' is set on object 'Object Repository/Register_Page/input_BIRTH_DATE'

2561-03-31 20:37:09 - [MESSAGE][PASSED] - Text '13/10/1994' is set on object 'Object Repository/Register_Page/input_BIRTH_DATE'

2561-03-31 20:37:09 - [TEST_STEP][PASSED] - selectOptionByValue: All options with value 'อื่นๆ' are selected in object 'Object Repository/Register_Page/select_'  using regular expression

2561-03-31 20:37:09 - [MESSAGE][PASSED] - All options with value 'อื่นๆ' are selected in object 'Object Repository/Register_Page/select_'  using regular expression

2561-03-31 20:37:09 - [TEST_STEP][PASSED] - selectOptionByValue: All options with value 'สูงกว่าปริญญาตรี' are selected in object 'Object Repository/Register_Page/select__1'  using regular expression

2561-03-31 20:37:09 - [MESSAGE][PASSED] - All options with value 'สูงกว่าปริญญาตรี' are selected in object 'Object Repository/Register_Page/select__1'  using regular expression

2561-03-31 20:37:09 - [TEST_STEP][PASSED] - selectOptionByValue: All options with value 'อื่นๆ' are selected in object 'Object Repository/Register_Page/select__2'  using regular expression

2561-03-31 20:37:10 - [MESSAGE][PASSED] - All options with value 'อื่นๆ' are selected in object 'Object Repository/Register_Page/select__2'  using regular expression

2561-03-31 20:37:10 - [TEST_STEP][PASSED] - setText: Text '3' is set on object 'Object Repository/Register_Page/input_ADDRESS_NO'

2561-03-31 20:37:10 - [MESSAGE][PASSED] - Text '3' is set on object 'Object Repository/Register_Page/input_ADDRESS_NO'

2561-03-31 20:37:10 - [TEST_STEP][PASSED] - setText: Text '10' is set on object 'Object Repository/Register_Page/input_ADDRESS_MOO'

2561-03-31 20:37:10 - [MESSAGE][PASSED] - Text '10' is set on object 'Object Repository/Register_Page/input_ADDRESS_MOO'

2561-03-31 20:37:10 - [TEST_STEP][PASSED] - setText: Text 'พหลโยธิน' is set on object 'Object Repository/Register_Page/input_ADDRESS_ROAD'

2561-03-31 20:37:10 - [MESSAGE][PASSED] - Text 'พหลโยธิน' is set on object 'Object Repository/Register_Page/input_ADDRESS_ROAD'

2561-03-31 20:37:10 - [TEST_STEP][PASSED] - delay: Delayed 2 second(s)

2561-03-31 20:37:12 - [MESSAGE][PASSED] - Delayed 2 second(s)

2561-03-31 20:37:12 - [TEST_STEP][PASSED] - selectOptionByValue: All options with value '45' are selected in object 'Object Repository/Register_Page/ADDRESS_PROVINCE' 

2561-03-31 20:37:12 - [MESSAGE][PASSED] - All options with value '45' are selected in object 'Object Repository/Register_Page/ADDRESS_PROVINCE' 

2561-03-31 20:37:12 - [TEST_STEP][PASSED] - delay: Delayed 2 second(s)

2561-03-31 20:37:14 - [MESSAGE][PASSED] - Delayed 2 second(s)

2561-03-31 20:37:14 - [TEST_STEP][PASSED] - selectOptionByValue: All options with value '665' are selected in object 'Object Repository/Register_Page/ADDRESS_DISTRICT' 

2561-03-31 20:37:14 - [MESSAGE][PASSED] - All options with value '665' are selected in object 'Object Repository/Register_Page/ADDRESS_DISTRICT' 

2561-03-31 20:37:14 - [TEST_STEP][PASSED] - delay: Delayed 2 second(s)

2561-03-31 20:37:16 - [MESSAGE][PASSED] - Delayed 2 second(s)

2561-03-31 20:37:16 - [TEST_STEP][PASSED] - selectOptionByValue: All options with value '14726' are selected in object 'Object Repository/Register_Page/ADDRESS_SUBDISTRICT' 

2561-03-31 20:37:16 - [MESSAGE][PASSED] - All options with value '14726' are selected in object 'Object Repository/Register_Page/ADDRESS_SUBDISTRICT' 

2561-03-31 20:37:16 - [TEST_STEP][PASSED] - setText: Text '57130' is set on object 'Object Repository/Register_Page/input_ADDRESS_POSTCODE'

2561-03-31 20:37:16 - [MESSAGE][PASSED] - Text '57130' is set on object 'Object Repository/Register_Page/input_ADDRESS_POSTCODE'

2561-03-31 20:37:16 - [TEST_STEP][PASSED] - selectOptionByValue: All options with value 'กำลังทำงาน' are selected in object 'Object Repository/Register_Page/select__3'  using regular expression

2561-03-31 20:37:17 - [MESSAGE][PASSED] - All options with value 'กำลังทำงาน' are selected in object 'Object Repository/Register_Page/select__3'  using regular expression

2561-03-31 20:37:17 - [TEST_STEP][PASSED] - setText: Text '3 หมู่ที่ 10 ต.โป่งผา อ.แม่สาย จ.เชียงราย' is set on object 'Object Repository/Register_Page/input_ADDRESS_ALL'

2561-03-31 20:37:17 - [MESSAGE][PASSED] - Text '3 หมู่ที่ 10 ต.โป่งผา อ.แม่สาย จ.เชียงราย' is set on object 'Object Repository/Register_Page/input_ADDRESS_ALL'

2561-03-31 20:37:17 - [TEST_STEP][PASSED] - setText: Text '053646789' is set on object 'Object Repository/Register_Page/input_PHONE'

2561-03-31 20:37:17 - [MESSAGE][PASSED] - Text '053646789' is set on object 'Object Repository/Register_Page/input_PHONE'

2561-03-31 20:37:17 - [TEST_STEP][PASSED] - setText: Text '0827975510' is set on object 'Object Repository/Register_Page/input_CELL_PHONE'

2561-03-31 20:37:17 - [MESSAGE][PASSED] - Text '0827975510' is set on object 'Object Repository/Register_Page/input_CELL_PHONE'

2561-03-31 20:37:17 - [TEST_STEP][PASSED] - setText: Text '025445687' is set on object 'Object Repository/Register_Page/input_FAX'

2561-03-31 20:37:17 - [MESSAGE][PASSED] - Text '025445687' is set on object 'Object Repository/Register_Page/input_FAX'

2561-03-31 20:37:17 - [TEST_STEP][PASSED] - click: Object: 'Object Repository/Register_Page/input_submit (1)' is clicked on

2561-03-31 20:37:18 - [MESSAGE][PASSED] - Object: 'Object Repository/Register_Page/input_submit (1)' is clicked on

2561-03-31 20:37:18 - [TEST_STEP][PASSED] - closeBrowser: Browser is closed

2561-03-31 20:37:19 - [MESSAGE][PASSED] - Browser is closed]]></system-out>
         <system-err><![CDATA[]]></system-err>
      </testcase>
      <testcase name="Test Cases/Register volunteer/Register38" classname="Test Cases/Register volunteer/Register38" status="PASSED">
         <system-out><![CDATA[2561-03-31 20:37:19 - [TEST_CASE][PASSED] - Test Cases/Register volunteer/Register38: Test Cases/Register volunteer/Register38

2561-03-31 20:37:19 - [TEST_STEP][PASSED] - openBrowser: Browser is opened with url: ''

2561-03-31 20:37:21 - [MESSAGE][PASSED] - Browser is opened with url: ''

2561-03-31 20:37:21 - [TEST_STEP][PASSED] - navigateToUrl: Navigate to 'http://vivblind.play2pay.me/' successfully

2561-03-31 20:37:26 - [MESSAGE][PASSED] - Navigate to 'http://vivblind.play2pay.me/' successfully

2561-03-31 20:37:26 - [TEST_STEP][PASSED] - click: Object: 'Object Repository/Register_Page/a_' is clicked on

2561-03-31 20:37:26 - [MESSAGE][PASSED] - Object: 'Object Repository/Register_Page/a_' is clicked on

2561-03-31 20:37:26 - [TEST_STEP][PASSED] - setText: Text 'suphisit1@gmail.com' is set on object 'Object Repository/Register_Page/input_EMAIL (1)'

2561-03-31 20:37:27 - [MESSAGE][PASSED] - Text 'suphisit1@gmail.com' is set on object 'Object Repository/Register_Page/input_EMAIL (1)'

2561-03-31 20:37:27 - [TEST_STEP][PASSED] - setText: Text '0857098359' is set on object 'Object Repository/Register_Page/input_PASSWORD'

2561-03-31 20:37:27 - [MESSAGE][PASSED] - Text '0857098359' is set on object 'Object Repository/Register_Page/input_PASSWORD'

2561-03-31 20:37:27 - [TEST_STEP][PASSED] - setText: Text '0857098359' is set on object 'Object Repository/Register_Page/input_password_confirmation'

2561-03-31 20:37:27 - [MESSAGE][PASSED] - Text '0857098359' is set on object 'Object Repository/Register_Page/input_password_confirmation'

2561-03-31 20:37:27 - [TEST_STEP][PASSED] - uploadFile: File 'C:\Users\Administrator\Desktop\Test.jpg' sent to object: 'Object Repository/Register_Page/Upload File'

2561-03-31 20:37:27 - [MESSAGE][PASSED] - File 'C:\Users\Administrator\Desktop\Test.jpg' sent to object: 'Object Repository/Register_Page/Upload File'

2561-03-31 20:37:27 - [TEST_STEP][PASSED] - setText: Text 'ศุภิสิทธิ์ ' is set on object 'Object Repository/Register_Page/input_FIRST_NAME_TH'

2561-03-31 20:37:27 - [MESSAGE][PASSED] - Text 'ศุภิสิทธิ์ ' is set on object 'Object Repository/Register_Page/input_FIRST_NAME_TH'

2561-03-31 20:37:27 - [TEST_STEP][PASSED] - setText: Text 'ไข่กา' is set on object 'Object Repository/Register_Page/input_LAST_NAME_TH'

2561-03-31 20:37:27 - [MESSAGE][PASSED] - Text 'ไข่กา' is set on object 'Object Repository/Register_Page/input_LAST_NAME_TH'

2561-03-31 20:37:27 - [TEST_STEP][PASSED] - setText: Text 'Suphisit' is set on object 'Object Repository/Register_Page/input_FIRST_NAME_EN'

2561-03-31 20:37:27 - [MESSAGE][PASSED] - Text 'Suphisit' is set on object 'Object Repository/Register_Page/input_FIRST_NAME_EN'

2561-03-31 20:37:27 - [TEST_STEP][PASSED] - setText: Text 'Khaika' is set on object 'Object Repository/Register_Page/input_LAST_NAME_EN'

2561-03-31 20:37:28 - [MESSAGE][PASSED] - Text 'Khaika' is set on object 'Object Repository/Register_Page/input_LAST_NAME_EN'

2561-03-31 20:37:28 - [TEST_STEP][PASSED] - setText: Text '13/10/1994' is set on object 'Object Repository/Register_Page/input_BIRTH_DATE'

2561-03-31 20:37:28 - [MESSAGE][PASSED] - Text '13/10/1994' is set on object 'Object Repository/Register_Page/input_BIRTH_DATE'

2561-03-31 20:37:28 - [TEST_STEP][PASSED] - selectOptionByValue: All options with value 'อื่นๆ' are selected in object 'Object Repository/Register_Page/select_'  using regular expression

2561-03-31 20:37:28 - [MESSAGE][PASSED] - All options with value 'อื่นๆ' are selected in object 'Object Repository/Register_Page/select_'  using regular expression

2561-03-31 20:37:28 - [TEST_STEP][PASSED] - selectOptionByValue: All options with value 'สูงกว่าปริญญาตรี' are selected in object 'Object Repository/Register_Page/select__1'  using regular expression

2561-03-31 20:37:28 - [MESSAGE][PASSED] - All options with value 'สูงกว่าปริญญาตรี' are selected in object 'Object Repository/Register_Page/select__1'  using regular expression

2561-03-31 20:37:28 - [TEST_STEP][PASSED] - selectOptionByValue: All options with value 'อื่นๆ' are selected in object 'Object Repository/Register_Page/select__2'  using regular expression

2561-03-31 20:37:28 - [MESSAGE][PASSED] - All options with value 'อื่นๆ' are selected in object 'Object Repository/Register_Page/select__2'  using regular expression

2561-03-31 20:37:28 - [TEST_STEP][PASSED] - setText: Text '3' is set on object 'Object Repository/Register_Page/input_ADDRESS_NO'

2561-03-31 20:37:29 - [MESSAGE][PASSED] - Text '3' is set on object 'Object Repository/Register_Page/input_ADDRESS_NO'

2561-03-31 20:37:29 - [TEST_STEP][PASSED] - setText: Text '10' is set on object 'Object Repository/Register_Page/input_ADDRESS_MOO'

2561-03-31 20:37:29 - [MESSAGE][PASSED] - Text '10' is set on object 'Object Repository/Register_Page/input_ADDRESS_MOO'

2561-03-31 20:37:29 - [TEST_STEP][PASSED] - setText: Text 'พหลโยธิน' is set on object 'Object Repository/Register_Page/input_ADDRESS_ROAD'

2561-03-31 20:37:29 - [MESSAGE][PASSED] - Text 'พหลโยธิน' is set on object 'Object Repository/Register_Page/input_ADDRESS_ROAD'

2561-03-31 20:37:29 - [TEST_STEP][PASSED] - delay: Delayed 2 second(s)

2561-03-31 20:37:31 - [MESSAGE][PASSED] - Delayed 2 second(s)

2561-03-31 20:37:31 - [TEST_STEP][PASSED] - selectOptionByValue: All options with value '45' are selected in object 'Object Repository/Register_Page/ADDRESS_PROVINCE' 

2561-03-31 20:37:31 - [MESSAGE][PASSED] - All options with value '45' are selected in object 'Object Repository/Register_Page/ADDRESS_PROVINCE' 

2561-03-31 20:37:31 - [TEST_STEP][PASSED] - delay: Delayed 2 second(s)

2561-03-31 20:37:33 - [MESSAGE][PASSED] - Delayed 2 second(s)

2561-03-31 20:37:33 - [TEST_STEP][PASSED] - selectOptionByValue: All options with value '665' are selected in object 'Object Repository/Register_Page/ADDRESS_DISTRICT' 

2561-03-31 20:37:33 - [MESSAGE][PASSED] - All options with value '665' are selected in object 'Object Repository/Register_Page/ADDRESS_DISTRICT' 

2561-03-31 20:37:33 - [TEST_STEP][PASSED] - delay: Delayed 2 second(s)

2561-03-31 20:37:35 - [MESSAGE][PASSED] - Delayed 2 second(s)

2561-03-31 20:37:35 - [TEST_STEP][PASSED] - selectOptionByValue: All options with value '14726' are selected in object 'Object Repository/Register_Page/ADDRESS_SUBDISTRICT' 

2561-03-31 20:37:35 - [MESSAGE][PASSED] - All options with value '14726' are selected in object 'Object Repository/Register_Page/ADDRESS_SUBDISTRICT' 

2561-03-31 20:37:35 - [TEST_STEP][PASSED] - setText: Text '57130' is set on object 'Object Repository/Register_Page/input_ADDRESS_POSTCODE'

2561-03-31 20:37:35 - [MESSAGE][PASSED] - Text '57130' is set on object 'Object Repository/Register_Page/input_ADDRESS_POSTCODE'

2561-03-31 20:37:35 - [TEST_STEP][PASSED] - setText: Text '3 หมู่ที่ 10 ต.โป่งผา อ.แม่สาย จ.เชียงราย' is set on object 'Object Repository/Register_Page/input_ADDRESS_ALL'

2561-03-31 20:37:36 - [MESSAGE][PASSED] - Text '3 หมู่ที่ 10 ต.โป่งผา อ.แม่สาย จ.เชียงราย' is set on object 'Object Repository/Register_Page/input_ADDRESS_ALL'

2561-03-31 20:37:36 - [TEST_STEP][PASSED] - setText: Text '053646789' is set on object 'Object Repository/Register_Page/input_PHONE'

2561-03-31 20:37:36 - [MESSAGE][PASSED] - Text '053646789' is set on object 'Object Repository/Register_Page/input_PHONE'

2561-03-31 20:37:36 - [TEST_STEP][PASSED] - setText: Text '0827975510' is set on object 'Object Repository/Register_Page/input_CELL_PHONE'

2561-03-31 20:37:36 - [MESSAGE][PASSED] - Text '0827975510' is set on object 'Object Repository/Register_Page/input_CELL_PHONE'

2561-03-31 20:37:36 - [TEST_STEP][PASSED] - setText: Text '025445687' is set on object 'Object Repository/Register_Page/input_FAX'

2561-03-31 20:37:36 - [MESSAGE][PASSED] - Text '025445687' is set on object 'Object Repository/Register_Page/input_FAX'

2561-03-31 20:37:36 - [TEST_STEP][PASSED] - click: Object: 'Object Repository/Register_Page/input_submit (1)' is clicked on

2561-03-31 20:37:37 - [MESSAGE][PASSED] - Object: 'Object Repository/Register_Page/input_submit (1)' is clicked on

2561-03-31 20:37:37 - [TEST_STEP][PASSED] - verifyTextPresent: Text 'กรุณาเลือกสถานะ การศึกษา,ทำงาน' is present on page 

2561-03-31 20:37:37 - [MESSAGE][PASSED] - Text 'กรุณาเลือกสถานะ การศึกษา,ทำงาน' is present on page 

2561-03-31 20:37:37 - [TEST_STEP][PASSED] - closeBrowser: Browser is closed

2561-03-31 20:37:38 - [MESSAGE][PASSED] - Browser is closed]]></system-out>
         <system-err><![CDATA[]]></system-err>
      </testcase>
      <testcase name="Test Cases/Register volunteer/Register39" classname="Test Cases/Register volunteer/Register39" status="PASSED">
         <system-out><![CDATA[2561-03-31 20:37:38 - [TEST_CASE][PASSED] - Test Cases/Register volunteer/Register39: Test Cases/Register volunteer/Register39

2561-03-31 20:37:38 - [TEST_STEP][PASSED] - openBrowser: Browser is opened with url: ''

2561-03-31 20:37:40 - [MESSAGE][PASSED] - Browser is opened with url: ''

2561-03-31 20:37:40 - [TEST_STEP][PASSED] - navigateToUrl: Navigate to 'http://vivblind.play2pay.me/' successfully

2561-03-31 20:37:45 - [MESSAGE][PASSED] - Navigate to 'http://vivblind.play2pay.me/' successfully

2561-03-31 20:37:45 - [TEST_STEP][PASSED] - click: Object: 'Object Repository/Register_Page/a_' is clicked on

2561-03-31 20:37:45 - [MESSAGE][PASSED] - Object: 'Object Repository/Register_Page/a_' is clicked on

2561-03-31 20:37:45 - [TEST_STEP][PASSED] - setText: Text 'suphisit1@gmail.com' is set on object 'Object Repository/Register_Page/input_EMAIL (1)'

2561-03-31 20:37:46 - [MESSAGE][PASSED] - Text 'suphisit1@gmail.com' is set on object 'Object Repository/Register_Page/input_EMAIL (1)'

2561-03-31 20:37:46 - [TEST_STEP][PASSED] - setText: Text '0857098359' is set on object 'Object Repository/Register_Page/input_PASSWORD'

2561-03-31 20:37:46 - [MESSAGE][PASSED] - Text '0857098359' is set on object 'Object Repository/Register_Page/input_PASSWORD'

2561-03-31 20:37:46 - [TEST_STEP][PASSED] - setText: Text '0857098359' is set on object 'Object Repository/Register_Page/input_password_confirmation'

2561-03-31 20:37:46 - [MESSAGE][PASSED] - Text '0857098359' is set on object 'Object Repository/Register_Page/input_password_confirmation'

2561-03-31 20:37:46 - [TEST_STEP][PASSED] - uploadFile: File 'C:\Users\Administrator\Desktop\Test.jpg' sent to object: 'Object Repository/Register_Page/Upload File'

2561-03-31 20:37:46 - [MESSAGE][PASSED] - File 'C:\Users\Administrator\Desktop\Test.jpg' sent to object: 'Object Repository/Register_Page/Upload File'

2561-03-31 20:37:46 - [TEST_STEP][PASSED] - setText: Text 'ศุภิสิทธิ์ ' is set on object 'Object Repository/Register_Page/input_FIRST_NAME_TH'

2561-03-31 20:37:46 - [MESSAGE][PASSED] - Text 'ศุภิสิทธิ์ ' is set on object 'Object Repository/Register_Page/input_FIRST_NAME_TH'

2561-03-31 20:37:46 - [TEST_STEP][PASSED] - setText: Text 'ไข่กา' is set on object 'Object Repository/Register_Page/input_LAST_NAME_TH'

2561-03-31 20:37:46 - [MESSAGE][PASSED] - Text 'ไข่กา' is set on object 'Object Repository/Register_Page/input_LAST_NAME_TH'

2561-03-31 20:37:46 - [TEST_STEP][PASSED] - setText: Text 'Suphisit' is set on object 'Object Repository/Register_Page/input_FIRST_NAME_EN'

2561-03-31 20:37:46 - [MESSAGE][PASSED] - Text 'Suphisit' is set on object 'Object Repository/Register_Page/input_FIRST_NAME_EN'

2561-03-31 20:37:46 - [TEST_STEP][PASSED] - setText: Text 'Khaika' is set on object 'Object Repository/Register_Page/input_LAST_NAME_EN'

2561-03-31 20:37:46 - [MESSAGE][PASSED] - Text 'Khaika' is set on object 'Object Repository/Register_Page/input_LAST_NAME_EN'

2561-03-31 20:37:46 - [TEST_STEP][PASSED] - setText: Text '13/10/1994' is set on object 'Object Repository/Register_Page/input_BIRTH_DATE'

2561-03-31 20:37:47 - [MESSAGE][PASSED] - Text '13/10/1994' is set on object 'Object Repository/Register_Page/input_BIRTH_DATE'

2561-03-31 20:37:47 - [TEST_STEP][PASSED] - selectOptionByValue: All options with value 'อื่นๆ' are selected in object 'Object Repository/Register_Page/select_'  using regular expression

2561-03-31 20:37:47 - [MESSAGE][PASSED] - All options with value 'อื่นๆ' are selected in object 'Object Repository/Register_Page/select_'  using regular expression

2561-03-31 20:37:47 - [TEST_STEP][PASSED] - selectOptionByValue: All options with value 'สูงกว่าปริญญาตรี' are selected in object 'Object Repository/Register_Page/select__1'  using regular expression

2561-03-31 20:37:47 - [MESSAGE][PASSED] - All options with value 'สูงกว่าปริญญาตรี' are selected in object 'Object Repository/Register_Page/select__1'  using regular expression

2561-03-31 20:37:47 - [TEST_STEP][PASSED] - selectOptionByValue: All options with value 'อื่นๆ' are selected in object 'Object Repository/Register_Page/select__2'  using regular expression

2561-03-31 20:37:47 - [MESSAGE][PASSED] - All options with value 'อื่นๆ' are selected in object 'Object Repository/Register_Page/select__2'  using regular expression

2561-03-31 20:37:47 - [TEST_STEP][PASSED] - setText: Text '3' is set on object 'Object Repository/Register_Page/input_ADDRESS_NO'

2561-03-31 20:37:47 - [MESSAGE][PASSED] - Text '3' is set on object 'Object Repository/Register_Page/input_ADDRESS_NO'

2561-03-31 20:37:47 - [TEST_STEP][PASSED] - setText: Text '10' is set on object 'Object Repository/Register_Page/input_ADDRESS_MOO'

2561-03-31 20:37:47 - [MESSAGE][PASSED] - Text '10' is set on object 'Object Repository/Register_Page/input_ADDRESS_MOO'

2561-03-31 20:37:47 - [TEST_STEP][PASSED] - setText: Text 'พหลโยธิน' is set on object 'Object Repository/Register_Page/input_ADDRESS_ROAD'

2561-03-31 20:37:48 - [MESSAGE][PASSED] - Text 'พหลโยธิน' is set on object 'Object Repository/Register_Page/input_ADDRESS_ROAD'

2561-03-31 20:37:48 - [TEST_STEP][PASSED] - delay: Delayed 2 second(s)

2561-03-31 20:37:50 - [MESSAGE][PASSED] - Delayed 2 second(s)

2561-03-31 20:37:50 - [TEST_STEP][PASSED] - selectOptionByValue: All options with value '45' are selected in object 'Object Repository/Register_Page/ADDRESS_PROVINCE' 

2561-03-31 20:37:50 - [MESSAGE][PASSED] - All options with value '45' are selected in object 'Object Repository/Register_Page/ADDRESS_PROVINCE' 

2561-03-31 20:37:50 - [TEST_STEP][PASSED] - delay: Delayed 2 second(s)

2561-03-31 20:37:52 - [MESSAGE][PASSED] - Delayed 2 second(s)

2561-03-31 20:37:52 - [TEST_STEP][PASSED] - selectOptionByValue: All options with value '665' are selected in object 'Object Repository/Register_Page/ADDRESS_DISTRICT' 

2561-03-31 20:37:52 - [MESSAGE][PASSED] - All options with value '665' are selected in object 'Object Repository/Register_Page/ADDRESS_DISTRICT' 

2561-03-31 20:37:52 - [TEST_STEP][PASSED] - delay: Delayed 2 second(s)

2561-03-31 20:37:54 - [MESSAGE][PASSED] - Delayed 2 second(s)

2561-03-31 20:37:54 - [TEST_STEP][PASSED] - selectOptionByValue: All options with value '14726' are selected in object 'Object Repository/Register_Page/ADDRESS_SUBDISTRICT' 

2561-03-31 20:37:54 - [MESSAGE][PASSED] - All options with value '14726' are selected in object 'Object Repository/Register_Page/ADDRESS_SUBDISTRICT' 

2561-03-31 20:37:54 - [TEST_STEP][PASSED] - setText: Text '57130' is set on object 'Object Repository/Register_Page/input_ADDRESS_POSTCODE'

2561-03-31 20:37:54 - [MESSAGE][PASSED] - Text '57130' is set on object 'Object Repository/Register_Page/input_ADDRESS_POSTCODE'

2561-03-31 20:37:54 - [TEST_STEP][PASSED] - selectOptionByValue: All options with value 'กำลังศึกษา' are selected in object 'Object Repository/Register_Page/select__3'  using regular expression

2561-03-31 20:37:54 - [MESSAGE][PASSED] - All options with value 'กำลังศึกษา' are selected in object 'Object Repository/Register_Page/select__3'  using regular expression

2561-03-31 20:37:54 - [TEST_STEP][PASSED] - setText: Text '3 หมู่ที่ 10 ต.โป่งผา อ.แม่สาย จ.เชียงราย' is set on object 'Object Repository/Register_Page/input_ADDRESS_ALL'

2561-03-31 20:37:55 - [MESSAGE][PASSED] - Text '3 หมู่ที่ 10 ต.โป่งผา อ.แม่สาย จ.เชียงราย' is set on object 'Object Repository/Register_Page/input_ADDRESS_ALL'

2561-03-31 20:37:55 - [TEST_STEP][PASSED] - setText: Text '053646789' is set on object 'Object Repository/Register_Page/input_PHONE'

2561-03-31 20:37:55 - [MESSAGE][PASSED] - Text '053646789' is set on object 'Object Repository/Register_Page/input_PHONE'

2561-03-31 20:37:55 - [TEST_STEP][PASSED] - setText: Text '0827975510' is set on object 'Object Repository/Register_Page/input_CELL_PHONE'

2561-03-31 20:37:55 - [MESSAGE][PASSED] - Text '0827975510' is set on object 'Object Repository/Register_Page/input_CELL_PHONE'

2561-03-31 20:37:55 - [TEST_STEP][PASSED] - setText: Text '025445687' is set on object 'Object Repository/Register_Page/input_FAX'

2561-03-31 20:37:55 - [MESSAGE][PASSED] - Text '025445687' is set on object 'Object Repository/Register_Page/input_FAX'

2561-03-31 20:37:55 - [TEST_STEP][PASSED] - click: Object: 'Object Repository/Register_Page/input_submit (1)' is clicked on

2561-03-31 20:37:56 - [MESSAGE][PASSED] - Object: 'Object Repository/Register_Page/input_submit (1)' is clicked on

2561-03-31 20:37:56 - [TEST_STEP][PASSED] - closeBrowser: Browser is closed

2561-03-31 20:37:57 - [MESSAGE][PASSED] - Browser is closed]]></system-out>
         <system-err><![CDATA[]]></system-err>
      </testcase>
      <testcase name="Test Cases/Register volunteer/Register40" classname="Test Cases/Register volunteer/Register40" status="PASSED">
         <system-out><![CDATA[2561-03-31 20:37:57 - [TEST_CASE][PASSED] - Test Cases/Register volunteer/Register40: Test Cases/Register volunteer/Register40

2561-03-31 20:37:57 - [TEST_STEP][PASSED] - openBrowser: Browser is opened with url: ''

2561-03-31 20:37:59 - [MESSAGE][PASSED] - Browser is opened with url: ''

2561-03-31 20:37:59 - [TEST_STEP][PASSED] - navigateToUrl: Navigate to 'http://vivblind.play2pay.me/' successfully

2561-03-31 20:38:03 - [MESSAGE][PASSED] - Navigate to 'http://vivblind.play2pay.me/' successfully

2561-03-31 20:38:03 - [TEST_STEP][PASSED] - click: Object: 'Object Repository/Register_Page/a_' is clicked on

2561-03-31 20:38:04 - [MESSAGE][PASSED] - Object: 'Object Repository/Register_Page/a_' is clicked on

2561-03-31 20:38:04 - [TEST_STEP][PASSED] - setText: Text 'suphisit1@gmail.com' is set on object 'Object Repository/Register_Page/input_EMAIL (1)'

2561-03-31 20:38:04 - [MESSAGE][PASSED] - Text 'suphisit1@gmail.com' is set on object 'Object Repository/Register_Page/input_EMAIL (1)'

2561-03-31 20:38:04 - [TEST_STEP][PASSED] - setText: Text '0857098359' is set on object 'Object Repository/Register_Page/input_PASSWORD'

2561-03-31 20:38:04 - [MESSAGE][PASSED] - Text '0857098359' is set on object 'Object Repository/Register_Page/input_PASSWORD'

2561-03-31 20:38:04 - [TEST_STEP][PASSED] - setText: Text '0857098359' is set on object 'Object Repository/Register_Page/input_password_confirmation'

2561-03-31 20:38:04 - [MESSAGE][PASSED] - Text '0857098359' is set on object 'Object Repository/Register_Page/input_password_confirmation'

2561-03-31 20:38:04 - [TEST_STEP][PASSED] - uploadFile: File 'C:\Users\Administrator\Desktop\Test.jpg' sent to object: 'Object Repository/Register_Page/Upload File'

2561-03-31 20:38:04 - [MESSAGE][PASSED] - File 'C:\Users\Administrator\Desktop\Test.jpg' sent to object: 'Object Repository/Register_Page/Upload File'

2561-03-31 20:38:04 - [TEST_STEP][PASSED] - setText: Text 'ศุภิสิทธิ์ ' is set on object 'Object Repository/Register_Page/input_FIRST_NAME_TH'

2561-03-31 20:38:04 - [MESSAGE][PASSED] - Text 'ศุภิสิทธิ์ ' is set on object 'Object Repository/Register_Page/input_FIRST_NAME_TH'

2561-03-31 20:38:04 - [TEST_STEP][PASSED] - setText: Text 'ไข่กา' is set on object 'Object Repository/Register_Page/input_LAST_NAME_TH'

2561-03-31 20:38:05 - [MESSAGE][PASSED] - Text 'ไข่กา' is set on object 'Object Repository/Register_Page/input_LAST_NAME_TH'

2561-03-31 20:38:05 - [TEST_STEP][PASSED] - setText: Text 'Suphisit' is set on object 'Object Repository/Register_Page/input_FIRST_NAME_EN'

2561-03-31 20:38:05 - [MESSAGE][PASSED] - Text 'Suphisit' is set on object 'Object Repository/Register_Page/input_FIRST_NAME_EN'

2561-03-31 20:38:05 - [TEST_STEP][PASSED] - setText: Text 'Khaika' is set on object 'Object Repository/Register_Page/input_LAST_NAME_EN'

2561-03-31 20:38:05 - [MESSAGE][PASSED] - Text 'Khaika' is set on object 'Object Repository/Register_Page/input_LAST_NAME_EN'

2561-03-31 20:38:05 - [TEST_STEP][PASSED] - setText: Text '13/10/1994' is set on object 'Object Repository/Register_Page/input_BIRTH_DATE'

2561-03-31 20:38:05 - [MESSAGE][PASSED] - Text '13/10/1994' is set on object 'Object Repository/Register_Page/input_BIRTH_DATE'

2561-03-31 20:38:05 - [TEST_STEP][PASSED] - selectOptionByValue: All options with value 'อื่นๆ' are selected in object 'Object Repository/Register_Page/select_'  using regular expression

2561-03-31 20:38:05 - [MESSAGE][PASSED] - All options with value 'อื่นๆ' are selected in object 'Object Repository/Register_Page/select_'  using regular expression

2561-03-31 20:38:05 - [TEST_STEP][PASSED] - selectOptionByValue: All options with value 'สูงกว่าปริญญาตรี' are selected in object 'Object Repository/Register_Page/select__1'  using regular expression

2561-03-31 20:38:05 - [MESSAGE][PASSED] - All options with value 'สูงกว่าปริญญาตรี' are selected in object 'Object Repository/Register_Page/select__1'  using regular expression

2561-03-31 20:38:05 - [TEST_STEP][PASSED] - selectOptionByValue: All options with value 'อื่นๆ' are selected in object 'Object Repository/Register_Page/select__2'  using regular expression

2561-03-31 20:38:06 - [MESSAGE][PASSED] - All options with value 'อื่นๆ' are selected in object 'Object Repository/Register_Page/select__2'  using regular expression

2561-03-31 20:38:06 - [TEST_STEP][PASSED] - setText: Text '3' is set on object 'Object Repository/Register_Page/input_ADDRESS_NO'

2561-03-31 20:38:06 - [MESSAGE][PASSED] - Text '3' is set on object 'Object Repository/Register_Page/input_ADDRESS_NO'

2561-03-31 20:38:06 - [TEST_STEP][PASSED] - setText: Text '10' is set on object 'Object Repository/Register_Page/input_ADDRESS_MOO'

2561-03-31 20:38:06 - [MESSAGE][PASSED] - Text '10' is set on object 'Object Repository/Register_Page/input_ADDRESS_MOO'

2561-03-31 20:38:06 - [TEST_STEP][PASSED] - setText: Text 'พหลโยธิน' is set on object 'Object Repository/Register_Page/input_ADDRESS_ROAD'

2561-03-31 20:38:06 - [MESSAGE][PASSED] - Text 'พหลโยธิน' is set on object 'Object Repository/Register_Page/input_ADDRESS_ROAD'

2561-03-31 20:38:06 - [TEST_STEP][PASSED] - delay: Delayed 2 second(s)

2561-03-31 20:38:08 - [MESSAGE][PASSED] - Delayed 2 second(s)

2561-03-31 20:38:08 - [TEST_STEP][PASSED] - selectOptionByValue: All options with value '45' are selected in object 'Object Repository/Register_Page/ADDRESS_PROVINCE' 

2561-03-31 20:38:08 - [MESSAGE][PASSED] - All options with value '45' are selected in object 'Object Repository/Register_Page/ADDRESS_PROVINCE' 

2561-03-31 20:38:08 - [TEST_STEP][PASSED] - delay: Delayed 2 second(s)

2561-03-31 20:38:10 - [MESSAGE][PASSED] - Delayed 2 second(s)

2561-03-31 20:38:10 - [TEST_STEP][PASSED] - selectOptionByValue: All options with value '665' are selected in object 'Object Repository/Register_Page/ADDRESS_DISTRICT' 

2561-03-31 20:38:10 - [MESSAGE][PASSED] - All options with value '665' are selected in object 'Object Repository/Register_Page/ADDRESS_DISTRICT' 

2561-03-31 20:38:10 - [TEST_STEP][PASSED] - delay: Delayed 2 second(s)

2561-03-31 20:38:12 - [MESSAGE][PASSED] - Delayed 2 second(s)

2561-03-31 20:38:12 - [TEST_STEP][PASSED] - selectOptionByValue: All options with value '14726' are selected in object 'Object Repository/Register_Page/ADDRESS_SUBDISTRICT' 

2561-03-31 20:38:12 - [MESSAGE][PASSED] - All options with value '14726' are selected in object 'Object Repository/Register_Page/ADDRESS_SUBDISTRICT' 

2561-03-31 20:38:12 - [TEST_STEP][PASSED] - setText: Text '57130' is set on object 'Object Repository/Register_Page/input_ADDRESS_POSTCODE'

2561-03-31 20:38:13 - [MESSAGE][PASSED] - Text '57130' is set on object 'Object Repository/Register_Page/input_ADDRESS_POSTCODE'

2561-03-31 20:38:13 - [TEST_STEP][PASSED] - selectOptionByValue: All options with value 'กำลังทำงาน' are selected in object 'Object Repository/Register_Page/select__3'  using regular expression

2561-03-31 20:38:13 - [MESSAGE][PASSED] - All options with value 'กำลังทำงาน' are selected in object 'Object Repository/Register_Page/select__3'  using regular expression

2561-03-31 20:38:13 - [TEST_STEP][PASSED] - setText: Text '3 หมู่ที่ 10 ต.โป่งผา อ.แม่สาย จ.เชียงราย' is set on object 'Object Repository/Register_Page/input_ADDRESS_ALL'

2561-03-31 20:38:13 - [MESSAGE][PASSED] - Text '3 หมู่ที่ 10 ต.โป่งผา อ.แม่สาย จ.เชียงราย' is set on object 'Object Repository/Register_Page/input_ADDRESS_ALL'

2561-03-31 20:38:13 - [TEST_STEP][PASSED] - setText: Text '053646789' is set on object 'Object Repository/Register_Page/input_PHONE'

2561-03-31 20:38:13 - [MESSAGE][PASSED] - Text '053646789' is set on object 'Object Repository/Register_Page/input_PHONE'

2561-03-31 20:38:13 - [TEST_STEP][PASSED] - setText: Text '0827975510' is set on object 'Object Repository/Register_Page/input_CELL_PHONE'

2561-03-31 20:38:13 - [MESSAGE][PASSED] - Text '0827975510' is set on object 'Object Repository/Register_Page/input_CELL_PHONE'

2561-03-31 20:38:13 - [TEST_STEP][PASSED] - setText: Text '025445687' is set on object 'Object Repository/Register_Page/input_FAX'

2561-03-31 20:38:13 - [MESSAGE][PASSED] - Text '025445687' is set on object 'Object Repository/Register_Page/input_FAX'

2561-03-31 20:38:13 - [TEST_STEP][PASSED] - click: Object: 'Object Repository/Register_Page/input_submit (1)' is clicked on

2561-03-31 20:38:14 - [MESSAGE][PASSED] - Object: 'Object Repository/Register_Page/input_submit (1)' is clicked on

2561-03-31 20:38:14 - [TEST_STEP][PASSED] - closeBrowser: Browser is closed

2561-03-31 20:38:15 - [MESSAGE][PASSED] - Browser is closed]]></system-out>
         <system-err><![CDATA[]]></system-err>
      </testcase>
      <testcase name="Test Cases/Register volunteer/Register41" classname="Test Cases/Register volunteer/Register41" status="PASSED">
         <system-out><![CDATA[2561-03-31 20:38:15 - [TEST_CASE][PASSED] - Test Cases/Register volunteer/Register41: Test Cases/Register volunteer/Register41

2561-03-31 20:38:15 - [TEST_STEP][PASSED] - openBrowser: Browser is opened with url: ''

2561-03-31 20:38:17 - [MESSAGE][PASSED] - Browser is opened with url: ''

2561-03-31 20:38:17 - [TEST_STEP][PASSED] - navigateToUrl: Navigate to 'http://vivblind.play2pay.me/' successfully

2561-03-31 20:38:22 - [MESSAGE][PASSED] - Navigate to 'http://vivblind.play2pay.me/' successfully

2561-03-31 20:38:22 - [TEST_STEP][PASSED] - click: Object: 'Object Repository/Register_Page/a_' is clicked on

2561-03-31 20:38:22 - [MESSAGE][PASSED] - Object: 'Object Repository/Register_Page/a_' is clicked on

2561-03-31 20:38:22 - [TEST_STEP][PASSED] - setText: Text 'suphisit1@gmail.com' is set on object 'Object Repository/Register_Page/input_EMAIL (1)'

2561-03-31 20:38:22 - [MESSAGE][PASSED] - Text 'suphisit1@gmail.com' is set on object 'Object Repository/Register_Page/input_EMAIL (1)'

2561-03-31 20:38:22 - [TEST_STEP][PASSED] - setText: Text '0857098359' is set on object 'Object Repository/Register_Page/input_PASSWORD'

2561-03-31 20:38:23 - [MESSAGE][PASSED] - Text '0857098359' is set on object 'Object Repository/Register_Page/input_PASSWORD'

2561-03-31 20:38:23 - [TEST_STEP][PASSED] - setText: Text '0857098359' is set on object 'Object Repository/Register_Page/input_password_confirmation'

2561-03-31 20:38:23 - [MESSAGE][PASSED] - Text '0857098359' is set on object 'Object Repository/Register_Page/input_password_confirmation'

2561-03-31 20:38:23 - [TEST_STEP][PASSED] - uploadFile: File 'C:\Users\Administrator\Desktop\Test.jpg' sent to object: 'Object Repository/Register_Page/Upload File'

2561-03-31 20:38:23 - [MESSAGE][PASSED] - File 'C:\Users\Administrator\Desktop\Test.jpg' sent to object: 'Object Repository/Register_Page/Upload File'

2561-03-31 20:38:23 - [TEST_STEP][PASSED] - setText: Text 'ศุภิสิทธิ์ ' is set on object 'Object Repository/Register_Page/input_FIRST_NAME_TH'

2561-03-31 20:38:23 - [MESSAGE][PASSED] - Text 'ศุภิสิทธิ์ ' is set on object 'Object Repository/Register_Page/input_FIRST_NAME_TH'

2561-03-31 20:38:23 - [TEST_STEP][PASSED] - setText: Text 'ไข่กา' is set on object 'Object Repository/Register_Page/input_LAST_NAME_TH'

2561-03-31 20:38:23 - [MESSAGE][PASSED] - Text 'ไข่กา' is set on object 'Object Repository/Register_Page/input_LAST_NAME_TH'

2561-03-31 20:38:23 - [TEST_STEP][PASSED] - setText: Text 'Suphisit' is set on object 'Object Repository/Register_Page/input_FIRST_NAME_EN'

2561-03-31 20:38:23 - [MESSAGE][PASSED] - Text 'Suphisit' is set on object 'Object Repository/Register_Page/input_FIRST_NAME_EN'

2561-03-31 20:38:23 - [TEST_STEP][PASSED] - setText: Text 'Khaika' is set on object 'Object Repository/Register_Page/input_LAST_NAME_EN'

2561-03-31 20:38:23 - [MESSAGE][PASSED] - Text 'Khaika' is set on object 'Object Repository/Register_Page/input_LAST_NAME_EN'

2561-03-31 20:38:23 - [TEST_STEP][PASSED] - setText: Text '13/10/1994' is set on object 'Object Repository/Register_Page/input_BIRTH_DATE'

2561-03-31 20:38:24 - [MESSAGE][PASSED] - Text '13/10/1994' is set on object 'Object Repository/Register_Page/input_BIRTH_DATE'

2561-03-31 20:38:24 - [TEST_STEP][PASSED] - selectOptionByValue: All options with value 'อื่นๆ' are selected in object 'Object Repository/Register_Page/select_'  using regular expression

2561-03-31 20:38:24 - [MESSAGE][PASSED] - All options with value 'อื่นๆ' are selected in object 'Object Repository/Register_Page/select_'  using regular expression

2561-03-31 20:38:24 - [TEST_STEP][PASSED] - selectOptionByValue: All options with value 'สูงกว่าปริญญาตรี' are selected in object 'Object Repository/Register_Page/select__1'  using regular expression

2561-03-31 20:38:24 - [MESSAGE][PASSED] - All options with value 'สูงกว่าปริญญาตรี' are selected in object 'Object Repository/Register_Page/select__1'  using regular expression

2561-03-31 20:38:24 - [TEST_STEP][PASSED] - selectOptionByValue: All options with value 'อื่นๆ' are selected in object 'Object Repository/Register_Page/select__2'  using regular expression

2561-03-31 20:38:24 - [MESSAGE][PASSED] - All options with value 'อื่นๆ' are selected in object 'Object Repository/Register_Page/select__2'  using regular expression

2561-03-31 20:38:24 - [TEST_STEP][PASSED] - setText: Text '3' is set on object 'Object Repository/Register_Page/input_ADDRESS_NO'

2561-03-31 20:38:24 - [MESSAGE][PASSED] - Text '3' is set on object 'Object Repository/Register_Page/input_ADDRESS_NO'

2561-03-31 20:38:24 - [TEST_STEP][PASSED] - setText: Text '10' is set on object 'Object Repository/Register_Page/input_ADDRESS_MOO'

2561-03-31 20:38:24 - [MESSAGE][PASSED] - Text '10' is set on object 'Object Repository/Register_Page/input_ADDRESS_MOO'

2561-03-31 20:38:24 - [TEST_STEP][PASSED] - setText: Text 'พหลโยธิน' is set on object 'Object Repository/Register_Page/input_ADDRESS_ROAD'

2561-03-31 20:38:25 - [MESSAGE][PASSED] - Text 'พหลโยธิน' is set on object 'Object Repository/Register_Page/input_ADDRESS_ROAD'

2561-03-31 20:38:25 - [TEST_STEP][PASSED] - delay: Delayed 2 second(s)

2561-03-31 20:38:27 - [MESSAGE][PASSED] - Delayed 2 second(s)

2561-03-31 20:38:27 - [TEST_STEP][PASSED] - selectOptionByValue: All options with value '45' are selected in object 'Object Repository/Register_Page/ADDRESS_PROVINCE' 

2561-03-31 20:38:27 - [MESSAGE][PASSED] - All options with value '45' are selected in object 'Object Repository/Register_Page/ADDRESS_PROVINCE' 

2561-03-31 20:38:27 - [TEST_STEP][PASSED] - delay: Delayed 2 second(s)

2561-03-31 20:38:29 - [MESSAGE][PASSED] - Delayed 2 second(s)

2561-03-31 20:38:29 - [TEST_STEP][PASSED] - selectOptionByValue: All options with value '665' are selected in object 'Object Repository/Register_Page/ADDRESS_DISTRICT' 

2561-03-31 20:38:29 - [MESSAGE][PASSED] - All options with value '665' are selected in object 'Object Repository/Register_Page/ADDRESS_DISTRICT' 

2561-03-31 20:38:29 - [TEST_STEP][PASSED] - delay: Delayed 2 second(s)

2561-03-31 20:38:31 - [MESSAGE][PASSED] - Delayed 2 second(s)

2561-03-31 20:38:31 - [TEST_STEP][PASSED] - selectOptionByValue: All options with value '14726' are selected in object 'Object Repository/Register_Page/ADDRESS_SUBDISTRICT' 

2561-03-31 20:38:31 - [MESSAGE][PASSED] - All options with value '14726' are selected in object 'Object Repository/Register_Page/ADDRESS_SUBDISTRICT' 

2561-03-31 20:38:31 - [TEST_STEP][PASSED] - setText: Text '57130' is set on object 'Object Repository/Register_Page/input_ADDRESS_POSTCODE'

2561-03-31 20:38:31 - [MESSAGE][PASSED] - Text '57130' is set on object 'Object Repository/Register_Page/input_ADDRESS_POSTCODE'

2561-03-31 20:38:31 - [TEST_STEP][PASSED] - selectOptionByValue: All options with value 'กำลังทำงาน' are selected in object 'Object Repository/Register_Page/select__3'  using regular expression

2561-03-31 20:38:31 - [MESSAGE][PASSED] - All options with value 'กำลังทำงาน' are selected in object 'Object Repository/Register_Page/select__3'  using regular expression

2561-03-31 20:38:31 - [TEST_STEP][PASSED] - setText: Text '3 หมู่ที่ 10 ต.โป่งผา อ.แม่สาย จ.เชียงราย' is set on object 'Object Repository/Register_Page/input_ADDRESS_ALL'

2561-03-31 20:38:32 - [MESSAGE][PASSED] - Text '3 หมู่ที่ 10 ต.โป่งผา อ.แม่สาย จ.เชียงราย' is set on object 'Object Repository/Register_Page/input_ADDRESS_ALL'

2561-03-31 20:38:32 - [TEST_STEP][PASSED] - setText: Text '053646789' is set on object 'Object Repository/Register_Page/input_PHONE'

2561-03-31 20:38:32 - [MESSAGE][PASSED] - Text '053646789' is set on object 'Object Repository/Register_Page/input_PHONE'

2561-03-31 20:38:32 - [TEST_STEP][PASSED] - setText: Text '0827975510' is set on object 'Object Repository/Register_Page/input_CELL_PHONE'

2561-03-31 20:38:32 - [MESSAGE][PASSED] - Text '0827975510' is set on object 'Object Repository/Register_Page/input_CELL_PHONE'

2561-03-31 20:38:32 - [TEST_STEP][PASSED] - setText: Text '025445687' is set on object 'Object Repository/Register_Page/input_FAX'

2561-03-31 20:38:32 - [MESSAGE][PASSED] - Text '025445687' is set on object 'Object Repository/Register_Page/input_FAX'

2561-03-31 20:38:32 - [TEST_STEP][PASSED] - click: Object: 'Object Repository/Register_Page/input_submit (1)' is clicked on

2561-03-31 20:38:33 - [MESSAGE][PASSED] - Object: 'Object Repository/Register_Page/input_submit (1)' is clicked on

2561-03-31 20:38:33 - [TEST_STEP][PASSED] - closeBrowser: Browser is closed

2561-03-31 20:38:34 - [MESSAGE][PASSED] - Browser is closed]]></system-out>
         <system-err><![CDATA[]]></system-err>
      </testcase>
      <testcase name="Test Cases/Register volunteer/Register42" classname="Test Cases/Register volunteer/Register42" status="PASSED">
         <system-out><![CDATA[2561-03-31 20:38:34 - [TEST_CASE][PASSED] - Test Cases/Register volunteer/Register42: Test Cases/Register volunteer/Register42

2561-03-31 20:38:34 - [TEST_STEP][PASSED] - openBrowser: Browser is opened with url: ''

2561-03-31 20:38:36 - [MESSAGE][PASSED] - Browser is opened with url: ''

2561-03-31 20:38:36 - [TEST_STEP][PASSED] - navigateToUrl: Navigate to 'http://vivblind.play2pay.me/' successfully

2561-03-31 20:38:39 - [MESSAGE][PASSED] - Navigate to 'http://vivblind.play2pay.me/' successfully

2561-03-31 20:38:39 - [TEST_STEP][PASSED] - click: Object: 'Object Repository/Register_Page/a_' is clicked on

2561-03-31 20:38:40 - [MESSAGE][PASSED] - Object: 'Object Repository/Register_Page/a_' is clicked on

2561-03-31 20:38:40 - [TEST_STEP][PASSED] - setText: Text 'suphisit1@gmail.com' is set on object 'Object Repository/Register_Page/input_EMAIL (1)'

2561-03-31 20:38:40 - [MESSAGE][PASSED] - Text 'suphisit1@gmail.com' is set on object 'Object Repository/Register_Page/input_EMAIL (1)'

2561-03-31 20:38:40 - [TEST_STEP][PASSED] - setText: Text '0857098359' is set on object 'Object Repository/Register_Page/input_PASSWORD'

2561-03-31 20:38:40 - [MESSAGE][PASSED] - Text '0857098359' is set on object 'Object Repository/Register_Page/input_PASSWORD'

2561-03-31 20:38:40 - [TEST_STEP][PASSED] - setText: Text '0857098359' is set on object 'Object Repository/Register_Page/input_password_confirmation'

2561-03-31 20:38:40 - [MESSAGE][PASSED] - Text '0857098359' is set on object 'Object Repository/Register_Page/input_password_confirmation'

2561-03-31 20:38:40 - [TEST_STEP][PASSED] - uploadFile: File 'C:\Users\Administrator\Desktop\Test.jpg' sent to object: 'Object Repository/Register_Page/Upload File'

2561-03-31 20:38:41 - [MESSAGE][PASSED] - File 'C:\Users\Administrator\Desktop\Test.jpg' sent to object: 'Object Repository/Register_Page/Upload File'

2561-03-31 20:38:41 - [TEST_STEP][PASSED] - setText: Text 'ศุภิสิทธิ์ ' is set on object 'Object Repository/Register_Page/input_FIRST_NAME_TH'

2561-03-31 20:38:41 - [MESSAGE][PASSED] - Text 'ศุภิสิทธิ์ ' is set on object 'Object Repository/Register_Page/input_FIRST_NAME_TH'

2561-03-31 20:38:41 - [TEST_STEP][PASSED] - setText: Text 'ไข่กา' is set on object 'Object Repository/Register_Page/input_LAST_NAME_TH'

2561-03-31 20:38:41 - [MESSAGE][PASSED] - Text 'ไข่กา' is set on object 'Object Repository/Register_Page/input_LAST_NAME_TH'

2561-03-31 20:38:41 - [TEST_STEP][PASSED] - setText: Text 'Suphisit' is set on object 'Object Repository/Register_Page/input_FIRST_NAME_EN'

2561-03-31 20:38:41 - [MESSAGE][PASSED] - Text 'Suphisit' is set on object 'Object Repository/Register_Page/input_FIRST_NAME_EN'

2561-03-31 20:38:41 - [TEST_STEP][PASSED] - setText: Text 'Khaika' is set on object 'Object Repository/Register_Page/input_LAST_NAME_EN'

2561-03-31 20:38:41 - [MESSAGE][PASSED] - Text 'Khaika' is set on object 'Object Repository/Register_Page/input_LAST_NAME_EN'

2561-03-31 20:38:41 - [TEST_STEP][PASSED] - setText: Text '13/10/1994' is set on object 'Object Repository/Register_Page/input_BIRTH_DATE'

2561-03-31 20:38:41 - [MESSAGE][PASSED] - Text '13/10/1994' is set on object 'Object Repository/Register_Page/input_BIRTH_DATE'

2561-03-31 20:38:41 - [TEST_STEP][PASSED] - selectOptionByValue: All options with value 'อื่นๆ' are selected in object 'Object Repository/Register_Page/select_'  using regular expression

2561-03-31 20:38:42 - [MESSAGE][PASSED] - All options with value 'อื่นๆ' are selected in object 'Object Repository/Register_Page/select_'  using regular expression

2561-03-31 20:38:42 - [TEST_STEP][PASSED] - selectOptionByValue: All options with value 'สูงกว่าปริญญาตรี' are selected in object 'Object Repository/Register_Page/select__1'  using regular expression

2561-03-31 20:38:42 - [MESSAGE][PASSED] - All options with value 'สูงกว่าปริญญาตรี' are selected in object 'Object Repository/Register_Page/select__1'  using regular expression

2561-03-31 20:38:42 - [TEST_STEP][PASSED] - selectOptionByValue: All options with value 'อื่นๆ' are selected in object 'Object Repository/Register_Page/select__2'  using regular expression

2561-03-31 20:38:42 - [MESSAGE][PASSED] - All options with value 'อื่นๆ' are selected in object 'Object Repository/Register_Page/select__2'  using regular expression

2561-03-31 20:38:42 - [TEST_STEP][PASSED] - setText: Text '3' is set on object 'Object Repository/Register_Page/input_ADDRESS_NO'

2561-03-31 20:38:42 - [MESSAGE][PASSED] - Text '3' is set on object 'Object Repository/Register_Page/input_ADDRESS_NO'

2561-03-31 20:38:42 - [TEST_STEP][PASSED] - setText: Text '10' is set on object 'Object Repository/Register_Page/input_ADDRESS_MOO'

2561-03-31 20:38:42 - [MESSAGE][PASSED] - Text '10' is set on object 'Object Repository/Register_Page/input_ADDRESS_MOO'

2561-03-31 20:38:42 - [TEST_STEP][PASSED] - setText: Text 'พหลโยธิน' is set on object 'Object Repository/Register_Page/input_ADDRESS_ROAD'

2561-03-31 20:38:42 - [MESSAGE][PASSED] - Text 'พหลโยธิน' is set on object 'Object Repository/Register_Page/input_ADDRESS_ROAD'

2561-03-31 20:38:42 - [TEST_STEP][PASSED] - delay: Delayed 2 second(s)

2561-03-31 20:38:44 - [MESSAGE][PASSED] - Delayed 2 second(s)

2561-03-31 20:38:44 - [TEST_STEP][PASSED] - selectOptionByValue: All options with value '45' are selected in object 'Object Repository/Register_Page/ADDRESS_PROVINCE' 

2561-03-31 20:38:44 - [MESSAGE][PASSED] - All options with value '45' are selected in object 'Object Repository/Register_Page/ADDRESS_PROVINCE' 

2561-03-31 20:38:44 - [TEST_STEP][PASSED] - delay: Delayed 2 second(s)

2561-03-31 20:38:46 - [MESSAGE][PASSED] - Delayed 2 second(s)

2561-03-31 20:38:46 - [TEST_STEP][PASSED] - selectOptionByValue: All options with value '665' are selected in object 'Object Repository/Register_Page/ADDRESS_DISTRICT' 

2561-03-31 20:38:47 - [MESSAGE][PASSED] - All options with value '665' are selected in object 'Object Repository/Register_Page/ADDRESS_DISTRICT' 

2561-03-31 20:38:47 - [TEST_STEP][PASSED] - delay: Delayed 2 second(s)

2561-03-31 20:38:49 - [MESSAGE][PASSED] - Delayed 2 second(s)

2561-03-31 20:38:49 - [TEST_STEP][PASSED] - selectOptionByValue: All options with value '14726' are selected in object 'Object Repository/Register_Page/ADDRESS_SUBDISTRICT' 

2561-03-31 20:38:49 - [MESSAGE][PASSED] - All options with value '14726' are selected in object 'Object Repository/Register_Page/ADDRESS_SUBDISTRICT' 

2561-03-31 20:38:49 - [TEST_STEP][PASSED] - setText: Text '57130' is set on object 'Object Repository/Register_Page/input_ADDRESS_POSTCODE'

2561-03-31 20:38:49 - [MESSAGE][PASSED] - Text '57130' is set on object 'Object Repository/Register_Page/input_ADDRESS_POSTCODE'

2561-03-31 20:38:49 - [TEST_STEP][PASSED] - selectOptionByValue: All options with value 'กำลังทำงาน' are selected in object 'Object Repository/Register_Page/select__3'  using regular expression

2561-03-31 20:38:49 - [MESSAGE][PASSED] - All options with value 'กำลังทำงาน' are selected in object 'Object Repository/Register_Page/select__3'  using regular expression

2561-03-31 20:38:49 - [TEST_STEP][PASSED] - setText: Text '' is set on object 'Object Repository/Register_Page/input_ADDRESS_ALL'

2561-03-31 20:38:49 - [MESSAGE][PASSED] - Text '' is set on object 'Object Repository/Register_Page/input_ADDRESS_ALL'

2561-03-31 20:38:49 - [TEST_STEP][PASSED] - setText: Text '053646789' is set on object 'Object Repository/Register_Page/input_PHONE'

2561-03-31 20:38:49 - [MESSAGE][PASSED] - Text '053646789' is set on object 'Object Repository/Register_Page/input_PHONE'

2561-03-31 20:38:49 - [TEST_STEP][PASSED] - setText: Text '0827975510' is set on object 'Object Repository/Register_Page/input_CELL_PHONE'

2561-03-31 20:38:49 - [MESSAGE][PASSED] - Text '0827975510' is set on object 'Object Repository/Register_Page/input_CELL_PHONE'

2561-03-31 20:38:49 - [TEST_STEP][PASSED] - setText: Text '025445687' is set on object 'Object Repository/Register_Page/input_FAX'

2561-03-31 20:38:50 - [MESSAGE][PASSED] - Text '025445687' is set on object 'Object Repository/Register_Page/input_FAX'

2561-03-31 20:38:50 - [TEST_STEP][PASSED] - click: Object: 'Object Repository/Register_Page/input_submit (1)' is clicked on

2561-03-31 20:38:50 - [MESSAGE][PASSED] - Object: 'Object Repository/Register_Page/input_submit (1)' is clicked on

2561-03-31 20:38:50 - [TEST_STEP][PASSED] - closeBrowser: Browser is closed

2561-03-31 20:38:51 - [MESSAGE][PASSED] - Browser is closed]]></system-out>
         <system-err><![CDATA[]]></system-err>
      </testcase>
      <testcase name="Test Cases/Register volunteer/Register43" classname="Test Cases/Register volunteer/Register43" status="PASSED">
         <system-out><![CDATA[2561-03-31 20:38:51 - [TEST_CASE][PASSED] - Test Cases/Register volunteer/Register43: Test Cases/Register volunteer/Register43

2561-03-31 20:38:51 - [TEST_STEP][PASSED] - openBrowser: Browser is opened with url: ''

2561-03-31 20:38:54 - [MESSAGE][PASSED] - Browser is opened with url: ''

2561-03-31 20:38:54 - [TEST_STEP][PASSED] - navigateToUrl: Navigate to 'http://vivblind.play2pay.me/' successfully

2561-03-31 20:38:58 - [MESSAGE][PASSED] - Navigate to 'http://vivblind.play2pay.me/' successfully

2561-03-31 20:38:58 - [TEST_STEP][PASSED] - click: Object: 'Object Repository/Register_Page/a_' is clicked on

2561-03-31 20:38:58 - [MESSAGE][PASSED] - Object: 'Object Repository/Register_Page/a_' is clicked on

2561-03-31 20:38:58 - [TEST_STEP][PASSED] - setText: Text 'suphisit1@gmail.com' is set on object 'Object Repository/Register_Page/input_EMAIL (1)'

2561-03-31 20:38:59 - [MESSAGE][PASSED] - Text 'suphisit1@gmail.com' is set on object 'Object Repository/Register_Page/input_EMAIL (1)'

2561-03-31 20:38:59 - [TEST_STEP][PASSED] - setText: Text '0857098359' is set on object 'Object Repository/Register_Page/input_PASSWORD'

2561-03-31 20:38:59 - [MESSAGE][PASSED] - Text '0857098359' is set on object 'Object Repository/Register_Page/input_PASSWORD'

2561-03-31 20:38:59 - [TEST_STEP][PASSED] - setText: Text '0857098359' is set on object 'Object Repository/Register_Page/input_password_confirmation'

2561-03-31 20:38:59 - [MESSAGE][PASSED] - Text '0857098359' is set on object 'Object Repository/Register_Page/input_password_confirmation'

2561-03-31 20:38:59 - [TEST_STEP][PASSED] - uploadFile: File 'C:\Users\Administrator\Desktop\Test.jpg' sent to object: 'Object Repository/Register_Page/Upload File'

2561-03-31 20:38:59 - [MESSAGE][PASSED] - File 'C:\Users\Administrator\Desktop\Test.jpg' sent to object: 'Object Repository/Register_Page/Upload File'

2561-03-31 20:38:59 - [TEST_STEP][PASSED] - setText: Text 'ศุภิสิทธิ์ ' is set on object 'Object Repository/Register_Page/input_FIRST_NAME_TH'

2561-03-31 20:38:59 - [MESSAGE][PASSED] - Text 'ศุภิสิทธิ์ ' is set on object 'Object Repository/Register_Page/input_FIRST_NAME_TH'

2561-03-31 20:38:59 - [TEST_STEP][PASSED] - setText: Text 'ไข่กา' is set on object 'Object Repository/Register_Page/input_LAST_NAME_TH'

2561-03-31 20:38:59 - [MESSAGE][PASSED] - Text 'ไข่กา' is set on object 'Object Repository/Register_Page/input_LAST_NAME_TH'

2561-03-31 20:38:59 - [TEST_STEP][PASSED] - setText: Text 'Suphisit' is set on object 'Object Repository/Register_Page/input_FIRST_NAME_EN'

2561-03-31 20:38:59 - [MESSAGE][PASSED] - Text 'Suphisit' is set on object 'Object Repository/Register_Page/input_FIRST_NAME_EN'

2561-03-31 20:38:59 - [TEST_STEP][PASSED] - setText: Text 'Khaika' is set on object 'Object Repository/Register_Page/input_LAST_NAME_EN'

2561-03-31 20:39:00 - [MESSAGE][PASSED] - Text 'Khaika' is set on object 'Object Repository/Register_Page/input_LAST_NAME_EN'

2561-03-31 20:39:00 - [TEST_STEP][PASSED] - setText: Text '13/10/1994' is set on object 'Object Repository/Register_Page/input_BIRTH_DATE'

2561-03-31 20:39:00 - [MESSAGE][PASSED] - Text '13/10/1994' is set on object 'Object Repository/Register_Page/input_BIRTH_DATE'

2561-03-31 20:39:00 - [TEST_STEP][PASSED] - selectOptionByValue: All options with value 'อื่นๆ' are selected in object 'Object Repository/Register_Page/select_'  using regular expression

2561-03-31 20:39:00 - [MESSAGE][PASSED] - All options with value 'อื่นๆ' are selected in object 'Object Repository/Register_Page/select_'  using regular expression

2561-03-31 20:39:00 - [TEST_STEP][PASSED] - selectOptionByValue: All options with value 'สูงกว่าปริญญาตรี' are selected in object 'Object Repository/Register_Page/select__1'  using regular expression

2561-03-31 20:39:00 - [MESSAGE][PASSED] - All options with value 'สูงกว่าปริญญาตรี' are selected in object 'Object Repository/Register_Page/select__1'  using regular expression

2561-03-31 20:39:00 - [TEST_STEP][PASSED] - selectOptionByValue: All options with value 'อื่นๆ' are selected in object 'Object Repository/Register_Page/select__2'  using regular expression

2561-03-31 20:39:00 - [MESSAGE][PASSED] - All options with value 'อื่นๆ' are selected in object 'Object Repository/Register_Page/select__2'  using regular expression

2561-03-31 20:39:00 - [TEST_STEP][PASSED] - setText: Text '3' is set on object 'Object Repository/Register_Page/input_ADDRESS_NO'

2561-03-31 20:39:00 - [MESSAGE][PASSED] - Text '3' is set on object 'Object Repository/Register_Page/input_ADDRESS_NO'

2561-03-31 20:39:00 - [TEST_STEP][PASSED] - setText: Text '10' is set on object 'Object Repository/Register_Page/input_ADDRESS_MOO'

2561-03-31 20:39:01 - [MESSAGE][PASSED] - Text '10' is set on object 'Object Repository/Register_Page/input_ADDRESS_MOO'

2561-03-31 20:39:01 - [TEST_STEP][PASSED] - setText: Text 'พหลโยธิน' is set on object 'Object Repository/Register_Page/input_ADDRESS_ROAD'

2561-03-31 20:39:01 - [MESSAGE][PASSED] - Text 'พหลโยธิน' is set on object 'Object Repository/Register_Page/input_ADDRESS_ROAD'

2561-03-31 20:39:01 - [TEST_STEP][PASSED] - delay: Delayed 2 second(s)

2561-03-31 20:39:03 - [MESSAGE][PASSED] - Delayed 2 second(s)

2561-03-31 20:39:03 - [TEST_STEP][PASSED] - selectOptionByValue: All options with value '45' are selected in object 'Object Repository/Register_Page/ADDRESS_PROVINCE' 

2561-03-31 20:39:03 - [MESSAGE][PASSED] - All options with value '45' are selected in object 'Object Repository/Register_Page/ADDRESS_PROVINCE' 

2561-03-31 20:39:03 - [TEST_STEP][PASSED] - delay: Delayed 2 second(s)

2561-03-31 20:39:05 - [MESSAGE][PASSED] - Delayed 2 second(s)

2561-03-31 20:39:05 - [TEST_STEP][PASSED] - selectOptionByValue: All options with value '665' are selected in object 'Object Repository/Register_Page/ADDRESS_DISTRICT' 

2561-03-31 20:39:05 - [MESSAGE][PASSED] - All options with value '665' are selected in object 'Object Repository/Register_Page/ADDRESS_DISTRICT' 

2561-03-31 20:39:05 - [TEST_STEP][PASSED] - delay: Delayed 2 second(s)

2561-03-31 20:39:07 - [MESSAGE][PASSED] - Delayed 2 second(s)

2561-03-31 20:39:07 - [TEST_STEP][PASSED] - selectOptionByValue: All options with value '14726' are selected in object 'Object Repository/Register_Page/ADDRESS_SUBDISTRICT' 

2561-03-31 20:39:07 - [MESSAGE][PASSED] - All options with value '14726' are selected in object 'Object Repository/Register_Page/ADDRESS_SUBDISTRICT' 

2561-03-31 20:39:07 - [TEST_STEP][PASSED] - setText: Text '57130' is set on object 'Object Repository/Register_Page/input_ADDRESS_POSTCODE'

2561-03-31 20:39:07 - [MESSAGE][PASSED] - Text '57130' is set on object 'Object Repository/Register_Page/input_ADDRESS_POSTCODE'

2561-03-31 20:39:07 - [TEST_STEP][PASSED] - selectOptionByValue: All options with value 'กำลังทำงาน' are selected in object 'Object Repository/Register_Page/select__3'  using regular expression

2561-03-31 20:39:07 - [MESSAGE][PASSED] - All options with value 'กำลังทำงาน' are selected in object 'Object Repository/Register_Page/select__3'  using regular expression

2561-03-31 20:39:07 - [TEST_STEP][PASSED] - setText: Text '3 หมู่ที่ 10 ต.โป่งผา อ.แม่สาย จ.เชียงราย' is set on object 'Object Repository/Register_Page/input_ADDRESS_ALL'

2561-03-31 20:39:08 - [MESSAGE][PASSED] - Text '3 หมู่ที่ 10 ต.โป่งผา อ.แม่สาย จ.เชียงราย' is set on object 'Object Repository/Register_Page/input_ADDRESS_ALL'

2561-03-31 20:39:08 - [TEST_STEP][PASSED] - setText: Text '053646789' is set on object 'Object Repository/Register_Page/input_PHONE'

2561-03-31 20:39:08 - [MESSAGE][PASSED] - Text '053646789' is set on object 'Object Repository/Register_Page/input_PHONE'

2561-03-31 20:39:08 - [TEST_STEP][PASSED] - setText: Text '0827975510' is set on object 'Object Repository/Register_Page/input_CELL_PHONE'

2561-03-31 20:39:08 - [MESSAGE][PASSED] - Text '0827975510' is set on object 'Object Repository/Register_Page/input_CELL_PHONE'

2561-03-31 20:39:08 - [TEST_STEP][PASSED] - setText: Text '025445687' is set on object 'Object Repository/Register_Page/input_FAX'

2561-03-31 20:39:08 - [MESSAGE][PASSED] - Text '025445687' is set on object 'Object Repository/Register_Page/input_FAX'

2561-03-31 20:39:08 - [TEST_STEP][PASSED] - click: Object: 'Object Repository/Register_Page/input_submit (1)' is clicked on

2561-03-31 20:39:09 - [MESSAGE][PASSED] - Object: 'Object Repository/Register_Page/input_submit (1)' is clicked on

2561-03-31 20:39:09 - [TEST_STEP][PASSED] - closeBrowser: Browser is closed

2561-03-31 20:39:10 - [MESSAGE][PASSED] - Browser is closed]]></system-out>
         <system-err><![CDATA[]]></system-err>
      </testcase>
      <testcase name="Test Cases/Register volunteer/Register44" classname="Test Cases/Register volunteer/Register44" status="PASSED">
         <system-out><![CDATA[2561-03-31 20:39:10 - [TEST_CASE][PASSED] - Test Cases/Register volunteer/Register44: Test Cases/Register volunteer/Register44

2561-03-31 20:39:10 - [TEST_STEP][PASSED] - openBrowser: Browser is opened with url: ''

2561-03-31 20:39:12 - [MESSAGE][PASSED] - Browser is opened with url: ''

2561-03-31 20:39:12 - [TEST_STEP][PASSED] - navigateToUrl: Navigate to 'http://vivblind.play2pay.me/' successfully

2561-03-31 20:39:15 - [MESSAGE][PASSED] - Navigate to 'http://vivblind.play2pay.me/' successfully

2561-03-31 20:39:15 - [TEST_STEP][PASSED] - click: Object: 'Object Repository/Register_Page/a_' is clicked on

2561-03-31 20:39:16 - [MESSAGE][PASSED] - Object: 'Object Repository/Register_Page/a_' is clicked on

2561-03-31 20:39:16 - [TEST_STEP][PASSED] - setText: Text 'suphisit1@gmail.com' is set on object 'Object Repository/Register_Page/input_EMAIL (1)'

2561-03-31 20:39:16 - [MESSAGE][PASSED] - Text 'suphisit1@gmail.com' is set on object 'Object Repository/Register_Page/input_EMAIL (1)'

2561-03-31 20:39:16 - [TEST_STEP][PASSED] - setText: Text '0857098359' is set on object 'Object Repository/Register_Page/input_PASSWORD'

2561-03-31 20:39:16 - [MESSAGE][PASSED] - Text '0857098359' is set on object 'Object Repository/Register_Page/input_PASSWORD'

2561-03-31 20:39:16 - [TEST_STEP][PASSED] - setText: Text '0857098359' is set on object 'Object Repository/Register_Page/input_password_confirmation'

2561-03-31 20:39:16 - [MESSAGE][PASSED] - Text '0857098359' is set on object 'Object Repository/Register_Page/input_password_confirmation'

2561-03-31 20:39:16 - [TEST_STEP][PASSED] - uploadFile: File 'C:\Users\Administrator\Desktop\Test.jpg' sent to object: 'Object Repository/Register_Page/Upload File'

2561-03-31 20:39:16 - [MESSAGE][PASSED] - File 'C:\Users\Administrator\Desktop\Test.jpg' sent to object: 'Object Repository/Register_Page/Upload File'

2561-03-31 20:39:16 - [TEST_STEP][PASSED] - setText: Text 'ศุภิสิทธิ์ ' is set on object 'Object Repository/Register_Page/input_FIRST_NAME_TH'

2561-03-31 20:39:17 - [MESSAGE][PASSED] - Text 'ศุภิสิทธิ์ ' is set on object 'Object Repository/Register_Page/input_FIRST_NAME_TH'

2561-03-31 20:39:17 - [TEST_STEP][PASSED] - setText: Text 'ไข่กา' is set on object 'Object Repository/Register_Page/input_LAST_NAME_TH'

2561-03-31 20:39:17 - [MESSAGE][PASSED] - Text 'ไข่กา' is set on object 'Object Repository/Register_Page/input_LAST_NAME_TH'

2561-03-31 20:39:17 - [TEST_STEP][PASSED] - setText: Text 'Suphisit' is set on object 'Object Repository/Register_Page/input_FIRST_NAME_EN'

2561-03-31 20:39:17 - [MESSAGE][PASSED] - Text 'Suphisit' is set on object 'Object Repository/Register_Page/input_FIRST_NAME_EN'

2561-03-31 20:39:17 - [TEST_STEP][PASSED] - setText: Text 'Khaika' is set on object 'Object Repository/Register_Page/input_LAST_NAME_EN'

2561-03-31 20:39:17 - [MESSAGE][PASSED] - Text 'Khaika' is set on object 'Object Repository/Register_Page/input_LAST_NAME_EN'

2561-03-31 20:39:17 - [TEST_STEP][PASSED] - setText: Text '13/10/1994' is set on object 'Object Repository/Register_Page/input_BIRTH_DATE'

2561-03-31 20:39:17 - [MESSAGE][PASSED] - Text '13/10/1994' is set on object 'Object Repository/Register_Page/input_BIRTH_DATE'

2561-03-31 20:39:17 - [TEST_STEP][PASSED] - selectOptionByValue: All options with value 'อื่นๆ' are selected in object 'Object Repository/Register_Page/select_'  using regular expression

2561-03-31 20:39:17 - [MESSAGE][PASSED] - All options with value 'อื่นๆ' are selected in object 'Object Repository/Register_Page/select_'  using regular expression

2561-03-31 20:39:17 - [TEST_STEP][PASSED] - selectOptionByValue: All options with value 'สูงกว่าปริญญาตรี' are selected in object 'Object Repository/Register_Page/select__1'  using regular expression

2561-03-31 20:39:18 - [MESSAGE][PASSED] - All options with value 'สูงกว่าปริญญาตรี' are selected in object 'Object Repository/Register_Page/select__1'  using regular expression

2561-03-31 20:39:18 - [TEST_STEP][PASSED] - selectOptionByValue: All options with value 'อื่นๆ' are selected in object 'Object Repository/Register_Page/select__2'  using regular expression

2561-03-31 20:39:18 - [MESSAGE][PASSED] - All options with value 'อื่นๆ' are selected in object 'Object Repository/Register_Page/select__2'  using regular expression

2561-03-31 20:39:18 - [TEST_STEP][PASSED] - setText: Text '3' is set on object 'Object Repository/Register_Page/input_ADDRESS_NO'

2561-03-31 20:39:18 - [MESSAGE][PASSED] - Text '3' is set on object 'Object Repository/Register_Page/input_ADDRESS_NO'

2561-03-31 20:39:18 - [TEST_STEP][PASSED] - setText: Text '10' is set on object 'Object Repository/Register_Page/input_ADDRESS_MOO'

2561-03-31 20:39:18 - [MESSAGE][PASSED] - Text '10' is set on object 'Object Repository/Register_Page/input_ADDRESS_MOO'

2561-03-31 20:39:18 - [TEST_STEP][PASSED] - setText: Text 'พหลโยธิน' is set on object 'Object Repository/Register_Page/input_ADDRESS_ROAD'

2561-03-31 20:39:18 - [MESSAGE][PASSED] - Text 'พหลโยธิน' is set on object 'Object Repository/Register_Page/input_ADDRESS_ROAD'

2561-03-31 20:39:18 - [TEST_STEP][PASSED] - delay: Delayed 2 second(s)

2561-03-31 20:39:20 - [MESSAGE][PASSED] - Delayed 2 second(s)

2561-03-31 20:39:20 - [TEST_STEP][PASSED] - selectOptionByValue: All options with value '45' are selected in object 'Object Repository/Register_Page/ADDRESS_PROVINCE' 

2561-03-31 20:39:20 - [MESSAGE][PASSED] - All options with value '45' are selected in object 'Object Repository/Register_Page/ADDRESS_PROVINCE' 

2561-03-31 20:39:20 - [TEST_STEP][PASSED] - delay: Delayed 2 second(s)

2561-03-31 20:39:22 - [MESSAGE][PASSED] - Delayed 2 second(s)

2561-03-31 20:39:22 - [TEST_STEP][PASSED] - selectOptionByValue: All options with value '665' are selected in object 'Object Repository/Register_Page/ADDRESS_DISTRICT' 

2561-03-31 20:39:22 - [MESSAGE][PASSED] - All options with value '665' are selected in object 'Object Repository/Register_Page/ADDRESS_DISTRICT' 

2561-03-31 20:39:22 - [TEST_STEP][PASSED] - delay: Delayed 2 second(s)

2561-03-31 20:39:24 - [MESSAGE][PASSED] - Delayed 2 second(s)

2561-03-31 20:39:24 - [TEST_STEP][PASSED] - selectOptionByValue: All options with value '14726' are selected in object 'Object Repository/Register_Page/ADDRESS_SUBDISTRICT' 

2561-03-31 20:39:24 - [MESSAGE][PASSED] - All options with value '14726' are selected in object 'Object Repository/Register_Page/ADDRESS_SUBDISTRICT' 

2561-03-31 20:39:24 - [TEST_STEP][PASSED] - setText: Text '57130' is set on object 'Object Repository/Register_Page/input_ADDRESS_POSTCODE'

2561-03-31 20:39:25 - [MESSAGE][PASSED] - Text '57130' is set on object 'Object Repository/Register_Page/input_ADDRESS_POSTCODE'

2561-03-31 20:39:25 - [TEST_STEP][PASSED] - selectOptionByValue: All options with value 'กำลังทำงาน' are selected in object 'Object Repository/Register_Page/select__3'  using regular expression

2561-03-31 20:39:25 - [MESSAGE][PASSED] - All options with value 'กำลังทำงาน' are selected in object 'Object Repository/Register_Page/select__3'  using regular expression

2561-03-31 20:39:25 - [TEST_STEP][PASSED] - setText: Text '3 หมู่ที่ 10 ต.โป่งผา อ.แม่สาย จ.เชียงราย' is set on object 'Object Repository/Register_Page/input_ADDRESS_ALL'

2561-03-31 20:39:25 - [MESSAGE][PASSED] - Text '3 หมู่ที่ 10 ต.โป่งผา อ.แม่สาย จ.เชียงราย' is set on object 'Object Repository/Register_Page/input_ADDRESS_ALL'

2561-03-31 20:39:25 - [TEST_STEP][PASSED] - setText: Text '053646789' is set on object 'Object Repository/Register_Page/input_PHONE'

2561-03-31 20:39:25 - [MESSAGE][PASSED] - Text '053646789' is set on object 'Object Repository/Register_Page/input_PHONE'

2561-03-31 20:39:25 - [TEST_STEP][PASSED] - setText: Text '0827975510' is set on object 'Object Repository/Register_Page/input_CELL_PHONE'

2561-03-31 20:39:25 - [MESSAGE][PASSED] - Text '0827975510' is set on object 'Object Repository/Register_Page/input_CELL_PHONE'

2561-03-31 20:39:25 - [TEST_STEP][PASSED] - setText: Text '025445687' is set on object 'Object Repository/Register_Page/input_FAX'

2561-03-31 20:39:26 - [MESSAGE][PASSED] - Text '025445687' is set on object 'Object Repository/Register_Page/input_FAX'

2561-03-31 20:39:26 - [TEST_STEP][PASSED] - click: Object: 'Object Repository/Register_Page/input_submit (1)' is clicked on

2561-03-31 20:39:26 - [MESSAGE][PASSED] - Object: 'Object Repository/Register_Page/input_submit (1)' is clicked on

2561-03-31 20:39:26 - [TEST_STEP][PASSED] - closeBrowser: Browser is closed

2561-03-31 20:39:27 - [MESSAGE][PASSED] - Browser is closed]]></system-out>
         <system-err><![CDATA[]]></system-err>
      </testcase>
      <testcase name="Test Cases/Register volunteer/Register45" classname="Test Cases/Register volunteer/Register45" status="PASSED">
         <system-out><![CDATA[2561-03-31 20:39:27 - [TEST_CASE][PASSED] - Test Cases/Register volunteer/Register45: Test Cases/Register volunteer/Register45

2561-03-31 20:39:27 - [TEST_STEP][PASSED] - openBrowser: Browser is opened with url: ''

2561-03-31 20:39:29 - [MESSAGE][PASSED] - Browser is opened with url: ''

2561-03-31 20:39:29 - [TEST_STEP][PASSED] - navigateToUrl: Navigate to 'http://vivblind.play2pay.me/' successfully

2561-03-31 20:39:34 - [MESSAGE][PASSED] - Navigate to 'http://vivblind.play2pay.me/' successfully

2561-03-31 20:39:34 - [TEST_STEP][PASSED] - click: Object: 'Object Repository/Register_Page/a_' is clicked on

2561-03-31 20:39:35 - [MESSAGE][PASSED] - Object: 'Object Repository/Register_Page/a_' is clicked on

2561-03-31 20:39:35 - [TEST_STEP][PASSED] - setText: Text 'suphisit1@gmail.com' is set on object 'Object Repository/Register_Page/input_EMAIL (1)'

2561-03-31 20:39:35 - [MESSAGE][PASSED] - Text 'suphisit1@gmail.com' is set on object 'Object Repository/Register_Page/input_EMAIL (1)'

2561-03-31 20:39:35 - [TEST_STEP][PASSED] - setText: Text '0857098359' is set on object 'Object Repository/Register_Page/input_PASSWORD'

2561-03-31 20:39:35 - [MESSAGE][PASSED] - Text '0857098359' is set on object 'Object Repository/Register_Page/input_PASSWORD'

2561-03-31 20:39:35 - [TEST_STEP][PASSED] - setText: Text '0857098359' is set on object 'Object Repository/Register_Page/input_password_confirmation'

2561-03-31 20:39:35 - [MESSAGE][PASSED] - Text '0857098359' is set on object 'Object Repository/Register_Page/input_password_confirmation'

2561-03-31 20:39:35 - [TEST_STEP][PASSED] - uploadFile: File 'C:\Users\Administrator\Desktop\Test.jpg' sent to object: 'Object Repository/Register_Page/Upload File'

2561-03-31 20:39:35 - [MESSAGE][PASSED] - File 'C:\Users\Administrator\Desktop\Test.jpg' sent to object: 'Object Repository/Register_Page/Upload File'

2561-03-31 20:39:35 - [TEST_STEP][PASSED] - setText: Text 'ศุภิสิทธิ์ ' is set on object 'Object Repository/Register_Page/input_FIRST_NAME_TH'

2561-03-31 20:39:36 - [MESSAGE][PASSED] - Text 'ศุภิสิทธิ์ ' is set on object 'Object Repository/Register_Page/input_FIRST_NAME_TH'

2561-03-31 20:39:36 - [TEST_STEP][PASSED] - setText: Text 'ไข่กา' is set on object 'Object Repository/Register_Page/input_LAST_NAME_TH'

2561-03-31 20:39:36 - [MESSAGE][PASSED] - Text 'ไข่กา' is set on object 'Object Repository/Register_Page/input_LAST_NAME_TH'

2561-03-31 20:39:36 - [TEST_STEP][PASSED] - setText: Text 'Suphisit' is set on object 'Object Repository/Register_Page/input_FIRST_NAME_EN'

2561-03-31 20:39:36 - [MESSAGE][PASSED] - Text 'Suphisit' is set on object 'Object Repository/Register_Page/input_FIRST_NAME_EN'

2561-03-31 20:39:36 - [TEST_STEP][PASSED] - setText: Text 'Khaika' is set on object 'Object Repository/Register_Page/input_LAST_NAME_EN'

2561-03-31 20:39:36 - [MESSAGE][PASSED] - Text 'Khaika' is set on object 'Object Repository/Register_Page/input_LAST_NAME_EN'

2561-03-31 20:39:36 - [TEST_STEP][PASSED] - setText: Text '13/10/1994' is set on object 'Object Repository/Register_Page/input_BIRTH_DATE'

2561-03-31 20:39:36 - [MESSAGE][PASSED] - Text '13/10/1994' is set on object 'Object Repository/Register_Page/input_BIRTH_DATE'

2561-03-31 20:39:36 - [TEST_STEP][PASSED] - selectOptionByValue: All options with value 'อื่นๆ' are selected in object 'Object Repository/Register_Page/select_'  using regular expression

2561-03-31 20:39:36 - [MESSAGE][PASSED] - All options with value 'อื่นๆ' are selected in object 'Object Repository/Register_Page/select_'  using regular expression

2561-03-31 20:39:36 - [TEST_STEP][PASSED] - selectOptionByValue: All options with value 'สูงกว่าปริญญาตรี' are selected in object 'Object Repository/Register_Page/select__1'  using regular expression

2561-03-31 20:39:37 - [MESSAGE][PASSED] - All options with value 'สูงกว่าปริญญาตรี' are selected in object 'Object Repository/Register_Page/select__1'  using regular expression

2561-03-31 20:39:37 - [TEST_STEP][PASSED] - selectOptionByValue: All options with value 'อื่นๆ' are selected in object 'Object Repository/Register_Page/select__2'  using regular expression

2561-03-31 20:39:37 - [MESSAGE][PASSED] - All options with value 'อื่นๆ' are selected in object 'Object Repository/Register_Page/select__2'  using regular expression

2561-03-31 20:39:37 - [TEST_STEP][PASSED] - setText: Text '3' is set on object 'Object Repository/Register_Page/input_ADDRESS_NO'

2561-03-31 20:39:37 - [MESSAGE][PASSED] - Text '3' is set on object 'Object Repository/Register_Page/input_ADDRESS_NO'

2561-03-31 20:39:37 - [TEST_STEP][PASSED] - setText: Text '10' is set on object 'Object Repository/Register_Page/input_ADDRESS_MOO'

2561-03-31 20:39:37 - [MESSAGE][PASSED] - Text '10' is set on object 'Object Repository/Register_Page/input_ADDRESS_MOO'

2561-03-31 20:39:37 - [TEST_STEP][PASSED] - setText: Text 'พหลโยธิน' is set on object 'Object Repository/Register_Page/input_ADDRESS_ROAD'

2561-03-31 20:39:37 - [MESSAGE][PASSED] - Text 'พหลโยธิน' is set on object 'Object Repository/Register_Page/input_ADDRESS_ROAD'

2561-03-31 20:39:37 - [TEST_STEP][PASSED] - delay: Delayed 2 second(s)

2561-03-31 20:39:39 - [MESSAGE][PASSED] - Delayed 2 second(s)

2561-03-31 20:39:39 - [TEST_STEP][PASSED] - selectOptionByValue: All options with value '45' are selected in object 'Object Repository/Register_Page/ADDRESS_PROVINCE' 

2561-03-31 20:39:39 - [MESSAGE][PASSED] - All options with value '45' are selected in object 'Object Repository/Register_Page/ADDRESS_PROVINCE' 

2561-03-31 20:39:39 - [TEST_STEP][PASSED] - delay: Delayed 2 second(s)

2561-03-31 20:39:41 - [MESSAGE][PASSED] - Delayed 2 second(s)

2561-03-31 20:39:41 - [TEST_STEP][PASSED] - selectOptionByValue: All options with value '665' are selected in object 'Object Repository/Register_Page/ADDRESS_DISTRICT' 

2561-03-31 20:39:41 - [MESSAGE][PASSED] - All options with value '665' are selected in object 'Object Repository/Register_Page/ADDRESS_DISTRICT' 

2561-03-31 20:39:41 - [TEST_STEP][PASSED] - delay: Delayed 2 second(s)

2561-03-31 20:39:43 - [MESSAGE][PASSED] - Delayed 2 second(s)

2561-03-31 20:39:43 - [TEST_STEP][PASSED] - selectOptionByValue: All options with value '14726' are selected in object 'Object Repository/Register_Page/ADDRESS_SUBDISTRICT' 

2561-03-31 20:39:43 - [MESSAGE][PASSED] - All options with value '14726' are selected in object 'Object Repository/Register_Page/ADDRESS_SUBDISTRICT' 

2561-03-31 20:39:43 - [TEST_STEP][PASSED] - setText: Text '57130' is set on object 'Object Repository/Register_Page/input_ADDRESS_POSTCODE'

2561-03-31 20:39:44 - [MESSAGE][PASSED] - Text '57130' is set on object 'Object Repository/Register_Page/input_ADDRESS_POSTCODE'

2561-03-31 20:39:44 - [TEST_STEP][PASSED] - selectOptionByValue: All options with value 'กำลังทำงาน' are selected in object 'Object Repository/Register_Page/select__3'  using regular expression

2561-03-31 20:39:44 - [MESSAGE][PASSED] - All options with value 'กำลังทำงาน' are selected in object 'Object Repository/Register_Page/select__3'  using regular expression

2561-03-31 20:39:44 - [TEST_STEP][PASSED] - setText: Text '3 หมู่ที่ 10 ต.โป่งผา อ.แม่สาย จ.เชียงราย' is set on object 'Object Repository/Register_Page/input_ADDRESS_ALL'

2561-03-31 20:39:44 - [MESSAGE][PASSED] - Text '3 หมู่ที่ 10 ต.โป่งผา อ.แม่สาย จ.เชียงราย' is set on object 'Object Repository/Register_Page/input_ADDRESS_ALL'

2561-03-31 20:39:44 - [TEST_STEP][PASSED] - setText: Text '053646789' is set on object 'Object Repository/Register_Page/input_PHONE'

2561-03-31 20:39:44 - [MESSAGE][PASSED] - Text '053646789' is set on object 'Object Repository/Register_Page/input_PHONE'

2561-03-31 20:39:44 - [TEST_STEP][PASSED] - setText: Text '' is set on object 'Object Repository/Register_Page/input_CELL_PHONE'

2561-03-31 20:39:44 - [MESSAGE][PASSED] - Text '' is set on object 'Object Repository/Register_Page/input_CELL_PHONE'

2561-03-31 20:39:44 - [TEST_STEP][PASSED] - setText: Text '025445687' is set on object 'Object Repository/Register_Page/input_FAX'

2561-03-31 20:39:44 - [MESSAGE][PASSED] - Text '025445687' is set on object 'Object Repository/Register_Page/input_FAX'

2561-03-31 20:39:44 - [TEST_STEP][PASSED] - click: Object: 'Object Repository/Register_Page/input_submit (1)' is clicked on

2561-03-31 20:39:45 - [MESSAGE][PASSED] - Object: 'Object Repository/Register_Page/input_submit (1)' is clicked on

2561-03-31 20:39:45 - [TEST_STEP][PASSED] - verifyTextPresent: Text 'กรุณากรอกเบอร์มือถือ' is present on page 

2561-03-31 20:39:46 - [MESSAGE][PASSED] - Text 'กรุณากรอกเบอร์มือถือ' is present on page 

2561-03-31 20:39:46 - [TEST_STEP][PASSED] - closeBrowser: Browser is closed

2561-03-31 20:39:46 - [MESSAGE][PASSED] - Browser is closed]]></system-out>
         <system-err><![CDATA[]]></system-err>
      </testcase>
      <testcase name="Test Cases/Register volunteer/Register46" classname="Test Cases/Register volunteer/Register46" status="PASSED">
         <system-out><![CDATA[2561-03-31 20:39:46 - [TEST_CASE][PASSED] - Test Cases/Register volunteer/Register46: Test Cases/Register volunteer/Register46

2561-03-31 20:39:46 - [TEST_STEP][PASSED] - openBrowser: Browser is opened with url: ''

2561-03-31 20:39:48 - [MESSAGE][PASSED] - Browser is opened with url: ''

2561-03-31 20:39:48 - [TEST_STEP][PASSED] - navigateToUrl: Navigate to 'http://vivblind.play2pay.me/' successfully

2561-03-31 20:39:53 - [MESSAGE][PASSED] - Navigate to 'http://vivblind.play2pay.me/' successfully

2561-03-31 20:39:53 - [TEST_STEP][PASSED] - click: Object: 'Object Repository/Register_Page/a_' is clicked on

2561-03-31 20:39:53 - [MESSAGE][PASSED] - Object: 'Object Repository/Register_Page/a_' is clicked on

2561-03-31 20:39:53 - [TEST_STEP][PASSED] - setText: Text 'suphisit1@gmail.com' is set on object 'Object Repository/Register_Page/input_EMAIL (1)'

2561-03-31 20:39:54 - [MESSAGE][PASSED] - Text 'suphisit1@gmail.com' is set on object 'Object Repository/Register_Page/input_EMAIL (1)'

2561-03-31 20:39:54 - [TEST_STEP][PASSED] - setText: Text '0857098359' is set on object 'Object Repository/Register_Page/input_PASSWORD'

2561-03-31 20:39:54 - [MESSAGE][PASSED] - Text '0857098359' is set on object 'Object Repository/Register_Page/input_PASSWORD'

2561-03-31 20:39:54 - [TEST_STEP][PASSED] - setText: Text '0857098359' is set on object 'Object Repository/Register_Page/input_password_confirmation'

2561-03-31 20:39:54 - [MESSAGE][PASSED] - Text '0857098359' is set on object 'Object Repository/Register_Page/input_password_confirmation'

2561-03-31 20:39:54 - [TEST_STEP][PASSED] - uploadFile: File 'C:\Users\Administrator\Desktop\Test.jpg' sent to object: 'Object Repository/Register_Page/Upload File'

2561-03-31 20:39:54 - [MESSAGE][PASSED] - File 'C:\Users\Administrator\Desktop\Test.jpg' sent to object: 'Object Repository/Register_Page/Upload File'

2561-03-31 20:39:54 - [TEST_STEP][PASSED] - setText: Text 'ศุภิสิทธิ์ ' is set on object 'Object Repository/Register_Page/input_FIRST_NAME_TH'

2561-03-31 20:39:54 - [MESSAGE][PASSED] - Text 'ศุภิสิทธิ์ ' is set on object 'Object Repository/Register_Page/input_FIRST_NAME_TH'

2561-03-31 20:39:54 - [TEST_STEP][PASSED] - setText: Text 'ไข่กา' is set on object 'Object Repository/Register_Page/input_LAST_NAME_TH'

2561-03-31 20:39:54 - [MESSAGE][PASSED] - Text 'ไข่กา' is set on object 'Object Repository/Register_Page/input_LAST_NAME_TH'

2561-03-31 20:39:54 - [TEST_STEP][PASSED] - setText: Text 'Suphisit' is set on object 'Object Repository/Register_Page/input_FIRST_NAME_EN'

2561-03-31 20:39:54 - [MESSAGE][PASSED] - Text 'Suphisit' is set on object 'Object Repository/Register_Page/input_FIRST_NAME_EN'

2561-03-31 20:39:54 - [TEST_STEP][PASSED] - setText: Text 'Khaika' is set on object 'Object Repository/Register_Page/input_LAST_NAME_EN'

2561-03-31 20:39:55 - [MESSAGE][PASSED] - Text 'Khaika' is set on object 'Object Repository/Register_Page/input_LAST_NAME_EN'

2561-03-31 20:39:55 - [TEST_STEP][PASSED] - setText: Text '13/10/1994' is set on object 'Object Repository/Register_Page/input_BIRTH_DATE'

2561-03-31 20:39:55 - [MESSAGE][PASSED] - Text '13/10/1994' is set on object 'Object Repository/Register_Page/input_BIRTH_DATE'

2561-03-31 20:39:55 - [TEST_STEP][PASSED] - selectOptionByValue: All options with value 'อื่นๆ' are selected in object 'Object Repository/Register_Page/select_'  using regular expression

2561-03-31 20:39:55 - [MESSAGE][PASSED] - All options with value 'อื่นๆ' are selected in object 'Object Repository/Register_Page/select_'  using regular expression

2561-03-31 20:39:55 - [TEST_STEP][PASSED] - selectOptionByValue: All options with value 'สูงกว่าปริญญาตรี' are selected in object 'Object Repository/Register_Page/select__1'  using regular expression

2561-03-31 20:39:55 - [MESSAGE][PASSED] - All options with value 'สูงกว่าปริญญาตรี' are selected in object 'Object Repository/Register_Page/select__1'  using regular expression

2561-03-31 20:39:55 - [TEST_STEP][PASSED] - selectOptionByValue: All options with value 'อื่นๆ' are selected in object 'Object Repository/Register_Page/select__2'  using regular expression

2561-03-31 20:39:55 - [MESSAGE][PASSED] - All options with value 'อื่นๆ' are selected in object 'Object Repository/Register_Page/select__2'  using regular expression

2561-03-31 20:39:55 - [TEST_STEP][PASSED] - setText: Text '3' is set on object 'Object Repository/Register_Page/input_ADDRESS_NO'

2561-03-31 20:39:55 - [MESSAGE][PASSED] - Text '3' is set on object 'Object Repository/Register_Page/input_ADDRESS_NO'

2561-03-31 20:39:55 - [TEST_STEP][PASSED] - setText: Text '10' is set on object 'Object Repository/Register_Page/input_ADDRESS_MOO'

2561-03-31 20:39:56 - [MESSAGE][PASSED] - Text '10' is set on object 'Object Repository/Register_Page/input_ADDRESS_MOO'

2561-03-31 20:39:56 - [TEST_STEP][PASSED] - setText: Text 'พหลโยธิน' is set on object 'Object Repository/Register_Page/input_ADDRESS_ROAD'

2561-03-31 20:39:56 - [MESSAGE][PASSED] - Text 'พหลโยธิน' is set on object 'Object Repository/Register_Page/input_ADDRESS_ROAD'

2561-03-31 20:39:56 - [TEST_STEP][PASSED] - delay: Delayed 2 second(s)

2561-03-31 20:39:58 - [MESSAGE][PASSED] - Delayed 2 second(s)

2561-03-31 20:39:58 - [TEST_STEP][PASSED] - selectOptionByValue: All options with value '45' are selected in object 'Object Repository/Register_Page/ADDRESS_PROVINCE' 

2561-03-31 20:39:58 - [MESSAGE][PASSED] - All options with value '45' are selected in object 'Object Repository/Register_Page/ADDRESS_PROVINCE' 

2561-03-31 20:39:58 - [TEST_STEP][PASSED] - delay: Delayed 2 second(s)

2561-03-31 20:40:00 - [MESSAGE][PASSED] - Delayed 2 second(s)

2561-03-31 20:40:00 - [TEST_STEP][PASSED] - selectOptionByValue: All options with value '665' are selected in object 'Object Repository/Register_Page/ADDRESS_DISTRICT' 

2561-03-31 20:40:00 - [MESSAGE][PASSED] - All options with value '665' are selected in object 'Object Repository/Register_Page/ADDRESS_DISTRICT' 

2561-03-31 20:40:00 - [TEST_STEP][PASSED] - delay: Delayed 2 second(s)

2561-03-31 20:40:02 - [MESSAGE][PASSED] - Delayed 2 second(s)

2561-03-31 20:40:02 - [TEST_STEP][PASSED] - selectOptionByValue: All options with value '14726' are selected in object 'Object Repository/Register_Page/ADDRESS_SUBDISTRICT' 

2561-03-31 20:40:02 - [MESSAGE][PASSED] - All options with value '14726' are selected in object 'Object Repository/Register_Page/ADDRESS_SUBDISTRICT' 

2561-03-31 20:40:02 - [TEST_STEP][PASSED] - setText: Text '57130' is set on object 'Object Repository/Register_Page/input_ADDRESS_POSTCODE'

2561-03-31 20:40:02 - [MESSAGE][PASSED] - Text '57130' is set on object 'Object Repository/Register_Page/input_ADDRESS_POSTCODE'

2561-03-31 20:40:02 - [TEST_STEP][PASSED] - selectOptionByValue: All options with value 'กำลังทำงาน' are selected in object 'Object Repository/Register_Page/select__3'  using regular expression

2561-03-31 20:40:02 - [MESSAGE][PASSED] - All options with value 'กำลังทำงาน' are selected in object 'Object Repository/Register_Page/select__3'  using regular expression

2561-03-31 20:40:02 - [TEST_STEP][PASSED] - setText: Text '3 หมู่ที่ 10 ต.โป่งผา อ.แม่สาย จ.เชียงราย' is set on object 'Object Repository/Register_Page/input_ADDRESS_ALL'

2561-03-31 20:40:03 - [MESSAGE][PASSED] - Text '3 หมู่ที่ 10 ต.โป่งผา อ.แม่สาย จ.เชียงราย' is set on object 'Object Repository/Register_Page/input_ADDRESS_ALL'

2561-03-31 20:40:03 - [TEST_STEP][PASSED] - setText: Text '053646789' is set on object 'Object Repository/Register_Page/input_PHONE'

2561-03-31 20:40:03 - [MESSAGE][PASSED] - Text '053646789' is set on object 'Object Repository/Register_Page/input_PHONE'

2561-03-31 20:40:03 - [TEST_STEP][PASSED] - setText: Text '0827975510' is set on object 'Object Repository/Register_Page/input_CELL_PHONE'

2561-03-31 20:40:03 - [MESSAGE][PASSED] - Text '0827975510' is set on object 'Object Repository/Register_Page/input_CELL_PHONE'

2561-03-31 20:40:03 - [TEST_STEP][PASSED] - setText: Text '025445687' is set on object 'Object Repository/Register_Page/input_FAX'

2561-03-31 20:40:03 - [MESSAGE][PASSED] - Text '025445687' is set on object 'Object Repository/Register_Page/input_FAX'

2561-03-31 20:40:03 - [TEST_STEP][PASSED] - click: Object: 'Object Repository/Register_Page/input_submit (1)' is clicked on

2561-03-31 20:40:04 - [MESSAGE][PASSED] - Object: 'Object Repository/Register_Page/input_submit (1)' is clicked on

2561-03-31 20:40:04 - [TEST_STEP][PASSED] - closeBrowser: Browser is closed

2561-03-31 20:40:05 - [MESSAGE][PASSED] - Browser is closed]]></system-out>
         <system-err><![CDATA[]]></system-err>
      </testcase>
      <testcase name="Test Cases/Register volunteer/Register47" classname="Test Cases/Register volunteer/Register47" status="PASSED">
         <system-out><![CDATA[2561-03-31 20:40:05 - [TEST_CASE][PASSED] - Test Cases/Register volunteer/Register47: Test Cases/Register volunteer/Register47

2561-03-31 20:40:05 - [TEST_STEP][PASSED] - openBrowser: Browser is opened with url: ''

2561-03-31 20:40:07 - [MESSAGE][PASSED] - Browser is opened with url: ''

2561-03-31 20:40:07 - [TEST_STEP][PASSED] - navigateToUrl: Navigate to 'http://vivblind.play2pay.me/' successfully

2561-03-31 20:40:10 - [MESSAGE][PASSED] - Navigate to 'http://vivblind.play2pay.me/' successfully

2561-03-31 20:40:10 - [TEST_STEP][PASSED] - click: Object: 'Object Repository/Register_Page/a_' is clicked on

2561-03-31 20:40:11 - [MESSAGE][PASSED] - Object: 'Object Repository/Register_Page/a_' is clicked on

2561-03-31 20:40:11 - [TEST_STEP][PASSED] - setText: Text '' is set on object 'Object Repository/Register_Page/input_EMAIL (1)'

2561-03-31 20:40:11 - [MESSAGE][PASSED] - Text '' is set on object 'Object Repository/Register_Page/input_EMAIL (1)'

2561-03-31 20:40:11 - [TEST_STEP][PASSED] - setText: Text '' is set on object 'Object Repository/Register_Page/input_PASSWORD'

2561-03-31 20:40:11 - [MESSAGE][PASSED] - Text '' is set on object 'Object Repository/Register_Page/input_PASSWORD'

2561-03-31 20:40:11 - [TEST_STEP][PASSED] - setText: Text '' is set on object 'Object Repository/Register_Page/input_password_confirmation'

2561-03-31 20:40:11 - [MESSAGE][PASSED] - Text '' is set on object 'Object Repository/Register_Page/input_password_confirmation'

2561-03-31 20:40:11 - [TEST_STEP][PASSED] - setText: Text '' is set on object 'Object Repository/Register_Page/input_FIRST_NAME_TH'

2561-03-31 20:40:11 - [MESSAGE][PASSED] - Text '' is set on object 'Object Repository/Register_Page/input_FIRST_NAME_TH'

2561-03-31 20:40:11 - [TEST_STEP][PASSED] - setText: Text '' is set on object 'Object Repository/Register_Page/input_LAST_NAME_TH'

2561-03-31 20:40:11 - [MESSAGE][PASSED] - Text '' is set on object 'Object Repository/Register_Page/input_LAST_NAME_TH'

2561-03-31 20:40:11 - [TEST_STEP][PASSED] - setText: Text '' is set on object 'Object Repository/Register_Page/input_FIRST_NAME_EN'

2561-03-31 20:40:11 - [MESSAGE][PASSED] - Text '' is set on object 'Object Repository/Register_Page/input_FIRST_NAME_EN'

2561-03-31 20:40:11 - [TEST_STEP][PASSED] - setText: Text '' is set on object 'Object Repository/Register_Page/input_LAST_NAME_EN'

2561-03-31 20:40:11 - [MESSAGE][PASSED] - Text '' is set on object 'Object Repository/Register_Page/input_LAST_NAME_EN'

2561-03-31 20:40:11 - [TEST_STEP][PASSED] - setText: Text '' is set on object 'Object Repository/Register_Page/input_BIRTH_DATE'

2561-03-31 20:40:12 - [MESSAGE][PASSED] - Text '' is set on object 'Object Repository/Register_Page/input_BIRTH_DATE'

2561-03-31 20:40:12 - [TEST_STEP][PASSED] - selectOptionByValue: All options with value '' are selected in object 'Object Repository/Register_Page/select_'  using regular expression

2561-03-31 20:40:12 - [MESSAGE][PASSED] - All options with value '' are selected in object 'Object Repository/Register_Page/select_'  using regular expression

2561-03-31 20:40:12 - [TEST_STEP][PASSED] - selectOptionByValue: All options with value '' are selected in object 'Object Repository/Register_Page/select__1'  using regular expression

2561-03-31 20:40:12 - [MESSAGE][PASSED] - All options with value '' are selected in object 'Object Repository/Register_Page/select__1'  using regular expression

2561-03-31 20:40:12 - [TEST_STEP][PASSED] - selectOptionByValue: All options with value '' are selected in object 'Object Repository/Register_Page/select__2'  using regular expression

2561-03-31 20:40:12 - [MESSAGE][PASSED] - All options with value '' are selected in object 'Object Repository/Register_Page/select__2'  using regular expression

2561-03-31 20:40:12 - [TEST_STEP][PASSED] - setText: Text '' is set on object 'Object Repository/Register_Page/input_ADDRESS_NO'

2561-03-31 20:40:12 - [MESSAGE][PASSED] - Text '' is set on object 'Object Repository/Register_Page/input_ADDRESS_NO'

2561-03-31 20:40:12 - [TEST_STEP][PASSED] - setText: Text '' is set on object 'Object Repository/Register_Page/input_ADDRESS_MOO'

2561-03-31 20:40:12 - [MESSAGE][PASSED] - Text '' is set on object 'Object Repository/Register_Page/input_ADDRESS_MOO'

2561-03-31 20:40:12 - [TEST_STEP][PASSED] - setText: Text '' is set on object 'Object Repository/Register_Page/input_ADDRESS_ROAD'

2561-03-31 20:40:12 - [MESSAGE][PASSED] - Text '' is set on object 'Object Repository/Register_Page/input_ADDRESS_ROAD'

2561-03-31 20:40:12 - [TEST_STEP][PASSED] - selectOptionByValue: All options with value '' are selected in object 'Object Repository/Register_Page/ADDRESS_PROVINCE' 

2561-03-31 20:40:12 - [MESSAGE][PASSED] - All options with value '' are selected in object 'Object Repository/Register_Page/ADDRESS_PROVINCE' 

2561-03-31 20:40:12 - [TEST_STEP][PASSED] - setText: Text '' is set on object 'Object Repository/Register_Page/input_ADDRESS_POSTCODE'

2561-03-31 20:40:12 - [MESSAGE][PASSED] - Text '' is set on object 'Object Repository/Register_Page/input_ADDRESS_POSTCODE'

2561-03-31 20:40:12 - [TEST_STEP][PASSED] - selectOptionByValue: All options with value '' are selected in object 'Object Repository/Register_Page/select__3'  using regular expression

2561-03-31 20:40:13 - [MESSAGE][PASSED] - All options with value '' are selected in object 'Object Repository/Register_Page/select__3'  using regular expression

2561-03-31 20:40:13 - [TEST_STEP][PASSED] - setText: Text '' is set on object 'Object Repository/Register_Page/input_ADDRESS_ALL'

2561-03-31 20:40:13 - [MESSAGE][PASSED] - Text '' is set on object 'Object Repository/Register_Page/input_ADDRESS_ALL'

2561-03-31 20:40:13 - [TEST_STEP][PASSED] - setText: Text '' is set on object 'Object Repository/Register_Page/input_PHONE'

2561-03-31 20:40:13 - [MESSAGE][PASSED] - Text '' is set on object 'Object Repository/Register_Page/input_PHONE'

2561-03-31 20:40:13 - [TEST_STEP][PASSED] - setText: Text '' is set on object 'Object Repository/Register_Page/input_CELL_PHONE'

2561-03-31 20:40:13 - [MESSAGE][PASSED] - Text '' is set on object 'Object Repository/Register_Page/input_CELL_PHONE'

2561-03-31 20:40:13 - [TEST_STEP][PASSED] - setText: Text '' is set on object 'Object Repository/Register_Page/input_FAX'

2561-03-31 20:40:13 - [MESSAGE][PASSED] - Text '' is set on object 'Object Repository/Register_Page/input_FAX'

2561-03-31 20:40:13 - [TEST_STEP][PASSED] - click: Object: 'Object Repository/Register_Page/input_submit (1)' is clicked on

2561-03-31 20:40:14 - [MESSAGE][PASSED] - Object: 'Object Repository/Register_Page/input_submit (1)' is clicked on

2561-03-31 20:40:14 - [TEST_STEP][PASSED] - verifyTextPresent: Text 'กรุณากรอกรหัสสมาชิก' is present on page 

2561-03-31 20:40:14 - [MESSAGE][PASSED] - Text 'กรุณากรอกรหัสสมาชิก' is present on page 

2561-03-31 20:40:14 - [TEST_STEP][PASSED] - verifyTextPresent: Text 'กรุณากรอกรหัสผ่าน' is present on page 

2561-03-31 20:40:14 - [MESSAGE][PASSED] - Text 'กรุณากรอกรหัสผ่าน' is present on page 

2561-03-31 20:40:14 - [TEST_STEP][PASSED] - verifyTextPresent: Text 'กรุณายืนยันรหัสผ่านของท่าน' is present on page 

2561-03-31 20:40:14 - [MESSAGE][PASSED] - Text 'กรุณายืนยันรหัสผ่านของท่าน' is present on page 

2561-03-31 20:40:14 - [TEST_STEP][PASSED] - verifyTextPresent: Text 'กรุณากรอกชื่อ' is present on page 

2561-03-31 20:40:14 - [MESSAGE][PASSED] - Text 'กรุณากรอกชื่อ' is present on page 

2561-03-31 20:40:14 - [TEST_STEP][PASSED] - verifyTextPresent: Text 'กรุณากรอกนามสกุล' is present on page 

2561-03-31 20:40:14 - [MESSAGE][PASSED] - Text 'กรุณากรอกนามสกุล' is present on page 

2561-03-31 20:40:14 - [TEST_STEP][PASSED] - verifyTextPresent: Text 'กรุณากรอกชื่อภาษาอังกฤษ' is present on page 

2561-03-31 20:40:14 - [MESSAGE][PASSED] - Text 'กรุณากรอกชื่อภาษาอังกฤษ' is present on page 

2561-03-31 20:40:14 - [TEST_STEP][PASSED] - verifyTextPresent: Text 'กรุณากรอกนามสกุลภาษาอังกฤษ' is present on page 

2561-03-31 20:40:14 - [MESSAGE][PASSED] - Text 'กรุณากรอกนามสกุลภาษาอังกฤษ' is present on page 

2561-03-31 20:40:14 - [TEST_STEP][PASSED] - verifyTextPresent: Text 'กรุณาเลือกศาสนา' is present on page 

2561-03-31 20:40:15 - [MESSAGE][PASSED] - Text 'กรุณาเลือกศาสนา' is present on page 

2561-03-31 20:40:15 - [TEST_STEP][PASSED] - verifyTextPresent: Text 'กรุณาเลือกระดับการศึกษา' is present on page 

2561-03-31 20:40:15 - [MESSAGE][PASSED] - Text 'กรุณาเลือกระดับการศึกษา' is present on page 

2561-03-31 20:40:15 - [TEST_STEP][PASSED] - verifyTextPresent: Text 'กรุณาเลือกอาชีพ' is present on page 

2561-03-31 20:40:15 - [MESSAGE][PASSED] - Text 'กรุณาเลือกอาชีพ' is present on page 

2561-03-31 20:40:15 - [TEST_STEP][PASSED] - verifyTextPresent: Text 'กรุณาเลือกจังหวัด' is present on page 

2561-03-31 20:40:15 - [MESSAGE][PASSED] - Text 'กรุณาเลือกจังหวัด' is present on page 

2561-03-31 20:40:15 - [TEST_STEP][PASSED] - verifyTextPresent: Text 'กรุณาเลือกอำเภอ' is present on page 

2561-03-31 20:40:15 - [MESSAGE][PASSED] - Text 'กรุณาเลือกอำเภอ' is present on page 

2561-03-31 20:40:15 - [TEST_STEP][PASSED] - verifyTextPresent: Text 'กรุณาเลือกตำบล' is present on page 

2561-03-31 20:40:15 - [MESSAGE][PASSED] - Text 'กรุณาเลือกตำบล' is present on page 

2561-03-31 20:40:15 - [TEST_STEP][PASSED] - verifyTextPresent: Text 'กรุณากรอกรหัสไปรษณีย์' is present on page 

2561-03-31 20:40:15 - [MESSAGE][PASSED] - Text 'กรุณากรอกรหัสไปรษณีย์' is present on page 

2561-03-31 20:40:15 - [TEST_STEP][PASSED] - verifyTextPresent: Text 'กรุณาเลือกสถานะ การศึกษา,ทำงาน' is present on page 

2561-03-31 20:40:15 - [MESSAGE][PASSED] - Text 'กรุณาเลือกสถานะ การศึกษา,ทำงาน' is present on page 

2561-03-31 20:40:15 - [TEST_STEP][PASSED] - verifyTextPresent: Text 'กรุณากรอกเบอร์มือถือ' is present on page 

2561-03-31 20:40:16 - [MESSAGE][PASSED] - Text 'กรุณากรอกเบอร์มือถือ' is present on page 

2561-03-31 20:40:16 - [TEST_STEP][PASSED] - closeBrowser: Browser is closed

2561-03-31 20:40:16 - [MESSAGE][PASSED] - Browser is closed]]></system-out>
         <system-err><![CDATA[]]></system-err>
      </testcase>
      <system-out><![CDATA[2561-03-31 20:25:12 - [TEST_SUITE][PASSED] - Register: Test Cases/Register volunteer/Register47]]></system-out>
      <system-err><![CDATA[]]></system-err>
   </testsuite>
</testsuites>
